number,value,datetime_start,datetime_complete,duration,params_d_period,params_ema_period,params_k_period,params_left_bars,params_max_separation,params_min_close_ratio,params_min_separation,params_overbought,params_oversold,params_right_bars,params_rr_target,user_attrs_avg_profit_factor,user_attrs_avg_quarter_return,user_attrs_full_total_trades,user_attrs_max_drawdown_pct,user_attrs_max_quarter_drawdown_worst,user_attrs_min_profit_factor,user_attrs_min_trades_per_period,user_attrs_positive_ratio,user_attrs_profit_factor,user_attrs_q_2024-Q1_drawdown,user_attrs_q_2024-Q1_pf,user_attrs_q_2024-Q1_return,user_attrs_q_2024-Q1_trades,user_attrs_q_2024-Q2_drawdown,user_attrs_q_2024-Q2_pf,user_attrs_q_2024-Q2_return,user_attrs_q_2024-Q2_trades,user_attrs_q_2024-Q3_drawdown,user_attrs_q_2024-Q3_pf,user_attrs_q_2024-Q3_return,user_attrs_q_2024-Q3_trades,user_attrs_q_2024-Q4_drawdown,user_attrs_q_2024-Q4_pf,user_attrs_q_2024-Q4_return,user_attrs_q_2024-Q4_trades,user_attrs_q_2025-Q1_drawdown,user_attrs_q_2025-Q1_pf,user_attrs_q_2025-Q1_return,user_attrs_q_2025-Q1_trades,user_attrs_q_2025-Q2_drawdown,user_attrs_q_2025-Q2_pf,user_attrs_q_2025-Q2_return,user_attrs_q_2025-Q2_trades,user_attrs_total_return_pct,user_attrs_total_trades,user_attrs_win_rate,state
458,-9999.0,2026-04-28 14:00:35.309665,2026-04-28 14:00:42.968522,0 days 00:00:07.658857,2,37,10,5,32,0.8,10,82,14,3,2.7800000000000002,1.172362598728166,0.16979947254022373,136,-3.7781474085741023,-3.1690512904418737,0.4162307299771195,20,0.6666666666666666,1.049785476932529,-2.417973571106251,0.4162307299771195,-1.853245600000042,20,-2.3737342788000175,1.529593058226861,1.4532643577667592,25,-0.7619983632700732,1.651404906237582,1.1547244781491495,23,-2.0999685646062263,1.175314386195048,0.49888326764595536,20,-3.1690512904418737,0.6105730211418112,-2.1499483648223294,21,-1.1037100649190565,1.6510594905905753,1.9151186965018496,27,0.9459847999998994,136,0.375,COMPLETE
459,-9999.0,2026-04-28 14:00:42.973710,2026-04-28 14:00:50.586239,0 days 00:00:07.612529,2,31,10,7,56,0.9,13,81,15,5,2.52,3.198165240142197,1.682642854538189,56,-0.9870172969251672,-0.9870172969251672,1.0173428325004201,5,1.0,2.913964911002184,-0.9830271561167152,3.3177360658877886,1.210090000000008,5,-0.7166127433672609,4.690151219650014,2.5798585891979364,8,-0.47312364588178263,1.0173428325004201,0.014138542645913965,9,-0.7064793735247442,5.0,2.0984418039989405,7,-0.9870172969251672,2.2128554587424527,1.737104567969805,13,-0.9724464369000047,2.9509058640725097,2.4562236234165313,14,10.505561999999946,56,0.6071428571428571,COMPLETE
460,-9999.0,2026-04-28 14:00:50.591509,2026-04-28 14:00:58.323815,0 days 00:00:07.732306,2,33,10,5,32,0.95,9,80,13,3,2.7600000000000002,3.268017582853744,1.112586445782963,41,-1.5818486438473809,-1.5818486438473809,1.2912391659032891,1,1.0,2.5303388997596383,-0.22811164531515554,5.0,0.3641091999999846,1,-1.5818486438473809,2.589979045799927,1.111371394506433,6,-0.41452303018350123,3.662561790176635,1.2452020962903543,9,-1.0450219036137363,3.717860026917898,1.1006545678074797,4,-0.6829504770203103,3.3464654683247113,2.348792199583283,8,-1.447654792525077,1.2912391659032891,0.5053892165102436,13,6.851082399999897,41,0.5365853658536586,COMPLETE
461,-9999.0,2026-04-28 14:00:58.329380,2026-04-28 14:01:05.905316,0 days 00:00:07.575936,2,31,12,7,39,0.8,17,81,15,4,2.7,2.1196837161578252,1.3991031080657208,78,-1.6333626567584119,-1.6333626567584119,1.2213402163874418,8,1.0,2.0272105243843495,-0.5070252425924773,1.2213402163874418,0.1342029999999994,8,-1.6333626567584119,1.4206861742908479,0.986363270899604,16,-1.0118188619388486,3.1752569211408948,1.6410492327625592,10,-1.174112060127226,2.956427081357837,2.509268461642078,13,-0.6161246731097288,1.9495674881671097,1.546159510958578,17,-1.2015475161819342,1.9948244156028194,1.5775751721315068,14,8.677289000000044,78,0.48717948717948717,COMPLETE
462,-9999.0,2026-04-28 14:01:05.911634,2026-04-28 14:01:13.546230,0 days 00:00:07.634596,2,50,12,6,32,0.9,10,80,13,5,2.4800000000000004,1.7488709795849136,0.7588240210268475,84,-2.5646329665958882,-2.0469703780286626,0.3206656757175895,10,0.6666666666666666,1.4838605786668373,-2.0469703780286626,3.5238272008763745,3.3177980000000717,16,-0.8440096827407431,0.7955764261578251,-0.318537179818712,14,-0.49899121292651827,1.9855254664072444,0.8360661543849401,10,-0.907329506899243,2.554541825439999,1.8973839377517399,12,-2.039843147058398,0.3206656757175895,-1.6973251179975057,14,-1.1928865396613035,1.3130892829104475,0.5175583318405508,18,4.562447200000075,84,0.42857142857142855,COMPLETE
463,-9999.0,2026-04-28 14:01:13.551345,2026-04-28 14:01:21.219341,0 days 00:00:07.667996,2,53,10,6,44,0.8,10,82,14,4,2.64,1.1908266910020244,0.45952125584399023,169,-6.024370331719138,-5.370220016227697,0.33773175041109305,24,0.5,1.1014985343242025,-2.0338027842105886,2.796585541519591,6.335928400000079,32,-1.12773285910226,0.842888994663942,-0.41284070831506536,26,-2.108386087177992,0.33773175041109305,-2.042328131543325,24,-1.9101175979688645,1.3265130434319758,1.1831742890468178,32,-5.370220016227697,0.49068698841575004,-3.6090436476856835,30,-1.9429648895878386,1.3505538275697946,1.3022373335611181,25,2.490934400000122,169,0.3609467455621302,COMPLETE
464,-9999.0,2026-04-28 14:01:21.224689,2026-04-28 14:01:28.895026,0 days 00:00:07.670337,3,31,10,5,33,0.8,11,83,12,3,2.74,1.1324593868564363,0.36800464349163176,89,-2.4456395074512676,-2.3367354133581033,0.39374302292232555,7,0.8333333333333334,1.1951253288993728,-1.2054083331382959,0.39374302292232555,-0.5495962000000021,7,-2.3367354133581033,1.5516420882514508,1.1532351364872184,18,-1.578899750816952,1.336064820576621,0.6442194719403105,19,-1.6991805130691813,1.1461704695494337,0.2799209534604774,12,-1.6869343010731699,1.0609609155613395,0.1699847158206813,19,-1.2802909618701146,1.306175004277448,0.510263783241105,14,2.220303799999912,89,0.43820224719101125,COMPLETE
465,-9999.0,2026-04-28 14:01:28.900336,2026-04-28 14:01:36.566816,0 days 00:00:07.666480,3,32,10,5,31,0.8,9,80,13,5,2.7800000000000002,1.5438660369655512,0.44057537411602016,97,-4.340049051518423,-3.840241773505778,0.1770487407713274,11,0.6666666666666666,1.1901709523716537,-1.420423441268681,0.8445406753438589,-0.20197119999999513,11,-2.1357828795547196,1.5439254120226706,1.2278949942546413,20,-0.9608605788626979,3.126777085633725,3.031469810178855,16,-0.5866221328726849,2.418663519008767,1.997628133037277,13,-3.840241773505778,0.1770487407713274,-3.7178199720437233,20,-1.463593968570107,1.1522407890129587,0.3062504792690657,17,2.531202000000077,97,0.4020618556701031,COMPLETE
466,-9999.0,2026-04-28 14:01:36.572078,2026-04-28 14:01:44.189117,0 days 00:00:07.617039,2,30,10,7,37,0.8,15,81,15,4,2.3200000000000003,2.0954607131289102,1.4779910213349308,94,-1.8100639462307417,-1.8100639462307417,1.1129093304587345,9,1.0,1.8458463393099047,-0.47978919302857453,1.899319171394683,0.5452752000000283,9,-1.3878308278243816,2.1649694204767016,2.8038441332944863,21,-0.9546717520741241,2.445966518031741,1.4305728912025417,13,-0.7828403101630539,3.286424260376915,2.355880488216555,13,-1.8100639462307417,1.1129093304587345,0.36894436780803286,20,-1.2769182956177612,1.663175578034687,1.3634290474879407,18,9.17755119999999,94,0.5319148936170213,COMPLETE
467,-9999.0,2026-04-28 14:01:44.194390,2026-04-28 14:01:51.840706,0 days 00:00:07.646316,2,31,11,6,36,0.8,14,82,14,4,2.72,1.726070021666225,1.2249082809133744,88,-1.6237943988588306,-1.6237943988588306,0.7405795053003478,10,0.8333333333333334,1.7207520604461375,-0.3153961885417821,1.5078667960263328,0.37166200000002814,10,-1.6237943988588306,2.1397443036775883,2.1573933885842056,17,-1.6071614822936433,0.7405795053003478,-0.44391670643503245,12,-1.1848247540882917,2.5781685304002355,2.5300008539026253,15,-1.3703536395278828,1.3637906085969718,0.8820268641974716,18,-1.2140609385564942,2.026270385995874,1.852283285230949,16,7.543520800000159,88,0.48863636363636365,COMPLETE
468,-9999.0,2026-04-28 14:01:51.845968,2026-04-28 14:01:59.562390,0 days 00:00:07.716422,3,41,11,7,30,0.8,8,80,14,3,2.8,1.4831502084136903,1.0677411825354348,167,-2.673326653749364,-2.4789597189332513,0.7680975736202025,24,0.6666666666666666,1.295341240339469,-1.9446247763237459,0.7680975736202025,-1.0198859999999699,31,-2.4789597189332513,1.0269489772223526,0.10318032165534952,31,-1.3885015146394388,0.9888013252293014,-0.027837480706149886,26,-1.1891382681944465,3.1549983413994767,5.11557962038327,24,-2.2440960700307864,1.0034041573170092,0.02100999328864539,31,-1.0798869727408604,1.9566508756937995,2.214400640591463,24,6.449916000000067,167,0.38922155688622756,COMPLETE
469,-9999.0,2026-04-28 14:01:59.567570,2026-04-28 14:02:07.275450,0 days 00:00:07.707880,3,31,10,5,43,0.95,11,81,15,3,2.4200000000000004,3.0779782062227845,0.5570911200305025,17,-0.8548655853260703,-0.8548655853260703,0.0,0,0.8333333333333334,3.932553217306817,0.0,0.0,0.0,0,-0.7226814796417425,5.0,1.1432697999999686,1,-0.19903289981993197,2.7218207991284107,0.43755714134525725,5,-0.3439630025092605,5.0,0.8728248863418608,2,-0.4059803280142914,4.729574080212055,0.8784503519431164,4,-0.8548655853260703,1.016474357996241,0.010444540552811965,5,3.3834625999999313,17,0.5882352941176471,COMPLETE
470,-9999.0,2026-04-28 14:02:07.281436,2026-04-28 14:02:14.869824,0 days 00:00:07.588388,2,31,10,7,39,0.8,17,82,15,4,2.64,2.1057102396443743,1.6039339904397245,88,-1.622497319720009,-1.622497319720009,1.5561801360672565,10,1.0,1.9911245234566404,-0.3853922831978803,2.3355205172187143,0.8097528000000409,10,-1.622497319720009,1.6956536915105602,1.6527698498632004,18,-1.001696089742718,1.998976135163669,1.1539668651478152,12,-1.1625462936813953,3.049370604968706,2.6062351466514366,14,-1.182415404270131,1.9985603529373395,2.3153525568686106,19,-1.1872289040600754,1.5561801360672565,1.0855267241072442,15,10.003935200000068,88,0.48863636363636365,COMPLETE
471,-9999.0,2026-04-28 14:02:14.875005,2026-04-28 14:02:22.439698,0 days 00:00:07.564693,3,37,10,7,37,0.8,15,80,14,5,2.52,2.154689494727173,0.9301194680974678,85,-3.1572258883230733,-2.7415951355778563,0.2732410542537996,11,0.8333333333333334,1.5646517942187874,-0.3577121541251078,4.244853080568776,1.369328000000003,11,-0.7961929430298414,2.2528185499752142,2.447541923134744,20,-0.8892671675085166,2.45402388875263,1.9985928834035382,17,-0.6092558776033349,2.1792284000421085,1.5867816133015245,13,-2.7415951355778563,0.2732410542537996,-2.401585155660557,13,-0.5813228777846249,1.523971994770507,0.5800575444055545,11,5.631667599999979,85,0.4588235294117647,COMPLETE
472,-9999.0,2026-04-28 14:02:22.444886,2026-04-28 14:02:30.048330,0 days 00:00:07.603444,2,40,10,7,57,0.8,11,81,15,5,2.2800000000000002,1.8041069262666964,1.5269945882523153,154,-4.143446235630443,-3.7028043656165903,0.42669810727535823,20,0.8333333333333334,1.5437370049986803,-1.2754921979965095,2.246791668758631,3.2283052000000367,25,-0.6023013183571777,2.9347930571845415,4.442468750324857,32,-0.7412424220170281,2.105423746970392,1.5313742967178356,20,-1.2279800095703908,1.586511033959855,1.6111833984996604,27,-3.7028043656165903,0.42669810727535823,-2.786914540678398,25,-0.8064174255076448,1.5244239434514018,1.1355504246499004,25,9.356919999999992,154,0.512987012987013,COMPLETE
473,-9999.0,2026-04-28 14:02:30.054246,2026-04-28 14:02:37.684552,0 days 00:00:07.630306,3,35,10,5,42,0.8,12,82,15,4,2.5,2.3058210577936404,1.3808121740874775,99,-2.2276760644723557,-2.2243615635581167,0.6663113006396623,9,0.6666666666666666,1.8661637602928753,-1.450933960006138,0.8775475210660378,-0.1749649999999936,14,-0.9941548377181786,3.3457658790873435,3.8857336739225756,22,-0.40258646901242195,5.0,3.2365443675878236,19,-1.4770546015683945,2.073943158672131,1.6842969802231877,15,-2.2243615635581167,0.6663113006396623,-1.0939973421788762,20,-0.7433730928092225,1.8713584872966678,0.7472603649701481,9,8.477240000000009,99,0.5252525252525253,COMPLETE
474,-9999.0,2026-04-28 14:02:37.690514,2026-04-28 14:02:45.333590,0 days 00:00:07.643076,2,58,13,6,45,0.8,11,79,12,3,2.6,1.1463184536364388,0.1979953837052332,142,-4.626615895289012,-3.2192929456847272,0.7378507504576598,15,0.3333333333333333,1.0520270342145759,-2.3315880283472126,1.5677544730759303,1.989582000000012,27,-2.0886204978600307,0.7975879364433023,-0.8578464416100884,27,-1.0928340200042155,0.7378507504576598,-0.4064435043192649,15,-1.1818624709045353,2.1622481257999766,2.5247673635487855,23,-3.2192929456847272,0.7490851106968178,-1.5942025504310897,31,-2.338757831403503,0.8633843253449444,-0.4678845649569552,19,1.124902000000172,142,0.3591549295774648,COMPLETE
475,-9999.0,2026-04-28 14:02:45.338778,2026-04-28 14:02:52.996331,0 days 00:00:07.657553,2,52,14,5,32,0.85,9,83,10,4,2.7800000000000002,1.4506796137386697,1.015108742913845,103,-2.6503627052362098,-2.073351675799722,0.8341609014141922,12,0.6666666666666666,1.465847392160669,-2.063008351658858,1.8377492895434997,2.1284026000000233,20,-1.7328544819300895,0.8341609014141922,-0.3830548506003728,19,-0.6426956147075085,0.9406118860225748,-0.06838285657152499,12,-1.3099511084975444,1.6792018530183366,1.3469247594494416,18,-2.073351675799722,1.1825620148970217,0.554486196544457,16,-1.6582898076775907,2.2297917375363934,2.512276608661046,18,6.211264400000149,103,0.3786407766990291,COMPLETE
476,-9999.0,2026-04-28 14:02:53.001704,2026-04-28 14:03:00.716962,0 days 00:00:07.715258,3,35,12,5,29,0.8,8,81,15,3,2.7600000000000002,1.4799747379007648,0.8265809747765401,127,-2.9540138795099193,-2.667769332127543,0.5541989169875678,18,0.6666666666666666,1.300485524715844,-1.9210310008747524,0.5541989169875678,-1.0430720000000115,19,-2.433914068241882,1.2475203668651982,0.8127079288476668,27,-0.6194540276929343,2.665831001941356,2.8470250688386933,23,-1.0825764884314908,2.384961173783635,2.9255897756700566,18,-2.667769332127543,0.7340028696773973,-1.2200625255251674,22,-1.337930449692696,1.2933340981494346,0.6372976008280018,18,4.979450799999907,127,0.3937007874015748,COMPLETE
477,-9999.0,2026-04-28 14:03:00.722847,2026-04-28 14:03:08.369990,0 days 00:00:07.647143,2,57,12,6,42,0.95,11,79,12,4,2.7,1.2971180191011131,0.5789202035540916,60,-2.4615820480935167,-2.0594234228355766,0.49940433149104596,7,0.5,1.3869631148005241,-2.0594234228355766,3.382091745722875,4.700534000000034,17,-1.2221090438226774,0.8595010938061326,-0.20549369881911472,11,-0.4216326066034954,1.3002911578985425,0.15793501293734913,7,-1.0737433688063285,1.1851181251181377,0.28078057991181016,9,-1.5864150695467718,0.49940433149104596,-0.9433419298351398,8,-0.9666740010711609,0.5563016605699439,-0.5168927428703896,8,3.416923000000116,60,0.35,COMPLETE
478,-9999.0,2026-04-28 14:03:08.375229,2026-04-28 14:03:15.977037,0 days 00:00:07.601808,2,57,14,6,36,0.95,13,80,14,5,2.62,2.3344202571653354,1.2154546679869056,48,-2.0488741802611656,-2.0488741802611656,0.4618917274417495,3,0.6666666666666666,2.385183481164423,-2.0488741802611656,5.0,5.424846200000011,12,-0.6125147308766714,1.447866722859897,0.5140799531941909,12,-0.3243559214973786,1.2093241849410228,0.044048884881919825,3,-0.5224178234070468,5.0,1.9901078364069624,7,-0.7642977279671921,0.4618917274417495,-0.5807282517532486,6,-0.817472085973211,0.8874389077493439,-0.09962661480840129,8,7.388277799999976,48,0.4583333333333333,COMPLETE
479,-9999.0,2026-04-28 14:03:15.982049,2026-04-28 14:03:23.617152,0 days 00:00:07.635103,3,36,12,6,55,0.95,14,84,10,4,2.2,3.6766893452605807,0.6976531267503047,12,-0.5158456400290159,-0.5158456400290159,0.0,0,0.8333333333333334,5.0,0.0,0.0,0.0,0,-0.48063276572532015,5.0,1.5601919999999492,4,0.0,5.0,0.4070059261014336,1,-0.5158456400290159,5.0,1.6858038517989282,3,0.0,5.0,0.3712240973133163,1,-0.21164590443637563,2.0601360715634827,0.16169288528820047,3,4.245839999999967,12,0.8333333333333334,COMPLETE
480,-9999.0,2026-04-28 14:03:23.623102,2026-04-28 14:03:31.268024,0 days 00:00:07.644922,2,48,14,6,28,0.85,8,77,10,4,2.54,1.4034972028439647,0.584034655084679,107,-3.0280859889760094,-2.675904531512351,0.7068710282731818,12,0.6666666666666666,1.264950629781207,-2.675904531512351,0.7068710282731818,-0.9294679999999667,26,-1.6079853327701947,0.7524286303595654,-0.5936633104988265,19,-0.44508570697540845,1.150461188297224,0.16109865477202945,12,-0.9418677302974706,2.306087939548995,2.002845663416175,18,-1.7285998095781567,1.0816577755779477,0.26562298750425484,15,-1.6973317682763938,2.423476655006875,2.597771935314408,17,3.5046636000001907,107,0.4205607476635514,COMPLETE
481,-9999.0,2026-04-28 14:03:31.273094,2026-04-28 14:03:38.879734,0 days 00:00:07.606640,2,41,10,6,35,0.8,13,81,15,5,2.8,2.2302494491693134,2.2719102107561047,111,-2.8161459727722864,-2.50113210027517,0.5986804134885064,15,0.8333333333333334,2.170877892864872,-2.0289510219402405,5.0,8.469912000000024,16,-0.8145325517138468,2.4998236281532815,2.9242228941791515,24,-0.6794893964969532,1.679611940036665,0.6939854990174465,15,-1.1731578059532737,2.1455476716804163,1.9775817434494414,18,-2.50113210027517,0.5986804134885064,-1.2919518419627574,18,-0.8174944383368539,1.4578330416570136,0.8577109698533203,20,14.12920600000005,111,0.4864864864864865,COMPLETE
482,-9999.0,2026-04-28 14:03:38.885422,2026-04-28 14:03:46.491498,0 days 00:00:07.606076,2,32,11,7,39,0.85,16,82,15,4,2.3800000000000003,2.796029748946845,1.6441439827471591,70,-1.3629721164387147,-1.3629721164387147,1.2380427049444096,7,1.0,2.602673442069996,-0.41309218258950486,1.438550930201927,0.2659022000000455,8,-0.7233353748648508,3.878349357776211,3.8396975597153604,16,-0.581793986092501,2.199350111764216,0.5565706132683257,7,-0.8282198274504229,3.0218853889943045,2.289931719906746,12,-1.3629721164387147,1.2380427049444096,0.49738517191075804,15,-0.6020158624324609,5.0,2.4153766316817205,12,10.22496040000005,70,0.5571428571428572,COMPLETE
483,-9999.0,2026-04-28 14:03:46.496718,2026-04-28 14:03:54.152104,0 days 00:00:07.655386,2,33,10,6,38,0.8,15,81,15,4,2.54,2.4104580319123405,2.068107043759522,98,-1.1238242551201654,-1.1238242551201654,1.7123485077637048,11,1.0,2.4106619103553815,-0.7212441486144894,1.7123485077637048,0.565205800000057,11,-0.721190714816063,3.772534268448464,4.489199782455944,21,-0.43434486461036215,2.065028692638364,1.0703216288079354,14,-1.1003920965681546,2.3676305530094655,2.1073758868816794,16,-1.1238242551201654,1.7355495916335433,1.812119074853058,19,-0.6300359551936744,2.8096565779805016,2.364420089558461,17,13.018208799999954,98,0.5510204081632653,COMPLETE
484,-9999.0,2026-04-28 14:03:54.158059,2026-04-28 14:04:01.827462,0 days 00:00:07.669403,2,36,12,5,45,0.8,10,81,15,4,2.7800000000000002,1.7294622515973048,1.0815549407734493,130,-3.251262373413962,-3.251262373413962,0.8722729099576263,16,0.5,1.4337438271483263,-1.6030732003273305,0.8722729099576263,-0.2510641999999619,20,-0.8933521379129872,2.735137423158489,3.316400494370053,23,-0.4653249862234102,3.099497686330355,2.8000362129659173,23,-2.302213951346752,0.9606412515862731,-0.13554504127930578,24,-3.251262373413962,0.9437433729716981,-0.26127079281083043,24,-1.1215768697746338,1.7654808655793872,1.0207729713948233,16,6.599768000000039,130,0.4461538461538462,COMPLETE
485,-9999.0,2026-04-28 14:04:01.832597,2026-04-28 14:04:09.532803,0 days 00:00:07.700206,2,50,14,6,60,0.85,8,84,10,4,2.7600000000000002,1.406603895016179,0.9089412032550129,118,-2.881484162389431,-2.5925376472726245,0.533901118688133,13,0.6666666666666666,1.3638689752856081,-2.0621283286013297,1.7860070326402004,2.769550800000009,29,-1.558025262634555,0.7842582262009404,-0.5227011267621706,21,-0.428518012489382,1.1854332001362942,0.2342248277182879,13,-1.1764414908835539,2.1078790675732386,2.108446455450519,21,-2.5925376472726245,0.533901118688133,-1.5462164190410355,15,-1.6673365579627502,2.042144724858267,2.410342682164468,19,5.497550800000117,118,0.3898305084745763,COMPLETE
486,-9999.0,2026-04-28 14:04:09.538833,2026-04-28 14:04:17.149938,0 days 00:00:07.611105,2,35,10,6,37,0.8,15,82,15,3,2.3200000000000003,1.9193260800676037,1.186511174107363,88,-1.927267923283159,-1.927267923283159,0.8964638899064681,9,0.8333333333333334,1.7587630576360282,-0.4527516449622352,2.3252953467445185,0.8689563999999761,9,-1.927267923283159,2.981441455034335,2.8642703395710623,17,-0.4375004538010368,1.5426055085237942,0.5849901900685905,14,-1.3023038294664948,2.4448093295603432,2.260221671746976,17,-1.0862133242981167,1.3253409506361635,0.7587764732881475,14,-1.1057183385382823,0.8964638899064681,-0.21814803003057381,17,7.299186799999968,88,0.5227272727272727,COMPLETE
487,0.4929475693956498,2026-04-28 14:04:17.155075,2026-04-28 14:04:24.763994,0 days 00:00:07.608919,2,33,10,7,37,0.8,15,81,15,4,2.54,2.492020650235394,2.1665785152295003,105,-1.5192093559308268,-1.5192093559308268,1.27363070516623,12,1.0,2.2910502016677206,-0.8478239330836896,1.474129071458053,0.43698580000004483,12,-0.7221079161863436,3.2426588893581045,4.230008463674895,22,-0.9686195969078042,3.4334806158973947,2.4547857348099944,16,-1.0898142615718573,2.7185680415520803,2.62218934241214,17,-1.5192093559308268,1.27363070516623,0.9050510028009828,21,-0.6264218748067695,2.8096565779805016,2.350450747678945,17,13.674390599999908,105,0.5428571428571428,COMPLETE
488,-9999.0,2026-04-28 14:04:24.772540,2026-04-28 14:04:32.438496,0 days 00:00:07.665956,3,46,14,6,32,0.85,8,79,10,4,2.74,1.9172273039380272,0.8468130797701275,102,-3.3863481264161144,-2.872521222201184,0.49675612918695716,14,0.6666666666666666,1.406488091295167,-2.872521222201184,0.49675612918695716,-1.5951169999999348,23,-1.037716904000373,1.8502502746001714,1.6125872534191732,20,-0.616325813375549,3.1201769576173097,2.2382859123066368,16,-0.8037826927377943,3.464263587136347,2.5507323258410874,14,-2.7674978882076977,0.5212085539068635,-1.6115440249711677,15,-1.5307448680951372,2.050708321180516,1.8859340120249701,14,5.0932592000003,102,0.45098039215686275,COMPLETE
