number,value,datetime_start,datetime_complete,duration,params_d_period,params_ema_period,params_k_period,params_left_bars,params_max_separation,params_min_close_ratio,params_min_separation,params_overbought,params_oversold,params_right_bars,params_rr_target,user_attrs_avg_profit_factor,user_attrs_avg_quarter_return,user_attrs_full_total_trades,user_attrs_max_drawdown_pct,user_attrs_max_quarter_drawdown_worst,user_attrs_min_profit_factor,user_attrs_min_trades_per_period,user_attrs_positive_ratio,user_attrs_profit_factor,user_attrs_q_2024-Q1_drawdown,user_attrs_q_2024-Q1_pf,user_attrs_q_2024-Q1_return,user_attrs_q_2024-Q1_trades,user_attrs_q_2024-Q2_drawdown,user_attrs_q_2024-Q2_pf,user_attrs_q_2024-Q2_return,user_attrs_q_2024-Q2_trades,user_attrs_q_2024-Q3_drawdown,user_attrs_q_2024-Q3_pf,user_attrs_q_2024-Q3_return,user_attrs_q_2024-Q3_trades,user_attrs_q_2024-Q4_drawdown,user_attrs_q_2024-Q4_pf,user_attrs_q_2024-Q4_return,user_attrs_q_2024-Q4_trades,user_attrs_q_2025-Q1_drawdown,user_attrs_q_2025-Q1_pf,user_attrs_q_2025-Q1_return,user_attrs_q_2025-Q1_trades,user_attrs_q_2025-Q2_drawdown,user_attrs_q_2025-Q2_pf,user_attrs_q_2025-Q2_return,user_attrs_q_2025-Q2_trades,user_attrs_total_return_pct,user_attrs_total_trades,user_attrs_win_rate,state
0,-9999.0,2026-04-28 13:02:15.063618,2026-04-28 13:02:22.656900,0 days 00:00:07.593282,2,51,12,6,35,0.95,10,82,12,5,2.52,1.4777292502489077,-0.09588282660734453,49,-2.2321376626440625,-1.4420956006374814,0.2813046688628733,4,0.3333333333333333,0.9016484957114405,-1.375990415446878,0.4564951575501383,-0.796886799999974,12,-0.8789657304342967,0.7896674554739178,-0.32344186553210363,12,-0.5654946240765313,0.5462996499943764,-0.20319238532526818,4,-0.9613468719807051,1.9560082046485943,0.9115572539176053,7,-1.4420956006374814,0.2813046688628733,-1.0165286333867152,7,-0.28658325011408037,4.836600364963545,0.8531954706823885,7,-0.5904207999999689,49,0.3877551020408163,COMPLETE
1,-9999.0,2026-04-28 13:02:22.665576,2026-04-28 13:02:30.308221,0 days 00:00:07.642645,3,46,13,5,43,0.85,11,80,11,4,2.74,1.9356218737940154,0.6259349590494437,84,-2.9787683922985857,-2.28459254187544,0.26482506266044603,12,0.6666666666666666,1.3570871249946403,-2.28459254187544,0.26482506266044603,-1.9388253999999772,17,-1.892966302136609,1.4231340921082565,0.6297183391070771,14,-0.5558550488650044,2.852812319836758,1.6935396132634173,13,-0.8176757312809131,4.592664648396117,2.696274779748986,12,-2.068924142659898,0.6686121552746075,-0.8845343745373713,14,-1.7766066090208392,1.811682964487909,1.5594367967145306,14,3.736863200000129,84,0.44047619047619047,COMPLETE
2,-9999.0,2026-04-28 13:02:30.313056,2026-04-28 13:02:37.943779,0 days 00:00:07.630723,2,59,12,6,40,0.85,11,90,12,3,2.4400000000000004,1.245504919001298,0.3614633002658944,96,-2.4814817073934714,-1.9864519139575973,0.6387180216031632,9,0.5,1.1534254004288087,-1.305534260878221,1.613006052454603,1.4584640000000038,18,-1.9864519139575973,0.7655138113696184,-0.5855125108142567,18,-1.0394391264502572,0.6387180216031632,-0.4032312209385047,9,-1.2058510665714572,2.341714865901722,2.3151723672035995,19,-1.8427924529905597,0.7027267247496112,-1.300308384235782,20,-1.9152620526412787,1.4113500379290693,0.6841955503803065,12,2.1410576000000514,96,0.3854166666666667,COMPLETE
3,-9999.0,2026-04-28 13:02:37.948830,2026-04-28 13:02:46.767307,0 days 00:00:08.818477,3,51,13,7,35,0.8,15,87,10,4,2.56,0.8680220727561947,-0.37340478905987423,72,-4.053289541904878,-2.5379224582656152,0.10392133854538067,11,0.5,0.7835707499278588,-0.9746169176982842,1.068873413239215,0.06418520000004424,11,-1.3649286487689316,0.6535611003292195,-0.522693707998112,13,-1.4544089475574333,0.5638225135286895,-0.6939453264939166,11,-1.5166046985737436,1.6146629005643192,1.0588886388544827,13,-2.5379224582656152,0.10392133854538067,-2.537922458265618,11,-1.9394496118177322,1.2032911703303444,0.39105891954387406,13,-2.2574587999999673,72,0.375,COMPLETE
4,-9999.0,2026-04-28 13:02:46.772607,2026-04-28 13:02:54.403194,0 days 00:00:07.630587,2,47,13,5,53,0.9,11,89,15,5,2.56,1.3909199427289958,0.30560755188299704,76,-2.59096608908286,-2.3131401523394035,0.11755039379522123,7,0.6666666666666666,1.2102638492155111,-0.9690009072165332,1.5493063477461215,0.6269508000000368,14,-0.8699503227573531,1.5386562710672294,0.9131418498671495,18,-1.024887641664189,0.4070641545913224,-0.5798631730155823,7,-0.5469993673412497,3.6178567063306475,2.885225457809515,14,-2.3131401523394035,0.11755039379522123,-2.1250359714662714,12,-0.9175282408753843,1.1150857828434335,0.11322634810313481,11,1.7776652000000892,76,0.42105263157894735,COMPLETE
5,-9999.0,2026-04-28 13:02:54.408152,2026-04-28 13:03:02.050746,0 days 00:00:07.642594,2,51,12,6,36,0.85,11,80,10,3,2.7,1.0485285147721817,-0.18030511414913555,111,-3.819410753696512,-3.139536695379255,0.12686777942252406,14,0.5,0.9273553982591669,-3.139536695379255,0.12686777942252406,-3.0789960000000005,21,-2.0092052004914014,0.9730449772763122,-0.07276028630486264,21,-0.6915825093154435,1.1851251358297221,0.22164060635976313,14,-1.2558824304322647,1.6650870160610065,1.511091355306693,19,-2.624780209240781,0.866790225310557,-0.5817355350151154,22,-2.1313730029821643,1.474255954732969,0.9189291747587092,14,-1.1411369999999144,111,0.3333333333333333,COMPLETE
6,-9999.0,2026-04-28 13:03:02.055587,2026-04-28 13:03:09.632000,0 days 00:00:07.576413,2,40,14,6,40,0.85,16,83,11,4,2.56,1.39822533848843,0.3278818589271056,50,-1.6089890752138944,-1.2326934158726286,0.22559465991482522,6,0.8333333333333334,1.3633011551231549,-0.4996572555411376,1.624182849732616,0.385058400000049,9,-0.8873517855434329,2.534432911727479,1.616988848611367,12,-0.5945216419129185,1.0653826125181574,0.03790986616598602,6,-1.0001650625042557,1.8799385387898697,0.8586232559115503,8,-1.2326934158726286,0.22559465991482522,-0.98065523913905,7,-0.5692892801381066,1.0598204582476318,0.049366022012731214,8,1.9641332000000622,50,0.44,COMPLETE
7,-9999.0,2026-04-28 13:03:09.636787,2026-04-28 13:03:17.224250,0 days 00:00:07.587463,2,56,12,7,40,0.8,17,89,11,3,2.68,1.5632044559529523,0.4861967970079373,70,-2.275065631285799,-1.315409359431881,0.4603040130038516,9,0.5,1.339555816419713,-1.315409359431881,1.2455110997436607,0.42235520000000193,13,-0.8320264262762442,0.4603040130038516,-0.6678648381271635,11,-1.0389304001745219,1.2365772833049415,0.288420235123521,10,-1.2010511254159673,4.62143345017644,3.2117798066660708,14,-1.2013004142529624,0.881913270053954,-0.2580875151999229,13,-0.7321378391997885,0.9334876194348652,-0.07942210641488368,9,2.904142799999998,70,0.38571428571428573,COMPLETE
8,-9999.0,2026-04-28 13:03:17.229282,2026-04-28 13:03:24.727079,0 days 00:00:07.497797,2,38,14,7,50,0.85,16,87,12,5,2.66,1.7230772925361049,0.3259897727818188,60,-1.8895723180634456,-1.7238004326563736,0.32971812662618816,7,0.5,1.2989622310238906,-0.35896293242652855,3.787764454976392,1.1764366000000637,9,-0.94628236864981,1.508852964341763,0.8875869028184269,15,-0.8274265208388327,0.8207800963081898,-0.13126181898182043,7,-0.5415624943881271,3.034668992803461,1.2813524051602077,7,-1.7238004326563736,0.32971812662618816,-1.0778866811482213,10,-0.5504376474419986,0.8566791201606357,-0.1802887711577439,12,1.9496792000000207,60,0.4166666666666667,COMPLETE
9,-9999.0,2026-04-28 13:03:24.731758,2026-04-28 13:03:32.332053,0 days 00:00:07.600295,3,32,10,7,59,0.9,14,84,12,4,2.56,3.5154266019822145,1.2400379307286584,41,-0.9607794949533421,-0.8724637237366747,0.8526761168824036,3,0.8333333333333334,3.4770003474375444,-0.22010827760963816,3.383446160139124,0.2330772000000092,3,-0.7249905024869957,5.0,3.6655699920983276,10,-0.5948899512779805,3.7827829002514473,1.0224077773835827,7,-0.8724637237366747,3.3895022988684036,1.4704710640551122,7,-0.7754517950919999,0.8526761168824036,-0.13514094485109762,8,-0.5917884390888428,4.684152135751905,1.183842495686016,6,7.628393199999928,41,0.6341463414634146,COMPLETE
10,-9999.0,2026-04-28 13:03:32.336817,2026-04-28 13:03:39.995663,0 days 00:00:07.658846,3,36,13,7,51,0.8,9,78,12,3,2.6,1.7868149970916234,0.931164206366797,106,-2.090919840209935,-1.8742914852394166,0.14415605737227996,14,0.6666666666666666,1.4550978076672718,-1.7681992955637142,0.14415605737227996,-1.7202720000000116,14,-1.6413154300579442,1.643780919389588,1.7491460700827854,24,-0.4174356602762416,5.0,3.449811949713255,21,-1.8742914852394166,1.7304028624928205,1.5233543042080466,17,-1.1024206027771701,1.411950615746281,1.007765411407724,14,-1.4097192002198191,0.7905995275487712,-0.42282049721101833,16,5.634301999999947,106,0.4528301886792453,COMPLETE
11,-9999.0,2026-04-28 13:03:40.000339,2026-04-28 13:03:47.618967,0 days 00:00:07.618628,2,31,12,7,43,0.8,9,88,11,5,2.5,1.7330972638270998,1.1932243852726843,98,-1.457663903595587,-1.457663903595587,0.9269418334081322,10,0.6666666666666666,1.6505757141801851,-1.457663903595587,0.9527622708276252,-0.07742499999998653,15,-0.7258112475021677,3.1056333338455637,4.113654997381699,22,-1.2242500905670604,1.4878892108476842,0.6490101294257089,12,-0.5974607417594037,1.8644794025830866,0.9441569206164679,10,-1.1533960177011713,0.9269418334081322,-0.23258973494379998,21,-0.6106387194869687,2.0608775314505063,1.7625389991560159,18,7.309615000000047,98,0.4387755102040816,COMPLETE
12,-9999.0,2026-04-28 13:03:47.623780,2026-04-28 13:03:55.273262,0 days 00:00:07.649482,2,39,14,6,43,0.85,9,90,11,4,2.7800000000000002,1.5965681084283727,0.8602133341064393,75,-2.0171948108456204,-1.4563511048210898,0.5726182268355554,10,0.6666666666666666,1.5820483177314193,-1.4563511048210898,0.8351493055290937,-0.21613079999995843,11,-1.0429473990507643,1.809991961414815,1.7166812769774387,18,-0.8065916191339774,0.5726182268355554,-0.4421749476295367,10,-1.3958206690644122,1.975829739768397,1.679579820793875,14,-1.0612161590573346,1.3600112461111775,0.6667542671655591,12,-0.6048939815488721,3.0258081709111972,1.7565703873312577,10,5.247113200000131,75,0.4266666666666667,COMPLETE
13,-9999.0,2026-04-28 13:03:55.277996,2026-04-28 13:04:02.891948,0 days 00:00:07.613952,2,40,13,5,41,0.8,10,87,15,5,2.3200000000000003,1.405681138660956,0.46746405418788645,125,-4.310381544254863,-4.310381544254863,0.26149260091079585,16,0.8333333333333334,1.177510367100956,-1.8025053935568387,1.9796718817025936,2.420828000000008,23,-0.7427488510894656,1.7569630725953853,1.6079385728066997,23,-0.5315527706361487,1.9445443092831598,0.900572677253253,16,-1.4346770476654602,1.036077811323097,0.11038951809954067,23,-4.310381544254863,0.26149260091079585,-3.1655813433616675,18,-1.2896480627658873,1.4553371561507051,0.9306369003294845,22,2.7404512000000825,125,0.448,COMPLETE
14,-9999.0,2026-04-28 13:04:02.896938,2026-04-28 13:04:10.571045,0 days 00:00:07.674107,3,33,11,7,53,0.9,9,80,13,4,2.22,3.9675137888518495,2.0676865054307068,62,-0.9802891756752925,-0.9802891756752925,3.170319562146954,3,1.0,4.390349643069964,-0.2369433274572534,3.170319562146954,0.24585380000001766,3,-0.7248982705416093,5.0,3.3078902261790777,10,-0.30133476242906065,5.0,3.016125337381159,17,-0.9073158863721585,3.4295598452767275,2.484501525093874,12,-0.9802891756752925,3.6467667083801283,2.28263465690115,11,-0.567733044692285,3.5584366173072857,1.069113487028961,9,13.02738459999999,62,0.6935483870967742,COMPLETE
15,-9999.0,2026-04-28 13:04:10.575944,2026-04-28 13:04:18.143341,0 days 00:00:07.567397,2,52,12,5,35,0.8,15,81,15,4,2.24,1.6633870548433842,1.0781850677521891,110,-3.1497341166171915,-2.7849122752412967,0.47871045767560994,15,0.5,1.449446078317697,-2.020978302611954,5.0,7.065465200000087,23,-1.0290510907812438,0.7354596069466508,-0.40206802370478245,15,-1.8274767969694843,0.47871045767560994,-1.0832909616874664,16,-1.4981901668351119,1.388083175382755,0.9259154798346048,19,-2.7849122752412967,0.6544976569779624,-1.4419601866212828,20,-0.9548487026114824,1.7235714320773268,1.405048898691974,17,6.395613200000083,110,0.43636363636363634,COMPLETE
16,-9999.0,2026-04-28 13:04:18.148091,2026-04-28 13:04:25.789330,0 days 00:00:07.641239,3,36,11,6,43,0.8,8,82,11,3,2.7600000000000002,1.5680160173033337,0.9126312740367367,121,-2.089817075017306,-2.089817075017306,0.5366024164507809,17,0.5,1.383217380736602,-1.6530979279619076,0.5366024164507809,-0.9998776000000098,17,-2.089817075017306,1.7497575029343915,1.632416971638051,23,-0.6715429597887363,3.0162642070628385,2.6006217216442806,22,-1.2135635021150022,2.4971602069529024,3.195535471357158,19,-1.8804181290181028,0.9452282771535431,-0.21963864669960476,22,-1.4112474685391043,0.6630834932655466,-0.7332702737194552,18,5.518272799999968,121,0.4132231404958678,COMPLETE
17,-9999.0,2026-04-28 13:04:25.793972,2026-04-28 13:04:33.458077,0 days 00:00:07.664105,2,36,10,5,59,0.95,10,86,15,4,2.7600000000000002,2.4655802497484376,0.9146250062410785,34,-1.0819388415358815,-0.8941400386417864,0.8739446007998551,3,0.8333333333333334,2.637878250452171,-0.2817200547815636,1.590621641693232,0.1351991999999802,3,-0.8867315934385558,5.0,3.2594720199048854,7,-0.2266798036190844,0.8739446007998551,-0.032920989875762086,4,-0.44733066323427206,4.118235555555374,0.8145148652680234,4,-0.8941400386417864,1.537602999361315,0.6219630531862697,6,-0.6639023387871088,1.6730767010808503,0.6895218889630739,10,5.57808919999998,34,0.5588235294117647,COMPLETE
18,-9999.0,2026-04-28 13:04:33.463135,2026-04-28 13:04:41.028359,0 days 00:00:07.565224,2,40,11,5,43,0.8,14,90,14,3,2.54,1.5183635086217613,0.6458691477502498,80,-2.0830533802127205,-2.0830533802127205,0.796609259320174,11,0.6666666666666666,1.4061383007403252,-0.7317149052216122,3.0546355991273244,2.2697353999999725,11,-2.0830533802127205,1.409796995253277,0.6955868197152437,15,-0.8930467490906575,0.796609259320174,-0.30011562256397895,13,-1.2416893160411442,1.2664201674810913,0.5952595795015725,17,-1.1290860260881879,0.909326865572431,-0.1585396070124756,12,-0.6959803952382356,1.6733921649762706,0.7732883168611648,12,3.916878999999862,80,0.4125,COMPLETE
19,-9999.0,2026-04-28 13:04:41.033185,2026-04-28 13:04:48.601915,0 days 00:00:07.568730,3,35,12,7,54,0.95,13,89,14,5,2.3400000000000003,2.5,0.9676837541508091,17,-0.7243913787057911,-0.7243913787057911,0.0,0,0.5,5.0,-0.34155437358622553,0.0,-0.2377900000000044,2,-0.7243913787057911,5.0,3.7923179528600803,5,-0.40534170321982604,0.0,-0.3040498804746883,2,-0.5095887995639183,5.0,1.7749450032201075,3,0.0,0.0,0.0,0,-0.007030229549456482,5.0,0.7806794492993596,5,5.883172999999986,17,0.7647058823529411,COMPLETE
20,-9999.0,2026-04-28 13:04:48.606888,2026-04-28 13:04:56.260829,0 days 00:00:07.653941,3,40,11,7,43,0.8,10,79,14,3,2.3200000000000003,1.4038889048880747,0.736614562171976,140,-3.3779435013656247,-3.294437843776,0.6588620431303133,18,0.6666666666666666,1.2485146626196149,-3.294437843776,0.6588620431303133,-1.4297159999999587,25,-2.922102096580209,0.9130431599277938,-0.27953495599137845,25,-0.8185633077318486,1.8460286360210918,1.7474997157935102,25,-1.202651438857142,2.2145994065281642,2.8198638397464393,22,-1.4311331591909924,1.0751002043867695,0.31944403406898303,25,-0.8580663710065267,1.7156999793343155,1.24213073941426,18,4.442549999999912,140,0.4,COMPLETE
21,-9999.0,2026-04-28 13:04:56.265585,2026-04-28 13:05:03.853755,0 days 00:00:07.588170,3,56,14,7,39,0.9,14,83,12,3,2.3000000000000003,1.7000698736913658,0.4078782304989814,52,-1.6695879977775983,-1.6695879977775983,0.4320957686933483,4,0.5,1.4032662036504528,-1.4592806478825602,1.6794450887679722,0.9139080000000188,10,-0.8279371410980542,0.4320957686933483,-0.6282890164158395,10,-0.38229719023516145,0.8927257141108005,-0.034941207596406176,4,-0.8230722720609998,5.0,1.8072282185742194,8,-0.662503632924645,1.218544943235071,0.4111938357747258,13,-1.6695879977775983,0.977607727341004,-0.021830447342829906,7,2.453770000000066,52,0.4230769230769231,COMPLETE
22,-9999.0,2026-04-28 13:05:03.858554,2026-04-28 13:05:11.478846,0 days 00:00:07.620292,3,41,14,5,37,0.95,12,84,15,5,2.7800000000000002,2.3682197137786414,0.451829827995955,24,-1.2984448413956602,-1.2735248099872165,0.0,1,0.6666666666666666,1.8709837935810685,-0.9286133057263807,0.0,-0.35072000000000436,1,-0.9959710084678768,2.246760889141641,1.319899551707726,8,-0.17270454380734404,3.992462952541744,0.4740125104345516,3,-0.5259907213825049,5.0,2.010160273536532,5,-1.2735248099872165,0.0,-1.082706849572801,4,-0.3680194631049322,2.970094440988464,0.3403334818697257,3,2.7102664000000054,24,0.4583333333333333,COMPLETE
23,-9999.0,2026-04-28 13:05:11.483528,2026-04-28 13:05:19.027966,0 days 00:00:07.544438,2,33,14,6,59,0.8,15,89,15,4,2.3400000000000003,2.101858042302549,0.9946353127190907,62,-2.0233967386016865,-1.546402712746731,0.15391673096222988,6,0.8333333333333334,2.083207459207474,-0.7646063684256341,1.3383332889374822,0.2540274000000453,9,-0.7208637162854086,5.0,4.396749451683357,15,-0.43727183191457847,1.4109749895133838,0.29955930744791637,9,-1.108897465542474,2.715488403266798,1.9749558559730263,13,-1.546402712746731,0.15391673096222988,-1.3624518015585174,10,-0.3730588024378139,1.9924348411353998,0.4049716627687161,6,6.0178132000000994,62,0.5483870967741935,COMPLETE
24,-9999.0,2026-04-28 13:05:19.032731,2026-04-28 13:05:26.634317,0 days 00:00:07.601586,3,30,11,5,39,0.9,11,81,13,5,2.8,1.9082909655024878,0.505539921859253,33,-2.1294683594564328,-2.1294683594564328,0.0,2,0.6666666666666666,1.6206173065576062,-0.6570625596931752,0.0,-0.4064700000000032,2,-2.1294683594564328,1.148141753888372,0.19299245643769058,6,-0.7037255617369315,5.0,2.060085981425508,8,-0.5432957493937607,2.2578726095255726,1.0546888539740173,7,-1.2928790244215629,0.8255374455990147,-0.25824870728924365,6,-0.7888827463628931,2.218193984001967,0.39019094660754927,4,3.050271999999987,33,0.48484848484848486,COMPLETE
25,-9999.0,2026-04-28 13:05:26.639143,2026-04-28 13:05:34.190395,0 days 00:00:07.551252,3,31,10,6,58,0.9,18,79,14,3,2.3200000000000003,3.3797919061559,0.6907390081945852,24,-0.7802101332188871,-0.7802101332188871,0.9062637289489062,1,0.8333333333333334,3.345532964059928,-0.012093903463269986,5.0,0.21663999999999017,1,-0.7211306780670901,5.0,1.900506742193686,2,-0.24019300585326908,2.4110084303690327,0.5588834074752524,7,-0.6292652120920031,1.9614792776174614,0.6293826027122806,5,-0.24591303723141747,5.0,0.8930471532573758,4,-0.7802101332188871,0.9062637289489062,-0.05402585647107383,5,4.204860399999899,24,0.625,COMPLETE
26,-9999.0,2026-04-28 13:05:34.195235,2026-04-28 13:05:41.815583,0 days 00:00:07.620348,3,30,13,5,57,0.8,16,81,15,4,2.7600000000000002,2.208250931023166,0.7059019343749324,53,-1.6324328122294298,-1.6324328122294298,0.25601381935668893,6,0.8333333333333334,1.7477406309260668,-0.7641249749832667,1.3287772745986082,0.1916640000000136,7,-1.6324328122294298,2.0370497906002987,1.7794853671659228,14,-0.4558869042685256,3.5581167139951924,1.4929331394025747,11,-0.618936877268718,4.9519402461338045,1.5234316227145328,6,-0.9775486216202725,0.25601381935668893,-0.8853741691058903,8,-0.9431482148728101,1.1176077414544077,0.13327164607244146,7,4.282176000000026,53,0.5094339622641509,COMPLETE
27,-9999.0,2026-04-28 13:05:41.820466,2026-04-28 13:05:49.392550,0 days 00:00:07.572084,3,39,11,7,33,0.95,13,90,12,5,2.8,2.6280723603935674,0.4047236826171456,16,-1.4979372152326091,-0.9657950828143302,0.0,2,0.6666666666666666,2.2207254250576978,-0.9295170090178299,0.0,-0.44851000000001306,2,-0.9037962644154753,4.2668374740113135,1.5625783200231336,5,-0.1913702166663342,1.5015966883500913,0.13422603723221016,3,-0.5195538911346156,5.0,1.5105987022955736,2,-0.9657950828143302,0.0,-0.7730596726677086,2,0.0,5.0,0.44250870881967774,2,2.4289140000000264,16,0.5,COMPLETE
28,-9999.0,2026-04-28 13:05:49.397348,2026-04-28 13:05:57.017822,0 days 00:00:07.620474,2,49,12,6,57,0.85,14,83,11,3,2.54,0.9500161419041135,-0.18063248329521034,77,-2.4091923152899724,-2.140229019322703,0.27562545219145973,9,0.5,0.9042152343182958,-1.8765481395355226,0.27562545219145973,-1.3315959999999794,12,-2.036375194086597,1.1261631491287243,0.2057463096292178,14,-1.142746147743437,0.9305615846591411,-0.079987530793868,9,-1.2372226347434405,1.615987329600076,1.2125480297174862,16,-2.140229019322703,0.6557706473229933,-1.2272941041793883,16,-2.1085751516768445,1.0959886885222871,0.13678839585526958,10,-1.1018475999999389,77,0.36363636363636365,COMPLETE
