number,value,datetime_start,datetime_complete,duration,params_d_period,params_ema_period,params_k_period,params_left_bars,params_max_separation,params_min_close_ratio,params_min_separation,params_overbought,params_oversold,params_right_bars,params_rr_target,user_attrs_avg_profit_factor,user_attrs_avg_quarter_return,user_attrs_full_total_trades,user_attrs_max_drawdown_pct,user_attrs_max_quarter_drawdown_worst,user_attrs_min_profit_factor,user_attrs_min_trades_per_period,user_attrs_positive_ratio,user_attrs_profit_factor,user_attrs_q_2024-Q1_drawdown,user_attrs_q_2024-Q1_pf,user_attrs_q_2024-Q1_return,user_attrs_q_2024-Q1_trades,user_attrs_q_2024-Q2_drawdown,user_attrs_q_2024-Q2_pf,user_attrs_q_2024-Q2_return,user_attrs_q_2024-Q2_trades,user_attrs_q_2024-Q3_drawdown,user_attrs_q_2024-Q3_pf,user_attrs_q_2024-Q3_return,user_attrs_q_2024-Q3_trades,user_attrs_q_2024-Q4_drawdown,user_attrs_q_2024-Q4_pf,user_attrs_q_2024-Q4_return,user_attrs_q_2024-Q4_trades,user_attrs_q_2025-Q1_drawdown,user_attrs_q_2025-Q1_pf,user_attrs_q_2025-Q1_return,user_attrs_q_2025-Q1_trades,user_attrs_q_2025-Q2_drawdown,user_attrs_q_2025-Q2_pf,user_attrs_q_2025-Q2_return,user_attrs_q_2025-Q2_trades,user_attrs_total_return_pct,user_attrs_total_trades,user_attrs_win_rate,state
340,-9999.0,2026-04-28 14:48:43.476882,2026-04-28 14:48:50.866216,0 days 00:00:07.389334,2,51,13,7,57,0.85,14,85,12,4,2.4800000000000004,1.5252025639337923,0.7308035051777683,85,-4.3073507338949275,-3.1666841932048473,0.08097423641508099,10,0.5,1.3576535758843316,-2.035123895066573,4.490274337727356,5.774763600000021,18,-1.470120104080889,0.5297205810999801,-0.6231043942508174,11,-1.2528813361631017,0.3999868421052511,-0.7982238508432826,10,-1.4250560854720544,1.620706431023569,1.1946605326229376,19,-3.1666841932048473,0.08097423641508099,-3.050196477013134,12,-1.5705036138373076,2.029552955231516,1.8869216205508854,15,4.234121199999974,85,0.36470588235294116,COMPLETE
341,-9999.0,2026-04-28 14:48:50.871217,2026-04-28 14:48:58.267280,0 days 00:00:07.396063,2,34,12,6,51,0.95,13,79,13,4,2.64,2.553935889774248,0.9106560029201849,26,-1.736507023488432,-1.736507023488432,0.7080432528513972,2,0.8333333333333334,2.9160073115066893,-0.21478656658878073,2.643521577445383,0.19004039999999112,2,-1.736507023488432,2.67513000489707,1.4339668835985364,5,-0.265218506833486,0.7080432528513972,-0.07757801332202163,3,-1.1941393365549358,5.0,2.471810237196026,6,-0.6792019852392982,2.4545621573566794,1.1320813508597372,5,-0.6064909403433656,1.8423583460949589,0.3136151591888403,5,5.566020400000005,26,0.5769230769230769,COMPLETE
342,-9999.0,2026-04-28 14:48:58.272495,2026-04-28 14:49:05.680738,0 days 00:00:07.408243,2,42,12,5,35,0.85,12,84,13,4,2.54,1.8877415033773879,0.5935668374444684,79,-3.0215570474988613,-2.0776222295607436,0.2488260731160438,10,0.6666666666666666,1.3657773148205468,-1.8181359115732199,2.099840651359389,1.7641774000000332,16,-1.8603507016893852,0.6996889545335391,-0.6073907496646935,14,-0.44536836181684825,2.0808506158542537,1.1165732752652202,14,-1.0118445704906365,1.8221224145846022,1.2782290495755966,13,-2.0776222295607436,0.2488260731160438,-2.027513738010611,12,-0.5173227588442622,4.3751203108165,2.037325787501265,10,3.550132200000089,79,0.4430379746835443,COMPLETE
343,-9999.0,2026-04-28 14:49:05.685997,2026-04-28 14:49:13.062233,0 days 00:00:07.376236,2,54,14,7,60,0.85,13,87,11,5,2.4800000000000004,2.0357857502596195,1.1814940311137019,91,-2.79535098676225,-2.0294329863304785,0.33632763356073064,10,0.5,1.6433432879227183,-2.0294329863304785,5.0,6.091660400000043,15,-1.794747181135965,0.33632763356073064,-1.6945806986352063,18,-1.108998748967471,0.5920450019004246,-0.514569930793507,10,-0.5367485903018502,4.192074132789773,3.2602125253457848,16,-1.2217328229781736,0.7841117037067413,-0.5905217846981503,17,-0.8690255692349063,1.3101560296000458,0.5367636754632477,15,7.078899200000066,91,0.43956043956043955,COMPLETE
344,-9999.0,2026-04-28 14:49:13.067385,2026-04-28 14:49:20.496933,0 days 00:00:07.429548,2,52,10,6,49,0.8,8,79,13,4,2.7,1.2511768622701744,0.8044410586990162,196,-5.55520688730774,-4.591332388120365,0.4320909138423384,30,0.5,1.1710919740152617,-2.0330455051193455,2.3761823811865344,5.262026000000031,37,-1.6810997814699742,0.6716232891169257,-1.1528402464911491,31,-2.364519210495883,0.4320909138423384,-2.29746365549085,32,-1.9223382061165764,1.6632634897838807,2.5804420832561847,34,-4.591332388120365,0.6312029695125009,-2.588663258838375,32,-1.9036065678077345,1.732698130178867,3.023145429758256,30,4.652747000000024,196,0.3877551020408163,COMPLETE
345,-9999.0,2026-04-28 14:49:20.502114,2026-04-28 14:49:27.945987,0 days 00:00:07.443873,3,44,10,6,55,0.8,10,82,13,4,2.54,1.5496543611751246,1.3810083976068792,144,-2.3491381551443324,-2.2934408133640156,0.46945290934276673,20,0.8333333333333334,1.4774540478966907,-2.07825614961835,0.46945290934276673,-1.6048571999999428,23,-1.0412810005061348,2.301913124435244,2.899254901025472,27,-1.5476490231985829,1.2457879738327633,0.5417887867679827,22,-1.9172995522659104,1.7408865989899591,2.4254409328020587,28,-2.2934408133640156,1.3123991687288572,1.4359725886673669,24,-1.6921594081100149,2.2274863917211567,2.5884503763783373,20,8.500267200000122,144,0.4444444444444444,COMPLETE
346,-9999.0,2026-04-28 14:49:27.951067,2026-04-28 14:49:35.314832,0 days 00:00:07.363765,2,34,10,5,40,0.85,18,76,10,4,2.4000000000000004,2.483182084242354,0.5733619736468613,42,-1.1631087101276756,-1.047995421460091,0.6966527514231411,6,0.6666666666666666,1.9021914863791467,-0.41307139172661583,2.124507531865623,0.4658160000000411,7,-0.7692411524834799,2.6294037791230953,1.7681397222713002,9,-0.18732942869399424,4.217609259968567,0.7395244421207092,6,-1.047995421460091,0.6966527514231411,-0.3492232463880307,8,-0.43849730885174576,0.8891413562996787,-0.07073167129204583,6,-0.3828808742234095,4.341777826774022,0.8866465951691938,6,3.475403999999993,42,0.5,COMPLETE
347,-9999.0,2026-04-28 14:49:35.319829,2026-04-28 14:49:42.778862,0 days 00:00:07.459033,2,43,10,5,33,0.8,8,80,14,4,2.6,1.5979919290646813,1.4472520035434808,167,-4.243371801042361,-3.8284290345256538,0.6927183806185924,24,0.6666666666666666,1.4359930862641257,-2.0304122319714595,2.574445141065838,4.394670000000045,30,-1.1942810655430491,1.1314231661993217,0.37531034869888735,29,-1.003816490795017,1.355674708080915,0.8191553425110909,29,-2.757030434494635,0.6927183806185924,-1.0913320724672104,24,-3.8284290345256538,0.9552139044223334,-0.2531622019857571,28,-1.8273621634737023,2.8784762740010876,4.438870604503831,27,8.853886000000077,167,0.4431137724550898,COMPLETE
348,-9999.0,2026-04-28 14:49:42.783994,2026-04-28 14:49:50.195337,0 days 00:00:07.411343,3,33,11,6,58,0.9,16,85,11,4,2.52,3.083825142701182,0.8883939022908552,32,-0.8877233777053817,-0.8877233777053817,1.4398122791907135,1,1.0,3.0461478405315208,-0.05785699255980949,5.0,0.23703999999999947,1,-0.7249618932457255,5.0,3.0542992889653675,8,-0.6024879624704518,2.1567068315171194,0.42748351760484304,6,-0.8877233777053817,2.433514249887774,0.8926216885202676,6,-0.5102088507861442,1.4398122791907135,0.23906711986063645,6,-0.6143969393469008,2.472917495611482,0.4798517987940176,5,5.419836399999922,32,0.625,COMPLETE
349,-9999.0,2026-04-28 14:49:50.200541,2026-04-28 14:49:57.550328,0 days 00:00:07.349787,2,44,13,6,39,0.8,17,83,13,4,2.54,2.0194298658096583,1.19999411992871,73,-2.2359274186751987,-2.047518815335976,0.7866271492831955,10,0.6666666666666666,1.9264666495957519,-2.047518815335976,4.5752468818484795,5.285788000000058,17,-0.5221531898638595,2.45018096370703,0.9613118914017393,10,-0.830323594800796,0.7866271492831955,-0.28648728086790864,12,-0.6889154475658075,1.3216396404534965,0.33590681851509707,11,-2.0209393657959334,0.9260115361777765,-0.14763126808089444,11,-0.442805366130959,2.056873023387972,1.0510765586041693,12,7.308580400000042,73,0.4246575342465753,COMPLETE
350,-9999.0,2026-04-28 14:49:57.555364,2026-04-28 14:50:04.930099,0 days 00:00:07.374735,3,54,12,7,53,0.85,14,84,13,4,2.68,1.8060318664408976,0.7425317186694519,86,-2.9666680803529264,-1.7811776250625084,0.2632481364229442,11,0.5,1.4141187698614381,-1.2700131734989577,3.647563478591632,3.758931199999993,17,-1.6883015696687518,0.2632481364229442,-1.4040607234011127,14,-1.36921535070533,0.5279010288504346,-0.9526882327866137,14,-0.6307668035444868,4.57759918806119,3.4092373021268108,17,-1.7811776250625084,1.0175930972268203,0.03592144826964905,11,-1.6455591655543949,0.8022862694923643,-0.3921506821920162,13,4.408555199999964,86,0.4186046511627907,COMPLETE
351,-9999.0,2026-04-28 14:50:04.935073,2026-04-28 14:50:12.289018,0 days 00:00:07.353945,2,56,14,5,49,0.8,13,88,13,5,2.3800000000000003,1.4071981073569557,0.791574575149904,114,-2.706629817329712,-2.706629817329712,0.6678124008516189,11,0.6666666666666666,1.3009603022738327,-2.036060050765309,3.450702016043685,5.20884460000004,20,-0.9547019266841523,1.0738532354788568,0.16317525456412962,21,-0.5949697440664166,1.0754339776152768,0.06862539719083571,11,-2.263099958257095,1.335552589003908,1.079782043076194,21,-2.706629817329712,0.6678124008516189,-1.424272881501254,23,-0.8798554539777805,0.839834425148389,-0.3467069624305208,18,4.7090476000000825,114,0.43859649122807015,COMPLETE
352,-9999.0,2026-04-28 14:50:12.293979,2026-04-28 14:50:19.724108,0 days 00:00:07.430129,2,38,10,7,33,0.85,8,81,15,4,2.7,2.0198745068254493,1.7783808504799345,130,-1.542410859154786,-1.542410859154786,0.8725311030139314,16,0.8333333333333334,1.8014109750844434,-1.325296749591937,1.6070924521187422,1.2397010000000153,22,-0.8812988138098379,2.7388588160031917,3.4902661358116926,28,-0.8765708069152728,2.532671024899081,2.0474723143991014,20,-1.038984933127112,2.508805874944779,2.588418822687788,16,-1.542410859154786,0.8725311030139314,-0.4956305428254759,22,-1.4001151707930717,1.8592877699729704,1.800057372806485,22,11.106923000000046,130,0.49230769230769234,COMPLETE
353,-9999.0,2026-04-28 14:50:19.729159,2026-04-28 14:50:27.155235,0 days 00:00:07.426076,2,46,10,6,55,0.9,11,80,14,4,2.7800000000000002,1.4150209358083918,0.4612461205479035,92,-3.0108974395272017,-2.2122007946352227,0.3591785014134978,12,0.6666666666666666,1.2504787344119475,-1.5936258462394572,0.9839388011367545,-0.02430219999998151,14,-1.0271246685961706,1.944927740815803,1.633704626165744,19,-0.7639425281513166,1.6076339745227533,0.8191866426831451,15,-1.0035915327846505,2.323003667845218,1.9541938430563066,16,-2.2122007946352227,0.3591785014134978,-2.0249361041201674,16,-1.5928642714810857,1.2714429291163247,0.40962991550237415,12,2.7475338000000793,92,0.45652173913043476,COMPLETE
354,-9999.0,2026-04-28 14:50:27.160693,2026-04-28 14:50:34.511403,0 days 00:00:07.350710,2,31,14,6,57,0.85,15,82,15,3,2.4400000000000004,2.5869140574686798,1.2922042683310209,51,-1.851675479875283,-1.851675479875283,1.6204275372490724,5,1.0,2.5394603372988267,-0.4531785311487539,2.2661052899503535,0.5969179999999907,5,-1.851675479875283,2.939713520976863,2.4997811563173267,12,-0.19490929247228805,2.9543000501755414,0.6043811504124807,6,-0.8223681622932025,4.008316158689364,2.6622639529057857,10,-0.611224320043863,1.7326217877708856,0.8135395815590307,9,-0.5394178683100376,1.6204275372490724,0.5763417687915107,9,7.98167079999994,51,0.5490196078431373,COMPLETE
355,-9999.0,2026-04-28 14:50:34.516758,2026-04-28 14:50:41.891676,0 days 00:00:07.374918,3,33,11,6,39,0.95,17,87,11,4,2.74,2.747921601350262,0.271665639800478,9,-1.687624642904157,-1.687624642904157,0.0,0,0.6666666666666666,2.554194062260002,0.0,0.0,0.0,0,-1.687624642904157,1.4875296081015705,0.5141536000000002,5,0.0,0.0,0.0,0,-0.03789183399253025,5.0,0.19234743871932025,1,-0.14366322643840462,5.0,0.7048145078384804,2,-0.10851465205327059,5.0,0.21867829224506696,1,1.6390686000000043,9,0.6666666666666666,COMPLETE
356,-9999.0,2026-04-28 14:50:41.896854,2026-04-28 14:50:49.312518,0 days 00:00:07.415664,2,44,10,6,48,0.95,9,83,14,4,2.74,2.5386554227402724,1.3375286754740905,62,-1.638111335681991,-1.4187570890489598,1.028241015531934,8,1.0,2.240870917294337,-1.2601254322225528,1.028241015531934,0.026073800000014913,8,-1.4187570890489598,2.022794017939979,1.3120764917997185,13,-0.7252042272607094,3.173843602112088,1.4097158603476379,10,-0.8380436741689639,2.3696316484831206,1.6039286558594323,12,-1.3995885032716378,1.6374222523745132,1.3497441609847005,10,-0.39474192281835796,5.0,2.3236330838530384,9,8.283706800000079,62,0.5483870967741935,COMPLETE
357,-9999.0,2026-04-28 14:50:49.317729,2026-04-28 14:50:56.758223,0 days 00:00:07.440494,2,37,11,6,53,0.9,10,84,14,4,2.8,1.9564785656535488,1.2548574709846476,79,-1.732093809582799,-1.7282374519183175,0.8114578398104961,8,0.8333333333333334,1.832918482581229,-0.5969097712061759,0.8114578398104961,-0.14724199999996967,8,-1.35565850904238,3.0250246930140654,3.326221595201262,17,-0.5458635173618314,2.5790168423934885,1.1176799227542222,11,-1.7282374519183175,1.2758140770252289,0.5474524303997974,13,-1.3938320528956325,1.345131212597999,0.9890810515853277,16,-0.8947413187241189,2.7024267290800172,1.6959518259672457,14,7.732532000000059,79,0.4810126582278481,COMPLETE
358,-9999.0,2026-04-28 14:50:56.763479,2026-04-28 14:51:04.249942,0 days 00:00:07.486463,3,50,12,5,30,0.8,8,78,12,3,2.52,1.2348328300339892,0.07891146599509069,152,-4.192595466526752,-3.581188275093395,0.5992007936241094,20,0.3333333333333333,1.0152188644456785,-2.773894124633571,0.6146194848932687,-1.908697200000009,35,-1.774559647622288,0.8626564156354378,-0.37643459660516854,25,-1.393133197281928,0.7862390424814693,-0.46713181421362826,22,-1.3211767503311813,3.2712918692053545,4.9240034004059074,23,-3.581188275093395,0.5992007936241094,-2.335716056889414,27,-1.7259941021541072,1.2749893743642957,0.6374450632728568,20,0.3065580000000123,152,0.375,COMPLETE
359,-9999.0,2026-04-28 14:51:04.254938,2026-04-28 14:51:11.579560,0 days 00:00:07.324622,2,45,12,6,38,0.9,16,88,14,4,2.56,1.914379735974423,0.6282996156897184,48,-1.5766609344435394,-1.5766609344435394,0.8949980856766295,6,0.8333333333333334,1.8019583378813189,-0.9116208174416126,1.1087926374991302,0.08936880000005587,9,-0.5449542452693105,3.302351145038305,1.3861580072228818,11,-0.4656040703712778,2.253815713221233,0.5969776395789772,6,-1.0142838051248193,2.3206532684578165,1.2230743525481813,7,-0.8962072659382085,1.6056675659534254,0.5692264697435112,8,-1.5766609344435394,0.8949980856766295,-0.09500757495529699,7,3.8205616000001275,48,0.5,COMPLETE
360,-9999.0,2026-04-28 14:51:11.584780,2026-04-28 14:51:18.959461,0 days 00:00:07.374681,2,37,14,6,60,0.8,8,85,12,5,2.62,1.2933602168619733,0.3418462701317608,110,-3.1547757820203524,-2.8178987637142523,0.16450451827019133,15,0.8333333333333334,1.1467790595793386,-1.4746274490035016,1.2763563365257449,0.47150260000001776,16,-1.7106680337474853,1.3736627264223153,1.224518364075955,25,-0.4844652384959922,2.1294822978708465,1.2716835578828523,15,-1.4594322136638695,1.406555604434282,0.8973067885053476,18,-2.8178987637142523,0.16450451827019133,-2.6308556280157602,16,-1.3911881466145324,1.4095998176484603,0.8169219383421522,20,2.011940200000084,110,0.4090909090909091,COMPLETE
361,-9999.0,2026-04-28 14:51:18.964530,2026-04-28 14:51:26.317155,0 days 00:00:07.352625,2,36,13,7,38,0.9,16,80,14,4,2.52,1.4198316772601054,0.2346075542288014,43,-1.8596284365160896,-1.6662839856955145,0.2975497087768696,5,0.6666666666666666,1.244443244101995,-1.0403164547577042,0.2975497087768696,-0.5595999999999712,6,-0.6348738598615362,3.3439739488117484,2.0629904948089806,9,-0.2714501192160406,1.2718555153662314,0.10886076503131559,5,-1.0098762460956616,1.2920446550894265,0.3105145300466017,6,-1.6662839856955145,0.3373420081504943,-1.1822313218063263,8,-0.6440166977767362,1.9762242273658628,0.667110857292208,9,1.3847832000000393,43,0.4186046511627907,COMPLETE
362,-9999.0,2026-04-28 14:51:26.322241,2026-04-28 14:51:33.671735,0 days 00:00:07.349494,3,50,12,7,37,0.8,15,82,15,5,2.4200000000000004,1.5213940545346467,0.19666160805244334,100,-4.212610433501198,-2.9825959232134545,0.2231371457410809,12,0.5,1.0795851064144806,-1.1024910990177479,3.8064549402217387,2.514050400000034,12,-1.9247983216033042,0.5863000043561074,-1.1116956120192145,19,-1.0008197134988517,1.6115551821137482,1.1559199643430107,19,-1.4591615667116202,2.209460822067464,2.1592415077108074,16,-2.9825959232134545,0.2231371457410809,-2.850517220463311,16,-0.9876934742090797,0.6914562327077406,-0.6870293912566661,18,1.0750005999999868,100,0.4,COMPLETE
363,-9999.0,2026-04-28 14:51:33.676722,2026-04-28 14:51:41.117444,0 days 00:00:07.440722,2,38,14,5,48,0.95,8,87,10,5,2.64,2.4126542169257092,0.6111638733402444,25,-1.136256929285216,-1.0102949946157453,0.0,1,0.6666666666666666,2.766855234915371,-0.35702826217341926,0.0,-0.25328000000000017,2,-1.0102949946157453,2.902765718289703,1.3067613651857268,6,-0.3577105725835996,5.0,1.4914666409136412,8,-0.33970779566833925,5.0,1.3485592774159283,4,-0.5852102070569837,0.0,-0.39390863223900396,1,-0.48451612518142984,1.5731595832645524,0.1673845887651737,4,3.704212000000018,25,0.56,COMPLETE
364,-9999.0,2026-04-28 14:51:41.122473,2026-04-28 14:51:48.516057,0 days 00:00:07.393584,2,45,13,5,55,0.95,14,81,15,5,2.4200000000000004,2.113219327894111,0.43415498872227953,40,-1.1141251304074977,-0.8686550979926282,0.32499457917816554,5,0.8333333333333334,1.6723232094579943,-0.4477509154659069,1.0106721395587932,0.005616000000019383,6,-0.7641427294252195,1.303133383893445,0.25579383461824534,8,-0.7803997937089893,1.3420615024789089,0.20713430081120698,7,-0.442110214359926,3.698454362255353,1.9059095781688296,8,-0.8686550979926282,0.32499457917816554,-0.6749991562642554,5,-0.36836465005389246,5.0,0.9054753749996314,6,2.6136632000000493,40,0.475,COMPLETE
365,-9999.0,2026-04-28 14:51:48.521036,2026-04-28 14:51:55.887675,0 days 00:00:07.366639,3,50,12,6,36,0.8,14,78,12,5,2.4800000000000004,1.1722573424516516,-0.02036139815388231,92,-4.157380517482587,-2.8643437478728995,0.23826432668824124,12,0.5,0.9821996158228374,-0.7859276155743493,1.1528864368801455,0.17125880000001814,12,-1.1965687726010337,0.5917662713224198,-0.8483794754907792,18,-1.0211738579764131,1.430171239067685,0.6947910687678416,15,-1.6035230928052553,2.9040441828881964,3.154162383009451,16,-2.8643437478728995,0.23826432668824124,-2.7300603256723455,15,-0.8944252630697905,0.7164115978632212,-0.5639408395374801,16,-0.21637879999991672,92,0.40217391304347827,COMPLETE
366,-9999.0,2026-04-28 14:51:55.892737,2026-04-28 14:52:03.312529,0 days 00:00:07.419792,3,39,14,7,46,0.95,8,86,10,4,2.2800000000000002,2.536040653513035,0.7430231220791672,25,-1.1493795324938423,-1.1493795324938423,0.0,2,0.6666666666666666,2.945057941967124,-1.1493795324938423,1.1731091837417178,0.0776411999999782,3,-0.38629782181371536,5.0,2.6861088728378,7,-0.17382368980666257,4.0431347373364925,0.37823815447084463,4,-0.9084372501143415,5.0,2.2232418531609177,7,-0.8239064242817109,0.0,-0.6357925918114349,2,-0.33061858926911314,0.0,-0.2712987561831026,2,4.493219999999987,25,0.64,COMPLETE
367,-9999.0,2026-04-28 14:52:03.317596,2026-04-28 14:52:10.659690,0 days 00:00:07.342094,3,55,13,5,40,0.95,18,85,11,4,2.3200000000000003,2.210912793198395,-0.02748389547552188,16,-1.3413824598865758,-0.7900217380179504,0.0,1,0.6666666666666666,0.9104882950989057,-0.7900217380179504,1.0276963120592393,0.015748400000004104,5,-0.6216148181018826,0.1867892300671589,-0.49887503516393705,5,-0.6204413192906353,0.0,-0.42461174603666274,2,-0.6541713602312973,2.050991217063972,0.287400776215474,2,0.0,5.0,0.15547585468338454,1,0.0,5.0,0.2999583774486059,1,-0.16789800000001076,16,0.375,COMPLETE
368,0.4725188524603206,2026-04-28 14:52:10.664712,2026-04-28 14:52:18.090270,0 days 00:00:07.425558,2,43,12,6,51,0.85,9,83,15,4,2.72,1.98249476374603,1.7328201520015536,127,-1.888219260584326,-1.888219260584326,1.0212651503973522,18,1.0,1.724836793483404,-1.888219260584326,1.589985099521858,1.5917208000000294,23,-1.4552286689845493,1.4626869582674695,1.2931104913423974,26,-1.2131820608352386,2.569763833071525,2.2432712821115697,20,-1.3435476345963528,1.6347643821609983,1.6049459399368526,21,-1.656592556829873,1.0212651503973522,0.07549609191885853,19,-0.853550196064174,3.616503159056976,3.5883763066996144,18,10.822154000000195,127,0.4645669291338583,COMPLETE
369,-9999.0,2026-04-28 14:52:18.095254,2026-04-28 14:52:25.535646,0 days 00:00:07.440392,2,44,13,6,50,0.85,8,83,15,4,2.72,2.183059427362084,2.116098790780274,130,-2.6949105831815827,-2.3226619121261427,0.5749308821047721,16,0.8333333333333334,1.8763019388190256,-2.043614354641996,3.226791931952071,6.162557600000107,27,-0.969176836078855,2.1130801481662647,2.060616520037639,23,-1.0762889680087036,1.348899709842267,0.641452855139657,21,-1.225904079523793,2.214199817572613,2.4292753674862277,22,-2.3226619121261427,0.5749308821047721,-1.8266251063765893,21,-0.8355705674245058,3.620454074534516,3.2293155083946035,16,13.195021600000235,130,0.46923076923076923,COMPLETE
370,-9999.0,2026-04-28 14:52:25.540785,2026-04-28 14:52:32.957369,0 days 00:00:07.416584,2,37,13,7,51,0.95,14,83,11,4,2.58,2.5750945169631616,0.4697499915951235,24,-1.4831877413684336,-1.4032415376840806,0.0,1,0.6666666666666666,1.9630266543803971,-0.21478656658878073,0.0,-0.1156299999999999,1,-0.7924516114259526,4.331137655108359,1.7254591484132886,5,-0.17363063555781977,5.0,0.5901273321110123,4,-0.6603925104105451,4.368906086956533,1.516226856324976,6,-1.4032415376840806,0.0,-1.2131790856576563,3,-0.38433848735129,1.7505233597140764,0.31549569837912017,5,2.821764399999993,24,0.5416666666666666,COMPLETE
