number,value,datetime_start,datetime_complete,duration,params_d_period,params_ema_period,params_k_period,params_left_bars,params_max_separation,params_min_close_ratio,params_min_separation,params_overbought,params_oversold,params_right_bars,params_rr_target,user_attrs_avg_profit_factor,user_attrs_avg_quarter_return,user_attrs_full_total_trades,user_attrs_max_drawdown_pct,user_attrs_max_quarter_drawdown_worst,user_attrs_min_profit_factor,user_attrs_min_trades_per_period,user_attrs_positive_ratio,user_attrs_profit_factor,user_attrs_q_2024-Q1_drawdown,user_attrs_q_2024-Q1_pf,user_attrs_q_2024-Q1_return,user_attrs_q_2024-Q1_trades,user_attrs_q_2024-Q2_drawdown,user_attrs_q_2024-Q2_pf,user_attrs_q_2024-Q2_return,user_attrs_q_2024-Q2_trades,user_attrs_q_2024-Q3_drawdown,user_attrs_q_2024-Q3_pf,user_attrs_q_2024-Q3_return,user_attrs_q_2024-Q3_trades,user_attrs_q_2024-Q4_drawdown,user_attrs_q_2024-Q4_pf,user_attrs_q_2024-Q4_return,user_attrs_q_2024-Q4_trades,user_attrs_q_2025-Q1_drawdown,user_attrs_q_2025-Q1_pf,user_attrs_q_2025-Q1_return,user_attrs_q_2025-Q1_trades,user_attrs_q_2025-Q2_drawdown,user_attrs_q_2025-Q2_pf,user_attrs_q_2025-Q2_return,user_attrs_q_2025-Q2_trades,user_attrs_total_return_pct,user_attrs_total_trades,user_attrs_win_rate,state
339,0.4828822722159401,2026-04-28 12:41:59.778124,2026-04-28 12:42:07.262350,0 days 00:00:07.484226,3,44,14,5,53,0.8,8,82,15,4,2.22,1.9534297377795282,1.8385019463035686,142,-2.688877695388866,-2.688877695388866,1.0875028853700248,21,1.0,1.7566724298531333,-1.7718594811681354,1.8498442106879627,2.2136742000000043,27,-0.9366311915060395,2.1759494135689117,2.1305536828065685,24,-0.4930060233456566,1.8018690883649986,1.119890236466392,21,-1.6768618298429225,1.6567763259335317,1.5737115902158205,24,-2.688877695388866,1.0875028853700248,0.40658009626219904,24,-0.8374748522778532,3.14863650275174,3.5866018720704274,22,11.518869800000097,142,0.528169014084507,COMPLETE
340,0.4857478779932746,2026-04-28 12:42:07.267495,2026-04-28 12:42:14.732993,0 days 00:00:07.465498,3,43,14,5,54,0.8,9,82,14,4,2.2800000000000002,1.8582645359308818,1.6892276423450368,127,-1.9345621503506705,-1.9345621503506705,1.420765816953319,19,1.0,1.7715874679158352,-1.9345621503506705,1.420765816953319,1.0960108000000135,22,-0.9468318252149956,2.4501225039741477,2.427279553942596,22,-0.605879656348746,2.0491452030692163,1.2438386513223598,19,-1.6814082530364118,1.779579260237767,1.8013075715627158,23,-1.325269236171364,1.4664715833074313,1.5321623509248372,21,-1.4492094943768623,1.983502848043409,2.0347669263176993,20,10.566466000000041,127,0.5196850393700787,COMPLETE
341,0.48713776868711456,2026-04-28 12:42:14.738221,2026-04-28 12:42:22.212326,0 days 00:00:07.474105,3,44,14,5,53,0.8,9,82,15,4,2.2,1.9615561146591816,1.763830235791545,131,-1.804583689119595,-1.804583689119595,1.2541993581501796,19,1.0,1.799461098452056,-1.804583689119595,1.426512592137597,1.1109800000000503,23,-0.946824883684587,2.3583474668920283,2.2733258049719263,22,-0.6108614629358884,1.9703859374745158,1.15202499358813,19,-1.6936200994623267,1.640924348152672,1.5498169967349762,24,-1.7645172603985535,1.2541993581501796,0.9455311644139153,21,-0.8428060032947234,3.1189669851480963,3.5513024550402728,22,11.034282000000118,131,0.5267175572519084,COMPLETE
342,0.4892315626410392,2026-04-28 12:42:22.217481,2026-04-28 12:42:29.700034,0 days 00:00:07.482553,3,47,14,5,52,0.8,8,82,15,4,2.22,1.923757409193404,1.9743881966716836,152,-2.897711917512495,-2.897711917512495,1.207515146719522,24,1.0,1.7693043156812125,-1.7736332737606577,1.7806762060325665,2.1124942000000146,28,-0.9354067926988021,2.007041060975869,1.8263379174220162,24,-0.724772175638933,1.6451497320232185,1.1113877160556562,24,-1.1483165597443894,2.0515719066671507,2.1399321622742384,25,-2.897711917512495,1.207515146719522,1.0745771282440142,26,-0.8306079451548222,2.8505904027420956,3.581600056034162,25,12.424041600000034,152,0.5263157894736842,COMPLETE
343,-9999.0,2026-04-28 12:42:29.705008,2026-04-28 12:42:37.116051,0 days 00:00:07.411043,3,49,14,6,53,0.8,10,82,14,4,2.2600000000000002,1.4869256152663564,1.2275768977997112,134,-2.7772015567138375,-2.2864373961429574,0.9007613750554918,19,0.8333333333333334,1.4681778930735871,-1.7546603274367287,1.6316828072266563,1.9502954000000239,27,-1.0643370640273926,1.8010923176243023,1.3997269889225228,21,-1.3597753197129847,0.9007613750554918,-0.2053893422032549,21,-1.4728647333716383,1.8444394211310193,2.1436557969229053,25,-2.2864373961429574,1.2185897565610213,0.8406069855941389,21,-1.4891288104151528,1.5249880139996477,1.2365655575619305,19,7.576302800000101,134,0.4701492537313433,COMPLETE
344,-9999.0,2026-04-28 12:42:37.121308,2026-04-28 12:42:44.592538,0 days 00:00:07.471230,3,49,14,5,53,0.8,8,82,15,4,2.3000000000000003,1.5238484629271294,1.4366128819226163,160,-3.824246558576229,-3.4661160128673014,0.9779420430548666,23,0.8333333333333334,1.4660806410878489,-1.7509594120116785,1.7608070424370554,2.6273329999999984,34,-1.007321590828316,1.3570135516160573,0.7513690334328249,23,-0.7711209985811913,1.1919310797732667,0.42963509614939444,25,-1.438166395241112,2.008761079237628,2.734532686700031,27,-3.4661160128673014,0.9779420430548666,-0.1154380908448438,25,-1.608863626826282,1.846635981443903,2.1922455660982942,26,8.895177000000064,160,0.475,COMPLETE
345,-9999.0,2026-04-28 12:42:44.597711,2026-04-28 12:42:52.051718,0 days 00:00:07.454007,3,40,14,5,53,0.8,8,82,15,4,2.2800000000000002,1.9777736671315316,1.4995212932456738,128,-3.093978471034699,-2.623072503197614,0.5277463578267485,18,0.8333333333333334,1.6434189303742583,-1.4554465800109533,1.9907689479650503,2.2637188000000252,23,-0.9360780969233621,2.2025231956395084,2.304089884124161,22,-0.5976314551705577,2.101040417773912,1.3623353587223441,20,-1.726114200835343,2.005340272067458,2.524896694657519,24,-2.623072503197614,0.5277463578267485,-2.087345188277301,21,-0.6964635444070801,3.039222811516513,2.6294322102472956,18,9.25247360000001,128,0.5078125,COMPLETE
346,0.49301566300958005,2026-04-28 12:42:52.056682,2026-04-28 12:42:59.551267,0 days 00:00:07.494585,3,47,14,5,53,0.8,9,82,15,4,2.2,1.873539022064877,1.8119056379189427,139,-1.989079364856366,-1.989079364856366,1.373173489826241,21,1.0,1.771185296833416,-1.8165970413252832,1.373173489826241,1.0098000000000384,24,-0.9455951063171356,2.0484200946702216,1.7563899740421052,21,-0.5350013682681464,1.7526064589699482,1.1429471958484871,22,-1.1644213698689259,2.0319102194966687,2.1236415710193413,25,-1.989079364856366,1.377615538473094,1.611121755826317,23,-0.8403063511978165,2.65750833095309,3.2275333307773657,24,11.358634000000034,139,0.5179856115107914,COMPLETE
347,-9999.0,2026-04-28 12:42:59.556339,2026-04-28 12:43:07.029203,0 days 00:00:07.472864,3,52,14,5,54,0.8,8,82,14,3,2.2800000000000002,1.4127248321795494,0.8454133979708418,159,-2.7427488516727947,-2.5856098399221046,0.7494910898465824,19,0.5,1.2509102870724609,-2.5856098399221046,1.2676817190569976,1.1403267999999578,33,-2.0197459916026146,0.835704186542625,-0.5482628122178257,30,-1.4235791620058171,0.9131025670586405,-0.17984604031431317,22,-1.4386394305685566,2.5567542396239378,4.2751589512864285,25,-2.34220596813088,0.7494910898465824,-1.4580150628790034,30,-1.4287861092171859,2.1536151909485133,1.8431185519498072,19,5.072439999999867,159,0.4339622641509434,COMPLETE
348,-9999.0,2026-04-28 12:43:07.034512,2026-04-28 12:43:14.539832,0 days 00:00:07.505320,2,40,14,5,53,0.95,8,82,15,4,2.2,2.171683530972934,0.8299655371223272,45,-1.6229817287002235,-1.44490606671682,1.0530566207985677,4,1.0,2.032660169832381,-1.1433602897199167,2.675085538321154,0.5874860000000037,4,-0.4158167807893741,4.765001073498838,2.615054918461701,11,-0.49762831047908196,1.0530566207985677,0.03190144221489888,7,-1.2377665949710914,2.088907152344098,1.4372087577947612,10,-1.44490606671682,1.0979474560987854,0.12238152601138363,7,-0.3288479018399502,1.3501033447761628,0.18576057825121506,6,5.057731999999926,45,0.5333333333333333,COMPLETE
349,-9999.0,2026-04-28 12:43:14.545145,2026-04-28 12:43:22.012281,0 days 00:00:07.467136,2,52,14,5,53,0.8,8,82,15,4,2.22,1.452929475426296,1.238245792471641,179,-6.329584489631819,-5.908731373302152,0.572434571187609,24,0.5,1.3092026041816929,-2.0377644798121164,2.6125799689856186,6.0313715999999795,38,-1.0178867044183992,0.8598986389857329,-0.4111485057881281,28,-1.6157217057818345,0.572434571187609,-1.2290447219108769,24,-2.757588949335311,1.4432588641895208,1.6797558416155711,31,-5.908731373302152,0.6684559494716559,-2.3768916243848026,32,-1.1170571788461356,2.560948859737639,3.7354321652981026,26,7.3961232000000265,179,0.43575418994413406,COMPLETE
350,0.4643863815884906,2026-04-28 12:43:22.017292,2026-04-28 12:43:29.471989,0 days 00:00:07.454697,3,47,13,5,54,0.8,11,82,15,4,2.24,1.7855536449094644,1.544766132436796,127,-2.8943016096609555,-2.406038849914136,1.1448977404871032,19,1.0,1.6735228871648837,-1.7743670413453316,1.5346870175359977,1.43032520000006,25,-0.9415962226495047,1.7844612438262324,1.2276628291831626,19,-0.9080095378753157,1.5825292211581552,1.0207809205781793,21,-1.4690886483239236,2.271830962881392,2.2492789493311127,21,-2.406038849914136,1.1448977404871032,0.583916859395428,21,-0.9323388877901582,2.394915683567905,2.7566320361328334,20,9.616620400000064,127,0.5039370078740157,COMPLETE
351,-9999.0,2026-04-28 12:43:29.477246,2026-04-28 12:43:36.948981,0 days 00:00:07.471735,3,45,14,5,54,0.8,8,82,11,4,2.7,1.6745583617180866,1.2828385222822296,127,-2.3630354538407916,-2.3630354538407916,0.6532276844493201,18,0.8333333333333334,1.518768893328421,-2.3630354538407916,0.6532276844493201,-1.0930089999999337,24,-1.3042700600975616,1.582687851054643,1.199886871495237,22,-0.5107099894347245,2.2941448929199613,1.602279654527483,18,-1.0588608545184084,1.9600571546618808,1.9192921520376771,21,-1.909609564117437,1.310646654415795,1.3422738176880333,22,-1.488028893485035,2.2465859328069198,2.7263076379448803,20,7.904409000000023,127,0.4566929133858268,COMPLETE
352,-9999.0,2026-04-28 12:43:36.954186,2026-04-28 12:43:44.411213,0 days 00:00:07.457027,3,43,14,7,53,0.8,11,82,13,5,2.3800000000000003,1.4740378296831922,0.8438575378703609,111,-2.903506284464024,-2.0424449599570913,0.2817553037318707,14,0.8333333333333334,1.4087816811273468,-1.4010522309530757,2.0130688088962105,2.1791414000000175,18,-1.4722442683944732,1.5432411419776102,1.2158485410800113,24,-0.6021057359330163,1.597197688916387,0.7085947373507429,14,-1.1976707654762169,1.8648603622946365,2.0884327335494612,23,-2.0424449599570913,0.2817553037318707,-1.9110542900123373,14,-0.9179113624842126,1.5441036722824377,0.7821821052542699,18,5.113298799999977,111,0.5045045045045045,COMPLETE
353,-9999.0,2026-04-28 12:43:44.416446,2026-04-28 12:43:51.871143,0 days 00:00:07.454697,3,45,14,5,55,0.95,8,82,15,4,2.2800000000000002,2.3674644714177844,0.5374903250357332,42,-1.8876631886483943,-1.8876631886483943,0.6760620802323404,5,0.8333333333333334,1.6587386560847701,-1.2981156196903783,1.0028116854908853,0.0020711999999978303,6,-0.38631304115244885,2.2370299896587795,0.9569465797224508,9,-0.4134831106491509,1.31735992901972,0.19131679995330053,7,-0.8168824491852436,5.0,2.102313767817132,8,-1.8876631886483943,0.6760620802323404,-0.691168094738781,7,-0.20792811828822633,3.97152314410498,0.6634616974602991,5,3.2453748000000004,42,0.47619047619047616,COMPLETE
354,-9999.0,2026-04-28 12:43:51.876293,2026-04-28 12:43:59.283136,0 days 00:00:07.406843,2,60,12,5,55,0.8,15,82,12,5,2.56,1.989227792905613,1.978829078586867,116,-2.21031510828012,-2.0416696507281684,0.8071208378927559,14,0.6666666666666666,1.8365483237262339,-2.0416696507281684,4.32819954172341,6.085912400000026,20,-1.7387656814520516,0.8098152087551749,-0.5595796713908641,22,-0.8562315279607156,1.9117271758950094,0.9574441151603663,14,-1.8763669353124675,2.0068082351562304,3.3877748833887056,25,-1.7741466169373201,2.0716957580110997,2.438973292952107,20,-1.4825639998551021,0.8071208378927559,-0.43755054858913844,15,12.302388400000153,116,0.47413793103448276,COMPLETE
355,-9999.0,2026-04-28 12:43:59.288193,2026-04-28 12:44:06.698648,0 days 00:00:07.410455,3,43,14,5,53,0.8,12,82,15,4,2.2600000000000002,1.8594444194452422,1.0686755386053737,97,-2.0736148483724426,-2.0615385080457376,0.8737565717178216,14,0.8333333333333334,1.5996643884319997,-2.0615385080457376,1.37081484176064,0.8562707999999697,18,-0.9491035792087259,1.7843078239020864,1.1637051327501702,17,-0.5391666176615798,1.9884834622502083,1.0207940883987243,16,-0.9505655922079396,3.544602525832351,2.6878789798021385,15,-1.7498093297049286,0.8737565717178216,-0.37229814448139775,17,-1.6454544887147475,1.594701291208347,1.055702375162637,14,6.561059999999919,97,0.5051546391752577,COMPLETE
356,0.5008107415895147,2026-04-28 12:44:06.703812,2026-04-28 12:44:14.195642,0 days 00:00:07.491830,3,42,13,6,53,0.8,8,82,12,4,2.24,2.1073216329712703,2.060174207776115,143,-1.930192863256575,-1.930192863256575,1.082259950598766,22,1.0,1.8761234230495543,-1.5486377489639689,1.7794960811024796,2.019900400000063,26,-1.0051115607209389,2.006615766294224,2.0521878494208057,25,-0.9406627398061193,2.7179637580150535,2.367544500484575,24,-1.6441154240766993,1.8091519154557503,1.8391045693590735,23,-1.930192863256575,1.082259950598766,0.33935293140845424,23,-0.6145144195174373,3.2484423263613493,3.742954995983716,22,12.983229200000167,143,0.5244755244755245,COMPLETE
357,0.5076055646249121,2026-04-28 12:44:14.203597,2026-04-28 12:44:21.649570,0 days 00:00:07.445973,3,44,13,6,53,0.8,8,81,13,4,2.24,2.170086662513612,2.087016614567657,150,-2.101182157214252,-2.101182157214252,1.1749160962068248,21,1.0,1.8692470748790129,-1.772621308275205,1.6368882415982096,1.8541600000000713,28,-1.006734403682846,2.151074155571572,2.2289807308803367,26,-0.9420275109246294,2.5107521351478135,2.3189165901883246,25,-1.65328244221393,1.5496205744558902,1.304857769438006,26,-2.101182157214252,1.1749160962068248,0.7542758674083716,24,-0.6135484134652094,3.9972687721013602,4.060908729490831,21,13.159262000000215,150,0.5333333333333333,COMPLETE
358,0.47947381362024827,2026-04-28 12:44:21.657442,2026-04-28 12:44:29.159499,0 days 00:00:07.502057,3,47,14,5,52,0.8,10,82,15,4,2.22,1.8073687324683012,1.6215952249222676,126,-1.9991263317662538,-1.9991263317662538,1.3863287976999101,19,1.0,1.7110612413514048,-1.8099992485896912,1.3863287976999101,1.0453980000000085,24,-0.9452100932217015,2.0617259629520794,1.572371658133287,19,-0.5357303950636575,1.521103700998747,0.7925295300570845,20,-1.4762995127240033,2.0681848728253165,2.0067159867281914,21,-1.9991263317662538,1.3904604319088054,1.6760747846745083,23,-0.9287213393458522,2.4164086284249486,2.636481389940526,19,10.120904400000018,126,0.49206349206349204,COMPLETE
359,-9999.0,2026-04-28 12:44:29.164618,2026-04-28 12:44:36.626138,0 days 00:00:07.461520,3,41,12,6,52,0.8,8,81,12,3,2.2,1.3108591909625646,0.45242751336809217,142,-3.180350465189529,-2.955736875052511,0.36525054744246316,18,0.6666666666666666,1.1520520742520952,-2.955736875052511,0.36525054744246316,-2.4870879999999596,28,-1.2307380478958732,1.423611422275281,1.1828054114515707,26,-1.1896455250712836,1.4452575702319554,0.779575194367288,22,-1.2720893894277698,1.9902653037553857,1.9748544880530128,18,-1.5711402400427843,0.9914829335925437,-0.04398260246357699,27,-0.8168538376178897,1.6492873684777591,1.3084005888002181,21,2.6807100000000306,142,0.4154929577464789,COMPLETE
360,-9999.0,2026-04-28 12:44:36.631146,2026-04-28 12:44:44.085514,0 days 00:00:07.454368,3,39,12,6,52,0.9,9,81,12,4,2.24,2.521918281797997,1.1427148330442227,67,-1.6769167919873138,-1.4505906772762038,0.5713419933539642,7,0.6666666666666666,2.1288522978064233,-0.9777859789101635,0.5713419933539642,-0.36892879999994577,7,-0.4692755121998423,5.0,2.7638482321165503,11,-0.6086922446864855,5.0,2.9552174555479205,18,-1.4505906772762038,1.5926277930390171,0.7940877644214916,10,-1.0295799855671437,0.9032062918437617,-0.17444783237996475,10,-0.606276825496153,2.064333612551236,0.8865121785592844,11,7.002372399999968,67,0.582089552238806,COMPLETE
361,-9999.0,2026-04-28 12:44:44.090671,2026-04-28 12:44:51.546917,0 days 00:00:07.456246,3,45,12,6,52,0.8,8,81,12,4,2.3000000000000003,1.453811648758465,1.0649632475435822,152,-2.3617777775488467,-2.3617777775488467,0.813902847571194,23,0.8333333333333334,1.378999492599746,-2.203002253054098,0.813902847571194,-0.6166049999999812,29,-1.0314536831703545,1.3866798162864868,0.8166454768424813,24,-1.5620932407803996,1.3551541646574992,0.8894644997522905,27,-1.376304250550156,1.6610864581343339,1.5061748683331988,25,-2.3617777775488467,1.193453082620217,0.887653438563385,24,-1.7211208345025781,2.312593523281058,2.9064462017701187,23,6.528289000000176,152,0.47368421052631576,COMPLETE
362,0.46881810091310117,2026-04-28 12:44:51.551954,2026-04-28 12:44:58.992986,0 days 00:00:07.441032,3,42,14,6,52,0.8,8,81,13,4,2.3800000000000003,1.7391554358254135,1.6810681506944796,136,-1.9291859650836924,-1.9291859650836924,1.1518553606603632,19,1.0,1.6720129278875548,-1.4382657326399646,1.9840969118531935,2.4374998000000314,25,-1.0032856427668233,1.9830483930616336,2.1537864593606626,25,-0.9721518005578242,1.4839651535882994,0.7740341211358581,20,-1.6439576297000884,2.0559361789960233,2.425612626357898,24,-1.9291859650836924,1.1518553606603632,0.6295159058341993,23,-1.450782644715328,1.7760306167929678,1.6659599914782275,19,10.502372600000086,136,0.49264705882352944,COMPLETE
363,-9999.0,2026-04-28 12:44:58.998101,2026-04-28 12:45:06.460829,0 days 00:00:07.462728,3,38,14,6,52,0.8,9,81,11,4,2.3600000000000003,1.8971977675036527,1.1664105501668112,105,-1.9137825552906402,-1.9137825552906402,0.6030479617848151,12,0.6666666666666666,1.615445420326234,-1.3029214687716908,0.6030479617848151,-0.9265455999999506,18,-1.0345438685542119,2.5469596068377043,2.856271457513637,21,-0.9459462451950913,2.885147711345287,2.3889551436651946,21,-1.9137825552906402,1.3440800382338371,0.8349221137210261,19,-1.3691021712116371,0.8574803081620651,-0.345162687249434,14,-0.6145893349505609,3.146470978658206,2.1900228733503946,12,7.14182560000014,105,0.49523809523809526,COMPLETE
364,-9999.0,2026-04-28 12:45:06.466160,2026-04-28 12:45:13.895116,0 days 00:00:07.428956,3,53,12,5,53,0.8,14,82,15,4,2.3400000000000003,1.18258192502251,0.26003044254575186,107,-3.6942298212603273,-2.050008363762321,0.432196085924603,14,0.5,1.1008802291966453,-0.8877978339202295,2.938713808432205,3.475900600000026,23,-1.8279104692401076,0.432196085924603,-1.091271487807688,14,-1.6430360000930166,0.4482383391846353,-1.203898150984417,16,-1.4727643491308242,1.543588293925005,1.283683733753871,20,-2.050008363762321,1.1853947793326125,0.5381583227348941,16,-2.0141650466295933,0.5473602433359989,-1.4423903624221746,18,1.4785419999999938,107,0.40186915887850466,COMPLETE
365,0.4759399697548791,2026-04-28 12:45:13.900145,2026-04-28 12:45:21.333597,0 days 00:00:07.433452,3,46,13,6,52,0.85,9,81,14,4,2.3200000000000003,2.0637036814826253,1.6593500316814502,123,-2.1059140040358986,-1.8955860858367466,1.1863053789872002,17,1.0,1.8399129249407302,-1.8955860858367466,1.4209127243438868,1.10789280000001,22,-1.0140466682953815,2.329870262584992,2.3682732709468857,23,-0.931653469133724,1.9730664712183466,1.6675245533427363,24,-0.7802951662521528,3.486239829139057,2.5001483440791006,19,-1.5273075251899737,1.1863053789872002,0.5396747050120165,18,-1.6646905881237164,1.9858274226222703,1.7725865167079524,17,10.363500800000146,123,0.5203252032520326,COMPLETE
366,-9999.0,2026-04-28 12:45:21.338749,2026-04-28 12:45:28.829455,0 days 00:00:07.490706,2,38,12,5,52,0.8,9,81,14,4,2.2600000000000002,1.8092978828132569,0.9404876701339197,143,-3.4272838294066426,-3.4272838294066426,0.7105222940403166,20,0.5,1.3454371914466905,-1.4337152240031836,0.8581818413550854,-0.3338129999999606,23,-1.07625149075184,1.6354241891130195,1.4930712659851242,24,-0.96540112812193,3.3117649586272706,3.297765345440995,26,-2.076243522949002,0.8315760150029778,-0.6196929376608207,26,-3.4272838294066426,0.7105222940403166,-1.4249619956020365,24,-0.5844270635385952,3.5083179987408712,3.2305573426402168,20,5.6697608000000566,143,0.4965034965034965,COMPLETE
367,0.4616463135268145,2026-04-28 12:45:28.834468,2026-04-28 12:45:36.306006,0 days 00:00:07.471538,3,47,12,6,51,0.85,9,81,14,4,2.22,1.9270688737336885,1.4367576972621847,121,-2.0224486618059223,-2.0224486618059223,1.1825595557823525,17,1.0,1.7283085897074215,-2.0224486618059223,1.1825595557823525,0.5437938000000475,23,-0.951104883920469,1.2751586605351992,0.4897798077717175,19,-0.9546034022318095,2.037100038976214,1.5801378271837363,22,-1.1034904609553797,2.4583897227502334,2.167987534209015,22,-1.190739476743343,1.1983429429917303,0.5590187108039713,17,-0.638772804110542,3.4108623213664035,3.2798285036046204,18,8.902370800000249,121,0.5041322314049587,COMPLETE
368,-9999.0,2026-04-28 12:45:36.311258,2026-04-28 12:45:43.783112,0 days 00:00:07.471854,3,55,12,6,51,0.85,10,81,15,4,2.22,1.3961360546650565,1.0055536275248689,128,-3.1782960289338886,-2.3458325912222215,0.9039463838968201,18,0.8333333333333334,1.397299376540911,-1.4321656890384549,1.9331482122759984,2.5869107999999974,27,-1.0713551590131696,1.0727392227713528,0.14089243829735754,20,-1.741874461372225,0.9039463838968201,-0.2036844647609115,20,-1.8690053205156998,1.4652286891606046,1.280753631896303,23,-2.3458325912222215,1.0992755013887348,0.3397578152857683,20,-1.0667200701619128,1.9024783184968277,1.8886915444306984,18,6.155836000000181,128,0.4609375,COMPLETE
