number,value,datetime_start,datetime_complete,duration,params_d_period,params_ema_period,params_k_period,params_left_bars,params_max_separation,params_min_close_ratio,params_min_separation,params_overbought,params_oversold,params_right_bars,params_rr_target,user_attrs_avg_profit_factor,user_attrs_avg_quarter_return,user_attrs_full_total_trades,user_attrs_max_drawdown_pct,user_attrs_max_quarter_drawdown_worst,user_attrs_min_profit_factor,user_attrs_min_trades_per_period,user_attrs_positive_ratio,user_attrs_profit_factor,user_attrs_q_2024-Q1_drawdown,user_attrs_q_2024-Q1_pf,user_attrs_q_2024-Q1_return,user_attrs_q_2024-Q1_trades,user_attrs_q_2024-Q2_drawdown,user_attrs_q_2024-Q2_pf,user_attrs_q_2024-Q2_return,user_attrs_q_2024-Q2_trades,user_attrs_q_2024-Q3_drawdown,user_attrs_q_2024-Q3_pf,user_attrs_q_2024-Q3_return,user_attrs_q_2024-Q3_trades,user_attrs_q_2024-Q4_drawdown,user_attrs_q_2024-Q4_pf,user_attrs_q_2024-Q4_return,user_attrs_q_2024-Q4_trades,user_attrs_q_2025-Q1_drawdown,user_attrs_q_2025-Q1_pf,user_attrs_q_2025-Q1_return,user_attrs_q_2025-Q1_trades,user_attrs_q_2025-Q2_drawdown,user_attrs_q_2025-Q2_pf,user_attrs_q_2025-Q2_return,user_attrs_q_2025-Q2_trades,user_attrs_total_return_pct,user_attrs_total_trades,user_attrs_win_rate,state
92,-9999.0,2026-04-28 14:17:38.629668,2026-04-28 14:17:46.020081,0 days 00:00:07.390413,2,52,13,5,48,0.85,14,89,12,4,2.62,1.5557157559263095,0.9322136491124158,78,-2.658061193283478,-2.030012136546995,0.3757985099211794,11,0.5,1.5262728705752746,-2.030012136546995,5.0,6.537693400000011,18,-1.439353290467477,0.44209731375574424,-0.7842593295716904,11,-1.4161470292325058,0.3757985099211794,-0.9321139559364089,11,-1.4215990413872754,1.644883608739382,1.0595384620688542,15,-1.8972150695911496,0.8650581809343812,-0.29905105127027154,11,-1.5516326436683714,1.0064569222071698,0.01147436938400137,12,5.522044399999992,78,0.34615384615384615,COMPLETE
93,-9999.0,2026-04-28 14:17:46.024953,2026-04-28 14:17:53.405862,0 days 00:00:07.380909,2,36,13,5,47,0.85,15,88,15,5,2.54,1.4799577737733909,0.46537191280379514,70,-1.7705433901399281,-1.4948676562181435,0.46759335881760544,9,0.6666666666666666,1.3547468530262117,-0.8204458003584816,1.7899596061093666,0.7861678000000039,12,-0.86952205653942,1.931268844732769,1.5880405366498929,16,-0.9570256287519772,0.7118895603084964,-0.28312780841549534,10,-0.5392225716299165,2.7964032911648196,1.567494454023488,9,-1.4948676562181435,0.46759335881760544,-1.0758347641534827,11,-0.5091881816739313,1.1826319815072883,0.20949125871836394,12,2.7964588000000123,70,0.42857142857142855,COMPLETE
94,-9999.0,2026-04-28 14:17:53.410570,2026-04-28 14:18:00.749822,0 days 00:00:07.339252,2,38,14,7,45,0.8,15,86,13,4,2.5,1.392977248399543,0.34225413937706656,68,-2.3281339587815157,-1.6939769605038597,0.15711031207970014,9,0.6666666666666666,1.2539439558876073,-0.7225994233170002,1.499374484282301,0.37522000000003164,11,-1.0226049089547935,2.2209447190892226,1.8355426767682426,15,-0.8718703130634741,0.6500589506001684,-0.4326503299577622,10,-1.5433834876393493,1.259360910699525,0.4651811505933301,13,-1.6939769605038597,0.15711031207970014,-1.5016795544243067,9,-0.526953409016409,2.571014113646342,1.3119108932828638,10,2.034665000000002,68,0.4264705882352941,COMPLETE
95,-9999.0,2026-04-28 14:18:00.754589,2026-04-28 14:18:08.089002,0 days 00:00:07.334413,2,47,12,5,42,0.8,16,88,13,3,2.3000000000000003,1.1227973072118265,0.27387665425541163,70,-2.1887796911749615,-1.8400454827195232,0.45696140765933824,9,0.5,1.1748271431846091,-1.7598354860636403,1.3563146347379242,0.6463690000000133,12,-1.8400454827195232,0.45696140765933824,-0.7297968195951188,10,-0.941203829688685,0.8423063212080354,-0.22137312934490394,11,-1.2297760663030457,1.5520191299620558,0.8556376841537094,14,-0.7937593979922013,1.6655520117379268,1.2722541612465887,14,-1.8359735025962363,0.8636303379656785,-0.17983097092781897,9,1.6397299999999282,70,0.38571428571428573,COMPLETE
96,-9999.0,2026-04-28 14:18:08.093773,2026-04-28 14:18:15.465023,0 days 00:00:07.371250,2,49,12,5,52,0.8,15,86,10,5,2.64,1.7039474452154513,1.1629807147360969,108,-2.0417467142603987,-2.0417467142603987,0.5164640815035049,16,0.6666666666666666,1.559364721663319,-2.0417467142603987,3.894306804455821,4.313096000000072,19,-1.6497997770254391,0.5164640815035049,-1.0401113969428777,18,-0.9855891224861286,1.4228077221305417,0.6180280893917312,16,-1.2988945580642797,1.7953803743152528,2.1611847832272213,21,-1.3477478862566052,0.8834171418697221,-0.30518955231948475,17,-0.7447694746064403,1.7113085470178653,1.2308763650599186,17,7.08910880000011,108,0.4074074074074074,COMPLETE
97,-9999.0,2026-04-28 14:18:15.469819,2026-04-28 14:18:22.795325,0 days 00:00:07.325506,2,36,14,7,41,0.85,18,85,12,5,2.4400000000000004,1.300774960932441,0.097257042097935,50,-1.7211222373544783,-1.5809965070134249,0.19804218569845636,6,0.6666666666666666,1.0992072622498483,-0.8625994120136276,2.064082112267362,0.7516144000000669,10,-0.8759636953331493,1.3223416778951722,0.5413717718055322,12,-0.9894207516441653,0.19804218569845636,-0.7003757400442234,6,-0.5530366048789405,1.9898928480479132,0.5023784483516369,6,-1.5809965070134249,0.33920165917355866,-0.9581200605791818,9,-0.5214523292999019,1.8910892825121834,0.44667343305377916,7,0.5715628000000583,50,0.4,COMPLETE
98,-9999.0,2026-04-28 14:18:22.800089,2026-04-28 14:18:30.279240,0 days 00:00:07.479151,3,46,11,5,30,0.8,8,77,10,3,2.64,1.1977943351635318,0.09685882437293254,141,-3.4542467052376833,-3.4542467052376833,0.3104793137876518,17,0.6666666666666666,1.0288734455828348,-3.4542467052376833,0.3104793137876518,-2.8384187999999866,28,-1.6565951244909796,1.3018718523609454,0.8272788380681684,28,-0.7548008336728459,1.551811926741684,0.9488041746797071,22,-1.287115059089499,1.3623235872805792,0.8528344612549033,19,-3.278707580393921,0.8706868081741952,-0.6821588944143531,27,-1.7232166964730213,1.7895925226361364,1.4728131666491562,17,0.5168520000000676,141,0.3971631205673759,COMPLETE
99,-9999.0,2026-04-28 14:18:30.284125,2026-04-28 14:18:37.601586,0 days 00:00:07.317461,2,38,13,6,41,0.85,18,80,14,5,2.6,1.796699819423966,0.5657344701630836,56,-1.1965272580104427,-1.1965272580104427,0.4552088752654061,6,0.8333333333333334,1.6334035129155755,-0.6527530020375354,1.8876754428419988,0.7336460000000322,11,-0.8878130186975088,2.06356139759576,1.409671997775197,12,-0.5934437488185215,0.4552088752654061,-0.37928156465464324,7,-0.5439158313688535,3.7284901716976373,1.0134424776161,6,-1.1965272580104427,1.1949936429586394,0.2536305533812566,10,-0.5056403631063325,1.4502693861843552,0.3632973568605591,10,3.4326860000000625,56,0.4642857142857143,COMPLETE
100,-9999.0,2026-04-28 14:18:37.606396,2026-04-28 14:18:45.049425,0 days 00:00:07.443029,3,38,13,5,53,0.95,10,88,12,4,2.4800000000000004,2.889959695165688,0.9669852687951249,19,-1.037186121972862,-1.037186121972862,0.0,0,0.6666666666666666,5.0,0.0,0.0,0.0,0,-0.3566630237676234,5.0,2.328104799999964,4,-0.35592532025499046,3.3776488971255585,0.639418858854901,5,-0.9129803210345221,5.0,1.9468882112974706,6,-1.037186121972862,3.96210927386857,1.1551641762170606,2,-0.3261922163644766,0.0,-0.26766443359864667,2,5.915878799999996,19,0.6842105263157895,COMPLETE
101,-9999.0,2026-04-28 14:18:45.054072,2026-04-28 14:18:52.424851,0 days 00:00:07.370779,2,32,11,6,36,0.85,13,85,12,4,2.7800000000000002,1.796302778177097,0.8383807363494441,71,-1.6781913390095544,-1.6781913390095544,0.6119243554229553,8,0.5,1.5888970625656516,-1.1141608675822499,0.9504569850258295,-0.05363179999998691,10,-1.6306287044832348,2.046546219024269,1.8030253949738118,13,-0.5965090096280559,0.6119243554229553,-0.3579886315411951,8,-1.008961689922866,1.598693485135974,0.7002086601701318,10,-1.6781913390095544,0.9665836653734878,-0.09356428930478167,16,-0.5550639062302479,4.603611959080067,3.0322350837986844,14,5.091392000000017,71,0.43661971830985913,COMPLETE
102,-9999.0,2026-04-28 14:18:52.429559,2026-04-28 14:18:59.804538,0 days 00:00:07.374979,3,49,11,6,36,0.85,11,84,14,5,2.8,1.5376524574390869,0.5550587238714285,101,-4.357109228890907,-3.0282578370204245,0.2518867169985054,14,0.5,1.2448316965114992,-2.4041464207602874,1.5745357698926536,1.402212000000036,18,-1.5151090001118732,0.8681664263304198,-0.2821969998050622,19,-0.6646981766932236,2.5552900232018243,1.8562076460694188,15,-1.0813082620611911,3.068788680493235,3.4014006896120996,19,-3.0282578370204245,0.2518867169985054,-2.8983929997267843,16,-1.1682859551445373,0.9072471277178819,-0.14887799292113701,14,3.2555540000000605,101,0.39603960396039606,COMPLETE
103,-9999.0,2026-04-28 14:18:59.809302,2026-04-28 14:19:07.196357,0 days 00:00:07.387055,2,35,11,7,36,0.85,12,86,12,4,2.62,2.2316502825698583,1.0343479484823486,81,-1.9944142862009944,-1.7743424445567348,0.7713337839693822,9,0.6666666666666666,1.6981620642424848,-1.4551153800284498,0.9074980097805138,-0.13013919999999013,12,-1.631864258621016,2.8344099706710173,3.0624788855218243,17,-0.44327709754969147,3.093196397263543,1.18313346158605,11,-0.7738319458336047,2.3647017825759473,1.304802922401338,9,-1.7743424445567348,0.7713337839693822,-0.8047951394562824,21,-0.5075089420495161,3.4187617511587454,1.5906067608411512,11,6.3206008000000535,81,0.5061728395061729,COMPLETE
104,-9999.0,2026-04-28 14:19:07.201140,2026-04-28 14:19:14.558617,0 days 00:00:07.357477,3,55,10,7,37,0.85,13,83,14,5,2.7800000000000002,1.362259738996569,0.2903188679600858,97,-5.154710259282544,-2.9915132448839907,0.24748836666773522,14,0.5,1.1216102736185027,-1.1151930842360693,2.2743063692321517,1.4595268000000328,14,-1.0573129160226422,0.8081830123653065,-0.3900315844958202,21,-1.0272306347875257,1.9342463430889951,1.5811704674567606,16,-2.1316694764127613,2.4989353924471294,3.2352844067201625,16,-2.9915132448839907,0.24748836666773522,-2.86097037501456,16,-1.5215168872895422,0.41039895017809597,-1.283066506906061,14,1.6301164000000812,97,0.41237113402061853,COMPLETE
105,-9999.0,2026-04-28 14:19:14.563403,2026-04-28 14:19:21.899320,0 days 00:00:07.335917,2,49,12,6,40,0.8,17,85,10,3,2.62,1.262430530360531,0.04531197991745062,65,-2.3144263623308645,-2.0818181560145774,0.3168565952947346,7,0.6666666666666666,1.0260150697668065,-1.4124933784142675,0.3168565952947346,-1.0337325999999702,11,-2.0294493338143322,1.0783241355308932,0.12734621938470525,13,-0.5742897716348686,1.3159635358681447,0.24344475485622574,7,-1.2237808918261575,2.7034190477010207,1.9919845355101273,13,-2.0818181560145774,0.3728852258680516,-1.7626914436977392,12,-0.712742503999912,1.7871346419003407,0.7055204134513549,9,0.22859779999999663,65,0.35384615384615387,COMPLETE
106,-9999.0,2026-04-28 14:19:21.904161,2026-04-28 14:19:29.305881,0 days 00:00:07.401720,3,50,13,7,60,0.85,11,83,12,4,2.54,1.8063554520319443,0.9763201500855562,98,-2.881380056120915,-2.4685986030394673,0.5681209844001709,14,0.6666666666666666,1.4864557826746954,-2.2248251829386776,1.4110957699897446,1.3374672000000531,22,-1.8103042220393883,0.8650012404749394,-0.22552310247591079,15,-0.611168721558745,2.236329009205597,1.3893839352927984,15,-0.9492150581785832,3.740951942840411,2.731761784976383,16,-2.4685986030394673,0.5681209844001709,-1.2944131488290656,16,-1.7377921160020662,2.0166337652808033,1.9192442315490776,14,5.946022000000273,98,0.4387755102040816,COMPLETE
107,-9999.0,2026-04-28 14:19:29.310560,2026-04-28 14:19:36.676894,0 days 00:00:07.366334,2,36,11,5,39,0.95,16,80,14,5,2.46,3.6490873891194977,0.8899662579531693,23,-0.8748406708254072,-0.4746982923069329,0.0,2,0.8333333333333334,4.944582991364231,-0.4746982923069329,0.0,-0.3758000000000039,3,-0.46023155735671634,5.0,2.6935272755013395,7,-0.2561951844378555,2.579205902582438,0.24686571443053307,3,-0.3395788620449999,5.0,1.327596312016155,2,-0.30073941360557527,4.315318432134551,0.49240836319845993,2,-0.3585564022319605,5.0,0.9551998825725327,6,5.431020200000014,23,0.6521739130434783,COMPLETE
108,-9999.0,2026-04-28 14:19:36.681704,2026-04-28 14:19:44.070300,0 days 00:00:07.388596,3,35,12,7,46,0.95,11,87,11,4,2.4200000000000004,3.7152246860694533,0.9612331028543012,15,-0.7259586404404734,-0.7259586404404734,0.0,1,0.8333333333333334,5.0,-0.22063835006340543,0.0,-0.0977900000000087,1,-0.7259586404404734,5.0,2.169299958429294,4,-0.357012640196401,5.0,0.5446882827707888,1,-0.5125825218214993,5.0,2.3649118206259923,4,-0.13782890581015,5.0,0.5923075630534402,2,-0.20838699856193357,2.2913481164167204,0.19398099224630094,3,5.8795691999999455,15,0.8,COMPLETE
109,-9999.0,2026-04-28 14:19:44.075136,2026-04-28 14:19:51.497583,0 days 00:00:07.422447,3,52,11,7,56,0.8,14,84,13,3,2.7,1.16998056448984,-0.0001490296380413092,85,-3.255180080268082,-2.8672658056446876,0.440844364432197,9,0.5,0.9940868312382042,-1.67344571357567,1.0183439376288146,0.038892999999995403,13,-1.0126867600435245,0.6400993980552744,-0.5827223617917765,15,-1.413344818095276,1.1757095323360494,0.2506144831323276,12,-1.2058793516517774,2.9728361334666564,2.947841383791472,16,-2.8672658056446876,0.440844364432197,-2.314835733865006,20,-1.9392297734933395,0.7720500210200486,-0.34068494909526015,9,-0.0733010000000256,85,0.35294117647058826,COMPLETE
110,-9999.0,2026-04-28 14:19:51.502303,2026-04-28 14:19:58.873552,0 days 00:00:07.371249,2,36,13,7,36,0.85,13,78,11,4,2.72,1.7829867509016577,0.44000309330224546,69,-2.9683826960086286,-2.5508170639297547,0.2445637625156337,9,0.8333333333333334,1.3195273905360378,-1.1123583585565096,1.0863941896672327,0.11015000000003106,13,-0.8869166593540619,3.5898546457379323,2.495269860248972,12,-0.4473996231323436,1.7262017603249604,0.459947787158832,10,-0.9877499561242481,1.904000606865161,1.1560899306896744,11,-2.5508170639297547,0.2445637625156337,-2.3567071212435287,14,-0.6367892228960427,2.146905540299027,0.7752681029594921,9,2.6037648000000635,69,0.4492753623188406,COMPLETE
111,-9999.0,2026-04-28 14:19:58.878369,2026-04-28 14:20:06.311474,0 days 00:00:07.433105,3,40,10,6,49,0.9,9,82,13,5,2.74,2.756629738739214,1.24360512087782,71,-2.7572457915083457,-2.525199683211244,0.3133777864361939,8,0.6666666666666666,1.931009093525318,-1.2331629231166266,0.5254543410001151,-0.5486079999999949,8,-1.2399225120646147,3.0848200262390093,3.3714914719343403,19,-0.5932120627555952,5.0,2.900664340519432,13,-0.5147843248809492,5.0,2.703801878406775,9,-2.525199683211244,0.3133777864361939,-2.1410380873954526,13,-1.121425665727991,2.6161262787599675,1.175319121801821,9,7.570090799999951,71,0.5211267605633803,COMPLETE
112,-9999.0,2026-04-28 14:20:06.316291,2026-04-28 14:20:13.697272,0 days 00:00:07.380981,3,44,14,6,51,0.8,13,83,10,5,2.56,1.25668607381649,0.31574815992277777,89,-2.7390410851969924,-1.6918364945249658,0.2521127479884558,11,0.6666666666666666,1.1905954213344365,-1.208552392186171,1.0466812433785129,0.06212760000003925,12,-0.8905841593511132,1.3954375014237979,0.6939096905630882,19,-0.6171979316024166,2.068020496803417,1.0860249643287023,13,-1.2312748386702328,1.7842067094932357,1.6180647335858778,20,-1.6918364945249658,0.2521127479884558,-1.5563690183327594,11,-0.7564623282118316,0.9936577438115202,-0.009269010608281558,14,1.8784532000000187,89,0.4606741573033708,COMPLETE
113,-9999.0,2026-04-28 14:20:13.702514,2026-04-28 14:20:21.101859,0 days 00:00:07.399345,3,38,12,6,49,0.9,15,84,13,5,2.7800000000000002,2.4245276362960504,0.7344326258952482,43,-1.8814436738860136,-1.8814436738860136,0.4745810594868185,5,0.8333333333333334,1.8465977492554109,-0.6555405809833101,1.3797071295525956,0.19162300000001853,5,-1.3808157157677934,1.6824108980227561,0.8704735724263113,10,-0.6041011629592429,5.0,2.4534587740856706,9,-0.5331120483863474,3.514149969245666,1.3027074742581357,6,-1.8814436738860136,0.4745810594868185,-0.9968275140106342,6,-0.3872864310020493,2.4963167614684676,0.5851604486119877,7,4.45426399999993,43,0.5348837209302325,COMPLETE
114,-9999.0,2026-04-28 14:20:21.106555,2026-04-28 14:20:28.529469,0 days 00:00:07.422914,3,31,11,6,54,0.9,13,81,14,4,2.7800000000000002,2.845778340971519,0.972213927939621,37,-1.738633162319906,-1.738633162319906,1.7075815704383783,1,1.0,2.477162857057934,-0.05785699255980949,5.0,0.2635600000000071,1,-1.738633162319906,1.7075815704383783,0.7442610256408244,5,-0.6123672482621798,1.8332898500174175,0.7095477106788373,10,-1.1936852045508841,3.4191266089500862,2.178240187714642,8,-0.507954594303359,3.0170383367193065,1.4709649232015565,7,-0.7673603122164305,2.0976336797039288,0.4667097204018589,6,5.963542799999977,37,0.5405405405405406,COMPLETE
115,-9999.0,2026-04-28 14:20:28.534209,2026-04-28 14:20:35.935302,0 days 00:00:07.401093,3,32,10,6,44,0.9,12,82,15,5,2.7,2.8982924007645536,1.2803799397821576,47,-1.8992379695283161,-1.8992379695283161,0.5492054056196146,4,0.6666666666666666,2.4155683737645868,-0.655891650905135,0.5492054056196146,-0.22749800000000375,4,-1.6369619485686997,2.2084797390130135,2.071733151484967,12,-0.6037031749561389,3.9830999262924798,1.947313735427758,9,-1.159143713530012,5.0,3.012796137552143,7,-1.8992379695283161,0.6489693336622134,-0.7052114199018189,10,-0.0453917807221676,5.0,1.5831460341299008,5,7.87763799999992,47,0.5319148936170213,COMPLETE
116,-9999.0,2026-04-28 14:20:35.940052,2026-04-28 14:20:43.329716,0 days 00:00:07.389664,3,46,12,7,34,0.8,9,77,10,4,2.5,1.6846637582606883,1.3091767683393523,127,-2.312959566364754,-2.2374246252596057,0.5766613564312641,15,0.8333333333333334,1.576088160807561,-2.2374246252596057,0.5766613564312641,-1.3313450000000282,23,-1.2858243131037181,2.159634720454473,2.1145317122241547,22,-1.1367501225420857,1.9869724344264617,1.686193647791434,21,-1.0491541428533466,2.1085429352152714,2.011508388743599,21,-1.9392880105857526,1.247602932882133,0.6300541272468596,15,-1.6986694508610716,2.0285681701545264,2.7441177340300937,25,8.059410000000078,127,0.49606299212598426,COMPLETE
117,-9999.0,2026-04-28 14:20:43.334520,2026-04-28 14:20:50.715995,0 days 00:00:07.381475,2,58,10,5,60,0.95,15,86,10,4,2.3200000000000003,1.4496160812436214,0.2206251722135011,45,-3.390007734037162,-2.0506105861841544,0.2911658261643368,4,0.3333333333333333,1.1991424930949695,-2.0506105861841544,4.933961572408164,3.47659920000003,11,-1.1999623514317608,0.4274393015564563,-0.706030161068516,9,-0.581936872803335,0.43109588042287955,-0.3037594938273047,4,-1.2766248524992827,0.606001087218053,-0.4316128774934036,6,-1.7890788719982367,0.2911658261643368,-1.311976788597724,8,-0.4738733135139464,2.00803281969184,0.6005311542679248,7,1.2581524000000677,45,0.37777777777777777,COMPLETE
118,-9999.0,2026-04-28 14:20:50.720716,2026-04-28 14:20:58.097005,0 days 00:00:07.376289,2,37,12,7,37,0.85,13,84,13,5,2.7600000000000002,1.5915669656259765,0.5993798519884704,78,-1.7890846669830318,-1.6184067333227963,0.5550621706971512,8,0.6666666666666666,1.4123153596186235,-0.9221793097680867,1.3232125659463847,0.35104440000002235,12,-1.2359090250633304,1.956921245857205,2.0831009906260523,18,-0.9481513108080615,0.9612844402739689,-0.05114999437044743,14,-0.5377319772727452,3.0621805598594785,1.5598518166675124,8,-1.6184067333227963,0.5550621706971512,-1.0175583260793264,14,-0.5076021719289,1.6907408111216717,0.6709902250870092,12,3.618694000000011,78,0.4230769230769231,COMPLETE
119,-9999.0,2026-04-28 14:20:58.101887,2026-04-28 14:21:05.480496,0 days 00:00:07.378609,3,39,14,7,51,0.95,13,87,10,4,2.3600000000000003,2.331422009968924,0.5967542485226999,18,-1.2110202544605517,-0.9295170090178299,0.0,1,0.5,3.124649702655948,-0.9295170090178299,0.0,-0.44851000000001306,2,-0.38833735618723764,5.0,1.5983897378130552,4,-0.1766117837247842,3.9885320598135436,0.37741246697926556,3,-0.5154540494341863,5.0,2.8483168328066633,6,-0.8320318807729882,0.0,-0.6420748595598713,2,-0.2129891524191237,0.0,-0.15300868690290015,1,3.587003599999994,18,0.6111111111111112,COMPLETE
120,0.4251597454771566,2026-04-28 14:21:05.485484,2026-04-28 14:21:12.872840,0 days 00:00:07.387356,2,48,12,7,33,0.85,10,80,14,4,2.68,1.493433221289053,1.1680381522656342,116,-2.063872300754635,-2.063872300754635,1.019157533712701,17,1.0,1.460421857638101,-2.063872300754635,1.6781516633240146,2.0456784000000727,23,-1.0699471279328359,1.0858648027083406,0.17671733171609194,18,-1.3476530602432555,1.60617056189783,1.0118219344620982,17,-1.312390401047728,1.562425857156884,1.3860432555548918,20,-1.7609770363037625,1.019157533712701,0.07042743410763386,19,-1.8562959430298696,2.008828908934548,2.3175405577530173,19,7.193299600000214,116,0.3879310344827586,COMPLETE
121,-9999.0,2026-04-28 14:21:12.880306,2026-04-28 14:21:20.306742,0 days 00:00:07.426436,2,48,13,7,31,0.85,8,80,14,4,2.68,1.3117193577230868,0.724864189390384,135,-2.578637260323148,-2.578637260323148,0.7070528396210015,19,0.5,1.254367593407398,-2.2987234743949623,0.9691413359819058,-0.10687959999994279,31,-0.9829544929505585,1.1830425432961813,0.3979333095295301,21,-1.1556714373538572,0.7070528396210015,-0.6029959225980708,19,-1.3646992629576151,1.5800287624444551,1.3594378662253659,21,-2.578637260323148,0.8965353690799523,-0.4737615170964715,21,-1.6847560274335087,2.5345152959150243,3.775451000281893,22,4.359036400000171,135,0.4148148148148148,COMPLETE
122,-9999.0,2026-04-28 14:21:20.311620,2026-04-28 14:21:27.744990,0 days 00:00:07.433370,2,40,13,5,34,0.8,11,82,14,3,2.3800000000000003,0.9812380637745756,-0.3718481261223816,111,-4.23868026679805,-3.4363651138522444,0.16890273329187785,15,0.5,0.8607077913029169,-2.2673695579198814,0.16890273329187785,-2.1251073999999925,16,-2.5210599347217615,1.1503026520041264,0.46990457693745213,24,-1.156133640725932,0.7206576154390341,-0.5540497747964057,18,-1.4391999631272456,1.3393003550747575,0.7993249828355253,17,-3.4363651138522444,0.5572520239055746,-2.2381553546768407,21,-0.8606718871199271,1.9510130029320831,1.4169942129659718,15,-2.2690464000000743,111,0.36036036036036034,COMPLETE
