number,value,datetime_start,datetime_complete,duration,params_d_period,params_ema_period,params_k_period,params_left_bars,params_max_separation,params_min_close_ratio,params_min_separation,params_overbought,params_oversold,params_right_bars,params_rr_target,user_attrs_avg_profit_factor,user_attrs_avg_quarter_return,user_attrs_full_total_trades,user_attrs_max_drawdown_pct,user_attrs_max_quarter_drawdown_worst,user_attrs_min_profit_factor,user_attrs_min_trades_per_period,user_attrs_positive_ratio,user_attrs_profit_factor,user_attrs_q_2024-Q1_drawdown,user_attrs_q_2024-Q1_pf,user_attrs_q_2024-Q1_return,user_attrs_q_2024-Q1_trades,user_attrs_q_2024-Q2_drawdown,user_attrs_q_2024-Q2_pf,user_attrs_q_2024-Q2_return,user_attrs_q_2024-Q2_trades,user_attrs_q_2024-Q3_drawdown,user_attrs_q_2024-Q3_pf,user_attrs_q_2024-Q3_return,user_attrs_q_2024-Q3_trades,user_attrs_q_2024-Q4_drawdown,user_attrs_q_2024-Q4_pf,user_attrs_q_2024-Q4_return,user_attrs_q_2024-Q4_trades,user_attrs_q_2025-Q1_drawdown,user_attrs_q_2025-Q1_pf,user_attrs_q_2025-Q1_return,user_attrs_q_2025-Q1_trades,user_attrs_q_2025-Q2_drawdown,user_attrs_q_2025-Q2_pf,user_attrs_q_2025-Q2_return,user_attrs_q_2025-Q2_trades,user_attrs_total_return_pct,user_attrs_total_trades,user_attrs_win_rate,state
91,-9999.0,2026-04-28 13:13:49.652013,2026-04-28 13:13:57.205456,0 days 00:00:07.553443,3,30,10,7,59,0.9,18,84,12,4,2.64,1.416250820903105,0.09206622047094881,20,-1.685085799989718,-1.685085799989718,0.0,2,0.6666666666666666,1.2084191922052927,-0.22009038341217657,2.5491359034665773,0.15148999999998747,2,-1.685085799989718,0.8759886593148207,-0.13058577560852713,4,-0.6218480823277664,1.1177158424140452,0.044929896635870215,4,-0.8473012294580031,1.5845121433259994,0.30256697809183386,4,-0.2914616376501195,0.0,-0.2660398792882379,2,-0.8083254843657273,2.3701523768971873,0.4500361029947664,4,0.5518836000000027,20,0.45,COMPLETE
92,-9999.0,2026-04-28 13:13:57.210271,2026-04-28 13:14:04.845555,0 days 00:00:07.635284,3,35,11,5,59,0.9,13,84,12,4,2.4000000000000004,2.7221322382243582,0.7915141608160647,42,-1.429255253949222,-1.1365314960656931,0.5480613432046185,4,0.8333333333333334,2.2600605234731077,-0.2091890951890681,2.627158079968729,0.33288399999999996,4,-0.724270639211174,4.503583604342422,2.2226670968612527,7,-0.18623663926244877,5.0,1.5893965608438254,9,-1.1365314960656931,2.0533510922847,0.9260096558042274,7,-1.0730493423054455,0.5480613432046185,-0.6095232769914416,9,-0.6168373491918726,1.6006393095456812,0.28765092837852446,6,4.817601999999943,42,0.5714285714285714,COMPLETE
93,-9999.0,2026-04-28 13:14:04.850383,2026-04-28 13:14:12.506497,0 days 00:00:07.656114,2,51,13,5,58,0.9,12,83,15,4,2.58,1.3192196210696632,0.3759657066125226,78,-3.950068532310249,-2.9507899056920026,0.08722144793559476,8,0.5,1.1923656753443874,-2.0564922832695487,3.814959104910953,4.770173400000011,17,-1.2892206265057855,0.5622046119797209,-0.7608902172533738,13,-0.473438995400481,0.6113398052934813,-0.27300379367578564,8,-1.2806542664708405,1.833069286236804,1.4607235057598755,16,-2.9507899056920026,0.08722144793559476,-2.9507899056919973,13,-1.602662604707036,1.0065234700614247,0.009581250536405683,11,2.1091896000000165,78,0.3717948717948718,COMPLETE
94,-9999.0,2026-04-28 13:14:12.511255,2026-04-28 13:14:20.148692,0 days 00:00:07.637437,2,35,10,7,56,0.9,12,85,12,4,2.6,2.7136033753166466,1.1627258312222721,58,-1.9889705864483405,-1.652959225842705,0.7046636730757372,5,0.6666666666666666,2.171437967036036,-0.3950388147559894,4.031769769160532,0.6973980000000157,5,-0.8643551033658684,5.0,4.788435546268999,10,-0.22362799424911184,2.646385628742473,0.6514130296707776,8,-1.1273062990699085,0.7046636730757372,-0.369086311156952,7,-1.652959225842705,0.9017908557554644,-0.2652960933557602,16,-0.503401891431486,2.9970103251656726,1.473490815906553,12,7.088909999999937,58,0.5344827586206896,COMPLETE
95,-9999.0,2026-04-28 13:14:20.153457,2026-04-28 13:14:27.779283,0 days 00:00:07.625826,3,32,11,7,38,0.9,13,78,11,4,2.5,2.5829295860124417,1.237821802539261,41,-0.8905650806815189,-0.8524208350792684,0.9872667598613633,3,0.8333333333333334,3.2517262234766093,-0.31174760951806263,1.1011151719613996,0.02157999999998772,3,-0.726520679274186,5.0,3.1051599064921165,8,-0.6006871711581987,2.0443820061566664,0.6974333981625058,9,-0.6057153224067182,5.0,3.4039180173882855,8,-0.4985700020161183,0.9872667598613633,-0.0097549382571116,7,-0.8524208350792684,1.36481357809522,0.2085944314497823,6,7.595004999999899,41,0.5853658536585366,COMPLETE
96,-9999.0,2026-04-28 13:14:27.784088,2026-04-28 13:14:35.372867,0 days 00:00:07.588779,2,42,14,6,43,0.85,18,81,13,4,2.66,2.028959852706477,0.7331800067381877,49,-1.2120612685431587,-1.0389602326386964,0.7910234799019735,7,0.6666666666666666,1.9151353084440534,-0.7846458000281454,4.508400396432246,2.65498200000005,11,-0.6858609588169682,1.9852658479920848,0.57836569490608,8,-0.7883476239210855,0.9003708375636816,-0.09409067328607357,8,-1.0389602326386964,1.3907460708008783,0.3771978008304311,8,-0.551438100612343,0.7910234799019735,-0.17217548388142045,7,-0.587035156574009,2.597952483548,1.0548007018600591,7,4.452636599999971,49,0.46938775510204084,COMPLETE
97,-9999.0,2026-04-28 13:14:35.377594,2026-04-28 13:14:42.964621,0 days 00:00:07.587027,2,48,14,6,41,0.85,18,75,10,5,2.54,2.0031868668161925,0.7323160982045737,60,-2.045561295483596,-2.045561295483596,0.6289791526563312,8,0.6666666666666666,1.7254500029547128,-2.045561295483596,4.848367719113276,3.503015200000026,11,-0.8156729125994796,0.7158001475403478,-0.4243213583211669,13,-0.7657902562077139,1.2269583841069325,0.1789064120339967,8,-0.722379706916734,2.8290377923162557,1.0181140405468803,8,-0.9409033855231265,0.6289791526563312,-0.50251735766903,10,-0.4658498481893226,1.769978005164011,0.6206996526367359,10,4.419412399999989,60,0.43333333333333335,COMPLETE
98,-9999.0,2026-04-28 13:14:42.969267,2026-04-28 13:14:50.543947,0 days 00:00:07.574680,3,39,13,7,59,0.85,14,83,13,5,2.64,2.334034950838107,0.8473276477639698,71,-2.5366915226140923,-2.2068533128542724,0.12345450343235834,9,0.8333333333333334,1.70429688606144,-0.529293450470191,2.2157358984225426,0.7899244000000527,10,-0.8895431533205425,1.5891834648922487,1.0752971653186671,17,-0.5984560787028972,3.456621362496515,2.2887921445362336,14,-0.5235415999493146,5.0,2.509009869558332,11,-2.2068533128542724,0.12345450343235834,-2.023745069983063,9,-0.4378261643008826,1.6192144757849765,0.4446873771535964,10,5.123555600000085,71,0.5070422535211268,COMPLETE
99,-9999.0,2026-04-28 13:14:50.548599,2026-04-28 13:14:58.184470,0 days 00:00:07.635871,2,53,12,5,53,0.85,11,86,11,3,2.62,0.9937774535407593,-0.20012804850117286,109,-3.3879115916033458,-2.8399730616712544,0.4234404718386366,13,0.5,0.9274707588184038,-2.613761740811852,0.5075062411118884,-1.7419651999999952,21,-1.2129224076775575,1.4671831324709832,0.9685471543747992,18,-1.4652504614187065,0.4234404718386366,-1.0651533986639983,13,-1.2492994518769558,1.4002957367117723,0.899400352966917,18,-2.8399730616712544,0.8428236605511384,-0.8685062604475102,26,-1.9074165389624076,1.3214154785601375,0.6069090607627503,13,-1.2285321999999876,109,0.3119266055045872,COMPLETE
100,-9999.0,2026-04-28 13:14:58.189160,2026-04-28 13:15:05.754738,0 days 00:00:07.565578,3,35,10,7,38,0.9,15,90,12,5,2.58,2.067139571142252,0.5017417328462115,31,-1.334290516593335,-0.9865366093580519,0.1762156690051414,3,0.8333333333333334,1.8631888141463258,-0.7530477934890465,1.0678280355216276,0.04086299999999099,6,-0.48573866698274254,3.4990659030409947,2.1677785806385685,9,-0.6099138434234024,1.1506215584518247,0.07439893514269436,5,-0.5451756100253176,1.509106260833924,0.26703727560586366,3,-0.9865366093580519,0.1762156690051414,-0.7934405509317455,5,0.0,5.0,1.2538131566218969,3,3.020660199999914,31,0.45161290322580644,COMPLETE
101,-9999.0,2026-04-28 13:15:05.759463,2026-04-28 13:15:13.441005,0 days 00:00:07.681542,3,39,14,7,51,0.8,8,78,12,3,2.58,1.8911456875345747,1.3131891330856942,121,-1.6449743496578715,-1.6449743496578715,0.8510557306014682,15,0.8333333333333334,1.5585403341638748,-1.6449743496578715,0.8510557306014682,-0.511477599999921,26,-1.634034636795953,1.1082948917128101,0.32790033677292385,24,-0.716771367679515,3.2380463310373053,2.402338036916274,20,-1.2253843775404678,3.363586241299841,3.8938392206492756,18,-1.4949960877739032,1.286039162076319,0.9378910864668244,18,-0.9478387624806313,1.4998517684797046,0.828643717708788,15,8.076811600000111,121,0.4297520661157025,COMPLETE
102,-9999.0,2026-04-28 13:15:13.445842,2026-04-28 13:15:21.089580,0 days 00:00:07.643738,3,38,13,5,52,0.8,11,78,12,3,2.68,1.4277495340564714,0.4963538821233256,82,-3.385010053594829,-2.2686302119954234,0.13288863484298988,10,0.8333333333333334,1.2870162730460732,-2.004717498332555,0.13288863484298988,-1.9569055999999807,14,-2.2686302119954234,1.0800163635537303,0.16159547081779913,15,-0.7217096409148381,2.554944504688396,1.985864423559125,19,-1.270719125205572,1.8560788419580816,1.2654454128919967,11,-1.1456622681862907,1.4170259874651119,0.8423988104419466,13,-1.0033873591176237,1.5255428718305188,0.6797247750290669,10,2.968572000000047,82,0.4268292682926829,COMPLETE
103,-9999.0,2026-04-28 13:15:21.094246,2026-04-28 13:15:28.689867,0 days 00:00:07.595621,2,34,13,7,51,0.95,15,79,11,5,2.7,2.9952548775716004,0.874099609445672,20,-1.8138283601635872,-1.8138283601635872,0.0,2,0.6666666666666666,4.158072246277939,-0.3546475866931031,0.0,-0.2556300000000067,2,-1.8138283601635872,2.2686172011633654,1.3162948445110123,6,-0.35625235665262056,0.7029120642662363,-0.0819732963378117,3,-1.1952266049698141,5.0,3.010059177340474,4,-0.17753808755926104,5.0,0.5927124071196888,2,-0.1384830558057875,5.0,0.6631345240406761,3,5.324193999999949,20,0.6,COMPLETE
104,-9999.0,2026-04-28 13:15:28.694616,2026-04-28 13:15:36.299561,0 days 00:00:07.604945,3,35,12,7,48,0.8,13,80,11,3,2.52,1.958231075398068,0.6857201658081588,74,-1.9866623400994277,-1.9866623400994277,0.1673361335639417,9,0.6666666666666666,1.510722172079962,-1.4023210349252806,0.1673361335639417,-1.1795099999999836,9,-1.9866623400994277,1.7188949888005687,1.3251114217304627,15,-0.4168912213738274,5.0,2.2025149560713553,14,-0.9450803947029048,3.1463831803375966,2.1248774905240797,11,-0.8960631616509608,1.2721532114605445,0.4816189096050971,14,-1.1840198027540423,0.44461893822575604,-0.8402917830820589,11,4.13077199999996,74,0.4594594594594595,COMPLETE
105,-9999.0,2026-04-28 13:15:36.304413,2026-04-28 13:15:43.936887,0 days 00:00:07.632474,3,54,12,6,37,0.85,13,88,12,3,2.52,1.0518954406203027,-0.010510396544079667,68,-3.5975223557325595,-2.22196810121334,0.5334751784595126,8,0.5,0.9909914859499926,-2.22196810121334,0.5660955265337514,-1.0372659999999922,13,-1.2389424925721921,0.5334751784595126,-0.5791658908695929,11,-1.0297260670190111,0.5700223113861618,-0.4759666836087084,8,-1.021398480689079,2.3508593300078906,1.5570410164393866,12,-1.3839301800347643,1.1115375230706739,0.25097694176148266,16,-1.9580819203299726,1.1793827742638245,0.22131823701294628,8,-0.08382079999998959,68,0.36764705882352944,COMPLETE
106,-9999.0,2026-04-28 13:15:43.941636,2026-04-28 13:15:51.559123,0 days 00:00:07.617487,3,33,10,7,55,0.8,13,82,12,4,2.64,2.1277193515585675,1.4305243936331518,99,-2.4239571277887895,-2.028954487571723,0.3573115806060516,9,0.6666666666666666,1.8487631851866866,-1.2344752804904162,0.9628616046640858,-0.042807199999950196,13,-1.6394401262667402,2.219703201284755,2.6517819536044485,22,-1.1930390701298996,3.0388312813875986,3.3472826378462273,23,-1.1249210184466614,4.524142134077082,3.8607819697503487,15,-2.028954487571723,0.3573115806060516,-1.8441965755790046,17,-0.5822752051200126,1.6634663073318317,0.6103035761768405,9,8.76511799999995,99,0.5151515151515151,COMPLETE
107,-9999.0,2026-04-28 13:15:51.563973,2026-04-28 13:15:59.183838,0 days 00:00:07.619865,2,57,13,5,34,0.9,11,81,15,5,2.64,2.004309934696242,1.0238886126254805,89,-3.0107798316944123,-2.1386605181617684,0.44344609513194444,7,0.6666666666666666,1.58825748038335,-2.036886856448282,3.650036304751004,4.058477600000088,18,-0.6580926839945836,1.5823212183405928,0.8888782743444734,18,-0.40328179827104105,1.9630874137087142,0.54351472003904,7,-0.5236930684516865,3.920697710133389,3.4233254371434763,16,-1.3365047484555999,0.44344609513194444,-1.2076075117792517,13,-2.1386605181617684,0.4662708661118082,-1.5632568439949424,17,6.163214800000039,89,0.47191011235955055,COMPLETE
108,-9999.0,2026-04-28 13:15:59.188726,2026-04-28 13:16:06.810464,0 days 00:00:07.621738,2,58,12,7,45,0.95,11,89,13,5,2.3800000000000003,2.444049180171444,1.3228941690799745,51,-2.0484102611268846,-2.0484102611268846,0.13544413119945814,4,0.6666666666666666,2.5090834614757873,-2.0484102611268846,4.8854520835596045,5.366003599999991,15,-0.7233670461369848,0.8496333672305126,-0.1838389930165052,11,-0.4040880047733616,2.064409540916488,0.48455534486659957,4,-0.8804105138515909,5.0,2.973357283264577,10,-1.1951892660117185,0.13544413119945814,-0.9327578099738498,6,-0.42545414406067195,1.7293559581226001,0.23004558933903407,5,8.057162600000002,51,0.49019607843137253,COMPLETE
109,-9999.0,2026-04-28 13:16:06.815203,2026-04-28 13:16:14.401106,0 days 00:00:07.585903,2,45,13,7,39,0.9,16,79,12,5,2.7800000000000002,1.527489529781483,0.29705351748955944,53,-1.3939851205789546,-0.9551728256049099,0.3403917205843478,6,0.5,1.3284135651435351,-0.725197378866692,1.1714591838986994,0.15538660000002924,10,-0.808226069053584,0.8996042379290665,-0.14447290845958083,12,-0.6573559844800064,0.3403917205843478,-0.45055663909971955,6,-0.7433908884585265,3.4138781299437904,1.7777726994373522,8,-0.9551728256049099,0.7980760790051135,-0.2397180625112294,9,-0.4387101255556878,2.5415278273278807,0.683909415570505,8,1.778474400000074,53,0.41509433962264153,COMPLETE
110,-9999.0,2026-04-28 13:16:14.405898,2026-04-28 13:16:22.017885,0 days 00:00:07.611987,3,57,13,5,60,0.8,15,77,10,4,2.58,1.1192427567105996,0.050149820899760465,87,-3.654532538496502,-2.2902835019559484,0.6269218497786455,11,0.6666666666666666,1.0216402171150853,-1.4903172321954337,1.0884616815692711,0.15215940000006256,16,-1.2611920424226408,1.6631745542525207,0.8593735823134052,13,-0.9076127072505531,1.2761442885771273,0.27282868035685137,11,-2.0284074443988143,1.2898678636102643,0.8518080276819662,16,-2.2902835019559484,0.7708863024757676,-0.6667656336730166,14,-1.8912206131894185,0.6269218497786455,-1.168505131280706,17,0.2844230000000447,87,0.42528735632183906,COMPLETE
111,-9999.0,2026-04-28 13:16:22.022663,2026-04-28 13:16:29.601149,0 days 00:00:07.578486,2,37,14,7,43,0.85,16,88,13,3,2.68,1.4230726940954541,0.3996559966926494,52,-1.904438759721359,-1.904438759721359,0.30152307838940395,5,0.6666666666666666,1.3715898264530837,-1.391574488456253,0.37651517589633615,-0.8136663999999905,9,-1.904438759721359,1.7466606321024545,1.3805188177658634,15,-0.3242132910519955,1.3385575782001888,0.15036772743430848,5,-0.8065522242872053,2.837795486586739,1.8251339372013176,10,-0.46025581600264615,1.9373842133976005,0.6367219359684873,6,-0.8332133291694388,0.30152307838940395,-0.7811400382140898,7,2.3916636000000047,52,0.38461538461538464,COMPLETE
112,-9999.0,2026-04-28 13:16:29.605997,2026-04-28 13:16:37.225016,0 days 00:00:07.619019,2,36,12,7,44,0.8,11,86,10,5,2.58,1.721494724489002,0.9636472505842265,104,-2.555302347795039,-1.9299750719580688,0.3646865001251589,15,0.6666666666666666,1.5104735386278907,-1.3355588155757712,1.522639978502683,0.7974284000000331,16,-0.9232699630068817,2.6726287386058405,3.4315484580358158,23,-0.557578052427391,3.282882253683787,2.4266711988290446,17,-1.27691185240278,1.5753909806849185,1.0249200544449222,15,-1.9299750719580688,0.3646865001251589,-1.7411634472350501,17,-1.0833715636463392,0.9107398953316244,-0.15752116056940713,16,5.835417000000098,104,0.46153846153846156,COMPLETE
113,-9999.0,2026-04-28 13:16:37.230734,2026-04-28 13:16:44.900238,0 days 00:00:07.669504,2,55,12,6,44,0.95,12,89,13,3,2.54,1.6822441526506609,0.4553053506533881,49,-2.3616514301861438,-1.8462650708281618,0.08302044700530313,3,0.5,1.4154889377001825,-1.8462650708281618,1.3771285600917071,0.6843224000000037,11,-1.397277318320586,0.08302044700530313,-1.3972773183205889,9,-0.9665478703696502,0.37350323757322984,-0.6539446600314025,8,-1.0443828946927116,2.5793499254288292,1.7178915470999145,9,-0.6062716244904148,4.909179022255913,2.4756715312074684,9,-0.31724539286375875,0.7712837235489838,-0.09483139603506663,3,2.708755200000068,49,0.3673469387755102,COMPLETE
114,-9999.0,2026-04-28 13:16:44.905058,2026-04-28 13:16:52.559519,0 days 00:00:07.654461,2,31,11,7,48,0.8,9,87,11,5,2.3600000000000003,1.6972570874573456,1.1413290657143749,109,-1.7735106844548247,-1.6419674645953761,0.5461223782284599,11,0.6666666666666666,1.5718866019544928,-1.4184430657423612,0.5461223782284599,-0.8902627999999968,16,-0.7317410701788273,2.823451080243962,3.872990190917336,24,-1.2354219017358474,1.6422216951296749,0.9468236931893248,15,-0.5311742711250466,2.304195276075985,1.3028024425703277,11,-1.6419674645953761,0.922360601614103,-0.25732673283985763,23,-1.1530711112905343,1.9451914934518886,1.8729476004491152,20,6.972698800000021,109,0.44954128440366975,COMPLETE
115,-9999.0,2026-04-28 13:16:52.564274,2026-04-28 13:17:00.244022,0 days 00:00:07.679748,2,32,13,7,32,0.8,9,88,12,4,2.4800000000000004,2.1331104693008243,1.3405461877394422,97,-1.9015221023613946,-1.4774538811580962,0.9426240658154937,12,0.6666666666666666,1.8249965913902784,-1.1466182101157396,0.9426240658154937,-0.08452679999996215,13,-0.7232883690024358,4.907021668318947,4.41773096661866,18,-1.3544891552530085,2.162538464069113,2.0322296279277285,20,-1.4774538811580962,0.9566278155415976,-0.0932669744956316,15,-1.2998020554082585,1.2440866238723796,0.5645597841745786,19,-0.49864820397268406,2.5857641781874134,1.2065505222112805,12,8.241229199999967,97,0.5154639175257731,COMPLETE
116,-9999.0,2026-04-28 13:17:00.248897,2026-04-28 13:17:07.886122,0 days 00:00:07.637225,2,30,12,7,36,0.8,10,90,12,3,2.74,1.4755849646941313,0.9934972792181713,96,-3.0493938579986097,-2.0455462684071524,0.5994589253103815,12,0.8333333333333334,1.4784160571407896,-2.0455462684071524,0.5994589253103815,-0.8268809999999793,12,-1.9312656710551785,1.4314109906415833,1.3368491516336123,22,-1.6812710888818818,1.44449572849618,0.9448400606597351,17,-0.9331506358628447,1.4464504445795041,0.702313020636236,12,-1.047186727939583,2.347652668456224,2.8993521397603805,18,-0.7959189304922213,1.5840410306809147,0.9045103026190437,15,6.073807600000047,96,0.4375,COMPLETE
117,-9999.0,2026-04-28 13:17:07.890992,2026-04-28 13:17:15.524051,0 days 00:00:07.633059,3,35,11,7,45,0.8,8,86,11,5,2.5,2.3223555726025222,1.573369657947521,108,-1.9899699859599502,-1.9379770048660094,0.8169016709443174,15,0.8333333333333334,1.84645710361374,-0.9731844310897497,1.1648236617334398,0.29601999999999684,17,-0.7231189887419069,2.8663697104676613,3.550988364244101,21,-0.6376782308481421,2.8187597436341356,2.5274289237793957,17,-0.5086620895010601,5.0,3.2668671347657607,15,-1.9379770048660094,0.8169016709443174,-0.6254121628574083,20,-1.1694096780390284,1.267278648835579,0.4243256877532797,18,9.737049999999892,108,0.5,COMPLETE
118,-9999.0,2026-04-28 13:17:15.528963,2026-04-28 13:17:23.124637,0 days 00:00:07.595674,3,50,12,7,40,0.8,16,84,11,3,2.74,1.239551861461229,-0.0008351786833726838,54,-2.318851304604962,-2.135025507611021,0.5803689987766514,4,0.3333333333333333,0.9975580645732173,-1.8539448826097589,0.942539996844863,-0.10562699999996372,11,-1.0396486163059926,0.6310978707603228,-0.437585408339225,11,-0.58362854906166,1.7113557652851579,0.34860686445401523,4,-0.8360672945847,2.6166793544854454,1.2426554445713833,8,-2.135025507611021,0.5803689987766514,-0.9980608087250431,12,-1.9382030147003908,0.9552691826149332,-0.055000164061402845,8,-0.019318199999951435,54,0.3333333333333333,COMPLETE
119,-9999.0,2026-04-28 13:17:23.129478,2026-04-28 13:17:30.721011,0 days 00:00:07.591533,2,37,14,7,38,0.85,14,88,11,5,2.7600000000000002,1.607007777824052,0.22095177051158857,58,-2.3488081771850697,-1.7024839939042247,0.17071319631829482,7,0.5,1.187898323779413,-0.35779993057341397,3.4055791469194987,1.0151544000000179,9,-1.1212271642802285,1.3426335642093863,0.7742390779338137,17,-0.6079647048147502,0.6005155366255115,-0.2837789733210694,7,-0.5434253656186839,3.153439047945375,1.3619219238010682,7,-1.7024839939042247,0.17071319631829482,-1.5114029763357295,9,-0.5169473164243237,0.9691661749262458,-0.03042282900856952,9,1.3049144000000013,58,0.39655172413793105,COMPLETE
120,-9999.0,2026-04-28 13:17:30.725880,2026-04-28 13:17:38.387716,0 days 00:00:07.661836,2,53,13,6,53,0.95,8,81,14,5,2.4800000000000004,2.72685721483124,1.3824948126343088,57,-2.046896850902825,-2.046896850902825,0.3268400702535213,4,0.6666666666666666,2.4533778408797864,-2.046896850902825,5.0,5.211677600000031,14,-0.8571059377091714,1.2167149388761025,0.31761075160348096,13,-0.6480793440029442,0.4363414813183653,-0.29100985553563996,4,-0.7003293871120221,4.381246798539452,2.3584200291716817,10,-1.1548756764237205,0.3268400702535213,-0.9713453044219666,8,-0.5694826576049954,5.0,1.6696156549882657,8,8.455374399999993,57,0.47368421052631576,COMPLETE
121,-9999.0,2026-04-28 13:17:38.392530,2026-04-28 13:17:46.021399,0 days 00:00:07.628869,2,38,13,6,44,0.85,9,90,11,4,2.7600000000000002,1.9059265192879706,1.0140468568823113,78,-1.4996142862740254,-1.454385412868178,0.9319983530057825,10,0.8333333333333334,1.764629461011833,-1.454385412868178,0.9319983530057825,-0.07927359999995165,10,-0.8949647108133955,3.841056187277859,2.895570222756083,16,-0.9347864857924911,1.9665502333111207,0.9871947284938454,14,-1.36917284338403,1.5770125846946175,1.0638020780010082,14,-1.0410431237297872,1.2339232480053162,0.4640790135998607,13,-0.526846878848956,1.8850185094331273,0.7529086984430222,11,6.214204800000012,78,0.48717948717948717,COMPLETE
