number,value,datetime_start,datetime_complete,duration,params_d_period,params_ema_period,params_k_period,params_left_bars,params_max_separation,params_min_close_ratio,params_min_separation,params_overbought,params_oversold,params_right_bars,params_rr_target,user_attrs_avg_profit_factor,user_attrs_avg_quarter_return,user_attrs_full_total_trades,user_attrs_max_drawdown_pct,user_attrs_max_quarter_drawdown_worst,user_attrs_min_profit_factor,user_attrs_min_trades_per_period,user_attrs_positive_ratio,user_attrs_profit_factor,user_attrs_q_2024-Q1_drawdown,user_attrs_q_2024-Q1_pf,user_attrs_q_2024-Q1_return,user_attrs_q_2024-Q1_trades,user_attrs_q_2024-Q2_drawdown,user_attrs_q_2024-Q2_pf,user_attrs_q_2024-Q2_return,user_attrs_q_2024-Q2_trades,user_attrs_q_2024-Q3_drawdown,user_attrs_q_2024-Q3_pf,user_attrs_q_2024-Q3_return,user_attrs_q_2024-Q3_trades,user_attrs_q_2024-Q4_drawdown,user_attrs_q_2024-Q4_pf,user_attrs_q_2024-Q4_return,user_attrs_q_2024-Q4_trades,user_attrs_q_2025-Q1_drawdown,user_attrs_q_2025-Q1_pf,user_attrs_q_2025-Q1_return,user_attrs_q_2025-Q1_trades,user_attrs_q_2025-Q2_drawdown,user_attrs_q_2025-Q2_pf,user_attrs_q_2025-Q2_return,user_attrs_q_2025-Q2_trades,user_attrs_total_return_pct,user_attrs_total_trades,user_attrs_win_rate,state
186,-9999.0,2026-04-28 14:29:26.225414,2026-04-28 14:29:34.066146,0 days 00:00:07.840732,3,39,11,7,55,0.85,11,87,14,4,2.64,2.7654476482305257,1.7850221868267309,90,-2.442210543429331,-2.331275855009384,0.6378180836326985,10,0.6666666666666666,2.2441284491421385,-1.253642213803768,0.7701594372633634,-0.31988519999996967,12,-1.0277897284176538,2.9295718435966998,3.2516190480952334,19,-0.917052278939605,2.292206540521366,1.1698134603628674,14,-0.59488061338161,5.0,5.016911160513082,18,-2.331275855009384,0.6378180836326985,-1.1285453013687663,17,-0.7139545125576211,4.962929984369028,2.7202199533579385,10,11.056109199999998,90,0.5444444444444444,COMPLETE
187,-9999.0,2026-04-28 14:29:34.071249,2026-04-28 14:29:41.739405,0 days 00:00:07.668156,2,54,11,7,40,0.9,18,83,15,5,2.3600000000000003,1.776890845536293,0.7045871584523873,63,-2.541215062170241,-2.0563559235698152,0.35865218751397754,8,0.6666666666666666,1.5739462401281668,-2.0563559235698152,5.0,4.824699600000026,12,-1.6826129531065932,0.4920657521991999,-1.0399732163887787,16,-0.9415350734198475,1.2377724365502918,0.22505905525165293,8,-0.9122265040450214,2.327830471659056,0.9878011059224256,8,-1.2369094120174706,0.35865218751397754,-0.9568081196085543,9,-0.44093007861186645,1.2450242252952335,0.18674452553755216,10,4.1846076000000565,63,0.38095238095238093,COMPLETE
188,-9999.0,2026-04-28 14:29:41.744298,2026-04-28 14:29:49.502081,0 days 00:00:07.757783,3,58,13,5,41,0.95,18,79,13,4,2.2,2.85520505446717,0.43409978157464835,22,-0.7128864467762919,-0.7128864467762919,0.0,0,0.6666666666666666,2.5283936638378655,-0.7128864467762919,4.052208212091788,1.8880959999999947,7,-0.4501033824350671,0.7070020394289812,-0.23688733961617636,9,0.0,0.0,0.0,0,-0.6373540613183708,2.372020075282252,0.36576678664819173,3,0.0,5.0,0.14260547148070568,1,0.0,5.0,0.44501777093517436,2,2.6186579999999626,22,0.5,COMPLETE
189,-9999.0,2026-04-28 14:29:49.507135,2026-04-28 14:29:57.400209,0 days 00:00:07.893074,2,47,12,7,49,0.95,10,85,10,4,2.62,2.556961500052881,0.6605578249218147,53,-1.9294805050969397,-1.9294805050969397,0.21336785329018565,7,0.6666666666666666,1.6595418328996956,-1.2718971936739254,0.21336785329018565,-0.9115099999999821,8,-0.6246182698776321,3.114050518109814,1.1056424414177979,8,-0.6249947728982401,2.6993683295504103,1.0537251724561658,10,-0.6942254813364491,3.8620729638009337,1.999272637254168,10,-1.9294805050969397,0.7139011625493661,-0.7342574734604534,10,-0.3134543917529745,4.739008173016577,1.450474171863192,7,3.992371600000033,53,0.49056603773584906,COMPLETE
190,-9999.0,2026-04-28 14:29:57.405352,2026-04-28 14:30:05.105933,0 days 00:00:07.700581,3,41,13,7,34,0.85,10,86,10,4,2.4000000000000004,2.015307258705374,1.023141020081917,77,-2.107023627675026,-1.7640233405995676,0.29183820084336487,11,0.6666666666666666,1.7509043379281795,-1.1195211300709196,0.7162389122591534,-0.3602119999999709,11,-1.0286388266460176,2.8224197510589453,2.672894085242339,17,-0.8713717625771968,1.8716781834569152,1.0776960773820177,16,-0.9133819656507601,3.5896340646083713,2.241991413035116,11,-1.7640233405995676,0.29183820084336487,-1.5011040926842467,11,-0.7447587150843964,2.800034440005492,2.0075806375162486,11,6.227520000000064,77,0.5194805194805194,COMPLETE
191,-9999.0,2026-04-28 14:30:05.111317,2026-04-28 14:30:12.904295,0 days 00:00:07.792978,2,39,10,5,38,0.85,16,89,13,4,2.5,2.1872484517463184,0.715507497236669,55,-1.0472446004581248,-1.0472446004581248,0.8920411749937087,7,0.8333333333333334,1.9317123548082549,-0.306550687611525,4.350737059765312,1.004684999999994,8,-0.8388084246042627,2.1756489524143614,1.3949649959306587,14,-0.4652998471556099,1.5367741169329574,0.39721750022323477,8,-1.0472446004581248,0.8920411749937087,-0.10455116573578893,7,-0.609798249400848,2.4611175455598175,1.203655195638853,10,-0.4170170793031535,1.7071718608117525,0.3970734573630619,8,4.362034999999986,55,0.5272727272727272,COMPLETE
192,-9999.0,2026-04-28 14:30:12.909558,2026-04-28 14:30:20.654747,0 days 00:00:07.745189,2,35,11,7,30,0.85,8,89,15,5,2.6,2.8146819723317855,1.7389682921726493,87,-1.982767431693962,-1.982767431693962,1.0521339812074675,11,1.0,2.311124271940894,-0.9711333522218212,1.1502897809597004,0.21160200000001073,13,-0.8754083050639914,2.9356251647946072,3.662775493799586,22,-0.6202236359379548,3.616738322828464,1.8103941806044244,12,-0.6934650686092605,3.2310491194819355,2.1369913755312497,11,-1.982767431693962,1.0521339812074675,0.12296276385574956,15,-0.32144450018846626,4.902255464718541,2.489083939244874,14,10.847862000000074,87,0.4942528735632184,COMPLETE
193,-9999.0,2026-04-28 14:30:20.659619,2026-04-28 14:30:28.456587,0 days 00:00:07.796968,2,40,11,5,39,0.85,17,90,11,4,2.3800000000000003,1.7027331275826068,0.3714707584397607,49,-1.3144573879591293,-1.0512841340340402,0.6561540547325941,6,0.6666666666666666,1.5152744084951935,-0.30960857276271,2.0169989543395594,0.4668432000000333,8,-0.5653118866164554,2.8770553838131936,1.504886340451872,11,-0.42775040718346913,2.5865691277680902,0.6645997982618779,7,-1.0512841340340402,0.6561540547325941,-0.3335245029030265,6,-0.621108111563827,0.7488137680145267,-0.26319358204721643,10,-0.4256442329946762,1.330807476827676,0.18921329687502375,7,2.2379191999999826,49,0.4897959183673469,COMPLETE
194,-9999.0,2026-04-28 14:30:28.461671,2026-04-28 14:30:36.282332,0 days 00:00:07.820661,3,34,10,7,57,0.9,16,87,10,3,2.6,1.6485425779509473,0.49915639399487066,26,-1.7891205053184052,-1.7891205053184052,0.0,1,0.5,2.0690938159082437,-0.09308729115982375,0.0,-0.09017999999999526,1,-1.7891205053184052,5.0,2.929437766978249,7,-0.23900003807510248,1.9484704166129947,0.21496234376283674,4,-0.6292487560848578,1.4215465175091309,0.27496447717294537,5,-0.5186316941182929,0.8628098072309803,-0.0597768275003685,3,-0.8581794604706573,0.6584287263525748,-0.27446939644444335,6,2.9958039999999464,26,0.5384615384615384,COMPLETE
195,-9999.0,2026-04-28 14:30:36.287091,2026-04-28 14:30:44.083597,0 days 00:00:07.796506,2,41,14,7,38,0.95,16,89,15,4,2.68,1.1513616687897095,0.28702934106603073,20,-1.0121104510181662,-1.0121104510181662,0.0,0,0.3333333333333333,1.741871373224251,0.0,0.0,0.0,0,-0.8975588854061901,3.1098234199239125,1.3035543999999843,6,-0.32182079445072526,0.4352791025727101,-0.24896461086070243,4,-1.0121104510181662,2.555420636202152,0.9532500588878889,5,-0.30847639390418313,0.0,-0.20425504437814324,2,-0.32035990766675393,0.807646854039482,-0.08140875725284324,3,1.7233671999999478,20,0.4,COMPLETE
196,-9999.0,2026-04-28 14:30:44.088625,2026-04-28 14:30:52.008352,0 days 00:00:07.919727,2,36,10,7,46,0.95,8,88,14,4,2.74,2.88885209241424,1.223870321643561,44,-1.1746010851687603,-1.1746010851687603,1.2532303301770868,5,1.0,2.6658574982035153,-1.1473724651478456,1.2532303301770868,0.2679733999999989,7,-1.1746010851687603,5.0,3.018551086024024,9,-0.408239769231102,3.0919078655012733,0.546881179381975,5,-1.0773608420208705,5.0,2.4671288606340713,6,-0.7718966470988106,1.5837733477939042,0.6372903073911917,8,-0.6517405113035103,1.404201011013175,0.4053970964301046,9,7.534256999999944,44,0.5454545454545454,COMPLETE
197,-9999.0,2026-04-28 14:30:52.013531,2026-04-28 14:30:59.949565,0 days 00:00:07.936034,3,51,11,5,52,0.8,8,77,10,3,2.3600000000000003,1.2113600032156866,-0.0751084927184879,155,-5.107112701259307,-4.457973464816287,0.29101810692389257,18,0.5,0.9678463096950466,-4.457973464816287,0.29101810692389257,-3.5662639999999635,34,-0.9305422428119013,1.075122647726442,0.1702225868341678,25,-1.524436419095993,0.6725516558280776,-0.8350522114934811,26,-1.2458463013874324,2.6123412391545977,3.9614367597759603,24,-3.57881942657031,0.6784858055295807,-1.8298222913659346,28,-1.7431054260616319,1.938640564131529,1.6488281999383236,18,-0.6243356000000255,155,0.3935483870967742,COMPLETE
198,-9999.0,2026-04-28 14:30:59.954511,2026-04-28 14:31:07.861438,0 days 00:00:07.906927,3,31,11,5,57,0.9,12,82,14,3,2.8,2.696211557843146,0.737885488818335,41,-1.8123717133017014,-1.8123717133017014,1.1738209773350052,1,1.0,2.1080424766744676,-0.05785699255980949,5.0,0.26559999999999917,1,-1.8123717133017014,1.5967256498977007,0.724130708837345,6,-0.24301636167145826,3.576186556927263,1.3017194470346993,11,-1.2414021480472441,1.1738209773350052,0.14940040534361376,5,-0.5174402530330695,2.594102924842572,1.0505828236210935,8,-0.8457727454431766,2.2364332380563336,0.9358795480732596,10,4.504513999999937,41,0.5609756097560976,COMPLETE
199,-9999.0,2026-04-28 14:31:07.866311,2026-04-28 14:31:15.616847,0 days 00:00:07.750536,2,36,13,5,41,0.95,17,84,15,5,2.72,3.413532877764483,0.7389824826280273,19,-0.8881478842213759,-0.8881478842213759,0.0,1,0.6666666666666666,4.327713789675164,-0.4746982923069329,0.0,-0.3758000000000039,3,-0.8881478842213759,5.0,2.7799217459211656,5,-0.3516271296320914,0.6960932821361776,-0.08425325115883897,3,-0.1762424637323188,5.0,0.6402758444323142,1,-0.30330717119788264,4.785103984450718,0.5674212055302164,2,-0.36179052205375756,5.0,0.9063293510433112,5,4.4851591999999885,19,0.5789473684210527,COMPLETE
200,0.4823949924995942,2026-04-28 14:31:15.621899,2026-04-28 14:31:23.516649,0 days 00:00:07.894750,2,41,11,6,46,0.85,8,81,15,4,2.8,2.018247070861229,1.9577712001911423,135,-1.9761163830279125,-1.9761163830279125,1.0657521216484516,18,1.0,1.8371088531261193,-1.9761163830279125,1.0657521216484516,0.15069400000000677,22,-1.569144548596314,1.6410998534775936,2.053361707109147,30,-1.220785059202282,1.5797741768021292,1.223816533383415,24,-1.0660864243808998,2.6288935172373655,3.2430036473359403,19,-1.468230053634617,1.4695190757657302,1.5706384545030483,22,-0.8414560851109244,3.724443680236105,3.5051128588152958,18,12.293496000000115,135,0.45925925925925926,COMPLETE
201,-9999.0,2026-04-28 14:31:23.521644,2026-04-28 14:31:31.319361,0 days 00:00:07.797717,2,36,10,6,47,0.85,18,81,11,4,2.4200000000000004,2.0724514420714617,0.5723161989300951,57,-1.6967702193213492,-1.4125831525045742,0.42486414310812237,7,0.6666666666666666,1.6441221573030471,-0.3939838076745494,2.597665259269109,0.9686964000000131,11,-0.8375360956403904,2.541806274078174,1.6647508187498161,11,-0.585044445637567,3.8748974618851326,1.2987644792320951,9,-1.4125831525045742,0.42486414310812237,-0.86575071512488,9,-0.9263393617627138,0.7438609415750004,-0.2772510843119136,10,-0.630813430351079,2.251614572513232,0.6446872950354399,7,3.4594384000000256,57,0.5087719298245614,COMPLETE
202,-9999.0,2026-04-28 14:31:31.324306,2026-04-28 14:31:39.250152,0 days 00:00:07.925846,2,40,11,6,46,0.85,9,81,15,4,2.7800000000000002,2.020048173050333,1.7371265402295613,123,-2.4319524405651225,-1.7586842324830283,0.7421790347195816,18,0.8333333333333334,1.8039757218247054,-1.7586842324830283,0.7421790347195816,-0.5405989999999639,19,-1.5785136352229583,1.7141809246033044,2.1886624875210092,28,-0.8991335135432411,2.535451376870496,1.8767978406629249,18,-1.2108843551789101,2.063526898634317,2.115647781393304,18,-1.487488798565933,1.3682361349735517,1.2669022753521553,22,-0.8524627267340725,3.696714668500747,3.515347856447937,18,10.837930400000161,123,0.4634146341463415,COMPLETE
203,-9999.0,2026-04-28 14:31:39.255070,2026-04-28 14:31:47.092443,0 days 00:00:07.837373,3,42,13,7,46,0.95,10,86,10,4,2.46,2.358284825339921,0.4821767909966597,31,-1.5632829991922286,-1.5632829991922286,0.0,2,0.6666666666666666,1.8308732280742124,-0.9294466198833822,0.0,-0.4408999999999996,2,-0.3872941925415964,5.0,1.969620255707416,8,-0.1759556900095602,2.041997165594664,0.28245379999183307,5,-0.9234524343691906,4.997772986479124,1.9487648403593516,6,-1.5632829991922286,0.0,-1.3735905052864261,5,-0.6145742330431164,2.10993879996574,0.5067123552077835,5,2.8837947999999836,31,0.5483870967741935,COMPLETE
204,-9999.0,2026-04-28 14:31:47.097497,2026-04-28 14:31:54.866810,0 days 00:00:07.769313,2,60,11,7,43,0.8,16,81,15,4,2.3400000000000003,1.8617513004000938,1.170497683118893,112,-4.0652962266781065,-3.690866220528294,0.5872222705771363,14,0.5,1.4294467581019823,-2.0174141148518236,5.0,6.935749200000019,21,-0.5855016568577522,2.445837864971204,1.4545079747755985,17,-1.5341563555173072,0.6223354744245605,-0.7988274566742781,14,-1.7213168845962818,1.5697998051954276,1.6795793855125307,21,-3.690866220528294,0.5872222705771363,-2.1235103589759774,23,-1.6067154294091779,0.945312387232233,-0.12451264592453493,16,6.974954000000055,112,0.4642857142857143,COMPLETE
205,-9999.0,2026-04-28 14:31:54.871850,2026-04-28 14:32:02.655693,0 days 00:00:07.783843,2,37,14,6,34,0.95,8,78,10,5,2.46,2.8778207375558367,0.894818848236767,28,-0.7519776737921131,-0.7519776737921131,0.0,2,0.6666666666666666,4.094320987654378,-0.4678151321032279,0.0,-0.36891000000000007,3,-0.4514870703920827,5.0,2.9636184849528124,6,-0.35399282600460086,5.0,1.3156521045724956,7,-0.3340050492145003,5.0,1.6508118211561618,5,-0.7519776737921131,0.0,-0.5568619433174438,2,-0.476560327754041,2.26692442533502,0.3646026220565757,5,5.443900800000034,28,0.6428571428571429,COMPLETE
206,-9999.0,2026-04-28 14:32:02.660633,2026-04-28 14:32:10.125825,0 days 00:00:07.465192,3,53,12,7,60,0.85,16,83,14,5,2.64,2.2274652010922593,0.803540000276711,83,-3.332376500128214,-2.435889911717546,0.2603649390203022,12,0.5,1.4828608557423262,-1.0946406414610013,5.0,3.436972400000049,12,-1.262583681623714,0.765700883401364,-0.4384629494433745,16,-1.1621196126030746,1.6228718157260196,1.041119236417476,14,-0.7019183128510782,5.0,3.2862009759780264,14,-2.435889911717546,0.2603649390203022,-2.0517206921929487,14,-0.7555570917777058,0.7158535684058697,-0.4528689690989629,13,4.793272800000059,83,0.43373493975903615,COMPLETE
207,-9999.0,2026-04-28 14:32:10.130851,2026-04-28 14:32:17.698468,0 days 00:00:07.567617,2,59,11,5,50,0.8,9,90,11,3,2.64,1.1338697572997092,0.2702412922267546,138,-3.8974042435735594,-3.2531110999371435,0.5962462074716895,18,0.6666666666666666,1.081421240400273,-1.2595397763579965,1.020194985794065,0.06063079999998333,25,-1.3592264874784739,1.0615560105494573,0.17937564311256704,24,-1.081184842733551,0.714379832752463,-0.5608509117116744,18,-1.1968372593863055,2.0493714998613823,3.5260331321367744,24,-3.2531110999371435,0.5962462074716895,-2.559389872494089,26,-1.9098387058422972,1.361470007369198,0.9756489623169662,21,1.5325228000000246,138,0.39855072463768115,COMPLETE
208,-9999.0,2026-04-28 14:32:17.703405,2026-04-28 14:32:25.173763,0 days 00:00:07.470358,2,37,10,5,39,0.85,17,86,10,3,2.3600000000000003,1.8200017318550847,0.4615535174991599,45,-1.8994821439838199,-1.8994821439838199,0.9499274878674535,4,0.8333333333333334,1.615228253173904,-0.15734026777319826,2.3229857228163415,0.24370719999999846,4,-1.8994821439838199,1.5163422481692614,0.7075955387252586,12,-0.41350761756903415,2.6984733924611324,0.6070240952615658,6,-1.0875659345577346,1.7462825145882956,0.965798377455207,12,-0.6379181255815832,0.9499274878674535,-0.04316430966321283,6,-0.3168798981332435,1.6859990252280237,0.28836020321614253,5,2.7980703999999523,45,0.5333333333333333,COMPLETE
209,-9999.0,2026-04-28 14:32:25.178735,2026-04-28 14:32:32.855031,0 days 00:00:07.676296,2,48,12,5,43,0.8,18,82,15,5,2.3800000000000003,1.7804306774990935,0.987833637375442,95,-3.437176877936999,-2.050503114783557,0.2899564951693566,14,0.6666666666666666,1.529618158600301,-2.050503114783557,5.0,5.595873000000018,16,-1.1018852027568997,0.9757231918933558,-0.04528491373899657,18,-0.9940198019274258,1.22451235572604,0.3149590991038176,15,-1.3108448543704112,1.1767576573236338,0.3466974980069759,14,-1.9688044139091323,0.2899564951693566,-1.8372135565842274,15,-0.5821239457006776,2.0156343648821755,1.551970697465066,17,5.914214200000023,95,0.42105263157894735,COMPLETE
210,-9999.0,2026-04-28 14:32:32.860156,2026-04-28 14:32:40.672979,0 days 00:00:07.812823,2,46,12,7,48,0.8,15,79,12,5,2.6,1.8742076430518386,1.3528769951787385,115,-3.538149215294812,-2.4197052505036267,0.3800756945436656,18,0.6666666666666666,1.613942019256835,-2.03849547217099,5.0,6.729396000000043,18,-0.9855638088004776,0.9577040512030903,-0.08903638881266884,21,-0.8166443744034229,1.8097756892230332,1.2119938667428443,18,-1.2302629034587913,1.4782342946825742,1.230977263564914,20,-2.4197052505036267,0.3800756945436656,-2.025428069757018,20,-0.6828683789507012,1.6194561286586688,1.059359299334317,18,8.17640000000004,115,0.4260869565217391,COMPLETE
211,-9999.0,2026-04-28 14:32:40.678145,2026-04-28 14:32:48.315117,0 days 00:00:07.636972,2,55,12,6,53,0.8,18,80,14,5,2.46,1.7917988276631245,1.4578292793429277,115,-2.1543546253807064,-2.043832935724729,0.7633492990915239,13,0.5,1.5990682034625805,-2.043832935724729,4.698982237796077,6.122555400000063,19,-1.5738542445330357,0.7633492990915239,-0.6988274992103749,22,-0.7528917183942492,0.9825841071575284,-0.020111226601315924,13,-1.8874262103255923,2.0723758557744025,3.016512138899574,20,-1.8513867919492122,0.8503931136329144,-0.4909553376626796,22,-1.1232297016453845,1.383108352526299,0.8178022006323005,19,8.888333000000092,115,0.4434782608695652,COMPLETE
212,-9999.0,2026-04-28 14:32:48.320062,2026-04-28 14:32:55.701918,0 days 00:00:07.381856,2,45,13,7,55,0.95,14,78,12,5,2.4200000000000004,2.233409206145391,0.3564569177090249,36,-1.0227947130602466,-0.7850837556762023,0.5953430533590323,4,0.6666666666666666,1.6507436327811615,-0.4477509154659069,1.0106721395587932,0.005616000000019383,6,-0.6561608488222784,0.6214837775795717,-0.25886406219427505,6,-0.7850837556762023,1.1729562663749473,0.12045085697214297,8,-0.44495597385435004,5.0,1.8618310098617474,7,-0.7806709885541316,0.5953430533590323,-0.3672319112784872,5,-0.041847809719660144,5.0,0.7769396128930017,4,2.14011360000006,36,0.5,COMPLETE
213,-9999.0,2026-04-28 14:32:55.706825,2026-04-28 14:33:03.176746,0 days 00:00:07.469921,2,51,12,5,52,0.85,8,81,15,4,2.7,1.3328384135878146,0.9301037663176747,150,-4.445290241211213,-3.9077273623544064,0.4741093962528345,21,0.5,1.2733399059040886,-2.0502909531113693,2.759632368612372,6.027040000000028,31,-1.5045681709500962,0.7784771071606498,-0.6169030088928107,26,-0.7626994681255053,0.877306938859668,-0.25974406564056585,21,-1.9303785795237918,1.0375372489503778,0.12896475689607723,27,-3.9077273623544064,0.4741093962528345,-2.5424099977119807,22,-1.8888088324616363,2.069967421690986,2.8436749132553008,23,5.47575000000009,150,0.36666666666666664,COMPLETE
214,-9999.0,2026-04-28 14:33:03.181785,2026-04-28 14:33:10.639077,0 days 00:00:07.457292,2,31,13,5,35,0.85,11,79,13,3,2.3800000000000003,1.2224171677532274,0.2158963719403384,74,-2.040856990128358,-2.040856990128358,0.28736615875972904,6,0.5,1.1258953287024196,-1.6296944340287765,0.28736615875972904,-1.0710173999999961,6,-1.6168915051904795,2.3262626858363813,2.409471256404072,18,-0.43318549863590583,2.263321399125799,1.1040649139878012,15,-1.8550761235400832,0.6170657658269627,-0.6053415046505028,9,-2.040856990128358,0.8002717378638382,-0.5892378377571061,16,-1.0641689458031778,1.0402152591066538,0.04743880365776221,10,1.2592503999999227,74,0.44594594594594594,COMPLETE
215,-9999.0,2026-04-28 14:33:10.644003,2026-04-28 14:33:18.056365,0 days 00:00:07.412362,2,58,14,7,55,0.8,13,79,12,5,2.7,1.587713620834828,1.5142020399836789,126,-2.990989638505152,-2.990989638505152,0.7552077598875359,11,0.6666666666666666,1.5364989313306738,-2.032929205003441,3.671154140322272,6.286401000000019,22,-2.066826688509171,0.7552077598875359,-1.0124456091047618,29,-0.625340007751642,0.8902395688353226,-0.10568831234968323,11,-2.990989638505152,1.2065258242838683,0.7895071313350988,23,-1.0837938204741238,1.953299480333711,3.032330777332226,25,-1.1103191420085037,1.0498549513462594,0.09510725268917497,16,9.24479400000009,126,0.4365079365079365,COMPLETE
216,-9999.0,2026-04-28 14:33:18.061237,2026-04-28 14:33:25.457847,0 days 00:00:07.396610,2,53,12,7,50,0.8,13,84,11,5,2.46,1.5064637002586279,0.9798947908211729,122,-3.1504399455452337,-2.23587561565084,0.565466243946751,15,0.6666666666666666,1.3903680866123616,-2.0338248537511063,3.073071527329739,4.49815060000005,23,-1.1162392683189504,0.565466243946751,-0.9797641337395802,19,-1.2808248307942451,1.2951233216333355,0.4233518232551692,15,-1.2999218917279647,2.147291431679803,2.76039228574807,23,-2.23587561565084,0.6181079677034331,-1.5489834738475095,23,-0.8804074535441556,1.3397217092587055,0.7262216435108382,19,5.890201600000067,122,0.4344262295081967,COMPLETE
