number,value,datetime_start,datetime_complete,duration,params_d_period,params_ema_period,params_k_period,params_left_bars,params_max_separation,params_min_close_ratio,params_min_separation,params_overbought,params_oversold,params_right_bars,params_rr_target,user_attrs_avg_profit_factor,user_attrs_avg_quarter_return,user_attrs_full_total_trades,user_attrs_max_drawdown_pct,user_attrs_max_quarter_drawdown_worst,user_attrs_min_profit_factor,user_attrs_min_trades_per_period,user_attrs_positive_ratio,user_attrs_profit_factor,user_attrs_q_2024-Q1_drawdown,user_attrs_q_2024-Q1_pf,user_attrs_q_2024-Q1_return,user_attrs_q_2024-Q1_trades,user_attrs_q_2024-Q2_drawdown,user_attrs_q_2024-Q2_pf,user_attrs_q_2024-Q2_return,user_attrs_q_2024-Q2_trades,user_attrs_q_2024-Q3_drawdown,user_attrs_q_2024-Q3_pf,user_attrs_q_2024-Q3_return,user_attrs_q_2024-Q3_trades,user_attrs_q_2024-Q4_drawdown,user_attrs_q_2024-Q4_pf,user_attrs_q_2024-Q4_return,user_attrs_q_2024-Q4_trades,user_attrs_q_2025-Q1_drawdown,user_attrs_q_2025-Q1_pf,user_attrs_q_2025-Q1_return,user_attrs_q_2025-Q1_trades,user_attrs_q_2025-Q2_drawdown,user_attrs_q_2025-Q2_pf,user_attrs_q_2025-Q2_return,user_attrs_q_2025-Q2_trades,user_attrs_total_return_pct,user_attrs_total_trades,user_attrs_win_rate,state
429,-9999.0,2026-04-28 12:53:12.825695,2026-04-28 12:53:20.255445,0 days 00:00:07.429750,3,50,14,5,52,0.9,10,81,14,5,2.2,1.8821479688223521,0.7982659123534797,79,-1.3372231799094014,-1.217298075169382,0.4973842491761124,10,0.8333333333333334,1.6065654304374108,-1.1232118205495416,2.3277584281282695,1.6049280000000499,13,-0.712189598893282,1.258645252579014,0.4209756440160195,16,-0.3346933602262548,2.3376619517413335,0.8823645291615279,10,-0.7460379311236186,3.3638690997752296,2.411247087424684,13,-1.217298075169382,0.4973842491761124,-1.0836510745423134,12,-0.43915819630039277,1.507568831534155,0.5537312880609102,15,4.8499880000000495,79,0.5063291139240507,COMPLETE
430,0.48114073402847796,2026-04-28 12:53:20.260410,2026-04-28 12:53:27.776815,0 days 00:00:07.516405,3,44,14,5,48,0.8,9,82,15,4,2.2,1.9496184989240986,1.750491773395461,130,-1.804583689119595,-1.804583689119595,1.2541993581501796,18,1.0,1.7930902069605137,-1.804583689119595,1.426512592137597,1.1109800000000503,23,-0.946824883684587,2.3583474668920283,2.2733258049719263,22,-0.6108614629358884,1.8987602430640174,1.0669922381065788,18,-1.695015017317067,1.640924348152672,1.5511209359025058,24,-1.7659494043087234,1.2541993581501796,0.9463145364010384,21,-0.8434862246884411,3.1189669851480963,3.554217124990666,22,10.946350000000105,130,0.5230769230769231,COMPLETE
431,-9999.0,2026-04-28 12:53:27.781938,2026-04-28 12:53:35.244469,0 days 00:00:07.462531,2,51,14,6,47,0.8,8,84,13,4,2.2800000000000002,1.626105863318413,1.468083998422413,168,-6.153180988903853,-5.909523475554127,0.5703804491065305,23,0.5,1.4077089095983728,-2.034818502787005,2.994404094240209,6.585921199999989,36,-1.1189872584134124,0.8505994182734146,-0.37396008357623023,26,-1.620042126509242,0.5703804491065305,-1.2280655051091327,23,-1.733524964668557,1.9185050689712408,2.529277821305076,29,-5.909523475554127,0.6367126829567472,-2.534773261943113,29,-1.6143301361454279,2.7860334663623347,3.8301038198578885,25,8.824618800000096,168,0.43452380952380953,COMPLETE
432,0.4628069858221442,2026-04-28 12:53:35.249530,2026-04-28 12:53:42.703840,0 days 00:00:07.454310,3,48,13,5,47,0.8,8,83,14,4,2.3400000000000003,1.6128446891367159,1.551024937528415,155,-2.6657745518805767,-2.391245297034,1.1897557431156494,23,1.0,1.5465439903106752,-1.9021063962923448,1.702684428017107,2.1748856000000316,31,-1.008163758463959,1.2156966603134,0.475158055865732,23,-0.8315595972732218,1.1897557431156494,0.45025881445763805,25,-1.1477587934065174,2.1029439479489795,2.288229788803897,25,-2.391245297034,1.2222905499119185,1.1243678105093302,26,-1.6728424426896975,2.2436968055132414,2.793249555533861,25,9.647818600000102,155,0.4838709677419355,COMPLETE
433,-9999.0,2026-04-28 12:53:42.709075,2026-04-28 12:53:50.199911,0 days 00:00:07.490836,3,46,14,5,48,0.85,8,84,12,4,2.2,2.3610225960523983,1.6695983819249083,106,-1.8349196142534983,-1.6456582658986756,0.9545069468437999,14,0.8333333333333334,1.991786115822185,-1.2947346037172298,2.307782767868573,2.457690000000068,21,-1.2033842495548026,2.1069092314046176,1.6218109153153915,20,-0.49600314963235625,1.9107958741090163,1.1253891687386774,18,-0.7854414034213809,2.7215362370885887,1.7301347042525395,15,-1.6456582658986756,0.9545069468437999,-0.15611768328009923,18,-0.631193980225121,4.164604518999794,3.2386831865228727,14,10.409192000000234,106,0.5471698113207547,COMPLETE
434,-9999.0,2026-04-28 12:53:50.204977,2026-04-28 12:53:57.666631,0 days 00:00:07.461654,3,49,14,5,48,0.8,8,82,15,4,2.2,1.6409404089300832,1.5642869022508445,159,-3.896052831261685,-3.512840225110412,0.9341768297597641,23,0.8333333333333334,1.5287299117923157,-1.762263626810957,1.7744877159103178,2.59884000000008,34,-0.9310587023896831,1.4795953396186505,0.950464937030504,23,-0.7985617639634518,1.0972331674270688,0.21728617892793345,24,-1.4397637885463812,1.9167899962698944,2.48626341098388,27,-3.512840225110412,0.9341768297597641,-0.3454585202359972,25,-0.8532492796833895,2.643359404594803,3.4783254067986658,26,9.699730000000105,159,0.49056603773584906,COMPLETE
435,-9999.0,2026-04-28 12:53:57.671920,2026-04-28 12:54:05.168098,0 days 00:00:07.496178,3,52,14,5,48,0.8,8,81,14,4,2.22,1.403266028941376,1.2751380819192433,160,-3.8589752144675122,-2.7650808438199337,0.586972811423978,22,0.6666666666666666,1.3856752577879794,-1.5906117302688931,2.0590169617507743,3.476413800000011,34,-1.4871104965340969,0.9316694388018685,-0.186597498801222,25,-1.5091958573522593,0.586972811423978,-1.0731162583919596,22,-1.470289641510686,1.585022239137451,2.0159123262145195,28,-2.7650808438199337,1.0594856771833938,0.297082727235054,26,-1.4455608049447748,2.1974290453507908,3.121133395259057,25,7.8073708000000686,160,0.4625,COMPLETE
436,0.5084516901733739,2026-04-28 12:54:05.173297,2026-04-28 12:54:12.633974,0 days 00:00:07.460677,3,42,13,5,50,0.8,8,81,14,4,2.22,2.176700138110155,2.13589624339711,143,-1.9277544506685969,-1.9277544506685969,1.1294642054823936,22,1.0,1.9482313885506588,-1.5493645935327311,2.0761742406875667,2.58196799999999,27,-0.9332860256105644,1.9320031799603912,1.862825833093762,24,-0.5056573577448524,2.590128576778506,2.1942832371466325,25,-1.6419230684037212,1.8158955581241665,1.8508323339070154,23,-1.9277544506685969,1.1294642054823936,0.5060227420878194,22,-0.6116388729621941,3.516535067627906,3.8194453141474405,22,13.4876812000001,143,0.5454545454545454,COMPLETE
437,0.4950599291682802,2026-04-28 12:54:12.641859,2026-04-28 12:54:20.179955,0 days 00:00:07.538096,3,44,13,5,48,0.8,8,81,14,4,2.2,1.993110979673041,1.9177240236729842,148,-2.1241439084274236,-2.1241439084274236,1.2123344754143914,22,1.0,1.794766430417694,-1.771369547568122,1.8700051485731164,2.365718000000072,29,-0.9352796146983342,2.0541342392423303,2.0006424416424196,25,-0.837087977460633,1.7690295791254371,1.4367330567476744,25,-1.671398389458803,1.3880854765058097,0.926794871257397,24,-2.1241439084274236,1.2123344754143914,0.8794855982631189,23,-0.6195177802576733,3.665076959177161,3.8969701741272234,22,12.037890000000196,148,0.5337837837837838,COMPLETE
438,-9999.0,2026-04-28 12:54:20.184992,2026-04-28 12:54:27.648695,0 days 00:00:07.463703,3,50,13,5,48,0.95,11,81,14,4,2.24,2.4124336328562817,0.35503448638911267,44,-1.9385062991980686,-1.5060244016053215,0.09898926064433827,2,0.6666666666666666,1.4759786822798275,-1.0811290802244813,0.2836718613041111,-0.7763635999999852,8,-0.6237848868656575,1.7623624457666929,0.6676227802512313,10,-0.4538517905912385,2.3295782294225473,0.7747902720695032,9,-0.6323764863166683,5.0,2.1524974697095356,9,-1.5060244016053215,0.09898926064433827,-1.3144420352385056,6,0.0,5.0,0.6261020315428967,2,2.110427600000042,44,0.5,COMPLETE
439,0.5020202571253236,2026-04-28 12:54:27.653927,2026-04-28 12:54:35.149252,0 days 00:00:07.495325,3,43,13,5,48,0.8,8,80,13,4,2.22,2.1315479889841886,1.9585553492486583,140,-2.217297798556305,-2.217297798556305,1.1943171547858977,21,1.0,1.8574702300094932,-1.8728370031077994,1.6798603265666359,1.8486761999999768,26,-0.956162651050181,2.1996381479527947,1.9875618177155774,23,-0.5094453582109391,2.5014920814242942,2.072814861800465,23,-1.666333144688887,1.4635218791281344,1.0590181587800673,23,-2.217297798556305,1.1943171547858977,0.8226980440928955,24,-0.6181246097540704,3.7504583440473738,3.960563013102969,21,12.309036600000134,140,0.5357142857142857,COMPLETE
440,0.5043751435949052,2026-04-28 12:54:35.154403,2026-04-28 12:54:42.605947,0 days 00:00:07.451544,3,45,13,6,47,0.8,9,80,13,4,2.22,2.0953013114412995,1.9660088251947023,139,-2.014452454844275,-1.913535574183947,1.2549372784479722,21,1.0,1.9085759015458583,-1.913535574183947,1.2549372784479722,0.7421938000000461,24,-1.015437890623453,2.178119107384245,2.119784689461479,24,-0.9541596958554764,2.682304378443318,2.368589431899104,24,-1.0377240444129596,1.7925209042438148,1.529949799297281,24,-1.5292098251738506,1.3804863117860289,1.289282124864699,21,-0.6178321753612601,3.2834398883424174,3.7462531056456028,22,12.361647600000225,139,0.5251798561151079,COMPLETE
441,-9999.0,2026-04-28 12:54:42.611283,2026-04-28 12:54:50.015765,0 days 00:00:07.404482,3,38,14,6,47,0.8,12,81,15,5,2.3000000000000003,1.5528482946812445,0.7299167982755538,88,-2.027173628667002,-1.8575934643656336,0.23607743263343722,11,0.6666666666666666,1.44374988655959,-1.431688691617962,0.8779674307969939,-0.18674399999997204,12,-0.9446498947975878,1.7705150229952957,1.7255082831883817,21,-0.6124369787286239,2.433251525727398,1.5126732666675524,14,-1.4476351757755106,2.544906020723513,2.5271083087485824,17,-1.8575934643656336,0.23607743263343722,-1.6718423841439178,11,-0.7031146256410195,1.4543723352108289,0.47279731519269674,13,4.40071200000014,88,0.5113636363636364,COMPLETE
442,-9999.0,2026-04-28 12:54:50.021089,2026-04-28 12:54:57.480284,0 days 00:00:07.459195,3,49,13,6,46,0.8,8,80,14,4,2.22,1.6910682491857834,1.636667570048946,168,-3.0855898634586922,-2.7771448220131565,0.8285619656064024,23,0.8333333333333334,1.5478127976569858,-1.7514200824046458,1.9748465363059908,3.329237400000018,36,-0.9244739276412738,1.3963282333114908,0.9240464983824692,27,-1.4252714846058494,1.1477105003684955,0.420906178942837,28,-1.4238613237819429,1.752968258761251,2.0239759092582466,28,-2.7771448220131565,0.8285619656064024,-0.7838738141129009,23,-0.6303961811258835,3.0459940007610693,3.905713247823006,26,10.14529580000021,168,0.5,COMPLETE
443,0.5055942568454903,2026-04-28 12:54:57.485780,2026-04-28 12:55:04.977372,0 days 00:00:07.491592,3,43,13,5,49,0.8,8,80,13,4,2.24,2.1623617036763365,2.0105023848551027,141,-2.2109360941209473,-2.2109360941209473,1.2053945146656293,21,1.0,1.8814077823429556,-1.865731700729853,1.6957893498087715,1.8919904000000543,26,-0.9532360086976024,2.220842820146608,2.021833896769154,23,-0.5073333688959107,2.588601993068182,2.1914017125576057,24,-1.6615227068945149,1.4776737120211298,1.0892552728151372,23,-2.2109360941209473,1.2053945146656293,0.867667642062897,24,-0.6163367021155542,3.785867832347698,4.000865384925767,21,12.652661600000137,141,0.5390070921985816,COMPLETE
444,-9999.0,2026-04-28 12:55:04.982930,2026-04-28 12:55:12.403250,0 days 00:00:07.420320,3,49,11,6,48,0.85,12,81,15,3,2.7800000000000002,1.444077456773929,0.40599189958049525,103,-3.021465108569812,-3.021465108569812,0.4746528655225348,12,0.5,1.1667467121237696,-3.021465108569812,0.7910220881004658,-0.7631329999999825,21,-2.4408824266682374,0.4746528655225348,-1.2653091919961112,18,-0.5725633273253637,1.6047282368537175,0.6843811930813182,12,-1.2059010438497941,3.4196907664453655,4.064222306754783,18,-2.623989980104606,0.651087373025343,-1.3162477311390641,22,-2.0599546301341114,1.7232834106961474,1.032037820782028,12,2.355487400000089,103,0.3592233009708738,COMPLETE
445,0.4623973855055205,2026-04-28 12:55:12.408608,2026-04-28 12:55:19.867233,0 days 00:00:07.458625,3,48,13,5,47,0.8,9,80,13,4,2.2,1.7914929850491497,1.4757807582465141,132,-1.9171691749504882,-1.9171691749504882,1.2033789845104996,18,1.0,1.6543087147952187,-1.9171691749504882,1.2033789845104996,0.6121260000000461,25,-1.2252359967582311,1.6227774359511378,0.9456534096098812,18,-0.6203191447630071,1.7853269745017821,1.1884419027106574,20,-1.178654279961832,1.6384810978573672,1.3291662268521076,24,-1.5838184767915633,1.259295298320046,0.995413869154782,22,-0.6360647785123282,3.2396981191540664,3.7838831411516116,23,9.152804000000136,132,0.5075757575757576,COMPLETE
446,0.48771144235898467,2026-04-28 12:55:19.872276,2026-04-28 12:55:27.327958,0 days 00:00:07.455682,3,47,13,6,46,0.8,9,80,12,4,2.22,1.9132277903489363,1.7439581560442043,139,-1.913535574183947,-1.913535574183947,1.232474650778286,21,1.0,1.7570893881091445,-1.913535574183947,1.3983586601082705,1.1597336000000347,25,-1.1288458821221707,1.9354383913055737,1.6761831409172867,23,-0.9386085497496671,2.0164749448934596,1.6812717074257577,23,-1.1559014490293251,1.6259352914781549,1.2804471830919706,24,-1.4348383181645503,1.232474650778286,0.890691547701028,21,-0.6260499498963189,3.270684803529872,3.7754217571291493,23,10.90192820000022,139,0.5107913669064749,COMPLETE
447,-9999.0,2026-04-28 12:55:27.333232,2026-04-28 12:55:34.826365,0 days 00:00:07.493133,3,37,12,5,45,0.8,8,80,13,4,2.3600000000000003,2.2551175053173513,1.4516345849178915,126,-2.681755228858196,-1.8894379124606218,0.8331924962178585,15,0.8333333333333334,1.6664640513846671,-1.2418563301656007,1.1248873869380858,0.31301400000005586,24,-1.3319621700872155,1.728431174251527,1.8094409963596014,24,-0.40703360119890625,4.729741881407292,3.3984991016989596,21,-1.8894379124606218,1.3089678715238278,0.9308013710970897,23,-1.635937095512869,0.8331924962178585,-0.5172538819232853,19,-0.5917960577669006,3.8054842215655165,2.775305922274929,15,8.973232000000152,126,0.49206349206349204,COMPLETE
448,0.5032971231782403,2026-04-28 12:55:34.831591,2026-04-28 12:55:42.265517,0 days 00:00:07.433926,3,45,13,6,46,0.8,9,80,13,4,2.2,2.0884710061246774,1.9583733296970716,138,-1.9201215951472148,-1.9201215951472148,1.243074523920757,20,1.0,1.9183449773744996,-1.9201215951472148,1.243074523920757,0.7076580000000554,24,-1.0158410974178342,2.157104791327647,2.0826876939190164,24,-0.9549146078966165,2.6562735595045797,2.333586926498721,24,-1.0421362000818586,1.775131327837558,1.4979487972573091,24,-1.3514647576211805,1.4468021371638808,1.4331724224774023,20,-0.6179867440737021,3.252439696993642,3.6951861380299267,22,12.312646000000239,138,0.5289855072463768,COMPLETE
449,-9999.0,2026-04-28 12:55:42.270657,2026-04-28 12:55:49.677661,0 days 00:00:07.407004,3,53,13,6,45,0.8,8,80,14,5,2.3400000000000003,1.1769619029703628,0.2045078167210778,143,-4.866988598362173,-3.3550701908086156,0.30744290032446353,17,0.3333333333333333,1.0556577001653629,-1.435411806721747,2.5559689310521936,3.4295578000000715,24,-1.7952869423827944,0.7518173726052814,-0.7844480990326752,26,-1.2493301512988972,0.8582382925229022,-0.30109900595360894,17,-1.766588670057109,1.6162328724047095,2.20276462618314,29,-3.3550701908086156,0.30744290032446353,-3.223249958754948,21,-1.6845192459258684,0.9720710489126265,-0.09647846211551236,26,1.0949044000000185,143,0.42657342657342656,COMPLETE
450,0.49301681682768445,2026-04-28 12:55:49.683070,2026-04-28 12:55:57.128036,0 days 00:00:07.444966,3,41,13,6,47,0.8,9,80,13,4,2.2,2.0026304652325364,1.7296089427943102,133,-1.935022089176178,-1.88484669959718,1.2605314695053542,20,1.0,1.7835082539178766,-1.752155943174052,1.338252376229612,0.8765100000000636,22,-1.0164857917431243,2.395377540764215,2.6561089395341186,23,-0.9458420742302384,3.326465924468469,2.7060727587709055,23,-1.88484669959718,1.306678531601649,0.7679520858373312,23,-1.5324332231872622,1.2605314695053542,0.8378504169135548,20,-0.61268836502772,2.3884769488259194,2.533159455709888,22,10.8106040000002,133,0.5112781954887218,COMPLETE
451,0.47912901649951894,2026-04-28 12:55:57.133087,2026-04-28 12:56:04.536052,0 days 00:00:07.402965,3,43,13,6,45,0.8,11,80,13,4,2.24,2.0885036447009964,1.669981628467269,119,-1.934648794241842,-1.8272394682539561,1.0935145687930212,18,1.0,1.85666796014339,-1.8272394682539561,1.2775843555787034,0.7677900000000459,22,-1.0175027045645921,2.1900951202919567,1.909603058675824,21,-0.7899018224871334,2.796090354028961,2.088260872933634,20,-1.3423033954479415,2.1817533989686004,1.8273370444773285,19,-1.7233599367274115,1.0935145687930212,0.2871725899442179,19,-0.702680776817939,2.9919840705447376,3.139726204772564,18,10.420166400000097,119,0.5210084033613446,COMPLETE
452,0.5024362165996803,2026-04-28 12:56:04.541123,2026-04-28 12:56:12.007928,0 days 00:00:07.466805,3,44,13,6,47,0.8,8,80,13,4,2.22,2.1268297091685286,2.0029007103555596,148,-2.111408654190569,-2.111408654190569,1.1641188275384977,21,1.0,1.8322505315849766,-1.7755854953943007,1.6214757769778303,1.8092900000000078,28,-1.0072095553752178,2.130600606386337,2.1902999225316355,26,-0.9428766498394329,2.4309154387611485,2.1981716379439797,24,-1.6613489533383,1.453985569415074,1.079967705488727,25,-2.111408654190569,1.1641188275384977,0.7107101953009343,24,-0.6165152908632807,3.959882035932284,4.028964800868073,21,12.599182800000207,148,0.527027027027027,COMPLETE
453,-9999.0,2026-04-28 12:56:12.013033,2026-04-28 12:56:19.436927,0 days 00:00:07.423894,3,43,13,6,44,0.9,8,80,14,4,2.3000000000000003,1.8208934292604606,0.8464817013551266,87,-2.397305361189897,-1.9603583174368837,0.5384026725949028,10,0.8333333333333334,1.5412217280699791,-1.364803351154197,1.362798753030854,0.49227800000004596,14,-1.0266930659735487,2.256717813806746,2.07256820270314,20,-0.6289416499761392,2.080943119882841,1.3167003215372786,18,-1.2581410716946257,2.6150204824761247,1.7753691328671772,12,-1.9603583174368837,0.5384026725949028,-1.4291308731672836,13,-0.6024586450898521,2.0714777337712964,0.8511054241904015,10,5.146472000000157,87,0.5287356321839081,COMPLETE
454,0.4997413505108653,2026-04-28 12:56:19.442163,2026-04-28 12:56:26.912276,0 days 00:00:07.470113,3,44,13,6,45,0.8,8,80,13,4,2.2,2.079148321147225,1.9404537146064456,146,-2.1226674802852195,-2.1226674802852195,1.2045915104184193,21,1.0,1.8158135550111867,-1.778550626777418,1.6060633123574612,1.7644200000000776,28,-1.00768515579711,2.1101270572011095,2.1515850038746898,26,-0.9468365295671357,2.191723447520725,1.832226356188782,23,-1.6702285346215846,1.4398892996224255,1.0510563899177372,25,-2.1226674802852195,1.2045915104184193,0.8522568404672803,23,-0.6186762313283217,3.922495299763208,3.991177697190107,21,12.188744000000273,146,0.5273972602739726,COMPLETE
455,0.49878247619433885,2026-04-28 12:56:26.917417,2026-04-28 12:56:34.349504,0 days 00:00:07.432087,3,42,13,6,44,0.8,9,79,12,4,2.24,2.061838055891655,1.844499377334426,128,-1.742102191717233,-1.742102191717233,1.3516525759577378,19,1.0,1.875405406838678,-1.742102191717233,1.3637068795850862,0.9424700000000508,22,-1.0157557284345582,2.173493248064021,2.2322913239591013,23,-0.9521393406649975,2.8713499871319033,2.1842916087670305,21,-1.6782745969245183,1.3516525759577378,0.8078179520501383,21,-1.3617766597513765,1.362383318249833,1.107443016050591,19,-0.6224642188802251,3.2484423263613493,3.7926823631796447,22,11.555307600000209,128,0.515625,COMPLETE
456,0.49036657950666596,2026-04-28 12:56:34.354596,2026-04-28 12:56:41.818031,0 days 00:00:07.463435,3,47,13,6,45,0.8,9,79,13,4,2.22,1.9368732027171636,1.7930537070198687,141,-1.913535574183947,-1.913535574183947,1.232474650778286,21,1.0,1.7795073955939757,-1.913535574183947,1.3983586601082705,1.1597336000000347,25,-1.1288458821221707,1.9354383913055737,1.6761831409172867,23,-0.9417660493585747,1.9724598971344651,1.608469859362538,23,-1.1524153986014052,1.811822813446513,1.6618986683017312,26,-1.4305508502932192,1.232474650778286,0.8879853129906801,21,-0.6242138306811131,3.270684803529872,3.764051660546941,23,11.22474280000021,141,0.5177304964539007,COMPLETE
457,0.47808782872824995,2026-04-28 12:56:41.823286,2026-04-28 12:56:49.246251,0 days 00:00:07.422965,3,41,12,6,45,0.8,8,79,13,4,2.3000000000000003,1.796403621073215,1.7836226408968017,149,-2.091502967489678,-2.091502967489678,1.1304120821283377,23,1.0,1.6784282733421914,-1.7405346005253577,1.6373746792514188,1.8455630000000278,28,-1.0081789189156793,2.2442874254720726,2.7232938954836916,26,-1.1724028114583749,1.6218031446442653,1.1412044320733727,23,-1.874293498114484,1.5599742270677233,1.5523399361902834,25,-2.091502967489678,1.1304120821283377,0.5476475202835784,24,-0.602988928999656,2.5845701678754724,2.891687061349857,23,11.168388000000151,149,0.4899328859060403,COMPLETE
458,-9999.0,2026-04-28 12:56:49.251330,2026-04-28 12:56:56.700009,0 days 00:00:07.448679,3,38,14,6,43,0.8,10,79,13,4,2.2,1.8547869618422632,0.9599197462843062,102,-2.281677586240732,-2.05466102948501,0.5204680883333219,11,0.6666666666666666,1.517102337259194,-1.4862528388519056,0.5204680883333219,-1.2014719999999257,20,-1.0403631045724355,2.073128662865511,2.0516722678297628,20,-0.9565565872143071,3.687174926920639,2.8172739945381275,20,-2.05466102948501,1.4880739379746726,1.017300914295216,17,-1.1928242392723725,0.779582062057458,-0.5484418273151159,14,-0.6036932420771327,2.580294092901978,1.6231851283577736,11,5.836834000000213,102,0.49019607843137253,COMPLETE
