number,value,datetime_start,datetime_complete,duration,params_d_period,params_ema_period,params_k_period,params_left_bars,params_max_separation,params_min_close_ratio,params_min_separation,params_overbought,params_oversold,params_right_bars,params_rr_target,user_attrs_avg_profit_factor,user_attrs_avg_quarter_return,user_attrs_full_total_trades,user_attrs_max_drawdown_pct,user_attrs_max_quarter_drawdown_worst,user_attrs_min_profit_factor,user_attrs_min_trades_per_period,user_attrs_positive_ratio,user_attrs_profit_factor,user_attrs_q_2024-Q1_drawdown,user_attrs_q_2024-Q1_pf,user_attrs_q_2024-Q1_return,user_attrs_q_2024-Q1_trades,user_attrs_q_2024-Q2_drawdown,user_attrs_q_2024-Q2_pf,user_attrs_q_2024-Q2_return,user_attrs_q_2024-Q2_trades,user_attrs_q_2024-Q3_drawdown,user_attrs_q_2024-Q3_pf,user_attrs_q_2024-Q3_return,user_attrs_q_2024-Q3_trades,user_attrs_q_2024-Q4_drawdown,user_attrs_q_2024-Q4_pf,user_attrs_q_2024-Q4_return,user_attrs_q_2024-Q4_trades,user_attrs_q_2025-Q1_drawdown,user_attrs_q_2025-Q1_pf,user_attrs_q_2025-Q1_return,user_attrs_q_2025-Q1_trades,user_attrs_q_2025-Q2_drawdown,user_attrs_q_2025-Q2_pf,user_attrs_q_2025-Q2_return,user_attrs_q_2025-Q2_trades,user_attrs_total_return_pct,user_attrs_total_trades,user_attrs_win_rate,state
215,-9999.0,2026-04-28 13:29:38.519510,2026-04-28 13:29:46.151321,0 days 00:00:07.631811,2,39,14,7,44,0.85,16,78,12,4,2.54,1.2593560961858734,0.26086261256928295,55,-1.2826712413629937,-1.0074299264871331,0.2154255006408612,7,0.6666666666666666,1.2658842416763578,-0.6988876905953886,1.2508096539047902,0.19921560000004668,11,-0.8890569542592895,2.6821721210746396,1.775964601463409,13,-0.7325847740365186,0.2154255006408612,-0.6542639599484534,7,-1.0074299264871331,1.8646238513683253,0.8498039514922784,8,-0.9981257273855114,0.4923079756013193,-0.6476308947033438,8,-0.571563248928837,1.0507974745253055,0.042086377111760775,8,1.5534792000000852,55,0.41818181818181815,COMPLETE
216,-9999.0,2026-04-28 13:29:46.156143,2026-04-28 13:29:53.783618,0 days 00:00:07.627475,3,52,12,5,41,0.8,17,81,15,4,2.2600000000000002,1.5498517822461697,0.43788995267212694,80,-2.8834652444164255,-1.914812552493193,0.4851120193460802,10,0.3333333333333333,1.2477318118077863,-0.8404087732159518,5.0,4.098213399999984,17,-1.3425435085253246,0.787653121930303,-0.2948796045331492,13,-1.688787069861637,0.4851120193460802,-0.9928750351583027,13,-1.914812552493193,0.7330745069549777,-0.48627057458591194,12,-0.9423511715465352,1.5641419533176408,0.9260197562401373,10,-1.610100655466392,0.729129091928017,-0.6228682259299956,15,2.5651439999999193,80,0.4375,COMPLETE
217,-9999.0,2026-04-28 13:29:53.788467,2026-04-28 13:30:01.514353,0 days 00:00:07.725886,3,39,12,7,56,0.8,10,86,12,3,2.56,1.590509075385323,0.6631751912546965,98,-3.4599936817636694,-2.4568928289417453,0.23427509815814015,14,0.8333333333333334,1.3262914373453785,-2.4568928289417453,0.23427509815814015,-2.3987863999999415,19,-2.033734624296053,1.2326522297146105,0.4680351638578939,16,-0.9214996022732594,1.381147602072748,0.5528306518474579,16,-0.8430132215363527,3.6752802780500757,3.044552186755811,14,-1.134936495813799,1.5627373556721367,1.5825062834067483,18,-1.1046118721882394,1.4569618886442266,0.7299132616602089,15,3.9632500000000404,98,0.3979591836734694,COMPLETE
218,-9999.0,2026-04-28 13:30:01.519358,2026-04-28 13:30:09.172522,0 days 00:00:07.653164,2,41,14,6,38,0.85,15,78,12,4,2.3000000000000003,1.3036955330073992,0.27711396035939306,61,-1.7780849347348942,-1.2980212105624636,0.3359170471397317,8,0.5,1.241416705662154,-0.7620682681209235,1.0533007450439085,0.04514200000005353,11,-1.0263182100687778,1.9291248624935549,1.4014353640479982,14,-0.8040074198491974,0.9963596440540864,-0.0037260758575796693,10,-1.0001928024140017,2.564949229455914,1.3734186629927647,9,-1.2980212105624636,0.3359170471397317,-1.1060528961297722,9,-0.5862153319025172,0.9425216698571994,-0.04753329289710617,8,1.6509040000000752,61,0.45901639344262296,COMPLETE
219,-9999.0,2026-04-28 13:30:09.177298,2026-04-28 13:30:16.919259,0 days 00:00:07.741961,2,48,11,5,43,0.95,17,80,14,3,2.4000000000000004,1.5222590104660316,0.036160033702588766,32,-2.3233191106312394,-1.7731305906344597,0.4359884408758671,4,0.5,1.0528928237535955,-0.5852863233815156,0.4359884408758671,-0.2908099999999969,4,-1.7731305906344597,0.44843379657261245,-0.6488188300396103,7,-0.886819355695047,0.5447930719352356,-0.42236872896640465,8,-0.4823893599138652,3.9101401621756593,1.0587198289604194,5,-0.44942742718208606,1.0757331519247226,0.05137016601317601,4,-0.3255911836708164,2.718465439312093,0.468867766247949,4,0.20706799999996583,32,0.375,COMPLETE
220,-9999.0,2026-04-28 13:30:16.924227,2026-04-28 13:30:24.578453,0 days 00:00:07.654226,3,55,12,7,51,0.8,15,75,10,4,2.72,0.9901817237315053,-0.05580179506950075,95,-4.09688586835385,-2.825266656334369,0.7734315895043191,14,0.6666666666666666,0.9772020297293419,-0.9739593949581494,1.1377864986746686,0.1601024000000173,14,-1.596875112059612,1.0557312938919359,0.10323911170448952,16,-1.299504690721656,0.7734315895043191,-0.41458354416943344,14,-2.1547517596143826,1.0081961518174225,0.024432779164595964,14,-2.825266656334369,0.7741616166952716,-0.8560049483387178,17,-1.902864292096197,1.1917831918054138,0.648003431222044,20,-0.3410492000000209,95,0.4,COMPLETE
221,-9999.0,2026-04-28 13:30:24.583473,2026-04-28 13:30:32.208186,0 days 00:00:07.624713,3,42,12,5,45,0.85,10,77,10,4,2.72,2.059684684729215,0.84654462622068,78,-2.3690794605991483,-1.6432332859621264,0.3028893919793118,11,0.6666666666666666,1.573581794284034,-1.2763830804902887,0.5545063993651294,-0.8364275999999671,15,-1.480959969693426,1.866348902365519,1.2317244835362784,14,-0.5404025005666274,4.275113945647301,2.4094282362185693,14,-1.2696872486778306,2.86801722628763,2.075895736156186,11,-1.6432332859621264,0.3028893919793118,-1.6432332859621313,12,-0.8608598310579311,2.4912322427303972,1.8418801873751445,12,5.11449120000016,78,0.48717948717948717,COMPLETE
222,-9999.0,2026-04-28 13:30:32.213106,2026-04-28 13:30:39.847932,0 days 00:00:07.634826,3,40,11,7,46,0.8,10,80,14,3,2.3600000000000003,1.4069564307768962,0.803083756037498,138,-3.053719690163157,-3.053719690163157,0.7090841653483139,18,0.8333333333333334,1.2785603802423653,-3.053719690163157,0.7090841653483139,-1.1529779999999712,24,-2.674612793751362,1.0054388281988575,0.016122691081177365,24,-0.8961047394225119,1.6927214070757655,1.422614917731968,24,-1.199462000355466,2.19316879841468,2.8403585309248136,23,-1.424479760493532,1.094503596201239,0.4008677161440266,25,-0.8501645502765076,1.746821789422521,1.2915166803429745,18,4.867889999999964,138,0.39855072463768115,COMPLETE
223,-9999.0,2026-04-28 13:30:39.852861,2026-04-28 13:30:47.442323,0 days 00:00:07.589462,2,46,12,5,35,0.95,11,80,14,5,2.4800000000000004,2.475525373621561,0.4915558397043625,44,-1.4730098588904736,-1.2300805429852715,0.24186017522362882,6,0.6666666666666666,1.6754839269010655,-1.0763493417511352,0.6226398312332644,-0.33092599999998695,7,-0.3851789310206163,2.4173756938703694,1.0836689422839552,9,-0.5620669428232943,1.96352172285723,0.6643430290227625,9,-0.4672556700571184,4.6077548185448745,1.638917140589502,6,-1.2300805429852715,0.24186017522362882,-1.038434747189232,7,-0.36712755917926065,5.0,0.9317666735191743,6,2.9607136000000533,44,0.4772727272727273,COMPLETE
224,-9999.0,2026-04-28 13:30:47.447313,2026-04-28 13:30:55.061718,0 days 00:00:07.614405,3,35,12,7,45,0.9,11,78,11,4,2.2600000000000002,3.0987935330157796,1.1828386074555757,50,-1.5543808702807316,-1.0942857089190285,0.6734516333978171,5,0.8333333333333334,2.7890475697320896,-0.20704809724603848,3.2240883761853403,0.4550040000000255,5,-0.721978884998512,5.0,3.645286201969533,9,-0.5925737418912715,5.0,1.6950804336653968,11,-0.8637177403678833,3.5005449169466285,1.5255482028283973,7,-1.0483308924263468,0.6734516333978171,-0.4111950335009773,9,-1.0942857089190285,1.1946762715648909,0.18730783977107812,9,7.2555181999999,50,0.64,COMPLETE
225,-9999.0,2026-04-28 13:30:55.066717,2026-04-28 13:31:02.712120,0 days 00:00:07.645403,3,37,14,6,57,0.85,9,85,10,4,2.62,2.2892916296162036,1.07824058373861,66,-1.9316214741853146,-1.4034574901515566,0.18722986174428707,8,0.6666666666666666,2.0465393304906927,-0.9751419326219791,0.9568830746263117,-0.045054599999971856,10,-0.889826647882378,3.336346366013293,3.093174217270911,17,-0.599649574805795,5.0,2.2418053340190536,10,-0.8995987206538121,2.7142674703804115,1.9570018776096543,12,-1.4034574901515566,0.18722986174428707,-1.219873995793952,9,-0.9043486139081246,1.5410230049329166,0.44239066932596494,8,6.57770900000012,66,0.5606060606060606,COMPLETE
226,0.4323398750904356,2026-04-28 13:31:02.717109,2026-04-28 13:31:10.313985,0 days 00:00:07.596876,2,34,10,5,42,0.8,11,80,14,4,2.72,1.7989318565117545,1.283125960494517,126,-3.4919061690485753,-3.4919061690485753,1.0339758573813786,16,1.0,1.5480517377397447,-1.1009088935257392,1.4653076008688204,0.7476516000000322,19,-1.6234900993263592,2.088118954474105,2.5647696586111435,23,-0.41159265016260593,3.668069942242253,3.263448649232581,22,-1.6938626976491469,1.125954178088104,0.3005771949741609,20,-3.4919061690485753,1.0339758573813786,0.1555299989560499,26,-1.0763590797916676,1.412164606015866,0.6667786611931348,16,7.90567920000016,126,0.48412698412698413,COMPLETE
227,-9999.0,2026-04-28 13:31:10.318966,2026-04-28 13:31:17.884136,0 days 00:00:07.565170,3,31,10,7,41,0.9,16,88,12,4,2.46,1.8269418439399419,0.423756814300665,23,-1.1225398012286023,-0.7926392129871643,0.0,1,0.6666666666666666,2.0930002221880124,-0.22063835006340543,0.0,-0.0977900000000087,1,-0.7273871731593554,3.987772963604789,1.6566071961771067,5,-0.6138779631825154,1.3735032481139846,0.1404022599394983,4,-0.6359610964524024,2.3625781387072085,0.5345417354851723,4,-0.5249042573539507,0.6310027109629159,-0.20900847543694479,4,-0.7926392129871643,2.606794002250753,0.5177881696391662,5,2.5580139999999307,23,0.5652173913043478,COMPLETE
228,-9999.0,2026-04-28 13:31:17.889842,2026-04-28 13:31:25.495766,0 days 00:00:07.605924,2,50,13,6,36,0.85,11,83,10,4,2.64,1.1906720004383213,0.4090536852674446,101,-3.2706008045934167,-2.375876289198646,0.5568589136258169,11,0.5,1.1776931401264596,-2.066880315822888,1.3526151875891452,1.2114800000000647,25,-1.7007631445127025,0.7599766919502592,-0.476171675387016,16,-0.553795698668873,0.8868262339418269,-0.11632019809215688,11,-1.203004740557021,1.8096921001585158,1.6346204616022986,20,-2.375876289198646,0.5568589136258169,-1.3767808399214987,14,-1.7179468206443893,1.7780628753643635,1.5774943634029759,15,2.440036000000134,101,0.3564356435643564,COMPLETE
229,-9999.0,2026-04-28 13:31:25.501146,2026-04-28 13:31:33.061081,0 days 00:00:07.559935,2,30,13,7,42,0.95,14,82,15,5,2.2800000000000002,2.784287529602024,0.3852211982307156,16,-0.9563180288162294,-0.8726159699295367,0.9930004486465762,2,0.8333333333333334,2.2436551606288466,-0.21478656658878073,2.259455158695923,0.14563080000000728,2,-0.8726159699295367,1.0810867402815056,0.08058584219330367,3,-0.2615425729160036,2.3721828299881396,0.21895762445027778,3,-0.3481464595730509,5.0,0.8668361553743953,2,-0.1981395939733017,5.0,1.0034331273047536,2,-0.7337322441831529,0.9930004486465762,-0.00411635993844417,4,2.328918400000002,16,0.6875,COMPLETE
230,-9999.0,2026-04-28 13:31:33.066518,2026-04-28 13:31:40.682004,0 days 00:00:07.615486,3,49,14,5,50,0.9,11,90,11,4,2.7,2.0393461963494732,0.030502682325713366,51,-2.853184626675897,-2.0779503154081547,0.1393202086037869,7,0.3333333333333333,1.0209076715341157,-0.9805308406452667,0.4316440639959677,-0.5829569999999951,8,-1.8120296334145396,0.8462208562666638,-0.23100968714184766,12,-0.4208349056225077,5.0,1.0256113227307795,7,-0.6357944121911155,5.0,2.0615139673598737,7,-2.0779503154081547,0.1393202086037869,-1.8864443559861166,10,-1.485847453526027,0.8188920492304206,-0.20369815300841365,7,0.13672300000007187,51,0.43137254901960786,COMPLETE
231,-9999.0,2026-04-28 13:31:40.687361,2026-04-28 13:31:48.279454,0 days 00:00:07.592093,3,31,11,7,30,0.9,8,79,12,4,2.22,3.1705498119340034,1.5628753642319377,51,-1.1498317542579546,-1.1498317542579546,1.2781121463470169,4,1.0,3.520013408378664,-1.1498317542579546,1.3293620768308825,0.3104534000000214,7,-0.7204611849364443,5.0,2.52837617021473,4,-0.30406597003731284,5.0,2.681881638589445,14,-0.5962913363325588,5.0,3.2991270560791985,10,-0.7478626336330655,1.4158246484261203,0.2889416516238974,7,-1.0916020608560946,1.2781121463470169,0.2684722688843344,9,9.697868399999955,51,0.7058823529411765,COMPLETE
232,-9999.0,2026-04-28 13:31:48.284887,2026-04-28 13:31:55.882283,0 days 00:00:07.597396,2,30,10,5,42,0.8,11,80,14,4,2.68,1.365075576003867,0.9900633372136406,115,-2.706165261423194,-1.8029580430190661,0.87819418421429,15,0.6666666666666666,1.4082042225060236,-1.800458535635296,0.9410660723121673,-0.13458799999999105,17,-1.6971604757962908,1.7770806799238437,2.231188511994553,22,-1.5031936084529884,0.87819418421429,-0.20822226368480967,15,-0.8324666562953753,1.3135012956941525,0.5687862398230825,16,-1.8029580430190661,1.4307287674129816,1.5903591929726346,26,-1.5352881029602699,1.8498824564657679,1.8928563421763744,19,6.06026520000007,115,0.46956521739130436,COMPLETE
233,-9999.0,2026-04-28 13:31:55.887755,2026-04-28 13:32:03.499774,0 days 00:00:07.612019,2,47,11,5,43,0.8,15,81,15,4,2.56,1.5045154045315812,0.6391997044846627,103,-3.292964941642542,-2.7823485890994006,0.705138392981994,14,0.3333333333333333,1.2630469008252936,-2.0516564067608205,4.538647709573067,5.316252000000032,18,-1.3721078764769672,0.7772340960804306,-0.37834958274052255,16,-1.2671022989043383,0.7523460099282645,-0.44031503813135586,14,-1.4376422578405097,0.9429358309989752,-0.13905017504644013,17,-2.7823485890994006,0.705138392981994,-1.2128749333231603,20,-1.797964295352751,1.310790387626756,0.689535956149423,18,3.7559520000000735,103,0.3786407766990291,COMPLETE
234,-9999.0,2026-04-28 13:32:03.505148,2026-04-28 13:32:11.128715,0 days 00:00:07.623567,2,36,10,5,44,0.9,11,80,14,4,2.7,2.3218817126858977,0.8659171467078767,64,-2.110177321992214,-1.5865226400926584,0.8923959989256961,6,0.6666666666666666,1.697377571526793,-0.3949986632424091,5.0,1.0809019999999947,6,-0.8838984816521992,3.2374347570248942,2.8965313348708,14,-0.26488389232024884,1.817074233213853,0.39674261227005125,8,-1.3744115888165296,0.9430789848076552,-0.08582628603038822,9,-1.5865226400926584,0.8923959989256961,-0.28416752220664643,14,-0.8827230796223138,2.0413063021432865,1.191320741343449,13,5.274685000000079,64,0.484375,COMPLETE
235,-9999.0,2026-04-28 13:32:11.134175,2026-04-28 13:32:18.733555,0 days 00:00:07.599380,2,42,11,5,40,0.8,13,79,12,3,2.5,1.172158194184237,0.2584880183419587,99,-2.541688282941505,-2.2795044785921683,0.3024438557262237,13,0.5,1.1179305430688855,-1.6308353707497596,0.3024438557262237,-1.1480099999999993,13,-2.2795044785921683,1.2333651139109454,0.47293433344139935,16,-0.7753802995300545,0.8661303606767415,-0.23565866902566235,17,-1.5400810164614511,1.1850819551889067,0.4329293991125027,17,-1.0844110508292684,0.8322682218704771,-0.5973808215312681,19,-1.8541093215229663,2.6136596577321263,2.62611386805478,17,1.5176800000001212,99,0.41414141414141414,COMPLETE
236,-9999.0,2026-04-28 13:32:18.738888,2026-04-28 13:32:26.294071,0 days 00:00:07.555183,2,37,10,5,38,0.8,15,81,15,5,2.8,1.9629234403067939,1.3966882178142164,99,-1.2806745102609545,-1.2806745102609545,0.7393687501109973,15,0.6666666666666666,1.8085295158261463,-0.8002763737020633,3.6951390413830567,2.7001520000000223,15,-0.8569138933275267,2.7031527271995497,3.2970467268636394,20,-0.9947549322874296,0.7393687501109973,-0.4149586849278575,15,-1.2806745102609545,2.237052591175161,2.074427609712859,16,-0.9791320198702013,0.8841824438284832,-0.23751835631294904,15,-0.7872331147384559,1.5186450881435167,0.9609800115495837,18,8.615262000000023,99,0.4444444444444444,COMPLETE
237,-9999.0,2026-04-28 13:32:26.299430,2026-04-28 13:32:33.946407,0 days 00:00:07.646977,2,37,10,7,60,0.95,11,81,15,4,2.8,2.9432690141807694,0.9235780193694495,44,-1.8267405258101697,-1.6475014444328269,0.4986527915713144,2,0.8333333333333334,2.0357851148001505,-0.2817200547815636,3.197059586612476,0.25404599999998556,2,-1.1758453873807446,5.0,3.486307176071479,9,-0.22531175733614112,2.0404694610778105,0.4186981279182822,7,-0.6251463867074794,5.0,1.8588721146779674,8,-1.6475014444328269,0.4986527915713144,-1.3129294856704332,9,-0.6646612229937611,1.9234322458230138,0.8364741832194156,9,5.602975999999971,44,0.5454545454545454,COMPLETE
238,-9999.0,2026-04-28 13:32:33.951271,2026-04-28 13:32:41.508092,0 days 00:00:07.556821,2,52,12,6,54,0.85,14,88,12,3,2.3400000000000003,1.0833319216407118,0.19712494794766702,74,-2.062396612598818,-2.062396612598818,0.3375882467840505,8,0.3333333333333333,1.1122049696048364,-1.7183315392546183,1.77165543437083,1.548033400000004,13,-0.8197481398792024,0.974518917451168,-0.02217787902525359,11,-1.3840659695407567,0.3375882467840505,-0.9352860964931264,10,-1.2116457301040773,1.8796134058590215,1.4840421376169477,16,-1.5202535247578137,0.8298554963899764,-0.48554134518608016,16,-2.062396612598818,0.7067600289892241,-0.4063205292264893,8,1.16025099999999,74,0.3783783783783784,COMPLETE
239,-9999.0,2026-04-28 13:32:41.513477,2026-04-28 13:32:49.025953,0 days 00:00:07.512476,3,30,13,7,43,0.9,13,80,14,5,2.3200000000000003,2.1168958605705934,0.7436983998867793,29,-1.3582818741400093,-1.0123377508029523,0.0,2,0.6666666666666666,2.088724047921155,-1.0030375445200033,0.0,-0.5221400000000154,3,-0.7290435771823682,3.9039873489212154,2.3259547400798164,7,-1.0123377508029523,1.7389318416823185,0.5826932596743717,7,-0.5361839339161848,4.547408995172453,1.8588895427012142,5,-0.9643025520548342,0.7083265177018124,-0.2475789559406305,2,-0.7185096869035748,1.802720459945763,0.4643718128059193,5,4.5129135999999015,29,0.5172413793103449,COMPLETE
240,-9999.0,2026-04-28 13:32:49.030919,2026-04-28 13:32:56.690229,0 days 00:00:07.659310,3,41,10,6,48,0.8,8,87,11,4,2.7600000000000002,1.7669401546165788,1.6659730316205101,132,-2.247068119034289,-2.1577971852670466,0.6909768303000737,21,0.8333333333333334,1.6722483943389084,-2.1577971852670466,0.6909768303000737,-0.8145139999999329,21,-1.693866203477401,1.798748846533239,2.024673650336317,24,-0.9179862483301598,1.734146272775896,1.288064777776099,21,-1.156233544811723,3.137525288844127,4.78504269687281,23,-1.4568055092445658,1.103902512350292,0.3797133866452862,22,-0.9302500917171839,2.136341176895846,2.3328576780924815,21,10.324498400000092,132,0.4621212121212121,COMPLETE
241,-9999.0,2026-04-28 13:32:56.695604,2026-04-28 13:33:04.198177,0 days 00:00:07.502573,3,56,14,5,39,0.9,15,84,11,3,2.4400000000000004,1.3098397338016468,-0.08290557802083098,42,-1.7803429241112168,-1.4953892560650395,0.2096335442979986,3,0.3333333333333333,0.9065843959361053,-1.1373529357210201,0.2096335442979986,-0.862929999999984,7,-0.8402202984755502,0.6183346329642586,-0.32091406373012665,9,-0.38824317306319556,0.7010305238343152,-0.09881953259696097,3,-0.8403808581430704,4.347648274765495,1.2795637294498174,6,-1.4775338645355252,0.6316227557862694,-0.7664725994699362,11,-1.4953892560650395,1.3507686711615434,0.27213899822220444,6,-0.5118679999999487,42,0.38095238095238093,COMPLETE
242,-9999.0,2026-04-28 13:33:04.203375,2026-04-28 13:33:11.776663,0 days 00:00:07.573288,2,36,13,7,34,0.85,10,83,11,4,2.8,1.9540272980415585,0.9461616864091545,83,-2.059804265220888,-1.6468980472907595,0.8512981994837295,11,0.6666666666666666,1.5990388551252277,-1.4543997050725055,0.9468082991511492,-0.0802699999999601,14,-0.8847492785058132,5.0,3.9087075195259224,15,-0.6089164320518513,1.995034530611358,0.8839752931125489,13,-1.3541721981623818,1.486401645228256,0.9574130379388146,15,-1.6468980472907595,0.8512981994837295,-0.43853609322437315,15,-0.9113505007007136,1.4446211137748597,0.4456803611019744,11,5.751402000000039,83,0.46987951807228917,COMPLETE
243,-9999.0,2026-04-28 13:33:11.782096,2026-04-28 13:33:19.388394,0 days 00:00:07.606298,2,41,10,5,38,0.8,9,83,15,4,2.72,1.9640942604514866,2.316058143515054,157,-3.480368493017506,-3.480368493017506,0.7434710910207438,25,0.8333333333333334,1.7607701260496171,-2.0393062843867726,3.403414938128741,5.93946320000005,25,-0.9064691577076117,1.8157812935758795,2.0432521881988075,27,-0.9720563746865397,1.6954099708632027,1.4394765601137172,26,-2.2531817572116575,0.7434710910207438,-0.9294441743819437,26,-3.480368493017506,1.193383751096801,0.9372441573058277,25,-1.180394250300635,2.933104518023552,4.466356929853865,28,14.556978800000241,157,0.445859872611465,COMPLETE
244,-9999.0,2026-04-28 13:33:19.393607,2026-04-28 13:33:27.040565,0 days 00:00:07.646958,3,59,12,6,40,0.85,9,90,12,3,2.3800000000000003,0.9806509185157695,-0.07755187449007828,98,-3.634035173235701,-2.436769567484256,0.5716612372949,13,0.16666666666666666,0.9606873945216217,-1.6773627145417662,0.7812524947783639,-0.5655497999999759,19,-1.0611747860253335,0.5716612372949,-0.5725818354250789,13,-0.8914516323733732,0.755818949572501,-0.3538664064920871,14,-1.1099214470733085,2.3716715888954445,2.899403919938215,19,-2.436769567484256,0.5771397489114397,-1.4762497895933646,17,-1.9655217489134624,0.8263614916419687,-0.396467335368178,16,-0.5208589999998847,98,0.37755102040816324,COMPLETE
245,-9999.0,2026-04-28 13:33:27.046011,2026-04-28 13:33:34.623884,0 days 00:00:07.577873,3,58,14,7,41,0.9,15,85,12,3,2.3000000000000003,1.714933513732113,0.5166284606205366,45,-1.6591275678542314,-1.6591275678542314,0.0,2,0.6666666666666666,1.6134120273233532,-1.3071793823193802,2.1652749022314324,1.2157080000000153,7,-0.8254718993897397,0.4320957686933483,-0.6264156152521183,10,-0.515399239095992,0.0,-0.4649654031916861,2,-0.8209000737152838,5.0,2.2103780143371887,9,-0.6622689797649538,1.5139329292928987,0.6215295967370027,11,-1.6591275678542314,1.1782974821749974,0.14353617109281736,6,3.110685999999996,45,0.4444444444444444,COMPLETE
