number,value,datetime_start,datetime_complete,duration,params_d_period,params_ema_period,params_k_period,params_left_bars,params_max_separation,params_min_close_ratio,params_min_separation,params_overbought,params_oversold,params_right_bars,params_rr_target,user_attrs_avg_profit_factor,user_attrs_avg_quarter_return,user_attrs_full_total_trades,user_attrs_max_drawdown_pct,user_attrs_max_quarter_drawdown_worst,user_attrs_min_profit_factor,user_attrs_min_trades_per_period,user_attrs_positive_ratio,user_attrs_profit_factor,user_attrs_q_2024-Q1_drawdown,user_attrs_q_2024-Q1_pf,user_attrs_q_2024-Q1_return,user_attrs_q_2024-Q1_trades,user_attrs_q_2024-Q2_drawdown,user_attrs_q_2024-Q2_pf,user_attrs_q_2024-Q2_return,user_attrs_q_2024-Q2_trades,user_attrs_q_2024-Q3_drawdown,user_attrs_q_2024-Q3_pf,user_attrs_q_2024-Q3_return,user_attrs_q_2024-Q3_trades,user_attrs_q_2024-Q4_drawdown,user_attrs_q_2024-Q4_pf,user_attrs_q_2024-Q4_return,user_attrs_q_2024-Q4_trades,user_attrs_q_2025-Q1_drawdown,user_attrs_q_2025-Q1_pf,user_attrs_q_2025-Q1_return,user_attrs_q_2025-Q1_trades,user_attrs_q_2025-Q2_drawdown,user_attrs_q_2025-Q2_pf,user_attrs_q_2025-Q2_return,user_attrs_q_2025-Q2_trades,user_attrs_total_return_pct,user_attrs_total_trades,user_attrs_win_rate,state
218,-9999.0,2026-04-28 12:26:58.647773,2026-04-28 12:27:06.089168,0 days 00:00:07.441395,2,47,14,6,42,0.9,8,87,10,5,2.4000000000000004,1.2021914132122777,0.05602312726076808,75,-2.635380796527532,-2.335973034979646,0.11095395738976375,5,0.6666666666666666,1.0342300187678428,-1.1524390566392322,1.1522773448550947,0.1776300000000397,13,-1.1616168160672962,1.0482383767935355,0.09886838009645071,18,-0.4823808993079297,0.788827717830166,-0.11475450412323784,5,-0.5480932071403153,2.7888586956521437,1.8928451244220046,14,-2.335973034979646,0.11095395738976375,-2.1445732761684266,11,-1.4146755802499313,1.3239923867529637,0.42612303933777795,14,0.2943720000000649,75,0.4266666666666667,COMPLETE
219,-9999.0,2026-04-28 12:27:06.094295,2026-04-28 12:27:13.486562,0 days 00:00:07.392267,2,34,14,5,58,0.85,16,80,14,5,2.7800000000000002,1.4614754904716698,0.40287318907139175,63,-2.0533521729414845,-1.940924911287133,0.1073905858702647,8,0.8333333333333334,1.3159917723581116,-0.9225144386437961,1.7173407531173435,0.5194910000000386,8,-1.799944444049986,1.5185475648838542,1.2426839686245694,16,-0.5931211641829698,1.443542758438992,0.2977359508658184,8,-0.5409315262512108,2.454929001986815,1.2698460576398007,9,-1.940924911287133,0.1073905858702647,-1.5206463019402428,9,-0.5114358936390067,1.527102278532749,0.6081284592383662,13,2.4149766000000517,63,0.38095238095238093,COMPLETE
220,-9999.0,2026-04-28 12:27:13.491590,2026-04-28 12:27:20.854557,0 days 00:00:07.362967,3,34,11,5,48,0.85,18,83,14,3,2.3000000000000003,2.19005137674786,0.5570105626798327,29,-0.9487943998863929,-0.9487943998863929,0.34339557474367755,3,0.6666666666666666,2.436479329021431,-0.15766607831715576,1.164974757070732,0.030390000000024564,3,-0.9487943998863929,5.0,2.6313283393176734,9,-0.23893383777102736,2.339902098939385,0.5279210081327035,7,-0.6319268153444636,0.34339557474367755,-0.2947274728683058,3,-0.4594131400303212,3.3466073147254547,0.4738809226089158,3,-0.7681897465068197,0.9454285150079101,-0.02672942111201504,4,3.3603129999999926,29,0.5517241379310345,COMPLETE
221,-9999.0,2026-04-28 12:27:20.859554,2026-04-28 12:27:28.284249,0 days 00:00:07.424695,2,51,11,7,36,0.85,12,88,10,3,2.24,1.5032937979648182,0.3075970651147601,91,-4.147059990534677,-3.071315253117074,0.10053667506219302,12,0.6666666666666666,1.164442689022344,-3.071315253117074,0.10053667506219302,-2.910528400000001,17,-1.8380895219656828,0.6066666666667002,-0.7263073826430544,16,-0.44284917912756133,2.0982596077329894,0.9736904920688572,12,-1.2661796285734797,1.7101191004295622,1.2994033779656577,16,-0.8994539587211017,1.501366674992276,1.0384040541324913,18,-0.7079421617531358,3.0028140629051885,2.1709202491646096,12,1.7736180000000212,91,0.43956043956043955,COMPLETE
222,-9999.0,2026-04-28 12:27:28.289356,2026-04-28 12:27:35.697963,0 days 00:00:07.408607,2,42,10,7,40,0.8,10,90,13,5,2.72,1.646912862336712,1.3797160539327578,127,-3.2335758428608625,-3.2335758428608625,0.8904656468406889,18,0.8333333333333334,1.548219097772202,-2.047147423681048,2.3803823471799355,3.312075600000064,21,-1.1918860955879198,1.6171262852623394,1.4500593384652039,24,-0.8282923043627544,1.3782988510943706,0.6386819629188301,18,-1.0766796695801972,1.5727394209354006,1.5700770007721632,24,-3.2335758428608625,0.8904656468406889,-0.43783099851820717,20,-0.9481368126196462,2.0424646227075383,1.7452334199584918,20,8.528184000000039,127,0.4330708661417323,COMPLETE
223,-9999.0,2026-04-28 12:27:35.703022,2026-04-28 12:27:43.120343,0 days 00:00:07.417321,3,38,12,5,43,0.8,10,89,13,5,2.4400000000000004,1.3908274606500475,0.45541597369698944,86,-2.389342926302661,-2.0513220875871228,0.1251792893181862,10,0.8333333333333334,1.2779388794948225,-1.1495338971654767,1.2917789721729824,0.44080800000005915,14,-0.6653552567362363,1.6072666817989136,0.98554284828134,16,-0.7397116804750403,2.109812585563879,1.158877988248297,13,-1.2247598059437848,2.041705368318844,1.7357263131466905,16,-2.0513220875871228,0.1251792893181862,-1.8636483978627938,10,-1.4608925436538573,1.169221866727478,0.27518909036834405,17,2.7236148000000515,86,0.47674418604651164,COMPLETE
224,-9999.0,2026-04-28 12:27:43.125520,2026-04-28 12:27:50.516263,0 days 00:00:07.390743,2,54,11,7,37,0.95,12,88,11,3,2.4200000000000004,1.293163115968277,0.07240821685460253,46,-3.4937267875409823,-1.6162262529600981,0.16227662283776625,3,0.5,1.0673641042458748,-1.6162262529600981,0.16227662283776625,-1.1710199999999782,8,-1.2928575676768985,0.2141359294429408,-1.128799669894387,9,-0.987151820656623,1.2355757430734864,0.28210726817947673,10,-1.0608819852660165,1.8741964100076611,0.7723585015801726,7,-0.6159325935109431,3.5401655477133698,1.7931872808768068,9,-0.3244680312224397,0.7326284427344384,-0.11338407961447583,3,0.4026110000000305,46,0.3695652173913043,COMPLETE
225,-9999.0,2026-04-28 12:27:50.521114,2026-04-28 12:27:57.913010,0 days 00:00:07.391896,3,32,11,7,43,0.85,12,89,15,3,2.2800000000000002,2.0454010235656406,0.7093431860252797,56,-1.8686267323573824,-1.8686267323573824,0.15300587337174648,5,0.6666666666666666,1.7472542870766379,-1.1203922261655386,0.15300587337174648,-0.6157731999999916,5,-1.8686267323573824,3.4675909770929976,2.5558268970705234,12,-0.45744579917242345,1.3850670626708157,0.23914175784760516,8,-0.624969071007557,5.0,1.8451289128530224,6,-0.8466347382884404,0.9435434456969659,-0.09924654728228344,14,-0.7870718412944743,1.3231987825613167,0.3309812956628022,11,4.293977199999932,56,0.48214285714285715,COMPLETE
226,-9999.0,2026-04-28 12:27:57.917965,2026-04-28 12:28:05.409672,0 days 00:00:07.491707,2,58,11,7,53,0.85,9,86,10,3,2.4400000000000004,1.492275654433519,0.28049181503868964,139,-4.181664775485237,-4.139317587476317,0.3903867133539096,16,0.6666666666666666,1.0799055243218145,-1.9166146313418417,0.46138846282092955,-1.696060800000021,23,-1.1385192468677907,1.0467469982742301,0.1554106592709159,28,-0.501915026899796,2.048896967179063,1.2308491221837636,16,-1.1942759164777483,3.63689989458951,4.593065707909294,23,-4.139317587476317,0.3903867133539096,-3.712558720391157,27,-2.0745833526759014,1.3693348903834703,1.1122449212593422,22,1.49263040000005,139,0.41007194244604317,COMPLETE
227,-9999.0,2026-04-28 12:28:05.414874,2026-04-28 12:28:12.777112,0 days 00:00:07.362238,2,56,11,6,40,0.8,16,77,10,5,2.52,1.427829131230446,0.8194975903215885,104,-2.060205719587847,-2.060205719587847,0.7207277066114255,13,0.6666666666666666,1.347990733421755,-2.060205719587847,2.9151140647656097,3.1698968000000383,15,-1.0744377927447335,0.9516086766112312,-0.10496007397379215,19,-0.5976455420641072,1.1879063464870236,0.18837198521688414,13,-1.949161325588577,1.6668387328991325,2.0813186916717186,19,-1.9438902631178936,1.1247792600082542,0.36996065550316537,19,-1.4575890592854812,0.7207277066114255,-0.7876025164884837,19,4.96154400000004,104,0.41346153846153844,COMPLETE
228,-9999.0,2026-04-28 12:28:12.782057,2026-04-28 12:28:20.278838,0 days 00:00:07.496781,3,37,13,6,54,0.8,8,80,14,3,2.4000000000000004,1.4461640062464625,0.8888838589010479,127,-2.106070605954728,-2.106070605954728,0.45330416477484103,15,0.8333333333333334,1.365060832516144,-2.106070605954728,0.45330416477484103,-1.5893759999999646,22,-1.6518227267751504,1.3183767159636617,1.011959846936894,28,-0.5540347589074486,2.0893644567990424,2.0145020697841076,26,-1.2421657642402857,2.2717666399051675,2.624270817023522,19,-1.114371162525277,1.2916247674727523,0.7908481549979696,15,-1.0890032019249156,1.252547292563309,0.4810982646637596,17,5.39797199999994,127,0.4330708661417323,COMPLETE
229,-9999.0,2026-04-28 12:28:20.283949,2026-04-28 12:28:27.677907,0 days 00:00:07.393958,3,47,11,7,60,0.95,14,78,12,3,2.3800000000000003,1.6309115492596253,0.22105727355066587,39,-1.8175576167947114,-1.7838918848418686,0.2996663796814518,3,0.5,1.2632795726195756,-0.7487686557373017,0.2996663796814518,-0.5205999999999822,5,-1.7838918848418686,0.3368019901140582,-1.0317697935451675,9,-0.5533615634280631,1.3933649550493397,0.28976668599607347,8,-0.5254597328445195,5.0,2.4553124305006335,7,-0.6651907673420285,0.9300048385334284,-0.0886596263388939,7,-0.3220778170918857,1.8256311321794727,0.2222939446913319,3,1.297607600000017,39,0.41025641025641024,COMPLETE
230,-9999.0,2026-04-28 12:28:27.683214,2026-04-28 12:28:35.165278,0 days 00:00:07.482064,3,31,10,5,45,0.85,10,82,15,3,2.2800000000000002,1.8051508216230985,1.1756311108182926,91,-1.8630407395369701,-1.8630407395369701,0.8132356086166818,7,0.8333333333333334,1.7534641051145885,-1.4224645242738785,0.8132356086166818,-0.17990079999997688,7,-1.8630407395369701,3.5704302959820335,3.1442032467945857,17,-0.8735920628521517,1.747810389695937,1.1024465104173764,19,-0.8997223762635479,1.7815227568933236,1.031154331995654,12,-1.1771088123199869,1.442411514424177,1.0796705913574955,17,-0.9394194309026167,1.4754943641264375,0.876212784344621,19,7.233971199999911,91,0.5274725274725275,COMPLETE
231,-9999.0,2026-04-28 12:28:35.170403,2026-04-28 12:28:42.618255,0 days 00:00:07.447852,2,39,14,7,50,0.95,18,89,12,3,2.7,2.0299127552949643,0.1851110869095285,12,-1.2637638849437116,-1.2637638849437116,0.0,0,0.5,1.7443405883887946,0.0,0.0,0.0,0,-1.2637638849437116,1.5648252522916202,0.46398699999998794,5,-0.17598174653837265,0.6146512794781647,-0.12231248596574762,3,-0.3375715413644899,5.0,0.4019050736604246,2,-0.442450043104496,5.0,0.6355004427393229,1,-0.3216914899745786,0.0,-0.26841350897681693,1,1.1124840000000136,12,0.4166666666666667,COMPLETE
232,-9999.0,2026-04-28 12:28:42.623381,2026-04-28 12:28:50.149906,0 days 00:00:07.526525,3,50,13,5,51,0.8,8,88,11,3,2.22,1.5788737839452154,0.4917385922346103,127,-3.3240738490927693,-2.61485782147649,0.6124861229285671,17,0.5,1.1912131744718746,-2.4920702653077056,0.6124861229285671,-1.5302767999999745,27,-1.2902823326141917,0.7997852024374751,-0.34134207863804056,19,-1.1156069183180217,1.0826149698136023,0.1657988623400053,22,-1.1864662307386307,2.765954417829203,3.2760672631156007,19,-2.61485782147649,0.728182048840997,-1.2347063108092526,23,-0.6741079249201398,3.484219941821448,2.6148906173993236,17,2.8849020000000225,127,0.4251968503937008,COMPLETE
233,-9999.0,2026-04-28 12:28:50.155054,2026-04-28 12:28:57.615350,0 days 00:00:07.460296,3,56,12,5,50,0.85,10,90,12,3,2.22,1.4491939025356568,0.28672390729993874,87,-4.0740477140131865,-2.2501147639999504,0.34874066160594036,11,0.5,1.1549838323806179,-2.2501147639999504,0.5573424951436561,-1.3740929999999985,19,-1.2169411291457042,0.34874066160594036,-0.8777079231322094,11,-1.0581312587545193,0.7212590977789302,-0.4093825053631428,15,-0.8511516787931616,2.055530795769462,1.3418222884943543,13,-1.2651850767341584,1.2129621380846458,0.6212083550796166,17,-0.6830207505195335,3.7993282268313058,2.418496228721012,12,1.6804370000000457,87,0.40229885057471265,COMPLETE
234,-9999.0,2026-04-28 12:28:57.620303,2026-04-28 12:29:05.082114,0 days 00:00:07.461811,3,31,13,6,55,0.85,11,90,12,3,2.7600000000000002,1.4368936831124985,0.250180322463502,39,-1.9220698007050965,-1.8890799889069683,0.0,2,0.5,1.2779221149125533,-1.1195793815097161,0.0,-0.5427999999999877,2,-1.8890799889069683,2.400400068622453,1.6414964426909595,9,-0.7771838286919548,1.8749925095071622,0.6759935146128715,11,-0.6327152532601963,3.1546352941177096,0.9807447557473203,4,-1.3376138574545255,0.3793926720985369,-1.1724905841789535,9,-0.743685245996349,0.8119415543291288,-0.08186219409119788,4,1.4831536000000423,39,0.41025641025641024,COMPLETE
235,-9999.0,2026-04-28 12:29:05.087263,2026-04-28 12:29:12.513468,0 days 00:00:07.426205,3,43,12,5,32,0.85,9,88,13,5,2.3400000000000003,1.2377686209343557,0.13764264683142255,75,-2.5081489072144256,-1.7933484580912165,0.24856396330406896,9,0.5,1.0958413669008706,-1.1438278697147917,0.809330085783907,-0.2669435999999581,12,-0.8024637286125175,0.9369422634180062,-0.08431066191607606,13,-0.9515170002111394,1.5425593677475709,0.43402475362042114,9,-0.7412523785355175,2.237750042111535,1.5418344366477932,13,-1.7933484580912165,0.24856396330406896,-1.6555251574583152,11,-0.5897938078559528,1.6514660032410462,0.8567761100946703,17,0.798422800000087,75,0.4533333333333333,COMPLETE
236,-9999.0,2026-04-28 12:29:12.518237,2026-04-28 12:29:19.889189,0 days 00:00:07.370952,2,34,14,5,48,0.9,17,87,11,5,2.7,1.4917772322239815,0.293135696748964,22,-1.6319264487966518,-1.6319264487966518,0.39798717530696026,2,0.6666666666666666,1.636713935195192,-0.2433248678633035,1.347025483857465,0.08265800000000212,3,-1.6319264487966518,2.1263766120852137,1.242672831490954,6,-0.3552829524963135,0.7221812822402319,-0.07441301699602221,3,-0.5501380487467799,2.3854616174958587,0.3729011630684731,2,-0.7790219220440036,0.39798717530696026,-0.27251797930277766,3,-0.5160854682758805,1.971631222358159,0.4075131822331546,5,1.7645889999999609,22,0.45454545454545453,COMPLETE
237,-9999.0,2026-04-28 12:29:19.894228,2026-04-28 12:29:27.324094,0 days 00:00:07.429866,3,53,14,7,54,0.9,8,85,10,5,2.3600000000000003,0.9652265705653774,-0.1935269888807397,70,-2.558515988973018,-1.9187473018590622,0.3787082907460525,9,0.3333333333333333,0.8683887720206267,-1.4540657985183418,0.5718353805355048,-0.7717495999999491,12,-1.0520004043180604,0.819757648133197,-0.2585795869277874,13,-0.9019854257804445,0.7028500454763236,-0.30699574034855903,9,-0.7530178997267194,2.164194488226546,1.4822302624609485,13,-1.9187473018590622,0.3787082907460525,-1.4751800633558076,12,-0.7865123286206106,1.15401357027464,0.1691127948867166,11,-1.1799551999999047,70,0.42857142857142855,COMPLETE
238,-9999.0,2026-04-28 12:29:27.329266,2026-04-28 12:29:34.752408,0 days 00:00:07.423142,2,58,14,5,58,0.8,14,77,11,4,2.52,1.5466158644634715,1.2445501517967268,110,-2.2542389298282166,-2.029527926052037,0.36600024303725165,13,0.3333333333333333,1.5004535352011759,-2.0226892397176544,4.25751219267939,6.505577600000012,22,-1.3827219264058612,0.9999538376052597,-9.126282600746549e-05,16,-1.2599847555161243,0.36600024303725165,-1.028711382630454,13,-2.029527926052037,1.7811605262013355,2.385162758381587,24,-1.8824900839472258,0.8781929799514638,-0.38736725307326747,19,-1.738966614053078,0.9968754073061292,-0.007269549071509118,16,7.498165200000062,110,0.42727272727272725,COMPLETE
239,-9999.0,2026-04-28 12:29:34.757556,2026-04-28 12:29:42.259590,0 days 00:00:07.502034,3,52,11,5,52,0.85,8,90,11,3,2.3400000000000003,1.0946919913801374,0.09960483207648678,105,-3.3672181323103962,-2.3355607282168114,0.7028294386894669,15,0.3333333333333333,1.047002347708892,-2.3355607282168114,0.7028294386894669,-1.0361861999999666,24,-1.1171072711181653,0.7958604012380129,-0.31391029515882574,17,-1.0018579385926585,0.8609547377059501,-0.22326868037904068,19,-1.2428306348237015,1.7349572249593663,1.4200019268761688,15,-1.6527636860644526,0.9792658867738842,-0.04642662646321405,15,-1.7222729276487936,1.4942842589141443,0.797418867583799,15,0.5799943999999835,105,0.3904761904761905,COMPLETE
240,-9999.0,2026-04-28 12:29:42.264643,2026-04-28 12:29:49.679149,0 days 00:00:07.414506,3,30,12,6,58,0.9,16,87,10,5,2.4400000000000004,2.5663390176389176,0.44962706979093475,20,-1.0131343685553216,-0.7282000838807478,0.0,1,0.6666666666666666,2.1935494924024574,-0.6570625596931752,0.0,-0.4064700000000032,2,-0.7282000838807478,2.5166710594022677,1.2133699849778967,5,-0.6349661782812561,0.3647463943651458,-0.3382029208001014,4,-0.5520492808920603,2.5166166520660918,0.8099457225676066,4,-0.182327979879423,5.0,0.6521780721992609,1,-0.007245827282004787,5.0,0.7669415598009488,4,2.717007999999921,20,0.5,COMPLETE
241,-9999.0,2026-04-28 12:29:49.684080,2026-04-28 12:29:57.198826,0 days 00:00:07.514746,2,38,11,5,38,0.8,10,90,11,3,2.4200000000000004,1.2103347762893935,0.33261239680635696,105,-2.6883310288915085,-2.002819993276887,0.37988230929058264,16,0.6666666666666666,1.1533533529808069,-2.002819993276887,0.37988230929058264,-1.6713412000000427,16,-1.8436497257931204,1.7805817807238027,1.4180061205106842,19,-0.9310737286755564,0.9078166577898075,-0.17876584359729497,20,-1.1097387948095487,1.0715886163750545,0.16018653795732973,16,-1.4227910264450585,1.4369919749885762,1.132721937462966,17,-0.6895661506404196,1.6851473185685366,1.1348668285044994,17,1.9778487999999372,105,0.4095238095238095,COMPLETE
242,-9999.0,2026-04-28 12:29:57.203957,2026-04-28 12:30:04.578399,0 days 00:00:07.374442,3,59,11,5,38,0.95,15,90,13,3,2.6,0.9728113629527284,-0.015748504622298265,25,-1.2419200762002864,-1.2419200762002864,0.0,1,0.3333333333333333,0.9644504068156728,-0.7704210601744587,0.0,-0.7113099999999983,4,-0.6866075023588206,0.6721647730724805,-0.27172480571553415,9,-0.18039790253926719,0.0,-0.12899557819759933,1,-1.2419200762002864,2.3767367485934137,0.9402740596612169,5,-0.42023337965188073,0.7405425977273778,-0.09561513579465775,4,-0.38771970666651395,2.0474240583230987,0.17288043231278305,2,-0.10202200000002382,25,0.36,COMPLETE
243,-9999.0,2026-04-28 12:30:04.583261,2026-04-28 12:30:12.044074,0 days 00:00:07.460813,3,57,12,7,41,0.9,11,90,11,3,2.4200000000000004,1.2717406268822908,-0.4079487140146702,61,-3.411134787007386,-2.2584546385718203,0.0,6,0.3333333333333333,0.7202959377364303,-2.2584546385718203,0.0,-2.200230000000014,11,-0.8255841120142984,0.46919859986954965,-0.5907594670212291,10,-0.6538131072494434,1.2936963510543609,0.16632077687808167,6,-0.6553844331511838,4.737777364802176,1.8587998121944782,9,-1.9737359629942577,0.8695247026198787,-0.3604865643864086,16,-1.9859312419236563,0.2602467429477796,-1.3213368417529292,9,-2.4696637999999327,61,0.3442622950819672,COMPLETE
244,-9999.0,2026-04-28 12:30:12.049169,2026-04-28 12:30:19.451459,0 days 00:00:07.402290,2,56,10,7,46,0.85,13,88,10,3,2.4400000000000004,1.2733098724315826,0.3649206304540557,91,-3.143974974001114,-2.0610912612578995,0.6409803692840933,10,0.5,1.1721881209066962,-1.9521792677531076,0.6409803692840933,-0.8617619999999881,14,-1.2357563400085252,0.8330284232046052,-0.38308649383091975,17,-0.8014849366198322,1.27745567313757,0.32070287759713434,10,-1.2236573502886685,2.1632349915865476,2.225810877707901,19,-1.4361653389994105,0.7257760209790046,-0.8445756533346782,17,-2.0610912612578995,1.9993837563976748,1.7324341745848848,14,2.164807600000107,91,0.4175824175824176,COMPLETE
245,-9999.0,2026-04-28 12:30:19.456678,2026-04-28 12:30:26.864287,0 days 00:00:07.407609,3,33,10,6,40,0.8,14,78,12,3,2.56,2.038731993681883,1.132450538825458,72,-2.014331693569784,-2.014331693569784,0.5974812647850288,6,0.5,1.8801146972390117,-0.45492961729308595,0.5974812647850288,-0.22290279999997997,6,-2.014331693569784,3.255878574033984,3.0372497146569533,16,-1.324256346260632,2.627241001433034,1.502142982130894,13,-0.9647537239946948,4.157589363963531,3.2455253883385327,12,-0.9043686614221663,0.9853732652187638,-0.025698110403882257,11,-0.9839503832599863,0.6088284926569558,-0.7416139417697698,14,6.912174399999982,72,0.5138888888888888,COMPLETE
246,-9999.0,2026-04-28 12:30:26.869442,2026-04-28 12:30:34.298381,0 days 00:00:07.428939,3,35,11,5,34,0.85,9,81,15,5,2.2,2.501291295115242,1.233823797040834,91,-3.5415015543844954,-3.1547936198588435,0.20520172103500475,11,0.6666666666666666,1.7778878786456116,-0.9967996703141666,0.8397161573753272,-0.2057739999999808,11,-0.7241606870011275,3.8200529445731557,3.7682099964380544,18,-0.4793961142617516,5.0,3.8002627442764947,17,-0.5109721264018852,2.609339004220506,1.8340230841125793,14,-3.1547936198588435,0.20520172103500475,-3.0460941198791613,16,-0.5534537194582996,2.5334379434874577,1.252315077297017,15,7.4561720000000165,91,0.5384615384615384,COMPLETE
247,-9999.0,2026-04-28 12:30:34.303646,2026-04-28 12:30:41.673983,0 days 00:00:07.370337,3,52,10,5,40,0.95,17,89,15,3,2.4000000000000004,2.3482137532930105,0.49533031253210696,26,-1.1657059128557756,-1.0283073599151296,0.0,3,0.8333333333333334,2.008495513264956,-0.7137432722174419,4.605701707059112,1.670773999999997,4,-0.7149871997328681,1.2508999524553461,0.14533183351197465,7,-0.4884679739938765,0.0,-0.4386333042273205,3,-1.0283073599151296,1.6172415780192837,0.5283139343394527,6,-0.43872022228387236,1.6154392822243204,0.2719329176660956,3,-0.40943933848981795,5.0,0.7942624939024423,3,2.9962199999999495,26,0.4230769230769231,COMPLETE
