number,value,datetime_start,datetime_complete,duration,params_d_period,params_ema_period,params_k_period,params_left_bars,params_max_separation,params_min_close_ratio,params_min_separation,params_overbought,params_oversold,params_right_bars,params_rr_target,user_attrs_avg_profit_factor,user_attrs_avg_quarter_return,user_attrs_full_total_trades,user_attrs_max_drawdown_pct,user_attrs_max_quarter_drawdown_worst,user_attrs_min_profit_factor,user_attrs_min_trades_per_period,user_attrs_positive_ratio,user_attrs_profit_factor,user_attrs_q_2024-Q1_drawdown,user_attrs_q_2024-Q1_pf,user_attrs_q_2024-Q1_return,user_attrs_q_2024-Q1_trades,user_attrs_q_2024-Q2_drawdown,user_attrs_q_2024-Q2_pf,user_attrs_q_2024-Q2_return,user_attrs_q_2024-Q2_trades,user_attrs_q_2024-Q3_drawdown,user_attrs_q_2024-Q3_pf,user_attrs_q_2024-Q3_return,user_attrs_q_2024-Q3_trades,user_attrs_q_2024-Q4_drawdown,user_attrs_q_2024-Q4_pf,user_attrs_q_2024-Q4_return,user_attrs_q_2024-Q4_trades,user_attrs_q_2025-Q1_drawdown,user_attrs_q_2025-Q1_pf,user_attrs_q_2025-Q1_return,user_attrs_q_2025-Q1_trades,user_attrs_q_2025-Q2_drawdown,user_attrs_q_2025-Q2_pf,user_attrs_q_2025-Q2_return,user_attrs_q_2025-Q2_trades,user_attrs_total_return_pct,user_attrs_total_trades,user_attrs_win_rate,state
217,-9999.0,2026-04-28 14:33:25.462624,2026-04-28 14:33:32.907326,0 days 00:00:07.444702,3,31,12,6,60,0.85,11,80,14,5,2.7800000000000002,1.9339167546525475,0.8791277309523374,77,-2.2067000718614813,-2.0286109028518085,0.49398947741009946,9,0.6666666666666666,1.5084053756544837,-1.6594923395902392,0.534208118368546,-0.765612800000004,9,-1.8066370322381422,1.5391008906882817,1.3418525952262117,18,-0.6116641499981456,3.779614343629075,2.3794198829475643,13,-1.168059215619994,3.850386992555126,3.1534003200288208,12,-2.0286109028518085,0.49398947741009946,-1.3864200993820575,12,-1.3056056459653382,1.406200705264156,0.5521264868934894,13,5.311361799999936,77,0.45454545454545453,COMPLETE
218,-9999.0,2026-04-28 14:33:32.912146,2026-04-28 14:33:40.297979,0 days 00:00:07.385833,2,42,10,5,41,0.95,18,88,11,4,2.2600000000000002,2.0032050383681814,0.2297247059371695,17,-0.9761972385577,-0.8044791906058009,0.0,1,0.6666666666666666,1.879179923761091,-0.2817200547815636,2.547126178327417,0.17889419999999046,2,-0.5071646014440856,1.3653034531822879,0.13326539593607745,3,-0.17624760682956067,3.1156747592567338,0.3110058240258562,3,-0.8044791906058009,0.998556111739021,-0.0008886514788031263,4,-0.09245744060924926,0.0,-0.053685282357340824,1,-0.4159954108828944,3.992569727703628,0.8097567494972369,4,1.383829199999953,17,0.5294117647058824,COMPLETE
219,-9999.0,2026-04-28 14:33:40.302876,2026-04-28 14:33:47.675509,0 days 00:00:07.372633,3,56,12,5,39,0.95,17,76,10,3,2.22,1.0828218632541933,-0.06746834529777757,23,-1.7903277179574135,-1.1366322653634806,0.20525159327494025,2,0.5,0.8518426432119469,-1.1366322653634806,0.20525159327494025,-0.7993499999999876,6,-0.34862491806170887,0.26936449384796884,-0.2975036957923005,5,-0.4161322804231755,0.5724190687361375,-0.15597834492652174,4,-0.655754649031802,2.425393755996744,0.39113751723001133,2,-0.49890112603467796,1.9778400106599094,0.44413241364313905,4,-0.3275252989957524,1.0466622570094593,0.012752038058994053,2,-0.40949360000007706,23,0.34782608695652173,COMPLETE
220,-9999.0,2026-04-28 14:33:47.680381,2026-04-28 14:33:55.055312,0 days 00:00:07.374931,2,37,10,5,56,0.85,15,83,11,4,2.3200000000000003,2.7303177298248933,0.6751974284918157,69,-3.0964472831556056,-2.0823041695730002,0.28270787151736,9,0.8333333333333334,1.6243109557974595,-0.39843765237401213,3.633097721127882,1.0907344000000263,10,-0.597095000435735,2.3745514584480043,1.4823673098174783,13,-0.4055072285519561,5.0,1.6850904517204057,9,-1.2220121697742927,1.1301467344394263,0.1821216030227113,12,-2.0823041695730002,0.28270787151736,-1.8949068175445727,14,-0.3159924980793445,3.9614025934166865,1.5057776239348453,11,4.071487600000068,69,0.5652173913043478,COMPLETE
221,-9999.0,2026-04-28 14:33:55.060233,2026-04-28 14:34:02.391995,0 days 00:00:07.331762,2,35,14,5,40,0.85,18,90,10,3,2.2600000000000002,1.8706890052358112,0.4447811884446799,28,-1.0489926584869085,-0.9510251110699314,0.36124644637253917,2,0.8333333333333334,2.019477747883014,-0.15735537607126893,2.2153531295803344,0.22388019999999287,4,-0.9510251110699314,3.913397074784322,2.249815907646324,10,-0.172522913135373,1.0904652109046784,0.013017335021126009,2,-0.9328856303551389,0.36124644637253917,-0.506399358319154,5,-0.4626694337848216,2.5768269119918332,0.6706532505550644,5,-0.3177065639393043,1.0668452577811591,0.01771979576472571,2,2.675129999999948,28,0.5357142857142857,COMPLETE
222,-9999.0,2026-04-28 14:34:02.397188,2026-04-28 14:34:09.794584,0 days 00:00:07.397396,2,31,14,5,38,0.8,16,89,11,3,2.2,2.1069734410386682,0.8303117434756887,39,-0.9381117917664321,-0.9381117917664321,0.8196960450992098,3,0.6666666666666666,2.48329072767324,-0.4542249092561305,0.8546215405854152,-0.06739600000000845,5,-0.9381117917664321,4.636905900781157,3.4618671599911277,13,-0.3153230246478946,1.5900069043206249,0.15703708535363958,4,-0.796629359331294,1.1516928189034445,0.11902717662626294,6,-0.4566390579602542,3.5889174365421566,1.370372971020939,8,-0.3103295794853439,0.8196960450992098,-0.05903793213782871,3,5.036483999999919,39,0.5384615384615384,COMPLETE
223,-9999.0,2026-04-28 14:34:09.799719,2026-04-28 14:34:17.200911,0 days 00:00:07.401192,2,43,14,5,36,0.85,13,90,10,3,2.3400000000000003,1.7038525786489842,0.42167360231144535,58,-2.58908549748128,-1.8746160292116236,0.2858089177127269,6,0.6666666666666666,1.4225537803539385,-1.6293984215173571,0.2858089177127269,-1.059388200000011,11,-1.8746160292116236,0.6427389964727624,-0.517992754113894,11,-0.5568300820224763,1.151733658521327,0.09860333938396248,8,-0.837104903344753,3.2492203556704027,1.854961717392789,10,-0.6102373024822707,2.198715699017882,1.3233170139688166,12,-0.43339744363747895,2.694897844498805,0.830540497237009,6,2.525248999999974,58,0.46551724137931033,COMPLETE
224,-9999.0,2026-04-28 14:34:17.206071,2026-04-28 14:34:24.570987,0 days 00:00:07.364916,2,35,14,7,43,0.95,16,89,13,4,2.58,2.277354758088304,0.74085953112857,15,-0.7233836892588066,-0.7233836892588066,0.0,0,0.5,4.669191882009303,-0.22063835006340543,0.0,-0.0977900000000087,1,-0.7233836892588066,5.0,3.211774994767347,5,-0.16544069788512325,2.9361929763154437,0.32188874271674717,3,-0.6550366768937229,5.0,1.121349771123259,3,0.0,0.0,0.0,0,-0.377557554704897,0.7279355722143821,-0.11206632183592413,3,4.485476999999949,15,0.6,COMPLETE
225,-9999.0,2026-04-28 14:34:24.576020,2026-04-28 14:34:31.951188,0 days 00:00:07.375168,2,53,14,7,34,0.8,10,88,12,5,2.24,1.6575750733696877,1.1358428754301892,117,-2.0389938279633335,-2.0389938279633335,0.7392124637596269,11,0.6666666666666666,1.538401296531905,-2.0389938279633335,3.03671157623538,3.826145999999997,21,-1.1099107533837151,0.8347894436355253,-0.359535256177157,22,-0.8066977920214509,1.429246766421528,0.37628695917357735,11,-0.9567162203917953,2.491702291835743,2.866957260335168,23,-1.5197798030886047,0.7392124637596269,-0.8336617729054918,19,-0.8674335509505822,1.4137878983303238,0.9388640621550426,21,6.923259200000009,117,0.47863247863247865,COMPLETE
226,-9999.0,2026-04-28 14:34:31.956190,2026-04-28 14:34:39.376782,0 days 00:00:07.420592,2,44,12,7,45,0.95,12,80,14,4,2.64,2.3260977889832435,0.6342473619006694,49,-1.8370323939483588,-1.834328495529698,0.24597410798863636,5,0.6666666666666666,1.6737805914014539,-1.2700326069286125,0.24597410798863636,-0.7641599999999693,7,-0.47077759485945103,2.351700714585971,1.2961833144154333,10,-0.45417235285515783,2.0331037866442245,0.5865196728682909,8,-0.4524383341846277,5.0,2.7009930494650947,9,-1.834328495529698,0.6941761840639727,-0.7086185696652758,10,-0.314353083587572,3.6316319406166544,0.6945667043204429,5,3.8230175999999894,49,0.46938775510204084,COMPLETE
227,-9999.0,2026-04-28 14:34:39.381638,2026-04-28 14:34:46.747989,0 days 00:00:07.366351,3,33,12,7,39,0.9,17,86,10,4,2.4000000000000004,2.380776026190899,0.6934565015272232,23,-0.7243349459624201,-0.7243349459624201,0.8339689857501961,2,0.8333333333333334,3.0191805302676507,-0.22014407473518482,2.2988035586460875,0.12701000000001628,2,-0.7243349459624201,5.0,2.8699448830040275,5,-0.6064701057165185,0.8339689857501961,-0.06153750560675686,3,-0.627448972488665,2.759866656640786,0.6820992710740992,4,-0.5153905722049702,1.541320642474594,0.26340188355091776,5,-0.6058349310572128,1.8506963136337287,0.2798204771410351,4,4.20310599999989,23,0.6086956521739131,COMPLETE
228,-9999.0,2026-04-28 14:34:46.752970,2026-04-28 14:34:54.183843,0 days 00:00:07.430873,2,41,11,7,53,0.85,9,84,14,4,2.66,2.148702079298558,1.9399226913145198,130,-1.9561128586139054,-1.6412468970146281,0.8812923020428796,19,0.8333333333333334,1.85909000287943,-1.3969097616758148,0.8812923020428796,-0.24568219999995256,20,-1.5733058460273501,1.9018246413285365,2.4606768450077476,26,-1.2217118578234145,2.781243056615743,2.9680021404623114,23,-1.20451654920315,2.090984721595111,2.13523749665685,19,-1.6412468970146281,1.0485475318244937,0.18899989279530516,23,-0.8419942343741457,4.188320222384585,4.132301972964858,19,12.143039600000094,130,0.4846153846153846,COMPLETE
229,-9999.0,2026-04-28 14:34:54.188727,2026-04-28 14:35:01.658215,0 days 00:00:07.469488,2,38,14,6,49,0.8,9,90,11,3,2.66,1.2583531587096377,0.41353876127482314,103,-3.1463355967769355,-2.49493344201931,0.4207016566997358,14,0.6666666666666666,1.183322597495632,-1.9940504663352159,0.4207016566997358,-1.5605776000000016,19,-2.1612801697813686,1.2780803047486624,0.7148688836678962,22,-1.0334808981763393,1.1081405175677481,0.17862800045886917,17,-0.9982158667887251,2.0318245653340092,1.7620866908843569,15,-1.0643228817462635,1.9800109664408265,2.0866687249295524,14,-2.49493344201931,0.7313609414668453,-0.7004421322917342,16,2.456632799999947,103,0.36893203883495146,COMPLETE
230,-9999.0,2026-04-28 14:35:01.663184,2026-04-28 14:35:09.044612,0 days 00:00:07.381428,2,51,13,7,33,0.8,9,82,12,5,2.58,1.3727857016385663,0.847132776430176,127,-2.0518060737788493,-2.0518060737788493,0.6147212151411577,15,0.6666666666666666,1.322599787715428,-2.0518060737788493,2.5700422343062788,4.085485400000044,25,-1.617081985128133,0.6147212151411577,-1.0771357751673483,24,-0.810996915919827,1.028978468045365,0.04099030655304592,15,-1.2355640320169796,2.0030959863893965,2.32389904126169,21,-1.6848648053066635,0.6488554299279804,-1.2419786175785208,19,-1.0702929368184546,1.3710208760212204,0.951536303512146,23,5.08173380000001,127,0.4015748031496063,COMPLETE
231,-9999.0,2026-04-28 14:35:09.049525,2026-04-28 14:35:16.470894,0 days 00:00:07.421369,2,58,11,5,45,0.95,15,82,12,4,2.5,1.282461357553684,0.22089710382399894,45,-2.484844612591823,-2.048445270193234,0.352376499553153,3,0.3333333333333333,1.1921715039298881,-2.048445270193234,4.144717855974731,3.2690600000000014,11,-1.2023669233231347,0.46425100706908046,-0.6619649680165485,9,-0.3038014936801451,0.9801223241590046,-0.005068944715402868,3,-1.0195891088920586,1.1582693787963192,0.2024463674807686,8,-1.582483511403081,0.352376499553153,-1.0645900284493526,7,-0.8380802335891148,0.5950310797698162,-0.41449980335547254,7,1.2721350000000298,45,0.35555555555555557,COMPLETE
232,-9999.0,2026-04-28 14:35:16.475814,2026-04-28 14:35:23.854963,0 days 00:00:07.379149,2,59,14,6,44,0.9,8,78,11,5,2.7600000000000002,2.044085398737557,1.4803370740249748,87,-2.0466726990337634,-2.0466726990337634,0.6713369711914375,6,0.6666666666666666,1.887582231451182,-2.0466726990337634,5.0,5.997023999999995,14,-1.5011173789284065,0.6713369711914375,-0.7972193634417479,21,-0.5325618693426108,1.0709433695805972,0.03821896096556365,6,-1.2331908810916576,2.8401368337310897,2.858546622502267,18,-0.5787703236087616,1.828736325611293,1.1426540697027088,13,-1.4630285441479738,0.8533588923109254,-0.3572018455789361,15,9.044587199999965,87,0.42528735632183906,COMPLETE
233,-9999.0,2026-04-28 14:35:23.859860,2026-04-28 14:35:31.297170,0 days 00:00:07.437310,3,59,12,5,45,0.8,8,82,11,3,2.52,1.2400952645196106,0.5455746551194499,138,-4.475806183167624,-3.6268768435119147,0.5523181080924636,19,0.5,1.175071021869358,-1.8243770026176191,1.2766663067683253,0.819983599999996,25,-1.178445277795181,0.8072527250971878,-0.43618971586499855,20,-1.123181746585843,0.9123117706870549,-0.1443332202712866,19,-1.8130142636515707,1.8999911582414877,3.5928890673276648,25,-3.6268768435119147,0.5523181080924636,-2.8503188000629565,25,-1.687989737099707,1.992031518231144,2.2914169995882805,24,3.1885160000000523,138,0.427536231884058,COMPLETE
234,-9999.0,2026-04-28 14:35:31.302190,2026-04-28 14:35:38.639373,0 days 00:00:07.337183,3,43,11,7,42,0.8,16,80,13,5,2.2800000000000002,1.6824201381499524,0.9744791293021193,95,-2.475163352575773,-2.0797635300697426,0.6735155168773852,12,0.8333333333333334,1.573333820914137,-1.1163194683161193,1.4111212892282008,0.43624080000004284,12,-0.9206485490973122,1.8490776957302015,1.445946192761105,19,-0.8206839230282289,2.2060391699482715,1.8065050461418375,17,-1.2669783826807228,2.1633156715407864,2.2372569037887535,19,-2.0797635300697426,0.6735155168773852,-0.9187053421610303,13,-0.4478791494734185,1.7914514855748696,0.8396311752820074,15,5.957764000000032,95,0.5263157894736842,COMPLETE
235,-9999.0,2026-04-28 14:35:38.644479,2026-04-28 14:35:46.008152,0 days 00:00:07.363673,2,32,14,7,56,0.85,14,84,13,3,2.24,2.0622325039056792,0.7196696324567023,53,-1.8609722994590332,-1.8609722994590332,0.7250607028753807,7,0.6666666666666666,1.7480816410326618,-0.45369674804690135,1.6545249897051835,0.429152399999988,8,-1.8609722994590332,2.452004947711706,2.0572002756442886,12,-0.19554903775790422,3.738675363773117,0.8520486424585139,7,-0.7868798978616933,2.9812594917235975,1.5574111607899344,9,-0.7351915373034748,0.7250607028753807,-0.36888744608576385,8,-0.9426542116100245,0.8218695276450894,-0.20890723806674671,9,4.372612000000009,53,0.5094339622641509,COMPLETE
236,-9999.0,2026-04-28 14:35:46.013185,2026-04-28 14:35:53.497768,0 days 00:00:07.484583,2,33,12,7,58,0.85,14,79,13,4,2.74,2.1263581824655655,1.125387997582115,74,-1.6316573374102707,-1.6316573374102707,0.8166404073816147,9,0.8333333333333334,1.8081786829821935,-0.4351211595350385,1.327456033669968,0.23963560000002104,9,-1.6316573374102707,1.5702420155258707,1.283891139763882,16,-0.5931413113213791,2.200441039473848,0.8503871606916791,10,-1.1792049778297384,3.3502640522875726,2.721775901715584,12,-1.3596402830936554,0.8166404073816147,-0.4806615229327238,14,-0.618186740111003,3.493105546454521,2.1372997062542476,13,6.908392200000035,74,0.47297297297297297,COMPLETE
237,-9999.0,2026-04-28 14:35:53.502668,2026-04-28 14:36:01.089915,0 days 00:00:07.587247,2,45,13,5,41,0.95,18,80,14,3,2.74,0.798212760468297,-0.14044956832081992,17,-1.6161920999248534,-0.918904827748938,0.0,1,0.3333333333333333,0.5986582851156077,-0.31071168630249013,1.7249218905804378,0.10905000000001053,2,-0.9065421333568968,0.0,-0.645655912227705,4,-0.401109649295533,0.7445075403438771,-0.12638648723457546,5,-0.4089599718738084,0.0,-0.2762113291731927,2,-0.918904827748938,0.0,-0.2670331619169408,1,-0.3291927558886376,2.3198471318854668,0.36353948062748387,3,-0.8427573999999827,17,0.23529411764705882,COMPLETE
238,-9999.0,2026-04-28 14:36:01.094975,2026-04-28 14:36:08.474406,0 days 00:00:07.379431,3,31,13,7,37,0.85,14,87,10,3,2.24,2.252503110737437,0.60167892236066,30,-1.8687681623504906,-1.8687681623504906,0.0,0,0.6666666666666666,2.1469194133893685,0.0,0.0,0.0,0,-1.8687681623504906,3.0210534803747597,1.7043544000000077,8,-0.17383612590198858,5.0,1.096642918171864,6,-0.6251429950476217,3.599832487857576,1.171344149575737,5,-0.6907995133585809,0.4991701265865318,-0.5693648159114106,6,-0.6112860750101614,1.3949625696057542,0.2070968823277619,5,3.645988,30,0.5333333333333333,COMPLETE
239,-9999.0,2026-04-28 14:36:08.479369,2026-04-28 14:36:15.873561,0 days 00:00:07.394192,2,55,13,6,47,0.9,12,85,10,5,2.52,1.8104876467306317,0.641903058063679,79,-3.027569599336552,-2.053796664151548,0.24545418968907606,8,0.6666666666666666,1.4134522316821294,-2.053796664151548,2.430675932707069,2.715380000000045,17,-1.6178672529227798,0.24545418968907606,-1.5767866506456674,15,-0.5041256557943309,1.5337674470178884,0.3809231296718396,8,-0.5329568640589479,5.0,3.3917918098198996,13,-1.7498167144855736,0.28050065853469525,-1.593209568975773,12,-0.7374258639375183,1.372527652435063,0.5333196285117303,14,3.801912400000007,79,0.4177215189873418,COMPLETE
240,-9999.0,2026-04-28 14:36:15.878526,2026-04-28 14:36:23.370204,0 days 00:00:07.491678,2,38,14,6,52,0.85,9,88,11,4,2.7800000000000002,1.6543810879072138,0.9491612591162232,80,-1.4994892817649363,-1.4542641785373063,0.9392492451276656,10,0.8333333333333334,1.6492872913361343,-1.4542641785373063,0.9392492451276656,-0.07082079999995994,10,-0.8950013535471488,2.5417235737022126,2.413797670820883,18,-0.7965229009950251,2.1842220740881895,1.2151027943982484,13,-1.36637276879235,1.7252025096252688,1.3401620173704831,15,-1.0388317186275162,1.2317825575805645,0.463898422878084,13,-0.6164506036430744,1.304106567319382,0.33282744922960017,11,5.810991400000098,80,0.45,COMPLETE
241,-9999.0,2026-04-28 14:36:23.375317,2026-04-28 14:36:30.876550,0 days 00:00:07.501233,3,60,12,5,41,0.9,14,80,13,4,2.7800000000000002,2.151783138952815,1.1092403343712087,63,-2.49928283882778,-2.2518470972475555,0.3609709267876989,7,0.5,1.8543223886740998,-1.1203831917489808,5.0,4.459840200000009,11,-1.2235165185272365,0.3609709267876989,-0.9188855718735622,11,-1.1071217374991977,0.6514756111269729,-0.38942811790353415,7,-0.9966669406623215,4.477845428545919,3.0195752955783473,13,-2.2518470972475555,0.9822719256330942,-0.03842557024350546,11,-1.6104295587075872,1.4381349416232034,0.5227657706694977,10,6.724209200000009,63,0.4603174603174603,COMPLETE
242,-9999.0,2026-04-28 14:36:30.881707,2026-04-28 14:36:38.363535,0 days 00:00:07.481828,3,54,11,5,43,0.9,15,82,13,5,2.64,1.2942817986915898,-0.24838842178612577,66,-4.2940695739609795,-3.054605333873825,0.19003223615826975,9,0.3333333333333333,0.8345667436406574,-0.8276737627625763,0.8078169471773766,-0.1715079999999536,9,-1.4688346071306737,0.32196847651989247,-1.170364068005736,14,-0.7819280124423724,1.4218385804922535,0.5701269300510736,11,-0.9402479193139684,4.444941629114272,2.634987783713405,10,-3.054605333873825,0.19003223615826975,-2.869445830164774,13,-0.6866418236421176,0.5790929226874747,-0.4841273463107698,9,-1.5639083999999581,66,0.3484848484848485,COMPLETE
243,-9999.0,2026-04-28 14:36:38.368402,2026-04-28 14:36:45.851720,0 days 00:00:07.483318,2,35,11,6,37,0.9,13,81,15,5,2.74,2.7288866447525684,1.1796827333703241,54,-1.6253075761386133,-1.6253075761386133,1.2596826245740604,5,1.0,2.4412019877136233,-0.2980698582710488,2.040662039283556,0.49326340000002133,7,-1.6253075761386133,2.4386898762119587,2.496917022201117,14,-0.4071471858468183,1.6414050466245067,0.34524813577143654,8,-0.7139036948376827,3.992880281821325,1.5535405827995286,5,-0.864183241458095,1.2596826245740604,0.32381462118491466,10,-0.4905386636884036,5.0,1.8653126382649265,10,7.267952800000033,54,0.5370370370370371,COMPLETE
244,-9999.0,2026-04-28 14:36:45.856686,2026-04-28 14:36:54.633954,0 days 00:00:08.777268,3,58,11,5,45,0.9,11,80,14,5,2.8,1.729511184704208,0.8590973664574358,87,-3.1412654290055517,-2.7487381973020386,0.28779926229695296,10,0.6666666666666666,1.473384086493488,-1.4512182014354094,3.0760815912288244,2.7002139999999786,13,-0.6998463418384523,1.7282345863952346,1.2023149240955266,19,-0.9006516875529256,1.8799740039355015,0.9379785984304778,10,-1.1864742951676737,2.6088963051251506,2.895050439576319,19,-2.7487381973020386,0.28779926229695296,-2.303858605674536,14,-1.0855508050624467,0.7960813592435834,-0.27711515768314987,12,5.167881999999935,87,0.4367816091954023,COMPLETE
245,-9999.0,2026-04-28 14:36:54.639257,2026-04-28 14:37:02.102022,0 days 00:00:07.462765,3,59,13,5,37,0.9,14,81,15,5,2.6,2.1367058549620475,1.1319248344847692,66,-2.0191737133144168,-1.6178900704324501,0.44439259053404406,8,0.8333333333333334,1.9731050132583847,-0.961797709976403,3.6600257586733966,1.9827299999999992,8,-0.8425516140528383,1.1782550757433061,0.27807257169918387,16,-0.8042203504637156,1.382525911708245,0.43847868735196194,9,-0.734437337966747,5.0,4.994344920259319,12,-1.6178900704324501,0.44439259053404406,-1.0752372903767515,10,-0.5888326476499792,1.1550357931132922,0.17316011797490205,11,6.869809999999998,66,0.48484848484848486,COMPLETE
246,-9999.0,2026-04-28 14:37:02.106946,2026-04-28 14:37:09.500433,0 days 00:00:07.393487,3,47,14,7,43,0.8,13,79,13,5,2.4200000000000004,1.681373086514176,0.8559103334815465,100,-3.6023774093893275,-2.3050184380583603,0.17952137582450284,12,0.8333333333333334,1.4598906423958318,-1.1353881241095203,2.8087449517476495,2.230363400000024,12,-0.7300783941469768,1.2426578155922425,0.4569703016433113,21,-0.600550915475834,2.391725511254263,1.8170383224557884,16,-1.1885189486941705,2.2922019311711015,2.495708180578493,21,-2.3050184380583603,0.17952137582450284,-2.1750114891150085,13,-0.7260402592416452,1.1733869334952955,0.3103932853266711,17,5.167575000000002,100,0.48,COMPLETE
247,-9999.0,2026-04-28 14:37:09.505428,2026-04-28 14:37:17.071968,0 days 00:00:07.566540,2,59,14,6,57,0.9,12,83,13,5,2.58,2.172676249391774,1.444875430061754,76,-2.0429881395323335,-2.0429881395323335,0.4692781294785426,5,0.6666666666666666,2.0835257219655032,-2.0429881395323335,5.0,5.780511999999982,12,-1.6070331034764886,0.4692781294785426,-1.3338273499753805,21,-0.4985495016492823,1.178607370289194,0.08196257747610236,5,-0.5347460766787178,3.902439382245251,3.636165426848459,17,-0.5786997820437332,1.7687505157307595,0.8778118607867036,11,-0.6555300218288356,0.7169820986068943,-0.373371934765343,10,8.79581259999993,76,0.4605263157894737,COMPLETE
