number,value,datetime_start,datetime_complete,duration,params_d_period,params_ema_period,params_k_period,params_left_bars,params_max_separation,params_min_close_ratio,params_min_separation,params_overbought,params_oversold,params_right_bars,params_rr_target,user_attrs_avg_profit_factor,user_attrs_avg_quarter_return,user_attrs_full_total_trades,user_attrs_max_drawdown_pct,user_attrs_max_quarter_drawdown_worst,user_attrs_min_profit_factor,user_attrs_min_trades_per_period,user_attrs_positive_ratio,user_attrs_profit_factor,user_attrs_q_2024-Q1_drawdown,user_attrs_q_2024-Q1_pf,user_attrs_q_2024-Q1_return,user_attrs_q_2024-Q1_trades,user_attrs_q_2024-Q2_drawdown,user_attrs_q_2024-Q2_pf,user_attrs_q_2024-Q2_return,user_attrs_q_2024-Q2_trades,user_attrs_q_2024-Q3_drawdown,user_attrs_q_2024-Q3_pf,user_attrs_q_2024-Q3_return,user_attrs_q_2024-Q3_trades,user_attrs_q_2024-Q4_drawdown,user_attrs_q_2024-Q4_pf,user_attrs_q_2024-Q4_return,user_attrs_q_2024-Q4_trades,user_attrs_q_2025-Q1_drawdown,user_attrs_q_2025-Q1_pf,user_attrs_q_2025-Q1_return,user_attrs_q_2025-Q1_trades,user_attrs_q_2025-Q2_drawdown,user_attrs_q_2025-Q2_pf,user_attrs_q_2025-Q2_return,user_attrs_q_2025-Q2_trades,user_attrs_total_return_pct,user_attrs_total_trades,user_attrs_win_rate,state
368,-9999.0,2026-04-28 13:49:07.733714,2026-04-28 13:49:15.328168,0 days 00:00:07.594454,2,40,10,7,37,0.8,15,82,15,5,2.4400000000000004,2.0244033991809656,1.3246806492848244,109,-2.888036450928965,-1.8487804082668111,0.49634077595829046,14,0.8333333333333334,1.6942267255203,-1.1450372372061481,4.675590399763352,3.9756656000000445,16,-0.9502135156832405,2.3991566304938616,2.8458643500137937,24,-0.9496956367754935,1.5140430822122717,0.6264052504878714,14,-1.2370091091690354,1.4737520859997395,0.9735152715207418,19,-1.8487804082668111,0.49634077595829046,-1.4703047128894142,17,-0.7128321472335315,1.5875374206582766,0.9969381365759089,19,8.121814000000027,109,0.46788990825688076,COMPLETE
369,-9999.0,2026-04-28 13:49:15.333405,2026-04-28 13:49:22.950936,0 days 00:00:07.617531,2,39,14,6,37,0.85,14,84,11,4,2.52,1.4657543185867083,0.38596789317751345,54,-1.9945055235927958,-1.563138287165467,0.16862037155968418,6,0.6666666666666666,1.3765968501645667,-0.3143929239246731,2.1117173666045845,0.5185828000000114,8,-1.0211204057619772,2.1225240222131054,1.6851721868884395,14,-0.44930438109669407,0.6644770567747624,-0.19415278136155623,6,-0.9926436550408794,2.6854126035651693,1.6451162093702898,10,-1.563138287165467,0.16862037155968418,-1.373265387995759,8,-0.5673810863709202,1.0417744908029445,0.03435433216365524,8,2.3034584000000358,54,0.46296296296296297,COMPLETE
370,-9999.0,2026-04-28 13:49:22.956927,2026-04-28 13:49:30.611877,0 days 00:00:07.654950,2,31,11,6,36,0.8,13,82,15,4,2.3400000000000003,1.9719420871700748,1.243374928199503,97,-1.8796514451524176,-1.8796514451524176,0.6971337307045604,11,0.5,1.7133780795883082,-1.1151622956211658,0.8666124726335714,-0.14439599999996888,11,-0.7237188376273472,4.562619090775712,4.1335122263143065,18,-1.4955150023665498,0.6971337307045604,-0.571723604950769,15,-1.0179506725447243,2.4737440807822355,2.1823927185880887,15,-1.8796514451524176,0.9152850585108856,-0.25888476094032553,21,-1.2133791782675016,2.3162580896134832,2.1193489901856877,17,7.604688800000159,97,0.5154639175257731,COMPLETE
371,-9999.0,2026-04-28 13:49:30.617684,2026-04-28 13:49:38.245593,0 days 00:00:07.627909,3,58,13,7,37,0.8,14,83,11,3,2.58,1.8220567527224436,0.8623977820811701,77,-1.8430806129788844,-1.8430806129788844,0.7842191400731733,8,0.6666666666666666,1.6108768978012888,-1.1575409083285753,2.4682064433402995,1.9236294000000376,12,-0.8151076129683179,0.9702376639495583,-0.03481999238930111,13,-0.5865124323336128,1.0490630257537952,0.029766761979388434,8,-0.8018885581439628,4.078936495142789,2.8485424139282234,15,-1.4696997136600891,0.7842191400731733,-0.5697887293125925,17,-1.8430806129788844,1.5816777480750472,0.977056838281265,12,5.242728800000007,77,0.4805194805194805,COMPLETE
372,-9999.0,2026-04-28 13:49:38.250896,2026-04-28 13:49:45.864889,0 days 00:00:07.613993,3,35,10,6,36,0.9,13,82,12,4,2.5,3.0505199917785646,1.2824705694153726,44,-1.369661743584779,-1.045900095753763,0.5726599682707231,4,0.8333333333333334,3.3499343339306376,-0.20699753217120215,2.7447697722162316,0.3569450000000085,4,-0.7201298611696061,5.0,4.833108461003843,10,-0.5868413422907439,3.2872413505973515,1.0443618910302765,9,-0.6029957941229952,4.916848384590386,1.470005705225641,5,-1.045900095753763,0.5726599682707231,-0.5618633495863001,9,-0.5869372130297679,1.7816004749966925,0.5522657088187666,7,7.855054999999944,44,0.6136363636363636,COMPLETE
373,-9999.0,2026-04-28 13:49:45.870053,2026-04-28 13:49:53.471128,0 days 00:00:07.601075,3,48,10,7,38,0.9,15,83,11,4,2.7600000000000002,1.792451784683385,0.3699566729715553,46,-2.951034191318103,-1.8722549765242913,0.15424950731676337,6,0.5,1.3528843175038023,-0.5732313759650539,1.0976766695853184,0.06135560000004592,8,-1.2335446287666205,0.9193176027473129,-0.0800660749793014,8,-1.0199550141261262,4.264104338889789,2.1602304505915937,9,-1.005594265229465,3.6040817037802277,2.0482390581208154,8,-1.8722549765242913,0.15424950731676337,-1.6839604788030371,7,-1.5248143212576086,0.7152808857808993,-0.28605851710078456,6,2.1847668000000375,46,0.4782608695652174,COMPLETE
374,-9999.0,2026-04-28 13:49:53.477338,2026-04-28 13:50:01.163220,0 days 00:00:07.685882,2,37,10,5,35,0.85,11,81,15,4,2.8,1.8585367828440305,0.8229907688904525,88,-2.9666175833200197,-2.5583130010837434,0.2908286608898243,12,0.8333333333333334,1.5122123791158621,-1.4113789505468557,1.3204073436603454,0.4467760000000043,14,-0.8839730183452915,3.9136761823083313,3.7881036619831887,19,-0.5456198045385897,1.996234596579679,0.8638852906564187,12,-0.9974535412414992,1.508184866971155,0.7565570055353854,14,-2.5583130010837434,0.2908286608898243,-2.2061510614484803,16,-0.8854641422155349,2.121889046654848,1.2887737166161983,13,4.945891999999996,88,0.4772727272727273,COMPLETE
375,-9999.0,2026-04-28 13:50:01.168310,2026-04-28 13:50:08.797060,0 days 00:00:07.628750,2,34,10,7,34,0.9,12,82,15,4,2.56,3.0674298566320615,1.4307831139133196,58,-2.1426080225594153,-2.1426080225594153,0.9515282176179957,6,0.8333333333333334,2.4875725976812912,-0.3950548776470936,4.355884015128501,0.771954000000008,6,-0.717185733313698,5.0,4.3247957660917935,10,-0.22569822435108988,2.086813892215551,0.4316029834231294,7,-0.7796330223465857,4.0471082656159725,2.109578848589333,8,-2.1426080225594153,0.9515282176179957,-0.13217432608102486,14,-0.6446230539182491,1.9632447492143519,1.0789414114566798,13,8.830439199999818,58,0.5862068965517241,COMPLETE
376,-9999.0,2026-04-28 13:50:08.802304,2026-04-28 13:50:16.426443,0 days 00:00:07.624139,2,48,13,6,37,0.9,14,81,15,5,2.4200000000000004,1.8023247351556257,0.6109552046515884,66,-1.8284921384161739,-1.3023737182365276,0.4671714004324207,6,0.5,1.5506411232381911,-0.958823543752416,3.751561362081567,2.4936300000000244,13,-0.9160747509214414,0.6686566215487744,-0.5696389131694901,14,-0.7707230537238398,0.7144489648016283,-0.17011771501463935,6,-0.723820564138222,3.396679054707632,2.3136752842565,12,-1.3023737182365276,0.4671714004324207,-0.9043780923916,11,-0.5728025427695799,1.8154310073617317,0.502560664228735,10,3.6672864000000915,66,0.45454545454545453,COMPLETE
377,-9999.0,2026-04-28 13:50:16.431581,2026-04-28 13:50:24.102369,0 days 00:00:07.670788,2,59,13,6,33,0.85,11,84,11,3,2.5,1.200282296596371,0.18135127000553827,101,-3.0909843089977644,-2.3692551143864184,0.6557347924957195,9,0.3333333333333333,1.0702988402550042,-1.465476837295199,0.7016946370686431,-0.7269999999999666,18,-1.6496831968410217,0.8863486010647208,-0.36687216060763417,21,-1.057414458139455,0.6557347924957195,-0.3918357310894627,9,-1.0579457402746646,2.5775614147443853,2.6502763592031853,19,-2.3692551143864184,0.7579490068904579,-1.1299355141857093,21,-1.7085080578115326,1.6224053273142998,1.053474666712817,13,1.0429550000000676,101,0.37623762376237624,COMPLETE
378,-9999.0,2026-04-28 13:50:24.108074,2026-04-28 13:50:31.741189,0 days 00:00:07.633115,2,34,10,5,38,0.8,15,81,15,4,2.4200000000000004,2.0484682842067725,1.3223811315949037,91,-1.4221247735181919,-1.1625938240001066,1.0891748243201869,11,1.0,1.9379243611459187,-0.5304881366417127,2.619090727683927,0.9736564000000003,11,-0.7545767056954643,3.01707921070562,3.1960268797396996,20,-0.4343192907370745,2.0916817562066217,1.0680693266374774,15,-1.1179202537857205,1.0891748243201869,0.13857128444694222,13,-1.1625938240001066,1.6503720589005864,1.647593767904021,19,-0.6580697063006468,1.8234111274236928,0.910369130841282,13,8.173110399999949,91,0.5384615384615384,COMPLETE
379,-9999.0,2026-04-28 13:50:31.746922,2026-04-28 13:50:39.392278,0 days 00:00:07.645356,2,52,12,6,38,0.85,14,84,10,3,2.72,0.9417346890408846,-0.4608075424344031,72,-4.102877186771792,-3.8432217125583708,0.1487129719487985,7,0.5,0.7495356031637785,-1.6331916164747065,0.1487129719487985,-1.4736799999999772,10,-1.0153949957410116,1.7079318086151822,0.8193432983187199,13,-0.6812388885427278,0.7895760771525734,-0.15265933893248151,7,-1.229402489188547,1.791089814004067,1.5030650719188854,16,-3.8432217125583708,0.190728588983023,-3.4933182889393843,17,-2.14489591174338,1.0223688735416634,0.03240400302781943,9,-2.8126199999999324,72,0.3055555555555556,COMPLETE
380,-9999.0,2026-04-28 13:50:39.397271,2026-04-28 13:50:47.052511,0 days 00:00:07.655240,2,52,14,7,29,0.85,8,83,10,4,2.8,1.2690395968078763,0.5040705034348817,110,-3.1800098057718453,-2.8880650564391352,0.7496211853005762,13,0.3333333333333333,1.2031638362971542,-1.8392270073603458,0.7496211853005762,-0.7072200000000195,23,-1.541239897755065,0.7853122202770829,-0.5459087760459336,21,-0.6611038621371109,0.7921582615767722,-0.29502363587541325,13,-1.3462230484727995,1.8896660499858517,1.8217845216475625,19,-2.8880650564391352,0.9053377795635787,-0.3689521378646865,16,-1.7101313742087016,2.492142084143395,3.1197430487477806,18,2.9993260000001687,110,0.38181818181818183,COMPLETE
381,-9999.0,2026-04-28 13:50:47.058131,2026-04-28 13:50:54.672205,0 days 00:00:07.614074,2,33,12,6,39,0.95,15,80,13,4,2.74,2.6306464336220166,0.9732190819718637,23,-1.6862608388711773,-1.6862608388711773,0.0,1,0.8333333333333334,3.3590608366674486,-0.21478656658878073,0.0,-0.1156299999999999,1,-1.6862608388711773,1.829120630552896,0.7119268009599278,4,-0.17006851044558852,1.1620581029050907,0.027615556650628648,2,-1.2094676116422565,5.0,2.1961573701289927,5,-0.6855438843869812,3.2733843642530758,1.3949621469444118,4,-0.5172069440902662,4.519315504021038,1.6242826171472213,7,5.9611816000000095,23,0.6521739130434783,COMPLETE
382,-9999.0,2026-04-28 13:50:54.677314,2026-04-28 13:51:02.265481,0 days 00:00:07.588167,2,42,10,6,37,0.8,14,82,14,4,2.2600000000000002,1.8602612162182588,1.3547192822631413,113,-2.6944092254422842,-2.246953728624421,0.9803785697496737,16,0.8333333333333334,1.6355162937390728,-2.037347878318705,5.0,5.7172374000000525,17,-0.9701897763603173,1.5178646152024455,0.9927075525339779,20,-0.9936961520507487,1.1411456411859735,0.25370513370290837,20,-2.246953728624421,0.9803785697496737,-0.04991406148567856,20,-1.8420521498623907,1.0719387967731338,0.20329890710477638,16,-1.724048686470577,1.4502396743983255,1.0112807617228103,20,8.285753400000129,113,0.4778761061946903,COMPLETE
383,-9999.0,2026-04-28 13:51:02.271575,2026-04-28 13:51:09.890098,0 days 00:00:07.618523,2,59,12,6,34,0.95,10,84,10,3,2.56,1.091487799104819,0.07256079858624458,55,-1.9544570781305146,-1.9544570781305146,0.3901118913086246,3,0.3333333333333333,1.0531281228779414,-1.2062278500697141,0.3901118913086246,-1.1473763999999886,12,-1.2031576159006547,1.641785733897108,1.1823216799275782,17,-0.4999481894950383,0.6966292134831645,-0.13173183626032925,4,-1.2247513546485034,2.2378225205071196,1.3294034007914401,9,-1.9544570781305146,0.6372054332656383,-0.7781776543909769,10,-0.40290954230354314,0.9453720021672591,-0.019074398550256166,3,0.41074680000008357,55,0.38181818181818183,COMPLETE
384,0.46274683917934506,2026-04-28 13:51:09.895098,2026-04-28 13:51:17.483178,0 days 00:00:07.588080,2,31,10,7,39,0.8,15,81,15,4,2.54,2.138725614435179,1.850143455511762,102,-1.5409049883732797,-1.5409049883732797,1.4502694933524913,10,1.0,2.024416497420897,-0.3898041703373948,2.240806504816015,0.7523258000000421,10,-0.7198563552658076,3.0388099662162085,3.8334813309093274,21,-0.980963720955009,1.8827031464871253,1.2332741466564157,15,-0.9936268941003387,2.389452978918411,2.1470595249360347,16,-1.5409049883732797,1.4502694933524913,1.4595353798045885,22,-1.2495889618276488,1.8303115968208212,1.6751845507641638,18,11.59622059999994,102,0.5196078431372549,COMPLETE
385,-9999.0,2026-04-28 13:51:17.488149,2026-04-28 13:51:25.091068,0 days 00:00:07.602919,3,34,10,7,38,0.8,14,81,15,4,2.3200000000000003,2.533282988528511,1.8875599174879685,95,-1.329229816267306,-1.3019058531527308,0.9526383316372894,8,0.8333333333333334,2.440354554277067,-0.3347686397675273,1.9873745786238706,0.7966928000000095,14,-0.7209440580724013,3.311286186242646,4.268567430617165,25,-0.5847176648797916,3.594772619525122,2.7079640657743154,19,-1.06999924064222,4.099344666918547,3.420050511130146,15,-1.3019058531527308,0.9526383316372894,-0.094636279273419,14,-0.5647358730696155,1.2542815482235892,0.22672097667959523,8,11.784318400000071,95,0.5578947368421052,COMPLETE
386,-9999.0,2026-04-28 13:51:25.096766,2026-04-28 13:51:32.710060,0 days 00:00:07.613294,2,30,10,7,39,0.8,14,81,15,4,2.52,2.0403717203563994,1.7303144734421032,98,-1.5866560424528178,-1.5866560424528178,1.4252687233714894,11,1.0,1.9276248577531883,-0.4795477888009746,1.8390013801396856,0.6139896000000089,11,-1.3834950651089648,2.359441965023626,3.2696653945227805,21,-1.5866560424528178,1.7028754344475494,1.0841143004813647,14,-0.7816691811572931,3.1005254058612417,2.3714120469785938,13,-1.4907404272100693,1.4252687233714894,1.3869297084031063,21,-1.2582639070996187,1.815117413294806,1.655775790266767,18,10.817098399999958,98,0.5204081632653061,COMPLETE
387,-9999.0,2026-04-28 13:51:32.715836,2026-04-28 13:51:40.355515,0 days 00:00:07.639679,2,57,12,5,35,0.95,11,79,11,5,2.4800000000000004,2.0721787515365326,0.813319724897449,49,-2.053084977608692,-2.053084977608692,0.4353787482752732,4,0.6666666666666666,1.9371955879172407,-2.053084977608692,2.7613738344607945,2.6975088000000147,14,-0.37580312769892427,2.022686649936937,0.7182581239010721,10,-0.33138079239081514,2.451539530920689,0.31292923637114,4,-0.9061793596857018,3.8707087777350573,1.8728986943151282,7,-0.8109842672435187,0.4353787482752732,-0.6232983879346898,6,-1.0518785959187398,0.8913849678904462,-0.09837811726797208,8,4.939939199999999,49,0.46938775510204084,COMPLETE
388,-9999.0,2026-04-28 13:51:40.360910,2026-04-28 13:51:48.004098,0 days 00:00:07.643188,2,36,10,5,40,0.8,13,81,15,4,2.66,1.7714330463242625,0.8720398923059499,105,-3.665855418370481,-3.6632027824491584,0.6754628086218675,15,0.8333333333333334,1.4422302696030362,-1.1003466568460518,1.678225520700204,0.7694672000000402,15,-0.883771952858627,2.6444982156267733,2.4556305285298174,18,-0.7805003455433343,2.052562462600117,1.3118494942364167,19,-1.352095979304786,1.0060214813469823,0.012365007637193948,16,-3.6632027824491584,0.6754628086218675,-1.4051651635401674,21,-0.9357821056278658,2.5718277890496304,2.0880922869723983,16,5.295057400000069,105,0.47619047619047616,COMPLETE
389,-9999.0,2026-04-28 13:51:48.009732,2026-04-28 13:51:55.613090,0 days 00:00:07.603358,2,58,12,6,37,0.85,14,80,13,3,2.54,1.4688052457400722,0.518772731983565,82,-3.131467879614221,-2.2991703821387492,0.19008609228219953,7,0.5,1.2569490265549401,-1.4181620962601256,2.433433799114126,2.300933599999988,13,-0.9550430713152807,1.5905738504563707,0.79886074470783,14,-0.7964034125477252,0.19008609228219953,-0.7207198882987265,7,-1.1710502721105238,3.478832599430839,3.4202205635739613,18,-2.2991703821387492,0.5810479619163542,-1.7937750199566227,20,-2.0253641274806893,0.5388571712405428,-0.8928836081250391,10,3.0488518000000298,82,0.4024390243902439,COMPLETE
390,-9999.0,2026-04-28 13:51:55.618405,2026-04-28 13:52:03.243271,0 days 00:00:07.624866,2,31,12,6,41,0.85,17,81,15,4,2.7600000000000002,1.7167811386745264,0.8848714869390725,55,-1.631709767310025,-1.631709767310025,0.9022486068895501,5,0.8333333333333334,1.8033999792380488,-0.5175575822112166,1.5600217952666922,0.23639080000001922,5,-1.631709767310025,1.7178326843827432,1.1973356087757514,11,-0.5971162929875482,0.9022486068895501,-0.060873123012017416,6,-1.199832481481228,1.9736635884461189,1.1388643876234061,9,-0.8691837332472805,2.372554626475311,1.556152164020519,11,-1.0189050242454893,1.7743655305867434,1.2413590842267563,13,5.417406400000058,55,0.45454545454545453,COMPLETE
391,-9999.0,2026-04-28 13:52:03.249093,2026-04-28 13:52:10.873295,0 days 00:00:07.624202,2,42,10,6,39,0.8,16,82,15,4,2.52,1.9498114329593657,1.5054964108317843,101,-2.1793453814396924,-2.0329805373258925,0.9333589247192756,15,0.6666666666666666,1.7861585215969107,-2.0329805373258925,5.0,5.97230240000004,16,-0.6688878952194992,2.1932706599759073,1.7726952774030247,20,-1.0047984337065716,0.9333589247192756,-0.11171018072212435,15,-1.5448478196982747,0.9568224662326261,-0.08249111661977615,15,-1.9686742550006318,1.2762640248689499,0.7290172045136378,16,-1.709201787460589,1.3391525219594362,0.7531648804159019,19,9.24287360000009,101,0.44554455445544555,COMPLETE
392,-9999.0,2026-04-28 13:52:10.878491,2026-04-28 13:52:18.501341,0 days 00:00:07.622850,2,31,10,7,39,0.85,15,81,15,4,2.64,2.5892139512517005,1.6390318537301443,73,-1.782954162537622,-1.782954162537622,1.4693705782205577,7,1.0,2.192528513410367,-0.39353701350430625,3.130630404397075,0.8993604000000266,7,-1.6210669476968518,3.090963621713614,2.777662800724756,13,-0.4423173705520039,3.2776041063001786,1.0611629026526348,8,-1.1610022137733682,2.432463504111295,1.6207097964490602,11,-1.782954162537622,1.4693705782205577,1.3978738857831408,17,-1.0552222587946392,2.134251492767483,2.0774213367712457,17,10.233146800000004,73,0.547945205479452,COMPLETE
393,-9999.0,2026-04-28 13:52:18.507349,2026-04-28 13:52:26.095547,0 days 00:00:07.588198,2,32,10,7,37,0.95,13,81,15,4,2.3800000000000003,3.501937878791944,1.513342202857195,34,-0.7280163135763439,-0.7280163135763439,0.8888538923417217,2,0.8333333333333334,4.00706219029686,-0.2817200547815636,2.691555824613,0.19559459999998197,2,-0.7238410153692859,5.0,2.4618623302226084,5,-0.20389184411603845,0.8888538923417217,-0.04110994145715141,4,-0.6355642357291942,5.0,1.6225391735708694,5,-0.7280163135763439,3.173320892656876,2.713766871048051,9,-0.6505249175084973,4.257896663140066,2.1274001837588097,9,9.393941999999878,34,0.6764705882352942,COMPLETE
394,-9999.0,2026-04-28 13:52:26.100666,2026-04-28 13:52:33.722879,0 days 00:00:07.622213,2,48,12,5,33,0.9,9,82,15,5,2.68,1.509312789024616,0.46276191001092815,82,-3.1283022947000956,-2.4880369831734894,0.11471353693997138,9,0.8333333333333334,1.306684178748011,-1.0197607492089085,1.4717318524269842,0.5954624000000575,15,-0.6942560321190693,1.52004372515619,0.7283008423251136,15,-0.8637614760595109,1.5752695328749202,0.46402804355356597,9,-0.922469019800668,2.433330965812065,2.061693947419374,14,-2.4880369831734894,0.11471353693997138,-2.3003187963162586,13,-1.2136379506745314,1.9407871209375656,1.2274050230837164,16,2.7529996000001278,82,0.4146341463414634,COMPLETE
395,-9999.0,2026-04-28 13:52:33.728227,2026-04-28 13:52:41.318538,0 days 00:00:07.590311,2,34,10,6,40,0.9,16,80,14,3,2.7800000000000002,2.2801030301614102,1.0162067320157675,44,-1.9577589721837958,-1.9577589721837958,0.8967019771632557,3,0.8333333333333334,2.159695468174361,-0.920872750279429,2.218497431205592,0.34627259999999715,3,-1.8028220895049143,2.291793801327621,1.7823039697042686,10,-0.3906238603807928,1.3291886508678066,0.1585820720709119,7,-1.1802122230449281,5.0,2.7157994112569916,8,-1.9577589721837958,1.9444363204041868,1.2096347754225745,7,-0.921773043532923,0.8967019771632557,-0.11535243636013881,9,6.2232389999999915,44,0.5454545454545454,COMPLETE
396,-9999.0,2026-04-28 13:52:41.323650,2026-04-28 13:52:48.948810,0 days 00:00:07.625160,2,35,10,6,40,0.8,15,80,14,4,2.3800000000000003,2.2313176420987877,1.6044230049047536,99,-1.6327264825892993,-1.3273887852084252,1.1251979066928037,13,1.0,2.0508241374876524,-0.3957649435784181,2.901859244964528,1.261465200000056,13,-0.7162505339806066,3.917713174326988,4.222209299021684,20,-0.43349683332353767,1.5993842426530562,0.7220080736055845,16,-1.3273887852084252,1.1251979066928037,0.23248533169029084,15,-1.1533619314538917,1.6219795479896115,1.5596007430807468,19,-0.6473854195566092,2.2217717359657385,1.6287693820301596,16,9.970198400000019,99,0.5252525252525253,COMPLETE
397,-9999.0,2026-04-28 13:52:48.954107,2026-04-28 13:52:56.511227,0 days 00:00:07.557120,2,45,14,7,41,0.85,18,79,11,5,2.66,1.924812605597192,1.1483685209044636,58,-2.0381197576061694,-2.0381197576061694,0.4745607191489657,7,0.5,2.185987669433227,-2.0381197576061694,5.0,6.89347620000007,12,-0.6269342418646611,0.7996360025103412,-0.27179376172256076,12,-0.8401077917786215,0.4745607191489657,-0.48141427355522515,7,-0.7028248238483452,2.9709134883073123,1.0677030133975585,8,-1.1528609754720058,0.5576220545753799,-0.6912687366980252,11,-0.4300185287022311,1.746143369041154,0.37350868400496395,8,6.87898939999998,58,0.43103448275862066,COMPLETE
