number,value,datetime_start,datetime_complete,duration,params_d_period,params_ema_period,params_k_period,params_left_bars,params_max_separation,params_min_close_ratio,params_min_separation,params_overbought,params_oversold,params_right_bars,params_rr_target,user_attrs_avg_profit_factor,user_attrs_avg_quarter_return,user_attrs_full_total_trades,user_attrs_max_drawdown_pct,user_attrs_max_quarter_drawdown_worst,user_attrs_min_profit_factor,user_attrs_min_trades_per_period,user_attrs_positive_ratio,user_attrs_profit_factor,user_attrs_q_2024-Q1_drawdown,user_attrs_q_2024-Q1_pf,user_attrs_q_2024-Q1_return,user_attrs_q_2024-Q1_trades,user_attrs_q_2024-Q2_drawdown,user_attrs_q_2024-Q2_pf,user_attrs_q_2024-Q2_return,user_attrs_q_2024-Q2_trades,user_attrs_q_2024-Q3_drawdown,user_attrs_q_2024-Q3_pf,user_attrs_q_2024-Q3_return,user_attrs_q_2024-Q3_trades,user_attrs_q_2024-Q4_drawdown,user_attrs_q_2024-Q4_pf,user_attrs_q_2024-Q4_return,user_attrs_q_2024-Q4_trades,user_attrs_q_2025-Q1_drawdown,user_attrs_q_2025-Q1_pf,user_attrs_q_2025-Q1_return,user_attrs_q_2025-Q1_trades,user_attrs_q_2025-Q2_drawdown,user_attrs_q_2025-Q2_pf,user_attrs_q_2025-Q2_return,user_attrs_q_2025-Q2_trades,user_attrs_total_return_pct,user_attrs_total_trades,user_attrs_win_rate,state
154,-9999.0,2026-04-28 12:18:56.609958,2026-04-28 12:19:03.989519,0 days 00:00:07.379561,3,53,14,5,57,0.8,15,83,12,4,2.56,1.3900222677581944,0.4097637898892577,82,-3.5900317563818196,-2.263628056994288,0.40857611345001765,10,0.3333333333333333,1.2081025411298347,-1.2699401569601034,4.47050178513471,4.27704640000004,18,-1.2194779046322197,0.592826740225918,-0.5067631067847245,11,-1.0277538941488669,0.40857611345001765,-0.7717971443295557,10,-1.4626465996017906,1.3128821146272962,0.6436538566894079,15,-2.263628056994288,0.7647018299246359,-0.6751191684148838,14,-1.6300520748138103,0.7906450231865889,-0.5084380978247371,14,2.3877747999999643,82,0.4024390243902439,COMPLETE
155,-9999.0,2026-04-28 12:19:03.994314,2026-04-28 12:19:11.444769,0 days 00:00:07.450455,3,38,12,5,37,0.8,10,81,15,4,2.52,1.6147344886339168,0.8498637829052154,114,-2.969811852443028,-2.1221792429249393,0.5794453874938024,15,0.6666666666666666,1.3864296555820246,-1.5695694580227701,0.5794453874938024,-1.127267200000004,22,-1.0810159997202669,1.992094306186937,1.953479736326269,19,-0.5211399993599726,2.607116406279234,2.1276666832572344,21,-2.1221792429249393,1.4800601261869195,1.1943474658680175,20,-1.9073395625759462,0.7342503198686706,-0.8592906217154916,17,-1.1184999118081347,2.295440385787938,1.8102466336952672,15,5.153024000000084,114,0.45614035087719296,COMPLETE
156,-9999.0,2026-04-28 12:19:11.449652,2026-04-28 12:19:18.883490,0 days 00:00:07.433838,3,36,14,5,32,0.9,9,85,15,4,2.3800000000000003,2.9703867713184096,1.1700300479076091,45,-1.1355734625207425,-1.0215345436833954,0.7323904357855048,4,0.8333333333333334,2.8424628341210654,-0.7663970729387951,1.401661816142954,0.15043440000002128,4,-0.4820044790119103,5.0,3.3752628435927967,12,-0.34974797075223996,5.0,1.4427737094458548,8,-0.6091965300179049,4.030867626049678,1.6564302351058657,7,-1.0215345436833954,1.65740074993232,0.637153968925519,6,-0.899274821854576,0.7323904357855048,-0.2418748696244033,8,7.1845180000000175,45,0.5777777777777777,COMPLETE
157,-9999.0,2026-04-28 12:19:18.888407,2026-04-28 12:19:26.302783,0 days 00:00:07.414376,2,51,12,7,39,0.85,15,87,11,5,2.54,1.64228761772341,0.40558645750184236,83,-3.5406634214844552,-2.169270650178426,0.2012129662163606,11,0.5,1.233452231931744,-2.037673342976004,4.783983967858144,3.8991306000000003,14,-1.1130680432445184,0.4795400951881723,-0.9746156624721447,16,-0.682093845487434,1.9165475972772368,0.8768474799924819,11,-1.0971404046692443,1.721422167761753,1.111813444240295,14,-2.169270650178426,0.2012129662163606,-2.036315895775398,14,-0.7921926898213255,0.7510189120387956,-0.4433412209741805,14,2.34986479999999,83,0.37349397590361444,COMPLETE
158,-9999.0,2026-04-28 12:19:26.307732,2026-04-28 12:19:33.691606,0 days 00:00:07.383874,3,49,12,7,52,0.95,11,88,11,5,2.2800000000000002,1.846506264369845,0.03848925851940299,38,-2.135293917966884,-1.215075507726478,0.12903526926776532,5,0.3333333333333333,1.0454897578115636,-1.0784121868106944,0.3383878303937126,-0.5236527999999852,5,-1.125375978385581,0.25226540178154233,-0.8050243324575934,9,-0.7490323073648686,0.6693660462492834,-0.23763295726794142,5,-0.5567177120729886,4.689983038526767,2.0110642294959735,9,-1.215075507726478,0.12903526926776532,-1.0183236444076815,5,-0.07072992012972194,5.0,0.804505055753646,5,0.1978204000000261,38,0.42105263157894735,COMPLETE
159,-9999.0,2026-04-28 12:19:33.696499,2026-04-28 12:19:41.102172,0 days 00:00:07.405673,2,32,13,7,58,0.9,16,79,13,5,2.72,2.965464764596019,0.990821170579435,38,-2.4812730817896136,-1.8278192263128816,0.0,4,0.6666666666666666,2.63853831186076,-1.4069369936002183,0.0,-1.0248100000000093,6,-1.8278192263128816,2.1639100067893073,1.506912186781384,8,-0.46839094804160636,0.6288785807868033,-0.3129647213351183,7,-1.2078762565710521,5.0,2.5221480331631962,6,-0.1949556075615952,5.0,1.6083145717435965,4,-0.13830750767890945,5.0,1.6453269531235604,7,6.046173599999971,38,0.5526315789473685,COMPLETE
160,-9999.0,2026-04-28 12:19:41.107109,2026-04-28 12:19:48.576960,0 days 00:00:07.469851,3,34,11,5,54,0.95,9,81,15,3,2.24,2.225182229024205,0.6513275901343651,29,-1.786054008106253,-1.786054008106253,0.0,0,0.6666666666666666,2.7412877655658265,0.0,0.0,0.0,0,-1.786054008106253,4.28084688006254,2.3492175999999754,8,-0.21912749399017303,3.0379674439066027,0.7241559998012015,7,-1.042097422065666,3.20352239953861,0.8893570381601323,4,-0.41185549084769846,2.277233305459379,0.20559571267948495,3,-0.459142126519539,0.5515233451780996,-0.2603608098346033,7,3.9497107999999947,29,0.5862068965517241,COMPLETE
161,-9999.0,2026-04-28 12:19:48.581913,2026-04-28 12:19:56.031828,0 days 00:00:07.449915,3,35,11,6,47,0.95,12,78,12,3,2.72,1.7876518234342311,0.17019404593236476,21,-2.575865598376894,-2.575865598376894,0.0,0,0.5,1.3776600048907413,0.0,0.0,0.0,0,-2.575865598376894,0.7827761294617587,-0.2643027999999936,4,-0.12300468042716875,3.120475583863985,0.30041721110061204,4,-1.07396673603212,3.4599730820996504,1.023184207245298,3,-0.423629254039906,2.816409031179076,0.30091689332829574,3,-0.584721007214697,0.5462771140009174,-0.3390512360800235,7,1.0192968000000135,21,0.42857142857142855,COMPLETE
162,-9999.0,2026-04-28 12:19:56.036720,2026-04-28 12:20:03.553221,0 days 00:00:07.516501,3,30,11,5,48,0.95,13,78,12,3,2.56,3.368632456653028,0.46932714935939795,15,-0.7905031434956968,-0.7905031434956968,0.0,0,0.6666666666666666,3.846465489566548,0.0,0.0,0.0,0,-0.7226814796417425,5.0,1.2105663999999683,1,-0.12123069407609416,5.0,0.5950295719321153,5,-0.3431642428681281,5.0,0.9235333940214252,2,-0.18009348115008905,5.0,0.7382669612852055,2,-0.7905031434956968,0.2117947399181674,-0.6514334310823267,5,2.837356799999946,15,0.6,COMPLETE
163,-9999.0,2026-04-28 12:20:03.558129,2026-04-28 12:20:10.972527,0 days 00:00:07.414398,3,45,14,5,46,0.95,13,80,13,5,2.6,2.4075642835239983,0.4224748351271142,31,-1.7444674793030592,-1.2766859236022343,0.0,3,0.5,1.717794486215561,-1.0748771051493835,0.6150334231268485,-0.19292599999998217,3,-1.0544976077672497,0.4826397857930312,-0.4936603992618638,7,-0.4592916161687183,5.0,2.0265184998512487,6,-0.5175125315714424,5.0,1.873729793019674,7,-1.2766859236022343,0.0,-1.0853995265359684,4,-0.36869880391305193,3.3477124922241095,0.4065866436895771,4,2.520320000000087,31,0.4838709677419355,COMPLETE
164,-9999.0,2026-04-28 12:20:10.977315,2026-04-28 12:20:18.382739,0 days 00:00:07.405424,2,55,14,5,49,0.8,15,78,12,5,2.52,1.8691176341197193,1.6500654376831883,112,-2.042038810290121,-2.042038810290121,0.829746919746914,13,0.8333333333333334,1.7570305790326088,-2.042038810290121,5.0,6.778536000000046,20,-0.8311796832958676,1.1840004190383169,0.39477746726181984,20,-0.6386398860993041,0.829746919746914,-0.20984948278991444,13,-2.02319517328175,1.7503907577784212,1.9769820335822308,19,-1.1586235418794273,1.0503580447768461,0.15208324294924136,22,-0.9828125208058326,1.4002096633778167,0.8078633650957068,18,10.13853960000004,112,0.45535714285714285,COMPLETE
165,-9999.0,2026-04-28 12:20:18.387733,2026-04-28 12:20:25.909040,0 days 00:00:07.521307,3,56,11,7,53,0.8,9,79,13,3,2.4000000000000004,1.2948906001572982,0.5818069963625568,175,-3.972107119051787,-2.2784251767519708,0.43458183770473563,25,0.5,1.1549526740137093,-1.77141415023659,0.9044655808611697,-0.39845400000003695,33,-2.2635344173164733,0.43458183770473563,-2.0195730696790926,27,-1.01555131886074,1.294303034600104,0.6805368007916535,27,-1.2028525434545574,2.9080807822912083,5.3243203269691675,30,-2.2784251767519708,0.7639925242416391,-1.399633467568473,33,-1.8924819206125474,1.463919841244932,1.3036453876621223,25,3.3673059999999255,175,0.41714285714285715,COMPLETE
166,-9999.0,2026-04-28 12:20:25.913964,2026-04-28 12:20:33.313659,0 days 00:00:07.399695,3,58,13,7,44,0.85,12,76,10,4,2.3400000000000003,1.0936410677981903,0.26030490103540194,89,-3.3801990286040313,-2.4333880002473047,0.6928887013288808,10,0.5,1.1221485566382816,-1.5019814921999415,0.9322266780766463,-0.12117259999997465,14,-1.5927190245096061,1.4807974082668027,0.7696940583025169,16,-0.9103787039240946,0.6928887013288808,-0.35429562123799885,10,-2.1515501546013605,1.3075417780593819,0.9921795693593527,20,-2.4333880002473047,0.8118195687285332,-0.4980890480950628,13,-1.810570616966435,1.336572272328896,0.7735130478835783,16,1.561129400000083,89,0.47191011235955055,COMPLETE
167,-9999.0,2026-04-28 12:20:33.318653,2026-04-28 12:20:40.734077,0 days 00:00:07.415424,2,60,14,5,50,0.95,10,80,14,4,2.7800000000000002,1.645836777042028,1.0495542339942283,59,-2.050862286099991,-2.050862286099991,0.1791388432222304,6,0.6666666666666666,1.8851826143421442,-2.050862286099991,4.463919107135152,5.645529999999965,15,-1.2604327734834593,1.0133230063549306,0.023039498216359533,15,-0.6713808616885845,0.1791388432222304,-0.5197680274996452,6,-1.0623843106324071,2.393717468374854,1.3163868725599048,9,-0.6374097878438524,1.141345100486364,0.133985605191711,8,-1.062566092551493,0.6835771366786365,-0.3018485445029251,6,6.325214000000057,59,0.4067796610169492,COMPLETE
168,-9999.0,2026-04-28 12:20:40.739358,2026-04-28 12:20:48.168402,0 days 00:00:07.429044,3,54,12,6,30,0.85,9,85,10,3,2.3600000000000003,1.468588178555885,0.36181282523751745,104,-3.8490759054830854,-2.9167384988761995,0.21813686746723945,13,0.6666666666666666,1.1800229753704432,-2.9167384988761995,0.21813686746723945,-2.858905999999972,22,-0.4732586498624568,0.971265357955459,-0.027951919092028543,13,-0.9986348731464167,1.0469884707969133,0.0763803827580789,19,-0.6910013439657726,3.398888397331142,2.7338576737033327,15,-2.0746915426964,1.3391372593184525,0.9651229561566721,20,-1.9154130831655167,1.8371127184661045,1.2823738578990218,15,2.1014748000000916,104,0.4230769230769231,COMPLETE
169,-9999.0,2026-04-28 12:20:48.173417,2026-04-28 12:20:55.598150,0 days 00:00:07.424733,3,35,11,6,58,0.95,14,83,13,4,2.58,3.7432503884759076,1.2223840309707024,18,-0.7266771732515525,-0.7266771732515525,0.0,0,0.8333333333333334,5.0,0.0,0.0,0.0,0,-0.7266771732515525,5.0,2.9249319999999246,6,0.0,5.0,0.6554373045395856,2,-0.6503384155654388,5.0,1.6953440075300197,4,-0.13575995856322187,5.0,1.8426660815009432,3,-0.2051971243669477,2.459502330855447,0.21592479225374106,3,7.528947999999969,18,0.7777777777777778,COMPLETE
170,-9999.0,2026-04-28 12:20:55.603114,2026-04-28 12:21:03.023176,0 days 00:00:07.420062,3,36,10,6,60,0.95,14,86,13,3,2.58,2.9435163419361134,0.539373745754157,15,-1.8196993471349863,-1.8196993471349863,0.0,0,0.8333333333333334,3.9818012337467272,0.0,0.0,0.0,0,-1.8196993471349863,3.0831925399779956,1.0968842000000034,4,-0.09727066120377419,2.6839130942646072,0.14259569040209197,2,-0.5195627228856337,5.0,1.3467545830523342,2,-0.18035386190697478,5.0,0.2281114100397108,1,-0.2830092010897109,1.8939924173740763,0.42189659103080146,6,3.272437400000028,15,0.6,COMPLETE
171,-9999.0,2026-04-28 12:21:03.028089,2026-04-28 12:21:10.367501,0 days 00:00:07.339412,2,42,11,5,40,0.8,18,90,10,5,2.68,1.9079567926325358,0.8507124163564065,63,-2.0497032709408742,-2.0497032709408742,1.0114794853422084,9,1.0,1.756583938828533,-2.0497032709408742,5.0,3.4824352000000447,10,-0.5952787224663337,1.7235663064929145,0.7157040695540129,11,-0.6847163817868657,1.2611279128930557,0.24621268279898523,10,-1.0955387872073126,1.3145393986192992,0.5224296565949693,13,-0.9224483332338372,1.0114794853422084,0.014033924239176265,9,-0.7039658442403842,1.137027652447736,0.12345896495125075,10,5.169927200000024,63,0.42857142857142855,COMPLETE
172,-9999.0,2026-04-28 12:21:10.372543,2026-04-28 12:21:17.732780,0 days 00:00:07.360237,2,48,12,5,50,0.8,15,90,10,5,2.62,1.8167906236919278,0.9753713120730554,92,-3.2448631333925775,-2.074724856586586,0.27710982950291274,13,0.6666666666666666,1.5537245921706182,-2.037845800065491,4.501718449486384,4.478908000000037,17,-0.5929068866602291,0.824122185572932,-0.2347643220007245,14,-0.8928148839361282,1.5499622059896323,0.643580586920911,13,-1.2633008066198985,1.5437277832887037,1.3898625976576984,19,-2.074724856586586,0.27710982950291274,-1.8878981803395756,15,-0.7557601816485378,2.204103288311001,1.4625391901999851,14,5.880693600000053,92,0.42391304347826086,COMPLETE
173,-9999.0,2026-04-28 12:21:17.737752,2026-04-28 12:21:25.155491,0 days 00:00:07.417739,2,59,13,5,55,0.8,12,89,13,3,2.58,1.1835469929176783,-0.0029172441010768177,99,-4.868168230839172,-3.873984677296627,0.2116812333278613,10,0.5,0.989717259870271,-1.302642758875849,2.3652588834348354,2.978817399999989,19,-2.6995052378488973,0.2116812333278613,-2.4708465917962386,18,-0.7727010872451496,0.9607078408946111,-0.043099389698220136,10,-1.177784576223041,1.4427694344307733,1.6641205208564047,19,-3.873984677296627,0.45735158720470304,-3.1770780389465902,20,-1.5049969581985905,1.6635129782132854,1.0305826349781944,13,-0.16245659999999384,99,0.36363636363636365,COMPLETE
174,-9999.0,2026-04-28 12:21:25.160496,2026-04-28 12:21:32.560400,0 days 00:00:07.399904,2,55,10,5,51,0.8,15,89,11,5,2.7800000000000002,1.4270857640041117,0.6293785786876633,110,-3.1485303611315483,-2.597596224496628,0.8253686734787185,14,0.3333333333333333,1.2442597779255296,-2.036830819575094,3.9624147244800523,4.727154800000011,20,-1.1426370573196092,0.8838548185231614,-0.21178079402953687,17,-0.7148385363002571,0.8615596127492178,-0.20976550305800146,14,-2.597596224496628,1.060818355379124,0.2388746809827813,22,-1.919632224671405,0.8253686734787185,-0.7126514072144596,23,-0.7504315821508877,0.9684983994143972,-0.055560304554813644,14,3.732621600000008,110,0.38181818181818183,COMPLETE
175,-9999.0,2026-04-28 12:21:32.565231,2026-04-28 12:21:39.972095,0 days 00:00:07.406864,3,47,11,5,54,0.8,11,90,11,5,2.6,0.9562577786335699,-0.2372195964708316,97,-4.183367235059814,-3.164728003805232,0.25569547540838217,14,0.3333333333333333,0.8897811702230242,-1.8808782159747552,0.8517282200429931,-0.3043559999999612,16,-1.2693190016085365,0.845688668447171,-0.29209300257893034,17,-1.3225921172420958,1.0227545195052175,0.03849325040210516,15,-1.2565795160093465,1.7675444636431148,1.782338903415237,20,-3.164728003805232,0.25569547540838217,-2.637165537833197,15,-1.332788900000602,0.9941353247545406,-0.01053519223024324,14,-1.4644819999998782,97,0.41237113402061853,COMPLETE
176,-9999.0,2026-04-28 12:21:39.977221,2026-04-28 12:21:47.440730,0 days 00:00:07.463509,3,30,14,5,53,0.8,9,88,12,3,2.68,1.7898831262473214,0.8394597728875408,53,-1.894656644739309,-1.894656644739309,0.14978111961444562,6,0.6666666666666666,1.7962537803871421,-1.1493968836938977,0.14978111961444562,-0.7621191999999999,6,-1.894656644739309,3.201270761041751,1.9752634620952225,10,-1.4177817106808654,1.8641933287950745,1.05375506176546,12,-0.6292356795098011,2.636188078264829,1.0548519889465036,6,-1.0440413680252931,2.0433972255736053,1.849392925568183,12,-0.8357541577818731,0.8444682441942216,-0.13438560105012431,7,5.11298439999992,53,0.5094339622641509,COMPLETE
177,-9999.0,2026-04-28 12:21:47.445651,2026-04-28 12:21:54.826500,0 days 00:00:07.380849,2,54,14,7,47,0.95,14,83,11,5,2.66,2.506699582839793,1.4094574555952868,42,-2.0381779810389262,-2.0381779810389262,0.0,5,0.5,3.0104200909805074,-2.0381779810389262,5.0,6.40080660000002,8,-0.7594359428456795,0.6791094854376933,-0.3289796489193142,9,-1.0730292612780834,0.0,-0.890101979985991,5,-0.5168326051827319,5.0,2.9560714589514037,8,-1.0782891470363336,0.1567198391770536,-0.8954536518535394,5,-0.5663358275834003,4.204368172424013,1.2144019553791408,7,8.547220599999994,42,0.47619047619047616,COMPLETE
178,-9999.0,2026-04-28 12:21:54.831537,2026-04-28 12:22:02.316685,0 days 00:00:07.485148,3,37,14,5,56,0.85,11,80,14,4,2.3000000000000003,2.556211668983883,1.0371797440220227,67,-2.27498333577548,-1.8620639709457814,0.1261104188585726,6,0.6666666666666666,2.0069861969684277,-0.9847484526954773,0.7224648959989376,-0.33343899999997983,10,-0.7860843233266936,3.0439522192493005,2.904883012869286,17,-0.4070501991432906,5.0,2.4459467631200216,12,-0.6376723258193344,3.9114644201010034,2.1576683602238633,12,-1.8620639709457814,0.1261104188585726,-1.6791960948125406,10,-0.5956783659656083,2.5332780596954834,0.7272154227314864,6,6.302495000000086,67,0.582089552238806,COMPLETE
179,-9999.0,2026-04-28 12:22:02.321923,2026-04-28 12:22:09.759951,0 days 00:00:07.438028,3,31,13,6,45,0.9,12,76,10,5,2.5,2.5887936412808275,0.9124516193213138,28,-1.260964612203311,-1.154149687957035,0.0,2,0.6666666666666666,2.401932873461241,-0.905720282583305,0.0,-0.42435000000000667,2,-0.7283303415585421,3.283852303676028,1.8274598257706165,6,-0.6070373089211645,5.0,2.034230266268078,7,-0.5297815413270197,4.908901977595864,2.027069543313087,5,-1.154149687957035,0.6883234800735719,-0.36260197099843294,4,-0.7114025975125284,1.6516840863395004,0.3729020515745418,4,5.564579999999819,28,0.5714285714285714,COMPLETE
180,-9999.0,2026-04-28 12:22:09.765144,2026-04-28 12:22:17.126682,0 days 00:00:07.361538,3,32,13,7,60,0.9,14,87,11,5,2.22,3.3688115975533592,0.8524825702444913,28,-0.9066061757839066,-0.9066061757839066,0.29221456730585343,1,0.8333333333333334,3.4176270870167174,-0.9066061757839066,0.29221456730585343,-0.36984620000000135,4,-0.7253444668365411,5.0,3.2824468047744526,9,-0.41554940841103916,1.6863305879011512,0.37575264264657626,6,-0.5351741967593074,3.234324430113151,1.160587588431361,5,0.0,5.0,0.14067780577504685,1,-0.007059114753996711,5.0,0.5252767798395119,3,5.182449599999939,28,0.6071428571428571,COMPLETE
181,-9999.0,2026-04-28 12:22:17.131472,2026-04-28 12:22:24.521776,0 days 00:00:07.390304,3,32,13,6,44,0.9,17,77,10,3,2.22,3.1347066912763193,0.7516878590632325,21,-1.4281928510190463,-0.8608124780556472,0.25999080232059707,1,0.6666666666666666,3.430131317278049,-0.012093903463269986,5.0,0.20644000000000773,1,-0.7212035446972975,5.0,2.9192962049145343,3,-0.23786678504737957,3.9891225811987567,0.6755191427795681,6,-0.6186099166734453,3.8086812736103273,1.2531456988812417,4,-0.5183245277040841,0.25999080232059707,-0.39795810349029237,3,-0.8608124780556472,0.7504454905282351,-0.1463157887056643,4,4.557978599999912,21,0.6190476190476191,COMPLETE
182,-9999.0,2026-04-28 12:22:24.526735,2026-04-28 12:22:32.044590,0 days 00:00:07.517855,3,40,11,5,41,0.8,8,81,15,3,2.4200000000000004,1.269492869943783,0.5334759615872579,149,-3.138838794231434,-3.138838794231434,0.9030100999336652,19,0.5,1.162863429372875,-3.138838794231434,0.9074286932878423,-0.36463559999998507,25,-2.575461105975567,0.9197288692018041,-0.27681938201452594,29,-1.1650843455633177,1.2776112557332384,0.6310990460722143,26,-1.2007429787336572,2.2903295936853763,3.0344614658388114,22,-1.9534179068528617,0.9030100999336652,-0.5124002944232875,28,-1.0404989664612863,1.3188487078207713,0.6891505340503201,19,3.199118199999895,149,0.38926174496644295,COMPLETE
183,-9999.0,2026-04-28 12:22:32.049394,2026-04-28 12:22:39.468548,0 days 00:00:07.419154,3,47,14,5,44,0.85,11,81,15,4,2.52,1.9608300064529447,0.9863891059992137,94,-3.3311784321645064,-2.8364647660940863,0.4796994981197451,13,0.8333333333333334,1.5141908776297328,-2.337599032123588,1.3234955198999754,0.8693748000000001,20,-0.946028948704041,2.009546505058838,1.558996874044305,18,-0.535929063859972,1.7415973504280857,0.7803203604767273,13,-0.794536894911152,4.583860306106332,3.300032822910892,15,-2.8364647660940863,0.4796994981197451,-1.7137698847384253,15,-1.6593275302644428,1.6267808591046913,1.1233796633017823,13,5.998124000000038,94,0.46808510638297873,COMPLETE
184,-9999.0,2026-04-28 12:22:39.473488,2026-04-28 12:22:46.895866,0 days 00:00:07.422378,3,33,10,6,48,0.95,15,78,10,3,2.4200000000000004,3.405255131866842,0.749360866421304,16,-0.7226814796417425,-0.7226814796417425,0.0,0,0.6666666666666666,5.0,0.0,0.0,0.0,0,-0.7226814796417425,5.0,1.988443999999956,2,-0.11367614429410747,5.0,0.6020089883908675,4,-0.3366328247073164,5.0,2.042202051843134,3,-0.13885515673992857,5.0,0.1879770653076429,1,-0.5368783909974979,0.43153079120105137,-0.32446690701377623,6,4.554231999999914,16,0.6875,COMPLETE
185,-9999.0,2026-04-28 12:22:46.900864,2026-04-28 12:22:54.772414,0 days 00:00:07.871550,3,43,13,5,52,0.8,10,90,14,3,2.56,1.8437199694232798,1.1800272144438035,101,-2.7663137561987505,-2.7663137561987505,0.6169602094526518,14,0.6666666666666666,1.590513161184677,-2.7663137561987505,0.9503411462124469,-0.16373120000000574,21,-2.1017883747604995,0.6169602094526518,-0.844077217757544,17,-0.5750320587598526,1.9075001705928167,1.2090978802688612,16,-0.8306561734187151,3.921221289854058,3.17233301677764,15,-1.5540224136782403,2.0708535014777327,2.7831719007358924,18,-1.6146890988123532,1.5954434989499724,0.923368906637978,14,7.2268535999999495,101,0.43564356435643564,COMPLETE
