number,value,datetime_start,datetime_complete,duration,params_d_period,params_ema_period,params_k_period,params_left_bars,params_max_separation,params_min_close_ratio,params_min_separation,params_overbought,params_oversold,params_right_bars,params_rr_target,user_attrs_avg_profit_factor,user_attrs_avg_quarter_return,user_attrs_full_total_trades,user_attrs_max_drawdown_pct,user_attrs_max_quarter_drawdown_worst,user_attrs_min_profit_factor,user_attrs_min_trades_per_period,user_attrs_positive_ratio,user_attrs_profit_factor,user_attrs_q_2024-Q1_drawdown,user_attrs_q_2024-Q1_pf,user_attrs_q_2024-Q1_return,user_attrs_q_2024-Q1_trades,user_attrs_q_2024-Q2_drawdown,user_attrs_q_2024-Q2_pf,user_attrs_q_2024-Q2_return,user_attrs_q_2024-Q2_trades,user_attrs_q_2024-Q3_drawdown,user_attrs_q_2024-Q3_pf,user_attrs_q_2024-Q3_return,user_attrs_q_2024-Q3_trades,user_attrs_q_2024-Q4_drawdown,user_attrs_q_2024-Q4_pf,user_attrs_q_2024-Q4_return,user_attrs_q_2024-Q4_trades,user_attrs_q_2025-Q1_drawdown,user_attrs_q_2025-Q1_pf,user_attrs_q_2025-Q1_return,user_attrs_q_2025-Q1_trades,user_attrs_q_2025-Q2_drawdown,user_attrs_q_2025-Q2_pf,user_attrs_q_2025-Q2_return,user_attrs_q_2025-Q2_trades,user_attrs_total_return_pct,user_attrs_total_trades,user_attrs_win_rate,state
489,0.41004646250402843,2026-04-28 14:04:32.443746,2026-04-28 14:04:40.051968,0 days 00:00:07.608222,2,43,14,6,34,0.8,11,78,10,4,2.8,1.5967135644120098,1.2891932488966622,104,-2.33674741067651,-2.0584035638072926,1.295675115889112,10,1.0,1.6067698969953819,-2.0584035638072926,1.7167071764512196,2.131910000000037,22,-1.070049050200513,1.4685747096850923,0.9268640917417414,18,-0.4250218886272642,1.295675115889112,0.23266531904693188,10,-1.9991128013368498,1.489050416744401,1.243145918244415,21,-1.7324013807488758,1.4189350458639935,1.1618412363116004,18,-1.6313948768538453,2.1913389218382395,2.0387329280352473,15,7.975426000000074,104,0.41346153846153844,COMPLETE
490,-9999.0,2026-04-28 14:04:40.057938,2026-04-28 14:04:47.775630,0 days 00:00:07.717692,3,31,11,5,32,0.85,8,80,14,3,2.7800000000000002,1.9533126885825434,1.5349840691805987,98,-1.8705824609627097,-1.8705824609627097,0.9504393928925153,11,0.8333333333333334,1.86236347310474,-1.421714460910803,1.8912228100177704,1.1152584000000187,11,-1.8705824609627097,1.8012282873117171,1.4853212302131213,16,-0.8737063970537076,2.0547580496601445,2.12028506955686,24,-1.065485043287378,3.154133301968159,2.6215188764926456,12,-1.141983950664313,1.8680942896449526,1.965641891288361,17,-1.0966673382145358,0.9504393928925153,-0.09812105246741476,18,9.546346399999962,98,0.46938775510204084,COMPLETE
491,-9999.0,2026-04-28 14:04:47.780660,2026-04-28 14:04:55.366058,0 days 00:00:07.585398,2,43,14,6,35,0.8,13,77,10,4,2.7600000000000002,1.5210346589467882,0.9513329387740818,87,-2.047426872018111,-2.047426872018111,1.061792995885346,11,1.0,1.5350894242502944,-2.047426872018111,2.5381324805564014,2.9724564000000564,17,-1.0692753517209936,1.2231928748934409,0.35847644399789047,14,-0.43531257125190065,1.061792995885346,0.05827431233871305,11,-1.7002537829630218,1.722266238164842,1.3714645807457515,16,-1.7475136940573972,1.0689590697271827,0.18239890205917764,16,-1.547412277870488,1.511864294453516,0.7649269935029013,13,5.814378000000109,87,0.41379310344827586,COMPLETE
492,-9999.0,2026-04-28 14:04:55.371083,2026-04-28 14:05:03.053589,0 days 00:00:07.682506,2,42,14,6,33,0.8,9,78,11,4,2.8,1.612937726824364,1.5870027309251002,119,-2.2707998419497897,-2.1505164211486205,0.6854011882884795,16,0.8333333333333334,1.6559812544716197,-2.0548737292821126,1.8238086224200234,2.306590000000064,22,-1.0054002454763233,1.7709172760177618,1.750849089975559,21,-1.1134374223326533,0.6854011882884795,-0.5361226378757133,16,-2.1505164211486205,1.2864376447706893,0.8193067372436191,21,-1.0196843181217228,2.072361396017871,2.949650170651763,19,-1.6015274677220366,2.0387002334313604,2.2317430255553106,20,9.86551200000012,119,0.40336134453781514,COMPLETE
493,-9999.0,2026-04-28 14:05:03.058768,2026-04-28 14:05:10.685009,0 days 00:00:07.626241,3,30,11,7,35,0.8,12,82,15,5,2.4200000000000004,2.0147681091963787,0.8781208841925384,86,-3.8846738409312174,-3.3273331062562104,0.2353825833892998,9,0.5,1.4800951755704341,-1.2793002216217775,0.2353825833892998,-1.0246638000000141,9,-0.8302505667290208,3.80599145754014,4.155092933142268,19,-0.8105118726263558,2.042986882318137,1.6088981827610427,16,-0.5158677805781928,5.0,3.5045138339414583,11,-3.3273331062562104,0.41043368058311036,-2.3985922495686873,19,-1.0555344062242926,0.5938140513475854,-0.576523595120837,12,5.2067378000000275,86,0.4418604651162791,COMPLETE
494,-9999.0,2026-04-28 14:05:10.691103,2026-04-28 14:05:18.358165,0 days 00:00:07.667062,2,44,12,6,32,0.85,9,79,11,4,2.8,1.7971251512416477,1.4083460632481966,105,-2.1402660639849724,-2.053722508795554,0.9419026984191959,15,0.8333333333333334,1.6866203361582488,-2.053722508795554,1.9188620787510677,2.3636900000000516,20,-1.002243684394544,1.9005483175797744,1.7023321453144558,19,-1.2049491699299044,2.261317679637693,1.6800565114912347,18,-1.0664172900048947,1.6353178683622154,1.2724086078861108,17,-1.4853656176516767,0.9419026984191959,-0.17233785540400337,16,-1.0302808930735705,2.1248022646999396,1.6039269702013303,15,8.73394800000018,105,0.44761904761904764,COMPLETE
495,-9999.0,2026-04-28 14:05:18.363306,2026-04-28 14:05:25.985876,0 days 00:00:07.622570,2,37,10,7,38,0.8,16,80,14,4,2.5,1.913998708621343,1.2757445507559195,95,-1.3583937482127078,-1.355750931662612,0.9783594635017484,14,0.8333333333333334,1.8107057447067159,-0.8443031827145812,1.9324371243192053,0.8593900000000154,14,-0.5668644081058194,2.866033856445809,3.0864305247136903,19,-0.9840461459423263,2.1374664622460573,1.42713430191459,15,-1.1312481862220474,1.3288671119224338,0.5705830204150164,15,-1.355750931662612,0.9783594635017484,-0.050613869963567204,16,-0.651057276956156,2.240828233292805,1.7615433274557724,16,7.871515000000051,95,0.4842105263157895,COMPLETE
496,-9999.0,2026-04-28 14:05:25.991555,2026-04-28 14:05:33.634879,0 days 00:00:07.643324,2,47,12,6,33,0.95,10,79,12,5,2.52,1.5520630440992143,0.15713855755050132,44,-1.7701182389319878,-1.167040212595847,0.5278933318186774,4,0.5,1.1897313052855307,-1.0763050946113584,0.6296057851427216,-0.3267839999999689,7,-0.8460740507042872,0.8067498055622774,-0.21688033021828312,9,-0.7734267913985653,2.085926928281476,0.7584681452689646,9,-0.4762797092326238,3.029540718874806,0.9330775263616253,4,-1.167040212595847,0.5278933318186774,-0.6574158923178253,8,-0.5628262630876862,2.2326616949153273,0.4523658962084953,7,0.9360356000000625,44,0.4090909090909091,COMPLETE
497,-9999.0,2026-04-28 14:05:33.640763,2026-04-28 14:05:41.263555,0 days 00:00:07.622792,2,37,14,5,36,0.9,14,76,10,4,2.72,1.8469256245528058,0.6227125217585042,37,-1.6221687938528364,-1.193155666208576,0.1508107578183392,4,0.5,1.9020805693471043,-0.41808821942425956,0.8039723931170264,-0.06276999999998978,4,-0.8958001924442546,2.6889685617005212,1.5734680659049927,9,-0.3971823611122356,0.5447728275253582,-0.16266424103598132,4,-1.193155666208576,3.913476209731766,2.5593962043384932,8,-1.1901963934345103,0.1508107578183392,-1.0000554174395937,5,-0.3815871139972656,2.9795529974238226,0.8289005187831044,7,3.751888400000025,37,0.4594594594594595,COMPLETE
498,-9999.0,2026-04-28 14:05:41.268920,2026-04-28 14:05:48.882434,0 days 00:00:07.613514,2,32,10,5,39,0.8,17,81,15,4,2.72,2.197397161321126,1.315184451889954,77,-1.6187034111309395,-1.6187034111309395,1.013855434686653,9,1.0,2.062192889569218,-0.3818643709567499,3.5293897257628952,1.0477744000000344,9,-1.6187034111309395,1.617873278555202,1.2703032873528253,16,-0.45886010789521914,1.013855434686653,0.013803389489108753,10,-0.8453609449265953,1.139594462355402,0.1798030953830132,11,-0.5670039649410397,3.646790718798831,3.86506002350544,18,-0.7159381859261132,2.2368793477677715,1.5143625156093021,13,8.10504160000014,77,0.4935064935064935,COMPLETE
499,-9999.0,2026-04-28 14:05:48.888278,2026-04-28 14:05:56.553568,0 days 00:00:07.665290,2,34,11,5,28,0.8,8,82,14,4,2.56,2.0569285365337713,1.770159876748667,139,-2.836267671221517,-2.704310527276868,0.9007552704217142,19,0.8333333333333334,1.7130342973148787,-1.9819642563376143,1.438944503215227,1.1078652000000355,25,-0.7148203055138214,3.2730787880129992,4.0615926287008275,26,-0.6313012866868712,2.8764579116481888,2.669786395167484,22,-1.5413400860844315,1.52996306358778,1.3561213964492946,20,-2.704310527276868,0.9007552704217142,-0.48207780125335553,27,-1.0772186451911971,2.322371682316719,1.9076714414277163,19,11.039175600000073,139,0.48201438848920863,COMPLETE
