number,value,datetime_start,datetime_complete,duration,params_d_period,params_ema_period,params_k_period,params_left_bars,params_max_separation,params_min_close_ratio,params_min_separation,params_overbought,params_oversold,params_right_bars,params_rr_target,user_attrs_avg_profit_factor,user_attrs_avg_quarter_return,user_attrs_full_total_trades,user_attrs_max_drawdown_pct,user_attrs_max_quarter_drawdown_worst,user_attrs_min_profit_factor,user_attrs_min_trades_per_period,user_attrs_positive_ratio,user_attrs_profit_factor,user_attrs_q_2024-Q1_drawdown,user_attrs_q_2024-Q1_pf,user_attrs_q_2024-Q1_return,user_attrs_q_2024-Q1_trades,user_attrs_q_2024-Q2_drawdown,user_attrs_q_2024-Q2_pf,user_attrs_q_2024-Q2_return,user_attrs_q_2024-Q2_trades,user_attrs_q_2024-Q3_drawdown,user_attrs_q_2024-Q3_pf,user_attrs_q_2024-Q3_return,user_attrs_q_2024-Q3_trades,user_attrs_q_2024-Q4_drawdown,user_attrs_q_2024-Q4_pf,user_attrs_q_2024-Q4_return,user_attrs_q_2024-Q4_trades,user_attrs_q_2025-Q1_drawdown,user_attrs_q_2025-Q1_pf,user_attrs_q_2025-Q1_return,user_attrs_q_2025-Q1_trades,user_attrs_q_2025-Q2_drawdown,user_attrs_q_2025-Q2_pf,user_attrs_q_2025-Q2_return,user_attrs_q_2025-Q2_trades,user_attrs_total_return_pct,user_attrs_total_trades,user_attrs_win_rate,state
248,-9999.0,2026-04-28 14:37:17.076977,2026-04-28 14:37:24.701030,0 days 00:00:07.624053,3,60,14,5,37,0.9,14,84,13,5,2.7800000000000002,2.167687615693936,0.7759204631842747,57,-1.5860010884174298,-1.1826130590149893,0.5714594991285349,7,0.5,1.790835616670333,-0.9550093208434612,5.0,2.857328800000003,7,-0.8991420135607806,0.5714594991285349,-0.681262101762814,14,-0.7376138746784228,0.5813597117082273,-0.3388820666397674,7,-0.9541104007847209,5.0,3.105411507112432,10,-1.1826130590149893,0.6814093900113867,-0.444163787282581,10,-0.6010398820838054,1.171897093315469,0.15709042767837467,9,4.66996340000001,57,0.45614035087719296,COMPLETE
249,-9999.0,2026-04-28 14:37:24.706030,2026-04-28 14:37:32.507568,0 days 00:00:07.801538,2,30,14,5,42,0.85,14,78,11,3,2.22,2.692280379737521,0.956931659294169,39,-1.218009193249611,-1.218009193249611,1.4323122628677434,3,1.0,2.504175527140454,-0.45337507132139526,1.4323122628677434,0.12077939999999288,3,-1.218009193249611,2.852963948320041,2.3234417609816926,9,-0.23990880151070673,3.6466023083193617,0.6021098080196685,6,-0.7922740268616255,2.466534490185211,1.1562078820035682,8,-0.6243467332455568,1.5034208393602222,0.4706989876359424,7,-0.36241204082936096,4.251848429372546,1.0683521171241495,6,5.865291799999883,39,0.5897435897435898,COMPLETE
250,-9999.0,2026-04-28 14:37:32.512556,2026-04-28 14:37:40.247373,0 days 00:00:07.734817,2,41,13,7,40,0.8,15,88,12,3,2.3000000000000003,1.3843834291453883,0.5073970357966177,72,-1.684900151007286,-1.684900151007286,0.6603564187386464,10,0.8333333333333334,1.3480593274633301,-0.9276645992875837,2.100615565876663,1.2891290000000222,10,-1.684900151007286,1.045986554273234,0.09630154880693187,16,-0.881973206361972,0.6603564187386464,-0.4394976097055747,10,-1.5012572544478644,1.9565328678706844,1.454958674902218,14,-0.6643018474724682,1.0994633599916275,0.1491303594967297,11,-0.6876932375746101,1.4433458081214745,0.49436024127937905,11,3.0694830000000284,72,0.4166666666666667,COMPLETE
251,-9999.0,2026-04-28 14:37:40.252341,2026-04-28 14:37:48.059081,0 days 00:00:07.806740,3,37,10,6,48,0.9,14,83,13,5,2.8,3.196200849719297,1.08725510002932,50,-2.125975267176716,-2.125975267176716,0.3638347825421811,4,0.8333333333333334,2.0949968693359624,-0.653649639744503,1.9612174533349187,0.4850880000000224,6,-1.238463023473693,2.4171143338609773,2.2093905117543278,14,-0.593428956379914,4.68490898765577,2.4007743483591693,10,-0.5217778466151534,4.750129540921934,1.913059310047327,7,-2.125975267176716,0.3638347825421811,-1.552217780116405,9,-0.35448751443191784,5.0,1.0674362101314783,4,6.645535999999996,50,0.52,COMPLETE
252,-9999.0,2026-04-28 14:37:48.064172,2026-04-28 14:37:55.806095,0 days 00:00:07.741923,2,52,10,7,41,0.8,18,90,13,5,2.54,1.6186694056412154,0.5603778838091933,87,-3.115020920434359,-2.033230348979771,0.3806108099615079,11,0.5,1.2897807146602789,-2.033230348979771,4.490820049607668,4.123601000000021,14,-1.2521903996938923,0.3806108099615079,-1.2115147650339164,17,-1.7081596306384168,0.6153404625361938,-0.7375056430146465,14,-1.3224911841267983,2.012724892105746,1.7650364085117998,14,-1.7623922490777304,0.6492273781559704,-1.1425481439328422,17,-0.5660017061603126,1.5632928414802076,0.5651984463247439,11,3.299069400000043,87,0.3563218390804598,COMPLETE
253,-9999.0,2026-04-28 14:37:55.811090,2026-04-28 14:38:03.668419,0 days 00:00:07.857329,2,59,12,6,60,0.85,10,86,10,5,2.68,1.728600008553438,1.283982383744009,109,-3.3107749085120277,-2.079955310544139,0.4885936894332943,10,0.8333333333333334,1.547246034229358,-2.0376895733138745,2.6947381473814773,3.389442400000009,18,-1.9654758092842177,0.4885936894332943,-1.7865038800131794,22,-0.6751639941979996,2.3866991879959465,0.88463156656573,10,-2.079955310544139,1.9034125738303351,3.432636934735922,26,-1.3404315292823998,1.1998457910189209,0.3918752836880035,14,-1.0588129310618393,1.6983106616606543,1.3918119974875687,19,7.852800000000015,109,0.43119266055045874,COMPLETE
254,-9999.0,2026-04-28 14:38:03.673516,2026-04-28 14:38:11.476050,0 days 00:00:07.802534,3,60,14,6,53,0.9,11,78,11,5,2.6,1.8198873299426301,0.7972100372391101,75,-2.233049117452085,-2.071388773226628,0.6010177089433215,9,0.6666666666666666,1.6321567900662484,-1.0670951192276794,1.1815760580839447,0.20507199999999504,11,-2.071388773226628,0.6010177089433215,-0.9859181579151777,17,-0.622815892140914,2.0899001136720705,0.9083935221993578,9,-0.5366849903969692,5.0,4.6930687495708945,15,-1.1851316685462612,0.6337499231278929,-0.5113634195356265,10,-0.8682221642808176,1.4130801758285514,0.4740075291152168,13,4.77534399999997,75,0.49333333333333335,COMPLETE
255,-9999.0,2026-04-28 14:38:11.480987,2026-04-28 14:38:19.002825,0 days 00:00:07.521838,2,60,12,7,37,0.8,15,81,15,5,2.4200000000000004,2.004539389650501,1.8987811030220347,121,-2.3673763956134275,-2.0425114472590487,0.7094733248086837,14,0.8333333333333334,1.8149618152841127,-2.0425114472590487,5.0,6.202089000000011,18,-0.9276002597523014,1.52982678363131,1.3643170427655615,27,-1.148989491072088,1.1430112300318402,0.1915216370328432,14,-1.4166414597577888,1.5916407851392238,1.8866459103574762,23,-1.6093796825668996,2.0532842142919474,2.5185083264316344,21,-1.6090307780999118,0.7094733248086837,-0.7703952984553175,18,11.791796599999982,121,0.48760330578512395,COMPLETE
256,-9999.0,2026-04-28 14:38:19.007630,2026-04-28 14:38:26.502727,0 days 00:00:07.495097,2,30,14,7,40,0.85,18,81,15,5,2.4800000000000004,2.1690484184450134,0.670240102781953,41,-1.4696017575083704,-1.271645571792308,0.4819261916408565,5,0.6666666666666666,1.8951794036389087,-1.115261875050463,0.4819261916408565,-0.3812816000000163,6,-1.271645571792308,2.424822858187491,1.8776523428954084,8,-0.677958897405201,0.6582270326340777,-0.24673243200166173,6,-0.5430856501606702,5.0,1.695739892812309,6,-0.5181085657070627,2.935856290826371,0.5296382677046241,5,-0.7844184694794587,1.5134581373812839,0.5464241452810548,10,4.066397199999905,41,0.4878048780487805,COMPLETE
257,-9999.0,2026-04-28 14:38:26.507866,2026-04-28 14:38:34.272023,0 days 00:00:07.764157,3,42,14,6,30,0.8,8,87,11,5,2.54,1.502981107908771,0.31308168220739824,81,-2.9685701090222816,-2.0817999529526316,0.21136957093661177,10,0.6666666666666666,1.201046343312234,-1.088169749655629,1.2630939915233466,0.4010026000000666,14,-1.4838710191661169,0.8793163417008054,-0.22476986698937163,15,-0.6217660124067064,2.555817697671171,1.0090300534808083,10,-0.9184318444350843,2.6158367723454874,1.973475404345626,14,-2.0817999529526316,0.21136957093661177,-1.9464570011494486,12,-1.2472968060808685,1.4924522732752021,0.6662089035567087,16,1.8486352000000483,81,0.4444444444444444,COMPLETE
258,-9999.0,2026-04-28 14:38:34.277137,2026-04-28 14:38:42.042437,0 days 00:00:07.765300,3,55,11,7,40,0.95,18,85,11,4,2.3600000000000003,2.7108763963764013,0.29517408296263853,21,-1.2231934783721876,-1.0342258961045125,0.25375377069816035,1,0.8333333333333334,1.79041034568514,-0.7887856942897573,1.2594871646873875,0.17982720000002672,7,-0.4682603410468493,0.25375377069816035,-0.3432455511362509,4,-0.6634372728190591,2.4888205225293576,0.6301496697917575,3,-1.0342258961045125,2.2631969203435043,0.8492136736497402,5,0.0,5.0,0.15546973023126132,1,0.0,5.0,0.29962977523929624,1,1.7798144000000127,21,0.47619047619047616,COMPLETE
259,-9999.0,2026-04-28 14:38:42.047488,2026-04-28 14:38:49.888405,0 days 00:00:07.840917,3,58,11,5,56,0.95,13,83,12,5,2.74,1.8444289481448337,0.2016419086139254,40,-2.5312397351147418,-1.9133775018559427,0.1015069270208156,4,0.5,1.2230423111734632,-0.9915291899339244,0.29864457140761264,-0.7647789999999932,7,-0.5476347064373269,0.8743419731215016,-0.11221761676734054,9,-0.6285237304883746,1.1279347355843359,0.06264969806222265,5,-0.9360399789094347,5.0,3.1388675621702555,9,-1.9133775018559427,0.1015069270208156,-1.6102725510525606,6,-0.4553228461386456,3.6641454817347374,0.49560335927096855,4,1.1508157999999602,40,0.425,COMPLETE
260,-9999.0,2026-04-28 14:38:49.893515,2026-04-28 14:38:57.742550,0 days 00:00:07.849035,3,47,11,6,48,0.85,9,89,13,4,2.7600000000000002,1.2802868217805716,0.3101377726554851,103,-3.0454201648911057,-2.074240261749309,0.30701828337842446,15,0.6666666666666666,1.135083476536393,-2.0668229687941855,0.30701828337842446,-1.7393355999999582,17,-1.3098854437298189,1.0525071967810107,0.08260396008477056,15,-1.3563783141243972,1.581995591875479,0.8726516336308832,17,-1.2199911872887834,2.3912991116478675,2.5434262744635117,21,-2.074240261749309,0.651818345602137,-1.348902759074977,17,-1.8081967122530622,1.6970824013985126,1.4503831268286804,16,1.8064200000001085,103,0.4077669902912621,COMPLETE
261,-9999.0,2026-04-28 14:38:57.747655,2026-04-28 14:39:05.554050,0 days 00:00:07.806395,2,50,12,7,54,0.85,12,80,14,4,2.7,1.5223458077146235,1.057536302734539,116,-4.901164615358917,-3.378677387470001,0.24146296640621656,17,0.6666666666666666,1.3719279703715663,-2.0286187430117417,2.864819848745484,5.604772000000002,23,-1.8775777159798654,0.44927639194775787,-1.2478697458860655,17,-0.9805046251237941,2.178555023034085,1.7024620968438153,17,-1.5359241300200959,1.5798836933734373,1.4995661799419135,22,-3.378677387470001,0.24146296640621656,-3.259021839117626,19,-1.8746650048642506,1.8200769227807592,2.045309124625194,18,6.274528999999984,116,0.3706896551724138,COMPLETE
262,-9999.0,2026-04-28 14:39:05.559081,2026-04-28 14:39:13.065162,0 days 00:00:07.506081,2,54,13,7,35,0.8,12,84,13,3,2.6,1.0921109167617262,-0.24373792734194896,123,-3.8134100473139365,-3.283870501764373,0.4427881932659504,12,0.5,0.9218894448125866,-2.376290323759293,1.1581852736561282,0.6350680000000386,27,-1.6273551879549455,0.578125371108665,-1.2355235850786905,19,-1.2457771181967414,0.4427881932659504,-0.9745461839277603,12,-1.2932283158052578,2.492884794921285,2.437048302085265,18,-3.283870501764373,0.584405561398132,-2.986714228915277,30,-1.9061221192440798,1.2962763062201965,0.6622401317847304,17,-1.5418179999998838,123,0.3333333333333333,COMPLETE
263,-9999.0,2026-04-28 14:39:13.070142,2026-04-28 14:39:20.289095,0 days 00:00:07.218953,2,32,13,5,58,0.85,14,87,11,4,2.3000000000000003,3.2693673882555694,0.7705795305804157,46,-1.4605595327129652,-0.9836589719982389,0.5858530854106888,4,0.8333333333333334,2.043867902453372,-0.15715173791235004,4.374420498344331,0.62160200000001,5,-0.7207880309544648,3.5004615637160557,2.573506035016182,11,-0.17070191284886557,5.0,0.6607554487474854,4,-0.9836589719982389,1.7618962573572363,0.6528837272488763,8,-0.9104161814958451,0.5858530854106888,-0.7752924440252662,11,-0.3796355913372446,4.393572924705108,0.8900224164952064,7,4.68413799999996,46,0.5869565217391305,COMPLETE
264,-9999.0,2026-04-28 14:39:20.294856,2026-04-28 14:39:27.689365,0 days 00:00:07.394509,3,56,12,6,43,0.95,16,77,11,4,2.22,2.0668798009476554,0.19468859969300664,31,-1.2666619564459896,-1.0122982663394058,0.3264377720528855,2,0.5,1.3753869224989093,-1.0122982663394058,0.462495976105545,-0.6478535999999702,10,-0.6242830803061119,0.5614476171849763,-0.27083280004506216,6,-0.2811555875655453,4.563620771103572,0.9897481152082444,6,-0.6416590758401581,5.0,1.2651261959114812,4,-0.4437276425194186,0.3264377720528855,-0.29931173093211694,2,-0.32244907495316133,1.4872766692389523,0.13125541801546348,3,1.1589846000000348,31,0.45161290322580644,COMPLETE
265,-9999.0,2026-04-28 14:39:27.694408,2026-04-28 14:39:35.102797,0 days 00:00:07.408389,3,52,11,5,38,0.85,16,75,10,4,2.24,1.2218241286985663,0.3224665103911913,64,-1.7192505087486976,-1.2370568907885433,0.7215856087605059,9,0.8333333333333334,1.2605098112212034,-0.8842603559241695,1.1910541828900103,0.2100144000000359,14,-0.7237288470712604,1.0927973401843694,0.07353037562281006,10,-0.799344413543492,0.7215856087605059,-0.3108225987738855,9,-1.2370568907885433,1.2984379741348153,0.3305469703401398,9,-0.9564014069526958,1.3483755081460707,0.6612999037315159,10,-0.7666792938285473,1.6786941580756254,0.9702300114265316,12,1.9453492000000017,64,0.453125,COMPLETE
266,-9999.0,2026-04-28 14:39:35.107859,2026-04-28 14:39:42.565779,0 days 00:00:07.457920,3,56,12,5,51,0.9,12,90,11,5,2.8,1.4661965613069456,0.08560887904138041,58,-2.1126461764611415,-1.4385604361024245,0.43471401802445087,9,0.3333333333333333,1.0727142930605316,-1.4012520984861756,0.5716735063455788,-0.5865759999999831,9,-0.6133218698423644,0.8415876766229708,-0.17130282123670737,10,-0.6789617421174591,1.3190800101097697,0.2925804654722697,11,-0.5489839709843842,5.0,2.3206841773420805,10,-1.4385604361024245,0.43471401802445087,-0.9330741771553908,9,-0.6218819092756239,0.6301241567389035,-0.40865837017398654,9,0.4807680000000758,58,0.43103448275862066,COMPLETE
267,-9999.0,2026-04-28 14:39:42.570881,2026-04-28 14:39:49.972948,0 days 00:00:07.402067,3,54,11,7,46,0.8,12,79,13,5,2.66,0.9301941873037428,-0.5808421670829086,132,-7.391566257251933,-4.116709937514452,0.35605532488226505,20,0.5,0.8318483897580248,-1.5420224891007637,1.2902481420345921,0.7490666000000701,21,-1.5553237452383104,0.5008807874314003,-1.3086209574868057,22,-1.4161939845307707,1.5436340710506231,1.1707439100625328,20,-2.2250571976511355,1.4341904985830836,1.7439533363030169,24,-4.116709937514452,0.35605532488226505,-3.885196335351526,24,-2.5357893305369874,0.4561562998404926,-1.954999556024739,21,-3.5505985999999545,132,0.38636363636363635,COMPLETE
268,-9999.0,2026-04-28 14:39:49.978039,2026-04-28 14:39:57.369503,0 days 00:00:07.391464,2,57,14,6,35,0.9,12,86,10,5,2.8,1.9581656799229545,0.629037065502421,64,-2.3749691232970074,-2.040662011475406,0.38150466455408744,5,0.5,1.4820707647701976,-2.040662011475406,4.268665473436087,3.743766000000015,12,-1.2377487140543404,0.4214995853638073,-1.1969181839803333,16,-0.3697574992194518,3.0297012478672163,0.5918887193248068,5,-1.251020578903021,3.028621566126634,2.1750843691847876,12,-1.3407381613237335,0.38150466455408744,-1.1245541802666237,10,-0.5692818423321638,0.6190015421898939,-0.4150443312481267,9,3.7343660000000334,64,0.421875,COMPLETE
269,-9999.0,2026-04-28 14:39:57.374627,2026-04-28 14:40:04.722820,0 days 00:00:07.348193,2,59,10,5,57,0.95,16,82,10,4,2.6,1.2777524457461953,0.42617822854600734,43,-2.1397185680526833,-2.0505157054297323,0.0,3,0.3333333333333333,1.4582692728875515,-2.0505157054297323,3.7832576818588093,3.298884000000002,12,-0.4306486939153895,0.9578134381311093,-0.029928687322500203,9,-0.580329120237543,0.0,-0.531239270632311,3,-1.103610467015172,0.6754535846397555,-0.35873468380376305,6,-0.8092955877850244,0.7196218682338487,-0.2834054828528054,6,-0.8190465066205143,1.5303681016136497,0.4614934958874217,7,2.531814000000021,43,0.3953488372093023,COMPLETE
270,-9999.0,2026-04-28 14:40:04.727727,2026-04-28 14:40:12.053119,0 days 00:00:07.325392,3,55,11,5,41,0.95,18,88,12,4,2.22,1.8872372876039887,-0.21870425568014476,17,-2.0953842292996976,-1.1490569408116589,0.0,1,0.5,0.4677349578637326,-0.6407696856752093,1.1262106970400594,0.06847939999998776,5,-0.5460929921627742,0.19721302858387257,-0.44260250845781224,5,-0.6197652037367204,0.0,-0.4241481216944121,2,-1.1490569408116589,0.0,-0.9529952405538666,3,0.0,5.0,0.14959492126398466,1,0.0,5.0,0.2894460153612499,1,-1.3105696000000222,17,0.29411764705882354,COMPLETE
271,-9999.0,2026-04-28 14:40:12.058108,2026-04-28 14:40:19.441311,0 days 00:00:07.383203,2,42,14,6,51,0.8,8,85,10,5,2.52,1.8595777172560748,1.150546567817982,112,-3.010506357495934,-2.393580497757619,0.1793602560051584,12,0.8333333333333334,1.5603701867300832,-2.034944934565256,3.358899290479735,4.455017200000033,20,-1.0722034189531127,1.5241936370980156,1.167894499183486,22,-0.44512018625585204,3.0329167324332036,1.3406773437006025,12,-1.1848778462039462,1.2894960476692003,0.672337061828876,21,-2.393580497757619,0.1793602560051584,-2.2644606979403736,15,-1.3273857646110947,1.772600339851135,1.5318140001352676,22,6.984442800000057,112,0.45535714285714285,COMPLETE
272,-9999.0,2026-04-28 14:40:19.446361,2026-04-28 14:40:26.783023,0 days 00:00:07.336662,3,60,11,6,38,0.9,15,83,14,5,2.7800000000000002,2.2806685166198912,0.9391614661143538,73,-3.466129797520095,-3.2061915010863222,0.2536151046660294,9,0.6666666666666666,1.5779393972000653,-0.9523813340705444,5.0,3.136096200000016,9,-0.8918972109903757,0.8809921233105904,-0.2242830672506524,18,-0.7991185314754672,1.4817827255278264,0.548827569810606,9,-0.9198016030994072,5.0,4.813287811251055,14,-3.2061915010863222,0.2536151046660294,-2.7061431325497654,14,-0.5323811912265839,1.0676211462149021,0.06718341542486517,9,5.5859172000000346,73,0.4383561643835616,COMPLETE
273,-9999.0,2026-04-28 14:40:26.788314,2026-04-28 14:40:34.102395,0 days 00:00:07.314081,2,31,13,6,58,0.85,16,79,13,5,2.3800000000000003,2.3529549206364444,1.0148472422569574,56,-1.4021939411481792,-1.4021939411481792,0.7568718103843862,7,0.8333333333333334,2.144906670800281,-1.4021939411481792,0.7568718103843862,-0.24916019999999817,8,-0.7270560705158263,3.4418910746383684,2.914430601114537,13,-0.7404879928933678,1.0989696282937427,0.060405808299690555,7,-0.5334244840610418,4.287333561793136,2.054519066381566,8,-0.536774218361688,3.42976269709218,1.1701196747822884,7,-1.0726574843636287,1.102900751616854,0.13876850296365983,13,6.204237799999968,56,0.5357142857142857,COMPLETE
274,-9999.0,2026-04-28 14:40:34.107607,2026-04-28 14:40:41.439041,0 days 00:00:07.331434,2,45,14,5,40,0.9,17,81,15,5,2.8,1.5412801692236646,0.36736631894691746,50,-1.3139128545661694,-1.0108141168803872,0.3934655227413768,5,0.6666666666666666,1.4439208301630742,-0.6057694777896099,1.3608060145785177,0.2836260000000257,9,-0.6118149551197365,1.753850676690171,0.7159593531251396,10,-0.6485639464398036,0.3934655227413768,-0.35767546531135785,5,-0.7391489050784629,2.7762107667028517,1.2674517711870559,7,-1.0108141168803872,0.5473047920773694,-0.5790439464780195,9,-0.6080619340801755,2.4160432425517,0.873880201158661,10,2.2112540000000402,50,0.42,COMPLETE
275,-9999.0,2026-04-28 14:40:41.444025,2026-04-28 14:40:48.761187,0 days 00:00:07.317162,2,59,14,7,42,0.95,18,81,15,5,2.3000000000000003,3.092640422690321,1.3976557238875549,37,-2.0526053458014895,-2.0526053458014895,0.0,0,0.8333333333333334,3.9945771818628173,-2.0526053458014895,5.0,5.027470000000012,9,-0.4466755915039576,1.211990240501921,0.20847117425566442,10,0.0,0.0,0.0,0,-0.5240477846492584,3.818843136878803,1.3965063819461498,7,-0.465994046816486,4.618578908814477,1.2498309183530898,6,-0.423908209712895,3.906430249946722,0.503655868770414,5,8.594166999999974,37,0.5675675675675675,COMPLETE
276,-9999.0,2026-04-28 14:40:48.766303,2026-04-28 14:40:56.277682,0 days 00:00:07.511379,2,37,14,5,46,0.95,12,89,14,3,2.4000000000000004,2.4321812596203167,0.3221596334105496,21,-1.8116080205920635,-1.8116080205920635,0.0,1,0.8333333333333334,1.7913674420126644,0.0,5.0,0.11814400000000891,1,-1.8116080205920635,2.044291162327988,0.9436031894478614,6,-0.17493922283975413,1.482087305569472,0.1521112671438063,5,-0.34344737370284384,5.0,1.3863656145696845,3,-0.893349057407518,0.0,-0.7001863636052486,2,-0.5435161323678459,1.0667090898244398,0.032920092907184895,4,1.9348380000000276,21,0.5238095238095238,COMPLETE
277,-9999.0,2026-04-28 14:40:56.282722,2026-04-28 14:41:03.960277,0 days 00:00:07.677555,2,37,14,6,54,0.95,15,83,14,5,2.5,2.79406902897941,0.8001165271725248,24,-0.821075096609418,-0.7306299575309875,0.0,1,0.6666666666666666,3.8217089371980486,-0.24386608663059559,0.0,-0.13999999999999568,1,-0.6365605155335744,5.0,2.8978920488684112,7,-0.255442637782783,1.3658544519991107,0.10944603673432862,4,-0.33825891015020654,5.0,1.4312268172971487,3,-0.7306299575309875,0.3985597218773495,-0.32498057165737393,3,-0.36050306421428113,5.0,0.8271148317926302,6,4.859659999999999,24,0.6666666666666666,COMPLETE
278,-9999.0,2026-04-28 14:41:03.965455,2026-04-28 14:41:11.652098,0 days 00:00:07.686643,2,34,14,5,39,0.85,17,84,13,5,2.46,1.2734168312041776,0.22950875315264815,46,-1.774512410893251,-1.6201313630800012,0.11687725286629301,6,0.8333333333333334,1.2515820338876362,-0.8081756680531142,1.0552898645984314,0.03364720000000876,6,-0.8693970033954505,2.387689978631664,1.9151310120380627,11,-0.5941211333397779,1.5132270443318867,0.2374449936315859,6,-0.5459479724779629,1.3530618300152797,0.21658103442740995,6,-1.6201313630800012,0.11687725286629301,-1.2176686021619476,7,-0.5928788723658192,1.2143550167815096,0.1919168809807692,10,1.359929199999943,46,0.391304347826087,COMPLETE
