number,value,datetime_start,datetime_complete,duration,params_d_period,params_ema_period,params_k_period,params_left_bars,params_max_separation,params_min_close_ratio,params_min_separation,params_overbought,params_oversold,params_right_bars,params_rr_target,user_attrs_avg_profit_factor,user_attrs_avg_quarter_return,user_attrs_full_total_trades,user_attrs_max_drawdown_pct,user_attrs_max_quarter_drawdown_worst,user_attrs_min_profit_factor,user_attrs_min_trades_per_period,user_attrs_positive_ratio,user_attrs_profit_factor,user_attrs_q_2024-Q1_drawdown,user_attrs_q_2024-Q1_pf,user_attrs_q_2024-Q1_return,user_attrs_q_2024-Q1_trades,user_attrs_q_2024-Q2_drawdown,user_attrs_q_2024-Q2_pf,user_attrs_q_2024-Q2_return,user_attrs_q_2024-Q2_trades,user_attrs_q_2024-Q3_drawdown,user_attrs_q_2024-Q3_pf,user_attrs_q_2024-Q3_return,user_attrs_q_2024-Q3_trades,user_attrs_q_2024-Q4_drawdown,user_attrs_q_2024-Q4_pf,user_attrs_q_2024-Q4_return,user_attrs_q_2024-Q4_trades,user_attrs_q_2025-Q1_drawdown,user_attrs_q_2025-Q1_pf,user_attrs_q_2025-Q1_return,user_attrs_q_2025-Q1_trades,user_attrs_q_2025-Q2_drawdown,user_attrs_q_2025-Q2_pf,user_attrs_q_2025-Q2_return,user_attrs_q_2025-Q2_trades,user_attrs_total_return_pct,user_attrs_total_trades,user_attrs_win_rate,state
248,-9999.0,2026-04-28 12:30:41.679116,2026-04-28 12:30:49.140706,0 days 00:00:07.461590,2,60,14,5,49,0.8,10,84,12,4,2.62,1.3106700931325028,1.014699933793606,136,-3.2396772582402025,-2.6658859515912665,0.5688096546257196,16,0.5,1.2942705998020112,-2.0315022381240766,2.5892572443405375,5.655594400000008,29,-2.4528205812850965,0.5688096546257196,-1.4930067915078449,22,-1.2829086390073572,0.5967626840895568,-0.7281956931647682,16,-2.6658859515912665,0.9961498638220198,0.4528984106298095,27,-2.4642629971154952,0.9666005374721451,-0.6010500670401209,22,-1.7393265967436164,2.1464405744450366,2.801959343844551,20,6.054997200000112,136,0.38235294117647056,COMPLETE
249,-9999.0,2026-04-28 12:30:49.145812,2026-04-28 12:30:56.519402,0 days 00:00:07.373590,3,59,10,5,58,0.95,17,89,15,4,2.54,1.9108089559684658,0.40123750039070166,26,-1.1430647051626703,-1.1430647051626703,0.0,1,0.6666666666666666,1.959767340838895,-1.1430647051626703,3.6334464302780836,2.2042999999999813,8,-0.41130814589063897,1.1560690919387817,0.10246222517058534,8,-0.17459943448931442,0.0,-0.12484725100605498,1,-1.0309474834138714,0.2041927746520623,-0.5260142985001215,3,-0.3168512427545853,1.4711454389418672,0.09181986270945242,3,-0.004074605486952197,5.0,0.6597044639703675,3,2.408296200000004,26,0.46153846153846156,COMPLETE
250,-9999.0,2026-04-28 12:30:56.524395,2026-04-28 12:31:04.046272,0 days 00:00:07.521877,3,44,14,5,44,0.85,9,80,14,4,2.4400000000000004,1.9871825644882533,1.3619371201737323,98,-2.1750415968025525,-2.1750415968025525,0.8377264477320105,12,0.8333333333333334,1.7888369181873747,-2.1750415968025525,1.327275121430085,0.7903596000000235,18,-0.9494210503613774,2.6080533046103027,2.5477000084043633,20,-0.6067136005249324,1.7504712064653793,1.0017469770920995,17,-1.2515909577764175,2.944084015939794,2.6917907345094694,17,-1.1639021811312833,0.8377264477320105,-0.4086581388467625,14,-0.7308808187220764,2.4554852907519464,1.5486835398832,12,8.419004000000019,98,0.5,COMPLETE
251,-9999.0,2026-04-28 12:31:04.051298,2026-04-28 12:31:11.484142,0 days 00:00:07.432844,2,33,13,7,49,0.9,15,78,12,3,2.52,2.3722629911783724,0.8723137972167375,36,-1.791274501142179,-1.791274501142179,0.5722010331675853,2,0.6666666666666666,2.328676607362501,-1.041523335190442,0.5722010331675853,-0.17721999999998905,2,-1.791274501142179,3.309834789410674,2.4552475897785975,9,-0.2403153895222374,3.2408029864767203,0.886232344337623,8,-0.6173065137024155,5.0,2.1058879257006335,6,-1.101653169501982,0.79778630684284,-0.20753825329367093,5,-0.5554542002305155,1.3129528311724157,0.1712731767772313,6,5.314334399999954,36,0.5833333333333334,COMPLETE
252,0.4458017906517069,2026-04-28 12:31:11.489260,2026-04-28 12:31:18.867012,0 days 00:00:07.377752,2,58,12,5,37,0.8,13,84,11,5,2.62,1.8322830657410616,1.6607143815292638,107,-2.0315293210873318,-2.0315293210873318,1.2380963131053133,13,1.0,1.8369216648547508,-2.0315293210873318,3.187314524239104,4.328323600000039,21,-1.1998503345249971,1.45611588026179,0.8657815718990491,19,-0.595659266168196,1.697011953041623,0.6206313791034423,13,-1.4389443061610883,1.6697042037220273,1.9892080855452354,21,-1.3581784534712216,1.745455520076512,1.7899887677435222,18,-0.6661486435484328,1.2380963131053133,0.3703528848842952,15,10.3310782000001,107,0.48598130841121495,COMPLETE
253,-9999.0,2026-04-28 12:31:18.872112,2026-04-28 12:31:26.267057,0 days 00:00:07.394945,2,57,11,5,60,0.8,13,84,10,5,2.58,1.5114974445991762,1.2732240909319958,117,-2.20486478958887,-2.0413610088170713,0.7922334713203004,14,0.5,1.5045744538335404,-2.0413610088170713,2.4390483058195462,3.3526084000000456,21,-1.3842547861706938,0.7922334713203004,-0.6079937504509525,21,-0.6359650616008503,1.4604870805980212,0.48004428478030103,14,-1.9211271700376287,2.5147384719451145,4.729518697751378,25,-1.7797182934059748,0.970769781798813,-0.09587948520920486,20,-0.8570511439563919,0.8917075561132601,-0.2189536012795923,16,7.758932200000079,117,0.46153846153846156,COMPLETE
254,-9999.0,2026-04-28 12:31:26.272012,2026-04-28 12:31:33.690590,0 days 00:00:07.418578,2,32,14,5,51,0.9,14,84,15,4,2.74,2.4782552579274797,0.7913411982693574,31,-1.8934982428434481,-1.8934982428434481,0.6246864024084112,3,0.6666666666666666,2.4090103734197066,-0.7663970729387951,2.030899947248126,0.29313639999999364,3,-1.8934982428434481,2.188603025675747,1.5056589655122021,8,-0.17366737345081987,0.6246864024084112,-0.11756014488699673,3,-0.6572331356117713,5.0,2.3122816675648528,7,-0.7306780733384356,0.9158665539618748,-0.059316917435925376,5,-0.3782874318510842,4.10947561827072,0.8138472188620183,5,4.8192099999999405,31,0.5806451612903226,COMPLETE
255,-9999.0,2026-04-28 12:31:33.695709,2026-04-28 12:31:41.136338,0 days 00:00:07.440629,3,38,12,7,36,0.8,10,83,15,3,2.52,1.5223739867079462,0.7523529405037199,117,-3.5884190816324297,-2.22064454651042,0.2846390723468613,16,0.8333333333333334,1.3129670384423457,-2.22064454651042,0.2846390723468613,-2.1283775999999976,19,-2.0537217101394742,1.1645285100681888,0.4266037384091259,21,-0.5594864347978366,1.8602797281779933,1.3948836165698975,21,-0.8276925160418116,3.2269931735415467,3.227592870867091,16,-1.4865245236967664,1.2327939219194797,0.8687887715003395,22,-1.2434456100157043,1.3650095141936083,0.7246262456758634,18,4.522520799999974,117,0.42735042735042733,COMPLETE
256,-9999.0,2026-04-28 12:31:41.141401,2026-04-28 12:31:48.582855,0 days 00:00:07.441454,3,54,11,7,56,0.95,12,85,12,3,2.2,1.7951687202836446,-0.0801585301670867,41,-3.438402868649456,-1.700679390750844,0.07922747981482946,1,0.6666666666666666,0.9105425283133542,-1.700679390750844,0.13011152416357039,-1.3665599999999833,9,-1.280619558746037,0.07922747981482946,-1.268358885181331,8,-0.7057947203418139,1.7470948624514457,0.5747608597995724,7,-1.0569101195073733,2.74536274800122,1.2035862401603925,6,-0.6635820004877968,1.0692157072708017,0.09129654409680832,10,0.0,5.0,0.28432406012202094,1,-0.5064760000000001,41,0.36585365853658536,COMPLETE
257,-9999.0,2026-04-28 12:31:48.588048,2026-04-28 12:31:56.021617,0 days 00:00:07.433569,3,50,14,7,36,0.95,12,83,11,3,2.2800000000000002,2.113902764794172,0.0883251735469696,33,-2.1599869583313382,-1.5441598424489926,0.16526715183180996,1,0.6666666666666666,1.123938812765408,-1.5441598424489926,0.16526715183180996,-1.0735999999999746,7,-1.0233217068086309,0.44576475224822704,-0.6254856135470388,9,-0.4245835867084732,1.4533704803599885,0.1506336798094976,3,-0.6498340550295665,4.434408202914226,1.615944403186198,6,-0.6079401290218477,1.184606001410779,0.1700257918342496,7,0.0,5.0,0.29243277999888573,1,0.509875599999976,33,0.3939393939393939,COMPLETE
258,-9999.0,2026-04-28 12:31:56.026536,2026-04-28 12:32:03.481147,0 days 00:00:07.454611,3,33,10,7,46,0.95,13,85,11,3,2.6,2.6338153975678518,0.702423289304747,18,-0.8847287629208346,-0.8847287629208346,0.0,0,0.6666666666666666,5.0,0.0,0.0,0.0,0,-0.8847287629208346,5.0,2.1393199999999446,2,-0.2923421263427861,2.572515395869415,0.4524976277500148,5,-0.5117948281047338,5.0,1.5173111799985817,3,-0.4111209346019724,2.6816150997491084,0.2702963169073813,3,-0.39367704794601593,0.5487618897885885,-0.16488538882744042,5,4.267611999999987,18,0.6111111111111112,COMPLETE
259,-9999.0,2026-04-28 12:32:03.486261,2026-04-28 12:32:10.886043,0 days 00:00:07.399782,2,57,12,6,52,0.8,12,78,12,5,2.62,1.57537628683047,1.4570674361459812,140,-2.7850497900413704,-2.015028519887525,0.6840584015015367,15,0.6666666666666666,1.4753886744620786,-2.015028519887525,3.613700324690211,6.858454200000086,28,-1.6497519644463627,0.8244080721968836,-0.690819463491732,28,-0.5810273841946305,1.4112146331073148,0.4366180604511216,15,-1.8611408456536886,1.856687975277984,2.918307445275059,24,-1.8197736338119799,1.06218831420889,0.2030119552793863,23,-1.4238925013003412,0.6840584015015367,-0.9831675806380336,22,8.836058800000135,140,0.45,COMPLETE
260,-9999.0,2026-04-28 12:32:10.891278,2026-04-28 12:32:18.321960,0 days 00:00:07.430682,3,38,10,5,56,0.8,11,87,11,3,2.24,1.355490607087055,0.2594930566452787,82,-3.68178146418163,-2.9149381654663147,0.0,11,0.8333333333333334,1.1493443192377646,-2.9149381654663147,0.0,-2.7933100000000155,12,-2.1842457489566898,1.5511944320583533,0.8774445462550462,16,-0.7959985278253509,1.5579427669751096,0.6923273481666214,17,-1.0503878723956872,1.7201161381901071,1.0173160548457183,11,-1.1647086133125442,1.3487603692247545,0.7178324207071984,15,-0.7887902561528399,1.9549299360740051,1.0453479698971035,11,1.5091347999999227,82,0.45121951219512196,COMPLETE
261,-9999.0,2026-04-28 12:32:18.326886,2026-04-28 12:32:25.829749,0 days 00:00:07.502863,3,50,14,7,53,0.85,9,75,10,3,2.46,1.7814719355156032,0.6951293273732135,109,-3.3875198544226675,-2.7697628522688653,0.33069508580285306,14,0.8333333333333334,1.3519635268133003,-2.7697628522688653,0.33069508580285306,-2.711842799999953,26,-1.083226815956409,1.1162541594655302,0.18529799020596815,18,-0.4462201151783439,3.268845376092941,1.6346098903314177,14,-0.8439370646938008,2.556840470730306,2.1861251126152226,15,-1.3416388068340888,1.8383829271640664,1.7498847785786698,18,-1.6555441117406513,1.5778135938379239,1.1267009925079563,18,4.1591178000000895,109,0.43119266055045874,COMPLETE
262,-9999.0,2026-04-28 12:32:25.834846,2026-04-28 12:32:33.212755,0 days 00:00:07.377909,2,53,13,5,47,0.8,12,82,11,5,2.7,1.320330975235161,0.9268706934841774,124,-2.2379088787829313,-2.0382246606225003,0.616222866805062,15,0.5,1.3626058305957658,-2.0382246606225003,2.6833016429857968,4.683164000000017,27,-1.0972947434041451,0.616222866805062,-0.8000455546031904,19,-1.0192623619030305,0.8230087730671165,-0.27606163304807474,15,-1.446533786056696,1.4756229172777011,1.2996768517586244,22,-1.6080723168493634,0.8876748529645552,-0.3772149643527012,21,-0.9787579328297549,1.4361547983107352,1.0317054611503895,20,5.587414999999951,124,0.4112903225806452,COMPLETE
263,-9999.0,2026-04-28 12:32:33.217859,2026-04-28 12:32:40.699163,0 days 00:00:07.481304,3,53,11,5,33,0.95,8,85,13,3,2.3400000000000003,1.1000986116959413,-0.3999040448171287,55,-3.382327061335888,-2.4818590830067837,0.35251144307318316,2,0.3333333333333333,0.7109638361851023,-1.645851928921547,0.6111083566897023,-0.7686909999999769,14,-1.2125079699550798,0.35251144307318316,-0.9950299053295697,11,-0.7787948930966647,0.5049892893924094,-0.48924692931501257,9,-1.2588344181646363,1.7343546751783312,0.8001313589416803,8,-2.4818590830067837,0.5692659420759387,-1.1465304044760094,11,-0.1093561424042511,2.828361963766082,0.199942611276116,2,-2.38957179999999,55,0.32727272727272727,COMPLETE
264,-9999.0,2026-04-28 12:32:40.704125,2026-04-28 12:32:48.176282,0 days 00:00:07.472157,3,30,10,6,60,0.95,13,77,11,3,2.62,2.030113272311202,0.13453720707947148,15,-1.8751120165188953,-1.584403185878373,0.0,0,0.5,1.4673113337515071,0.0,0.0,0.0,0,-1.584403185878373,0.0,-0.5006899999999925,1,-0.30009845834353865,2.180679633867212,0.4148426757934143,6,-0.34963612936032173,5.0,0.964098077449993,2,-0.18344089385327794,5.0,0.7705640525017987,2,-0.8713050216159325,0.0,-0.8415915632683846,4,0.7971349999999822,15,0.4666666666666667,COMPLETE
265,-9999.0,2026-04-28 12:32:48.181538,2026-04-28 12:32:55.638719,0 days 00:00:07.457181,3,48,12,6,48,0.95,12,87,10,3,2.3800000000000003,2.1313238486836092,0.24548150469073846,33,-1.801193773146469,-1.7790109277322077,0.0,2,0.5,1.3865022990790536,-1.3527889916455047,0.0,-0.8663299999999818,4,-1.7790109277322077,0.6770656512265372,-0.30198276730798446,8,-0.6070113157586906,0.9126748276347081,-0.056514588638290064,6,-0.5277099067217821,5.0,1.9797604108125366,5,-0.6038002987103454,1.1982026132404113,0.22587859643949937,8,-0.10900386269566228,5.0,0.49207737683865105,2,1.4583698000000256,33,0.45454545454545453,COMPLETE
266,-9999.0,2026-04-28 12:32:55.643878,2026-04-28 12:33:03.017794,0 days 00:00:07.373916,2,41,14,7,58,0.9,17,83,12,3,2.58,0.9229878374792477,-0.08177663893625582,40,-2.5016908129951716,-1.9232225451488962,0.4173663823022283,4,0.3333333333333333,0.9131239758358323,-0.7928583107020231,0.5940917967519694,-0.32217339999996986,7,-1.9232225451488962,0.7293648762019487,-0.5048671476550748,11,-0.3287257309546814,0.4173663823022283,-0.2623756856419024,4,-0.8279878777513294,2.05179062437126,0.9513227885095343,7,-0.655948728953622,1.1927957087283552,0.12705876381948755,4,-0.7892476320597867,0.552517636519725,-0.4796251526496098,7,-0.497294000000037,40,0.325,COMPLETE
267,-9999.0,2026-04-28 12:33:03.023246,2026-04-28 12:33:10.406848,0 days 00:00:07.383602,2,34,10,5,50,0.95,17,80,14,5,2.4800000000000004,4.2782159727412035,1.2519967558568583,23,-0.716715806358369,-0.716715806358369,1.8156553483256554,2,1.0,5.0,-0.6825017979633569,5.0,1.1954811999999926,3,-0.716715806358369,5.0,3.615442465033647,6,-0.2492596750351745,4.502184705808855,0.5341747784934681,4,-0.6204590906081036,5.0,1.3580797662554822,4,-0.2925569594153867,4.35145578231271,0.48415278040403464,2,-0.4389138700912539,1.8156553483256554,0.324649544954525,4,7.711710799999905,23,0.7391304347826086,COMPLETE
268,-9999.0,2026-04-28 12:33:10.411895,2026-04-28 12:33:17.812576,0 days 00:00:07.400681,3,50,13,6,37,0.9,14,88,11,4,2.2,2.2626559124311743,0.5208692161891293,45,-1.5518807166854485,-1.5518807166854485,0.4402185211148531,5,0.6666666666666666,1.7070486063296149,-0.31135982376567356,1.1071774209096337,0.05559400000005876,7,-1.5518807166854485,0.4402185211148531,-0.6943419875154344,9,-0.5432802142005962,2.446946608398227,0.7664264922972563,8,-0.6340825919149891,5.0,2.4228945224781695,9,-0.7399186989291506,0.6248175501463835,-0.5023176698844778,7,-0.6691992591491003,3.956775374017949,1.0769599397592033,5,3.1319920000000945,45,0.5111111111111111,COMPLETE
269,-9999.0,2026-04-28 12:33:17.817568,2026-04-28 12:33:25.257011,0 days 00:00:07.439443,2,56,14,7,57,0.8,14,79,13,4,2.54,1.4203110046381997,1.1846519170062502,120,-3.3384549150986618,-2.7751143371577203,0.23291707064030795,13,0.3333333333333333,1.4175412189529066,-2.0285634393028027,3.588122518136526,5.9114530000000665,22,-1.7085867544247058,0.7684775985890033,-0.5180688060241745,17,-1.2459146707311948,0.23291707064030795,-1.1789368598044137,13,-2.046554591229101,1.9840714734009912,3.041927772862274,26,-2.7751143371577203,0.9948736716767663,-0.022351454640345825,23,-1.5287190198466112,0.9534036953856034,-0.12611215035590595,19,7.128618600000158,120,0.4,COMPLETE
270,-9999.0,2026-04-28 12:33:25.262166,2026-04-28 12:33:32.672070,0 days 00:00:07.409904,2,38,12,6,38,0.8,16,81,15,5,2.22,1.637995642016552,0.9948510523436704,94,-1.3443483397012015,-1.3443483397012015,1.0747109711897387,13,1.0,1.667352904749648,-0.6679987761962866,1.3871057419544508,0.3957382000000287,13,-0.8144993637450134,2.6656971689051288,2.988211704787269,21,-0.6974558603337458,1.888819562266711,0.8106640689692801,13,-1.2997717734900371,1.6599711336407272,1.4432765361926947,17,-1.3443483397012015,1.0747109711897387,0.10682973363003168,13,-0.8259905536876191,1.1516692741425565,0.2243860704827183,17,6.088827800000063,94,0.5106382978723404,COMPLETE
271,-9999.0,2026-04-28 12:33:32.677012,2026-04-28 12:33:40.172226,0 days 00:00:07.495214,3,38,12,5,46,0.8,12,80,14,3,2.4400000000000004,1.6634707814746872,0.5654416785789947,82,-3.0138587383215656,-2.043741258639926,0.16342601829109557,10,0.6666666666666666,1.367976331540889,-2.043741258639926,0.16342601829109557,-1.9959484000000138,15,-2.024782599100794,0.9829751022095682,-0.030253034967364645,14,-0.5951123962795413,1.9186789584343935,1.1595257252623226,17,-0.9751957940393127,3.252963611433398,2.1552066389356472,10,-0.7669366121161276,1.551349404613206,1.0463423973248842,16,-0.8001377745101389,2.1114315938664614,1.0577767449184927,10,3.3880279999999985,82,0.4634146341463415,COMPLETE
272,-9999.0,2026-04-28 12:33:40.177332,2026-04-28 12:33:47.656907,0 days 00:00:07.479575,3,31,10,6,50,0.95,16,85,12,5,2.68,1.9625443349339473,0.13179571658152126,9,-1.7437730155952416,-1.590017250622583,0.0,0,0.5,1.5829983225854691,0.0,0.0,0.0,0,-1.590017250622583,0.0,-0.8576599999999934,2,-0.26218253026646615,1.2550032278889582,0.03984170637891804,2,-0.3524498964662961,5.0,1.0389728603542814,2,-0.18425613422623555,5.0,0.7258840581349624,1,-0.8064946749147074,0.520262781714725,-0.15626432537904078,2,0.7820047999999913,9,0.5555555555555556,COMPLETE
273,-9999.0,2026-04-28 12:33:47.661886,2026-04-28 12:33:55.069183,0 days 00:00:07.407297,2,58,14,6,44,0.8,13,88,12,4,2.7600000000000002,1.4315564015548203,1.21850496424315,110,-3.3945478816204515,-3.3945478816204515,0.6544292486067215,12,0.8333333333333334,1.4779958485825138,-2.0136216976361725,3.564260733748075,6.71479880000001,23,-1.2739206528427314,1.0623298812387436,0.09300115927315389,14,-0.8023120499078622,0.6544292486067215,-0.40404461867176167,12,-3.3945478816204515,1.0809901854788067,0.3260262759610777,26,-2.296589733009796,1.0898381427210877,0.2713099320599932,18,-1.7413159833077068,1.1374902175354875,0.30993823683642674,17,7.350562800000016,110,0.4090909090909091,COMPLETE
274,-9999.0,2026-04-28 12:33:55.074414,2026-04-28 12:34:02.562964,0 days 00:00:07.488550,3,47,13,5,54,0.85,9,78,12,3,2.2,1.9294403937548867,1.300326180646257,114,-2.9557032875516125,-2.9557032875516125,0.752697170977139,15,0.8333333333333334,1.6542556311375234,-2.9557032875516125,0.752697170977139,-0.8965420000000002,23,-1.2085686338258441,1.316182587771178,0.698726375420744,22,-0.7298144389690248,1.811768765095191,1.037316956444756,18,-0.7911217206549488,1.947013951485949,1.3962078374216036,16,-1.1152293408981915,2.13363307115989,2.8533611833895023,20,-0.6417332390413418,3.6153468160399727,2.7128867312009364,15,8.008946000000083,114,0.4649122807017544,COMPLETE
275,-9999.0,2026-04-28 12:34:02.567984,2026-04-28 12:34:10.026948,0 days 00:00:07.458964,3,34,13,5,55,0.85,9,89,13,3,2.7,2.30266621688155,0.885413172221511,61,-2.000996636466367,-2.000996636466367,0.13725673045734363,6,0.8333333333333334,1.745573726123236,-1.1504170892539505,0.13725673045734363,-0.8511480000000016,7,-2.000996636466367,1.4436610701196122,0.8387237806848802,14,-0.3687192144879532,5.0,2.4947910559742548,13,-0.6250157354700429,4.3904673502428295,1.5327035716313997,6,-1.304685513265689,1.373788880983109,0.8179604409898733,11,-0.9813894779467847,1.4708232694864047,0.47944818404865863,10,5.399347999999993,61,0.45901639344262296,COMPLETE
276,-9999.0,2026-04-28 12:34:10.032072,2026-04-28 12:34:17.417933,0 days 00:00:07.385861,3,48,10,6,51,0.95,12,80,14,3,2.4000000000000004,2.156814247454378,0.4830244655933569,47,-2.4994775011758286,-2.0210550759689165,0.2123940627923081,3,0.5,1.5532715589709742,-1.5404804288570997,0.2123940627923081,-0.8336099999999846,6,-2.0210550759689165,0.6349930150721318,-0.6244434228169116,12,-0.7226881866108774,0.7817585772114763,-0.16685819596293783,8,-0.6069723830745805,5.0,2.971865444904642,8,-0.6486301915749264,1.3117398296503515,0.41330409928204137,10,-0.4112829031223281,5.0,1.1378888681532917,3,2.8827439999999704,47,0.46808510638297873,COMPLETE
277,-9999.0,2026-04-28 12:34:17.423023,2026-04-28 12:34:24.788101,0 days 00:00:07.365078,2,32,14,7,58,0.9,17,84,14,3,2.66,2.0202246294762745,0.47452308693144984,25,-1.8186911174562175,-1.8186911174562175,0.8843690618622208,2,0.8333333333333334,1.9186401734427025,-0.9243329445977977,0.8843690618622208,-0.03285999999999012,2,-1.8186911174562175,1.6743477163354143,0.8284184182922649,6,-0.1994352486838759,2.9404779227295075,0.6138973590215535,5,-0.634949917433805,3.1440172692930703,0.9793671047157781,5,-0.4372169559594576,1.2303130748548767,0.12714896608061466,4,-0.31725248922211413,2.2478227317825548,0.33116667347847795,3,2.877061600000008,25,0.56,COMPLETE
278,-9999.0,2026-04-28 12:34:24.793328,2026-04-28 12:34:32.178526,0 days 00:00:07.385198,2,58,13,7,39,0.95,16,78,12,5,2.7,2.0505260344689757,1.2999358343295517,41,-2.0524200616915387,-2.0524200616915387,0.0,1,0.3333333333333333,2.874291318668514,-2.0524200616915387,5.0,5.927700000000002,10,-0.5880346350988223,0.8706828304864755,-0.14773095233825417,11,-0.12111121939558586,0.0,-0.08275408624418557,1,-0.5158472478844197,5.0,2.5906941811508766,7,-0.7314251178913446,0.5682612601575718,-0.39006425867655903,6,-0.8327330747214324,0.8642121161698062,-0.0982298779145685,6,7.892621999999916,41,0.4634146341463415,COMPLETE
