number,value,datetime_start,datetime_complete,duration,params_d_period,params_ema_period,params_k_period,params_left_bars,params_max_separation,params_min_close_ratio,params_min_separation,params_overbought,params_oversold,params_right_bars,params_rr_target,user_attrs_avg_profit_factor,user_attrs_avg_quarter_return,user_attrs_full_total_trades,user_attrs_max_drawdown_pct,user_attrs_max_quarter_drawdown_worst,user_attrs_min_profit_factor,user_attrs_min_trades_per_period,user_attrs_positive_ratio,user_attrs_profit_factor,user_attrs_q_2024-Q1_drawdown,user_attrs_q_2024-Q1_pf,user_attrs_q_2024-Q1_return,user_attrs_q_2024-Q1_trades,user_attrs_q_2024-Q2_drawdown,user_attrs_q_2024-Q2_pf,user_attrs_q_2024-Q2_return,user_attrs_q_2024-Q2_trades,user_attrs_q_2024-Q3_drawdown,user_attrs_q_2024-Q3_pf,user_attrs_q_2024-Q3_return,user_attrs_q_2024-Q3_trades,user_attrs_q_2024-Q4_drawdown,user_attrs_q_2024-Q4_pf,user_attrs_q_2024-Q4_return,user_attrs_q_2024-Q4_trades,user_attrs_q_2025-Q1_drawdown,user_attrs_q_2025-Q1_pf,user_attrs_q_2025-Q1_return,user_attrs_q_2025-Q1_trades,user_attrs_q_2025-Q2_drawdown,user_attrs_q_2025-Q2_pf,user_attrs_q_2025-Q2_return,user_attrs_q_2025-Q2_trades,user_attrs_total_return_pct,user_attrs_total_trades,user_attrs_win_rate,state
493,0.4607607561935935,2026-04-28 15:07:41.054301,2026-04-28 15:07:48.479832,0 days 00:00:07.425531,3,43,12,7,55,0.8,10,81,14,4,2.5,1.725143791675193,1.5391519761480084,138,-2.715121807165522,-2.715121807165522,1.0476154090305303,21,1.0,1.5885429328442513,-2.715121807165522,1.0476154090305303,0.16202000000002936,25,-1.0231393665650326,3.003417032593271,3.2340851352638644,23,-1.5160807906897442,1.3347745811164404,0.7259625104489409,23,-2.0086477471482187,1.6427567493704542,1.5806945617943047,24,-1.9496997980002737,1.284954967107318,1.0382867592658274,21,-1.6755040684676714,2.0373440108331433,2.493862890115084,22,9.56267500000001,138,0.463768115942029,COMPLETE
494,-9999.0,2026-04-28 15:07:48.484866,2026-04-28 15:07:55.891409,0 days 00:00:07.406543,2,53,12,6,56,0.8,11,82,13,3,2.7800000000000002,1.027965802838869,-0.3731169773556345,147,-5.757774041779381,-4.694255183797997,0.3902385816258661,15,0.5,0.9015929828595199,-2.4936741775075353,1.2320996112220213,0.9940013999999886,31,-2.1260845028897304,0.6410678475476858,-1.2937322829947306,24,-1.534498245258203,0.3902385816258661,-1.2965091657803796,15,-1.2254633444627536,2.375374045862811,3.4812027401445844,25,-4.694255183797997,0.5191116352916619,-4.1526499109791555,34,-2.158803741934329,1.0099030954831678,0.028985355475885655,18,-2.3796715999998663,147,0.30612244897959184,COMPLETE
495,-9999.0,2026-04-28 15:07:55.896707,2026-04-28 15:08:03.281924,0 days 00:00:07.385217,3,45,11,7,55,0.8,12,81,14,4,2.5,1.6388100386345144,1.1582395347604655,125,-3.9421303567955075,-3.4494644508362655,0.7712701530049436,16,0.8333333333333334,1.4586869615616531,-2.669674788211078,1.1465500175390515,0.4219600000000101,21,-1.209766361857169,1.2469275733509877,0.4761856868757075,20,-1.382855495423525,1.8203421840023815,1.8124005855094882,24,-1.175181221009313,2.5093921823969736,2.8432659679796357,23,-3.4494644508362655,0.7712701530049436,-1.0009538595580847,21,-1.7158085139006949,2.338378121512748,2.396578827756035,16,7.098855000000093,125,0.448,COMPLETE
496,-9999.0,2026-04-28 15:08:03.287000,2026-04-28 15:08:10.697643,0 days 00:00:07.410643,3,36,11,7,53,0.8,9,81,15,4,2.4800000000000004,2.134484675763411,1.9191326185249988,150,-2.285930960315024,-2.211543134130208,0.8385853711591682,17,0.6666666666666666,1.7819363718449999,-1.4574682283212717,0.8500292978332826,-0.3209507999999306,22,-0.677572723209868,2.6968620024037717,3.739260386123333,27,-0.6010055380706094,4.810641372178384,5.16708398421073,30,-1.880946597360176,1.7300657419362528,2.26696902983905,31,-2.211543134130208,0.8385853711591682,-0.6538764262654095,23,-1.231253582535251,1.8807242690696075,1.3163095372422218,17,11.941865200000068,150,0.5,COMPLETE
497,-9999.0,2026-04-28 15:08:10.702647,2026-04-28 15:08:18.106205,0 days 00:00:07.403558,3,42,12,7,56,0.8,13,82,13,4,2.2600000000000002,1.6852133412005135,1.0117626519551837,104,-2.3188599449631715,-2.104811254539323,0.7292534721016027,15,0.8333333333333334,1.557782041346232,-1.1672857860687553,1.8344607153757506,1.3943921999999942,17,-1.0112285757204509,1.7135497900768004,1.2135521238422209,18,-1.0282319934311666,1.9315213648148406,1.3758940255278684,20,-1.0580532168253876,2.4123146619842046,1.9327598914029132,18,-2.104811254539323,0.7292534721016027,-0.7349405085968375,15,-1.7876922627351692,1.4901800428498833,0.8889181795549428,16,6.204020000000043,104,0.49038461538461536,COMPLETE
498,-9999.0,2026-04-28 15:08:18.111226,2026-04-28 15:08:25.468697,0 days 00:00:07.357471,3,45,14,7,55,0.8,13,82,13,4,2.72,1.7094363289351941,0.9362134421906662,95,-2.8748647108047907,-2.305485985813671,0.8023835083035966,13,0.8333333333333334,1.5065014097890217,-1.6428544223452328,1.8637702905470026,1.5197520000000075,15,-1.130791974021924,1.4296354526898545,0.752612949645548,18,-0.7783106395099602,1.7977641046073727,1.017891368426893,15,-0.941466195467363,3.314330134052529,2.8237867618502888,18,-2.305485985813671,0.8023835083035966,-0.5894700440021383,16,-1.5795697771166868,1.0487344834108097,0.0927076172233976,13,5.714262800000092,95,0.45263157894736844,COMPLETE
499,-9999.0,2026-04-28 15:08:25.473728,2026-04-28 15:08:32.872014,0 days 00:00:07.398286,2,47,13,7,52,0.8,11,80,13,4,2.8,1.2972369533340986,0.8847540580914804,141,-5.7939990164902095,-5.287953521439977,0.8309888634674223,20,0.6666666666666666,1.253269577586552,-2.064504153379902,2.215349544958987,4.169208000000024,27,-1.8891929373492131,0.8418932290241327,-0.3604731256091953,20,-0.6204114712023281,1.0092764842866402,0.019995432092922982,21,-1.7264757477530701,1.4675452816056973,1.2807830431329048,25,-5.287953521439977,0.8309888634674223,-1.1135670211369408,27,-1.6722014397282718,1.4183683166617123,1.3125780200691661,21,5.337978000000132,141,0.3475177304964539,COMPLETE
