number,value,datetime_start,datetime_complete,duration,params_d_period,params_ema_period,params_k_period,params_left_bars,params_max_separation,params_min_close_ratio,params_min_separation,params_overbought,params_oversold,params_right_bars,params_rr_target,user_attrs_avg_profit_factor,user_attrs_avg_quarter_return,user_attrs_full_total_trades,user_attrs_max_drawdown_pct,user_attrs_max_quarter_drawdown_worst,user_attrs_min_profit_factor,user_attrs_min_trades_per_period,user_attrs_positive_ratio,user_attrs_profit_factor,user_attrs_q_2024-Q1_drawdown,user_attrs_q_2024-Q1_pf,user_attrs_q_2024-Q1_return,user_attrs_q_2024-Q1_trades,user_attrs_q_2024-Q2_drawdown,user_attrs_q_2024-Q2_pf,user_attrs_q_2024-Q2_return,user_attrs_q_2024-Q2_trades,user_attrs_q_2024-Q3_drawdown,user_attrs_q_2024-Q3_pf,user_attrs_q_2024-Q3_return,user_attrs_q_2024-Q3_trades,user_attrs_q_2024-Q4_drawdown,user_attrs_q_2024-Q4_pf,user_attrs_q_2024-Q4_return,user_attrs_q_2024-Q4_trades,user_attrs_q_2025-Q1_drawdown,user_attrs_q_2025-Q1_pf,user_attrs_q_2025-Q1_return,user_attrs_q_2025-Q1_trades,user_attrs_q_2025-Q2_drawdown,user_attrs_q_2025-Q2_pf,user_attrs_q_2025-Q2_return,user_attrs_q_2025-Q2_trades,user_attrs_total_return_pct,user_attrs_total_trades,user_attrs_win_rate,state
459,-9999.0,2026-04-28 12:56:56.705345,2026-04-28 12:57:04.200292,0 days 00:00:07.494947,3,39,13,6,44,0.8,8,80,14,4,2.22,1.7999857165203743,1.3288463256220462,136,-2.8130494089099334,-1.9977769288113445,0.6783038002529923,17,0.6666666666666666,1.5739950781629393,-1.7588323665509533,0.9873647835787733,-0.035394399999966186,27,-1.0282555957390396,2.0067724654747914,2.3518978401291246,26,-0.9585109776743665,2.423775074398276,2.235137567538459,25,-1.7511087879421814,1.888233337929593,2.0938185962491973,23,-1.9977769288113445,0.6783038002529923,-1.0954679463040073,17,-0.5939107519623213,2.815464837487819,2.42308629611947,18,8.182208000000202,136,0.5073529411764706,COMPLETE
460,-9999.0,2026-04-28 12:57:04.205536,2026-04-28 12:57:11.695474,0 days 00:00:07.489938,3,48,13,6,43,0.8,8,80,14,4,2.3800000000000003,1.5160318850062222,1.2841858817098297,163,-2.681419769025485,-2.378151482020117,0.8878012658138548,25,0.6666666666666666,1.4169959060581436,-2.000183521725894,1.709284011300609,2.4126934000000544,34,-1.164131397118525,1.3374802422980547,0.8355950532983325,27,-1.2699924121982031,0.8878012658138548,-0.30796608615272225,25,-1.145023449884897,2.311157966570663,2.7247522465110086,27,-2.378151482020117,0.9678947086734613,-0.1644946125612501,25,-1.699960046019254,1.8825731153806915,2.204535289163556,25,7.90918220000012,163,0.4662576687116564,COMPLETE
461,0.4878333810123347,2026-04-28 12:57:11.700703,2026-04-28 12:57:19.162582,0 days 00:00:07.461879,3,47,13,6,45,0.8,9,79,13,4,2.2,1.9183600486348735,1.755785564281742,141,-1.9201215951472148,-1.9201215951472148,1.2210604906968703,21,1.0,1.762562370701249,-1.9201215951472148,1.3851419306971553,1.1212560000000593,25,-1.1318393664852584,1.916709789534681,1.6432489723031463,23,-0.9424817592837975,1.953313152094053,1.5779118186259433,23,-1.1569634370893507,1.7942368096324148,1.6275331676946392,26,-1.4338150233177143,1.2210604906968703,0.8455215665056803,21,-0.6254800276541782,3.2396981191540664,3.7192418605609845,23,10.98073800000019,141,0.5177304964539007,COMPLETE
462,-9999.0,2026-04-28 12:57:19.167819,2026-04-28 12:57:26.698938,0 days 00:00:07.531119,3,52,12,6,45,0.8,8,79,13,3,2.3000000000000003,1.2317105256503493,0.5319588008604067,172,-2.5340340611719516,-2.45058007689916,0.6531672135709701,21,0.6666666666666666,1.1457275212503175,-2.45058007689916,1.0799006653043046,0.4160139999999979,39,-1.4455932256712154,1.0600895679662836,0.1612800524027902,28,-1.6303917169936348,0.6531672135709701,-0.892200393992848,26,-1.3082183000631857,2.395330248211977,3.8596995716557725,26,-2.362032521108669,0.780143518670571,-1.2932561805996334,32,-1.8957152928084582,1.4216319401779904,0.9402157556963608,21,3.14989599999993,172,0.4186046511627907,COMPLETE
463,0.507810380593225,2026-04-28 12:57:26.704072,2026-04-28 12:57:34.183950,0 days 00:00:07.479878,3,46,14,6,45,0.8,8,79,13,4,2.22,2.122887294472135,2.1180640192152786,150,-2.102131042915394,-2.102131042915394,1.2158687626934213,22,1.0,1.8994908350990813,-1.7755854953943007,1.7648971586381288,2.2268297999999964,29,-1.0033191560380896,2.1351048067428535,2.3726458159225805,29,-0.9256816415657555,1.8809050144053525,1.501722603154354,23,-1.0278600832153217,1.8531016979164652,1.632800185195249,24,-2.102131042915394,1.2158687626934213,0.8910123684416238,23,-0.6135853475811828,3.887446326436589,4.083373342577867,22,13.367864000000118,150,0.54,COMPLETE
464,-9999.0,2026-04-28 12:57:34.189053,2026-04-28 12:57:41.692112,0 days 00:00:07.503059,3,50,13,6,45,0.95,8,81,15,4,2.3400000000000003,1.902612945277015,0.3293319826006669,56,-2.7576659259938245,-2.23319747901171,0.06848671878771415,5,0.6666666666666666,1.3077825532158174,-1.5751188834500762,0.8817182662538744,-0.16810199999997,12,-0.3854088987146268,1.7848861629785935,0.8370597141206915,12,-0.41467498058242735,1.9375624272563798,0.7041714989338699,11,-0.6266183823268701,5.0,2.368568286076922,9,-2.23319747901171,0.06848671878771415,-2.044772042630716,7,-0.3945650489255356,1.743024096385529,0.27906643910320383,5,1.9392640000001515,56,0.4642857142857143,COMPLETE
465,0.4814459826058261,2026-04-28 12:57:41.697425,2026-04-28 12:57:49.174602,0 days 00:00:07.477177,3,48,14,6,43,0.8,9,79,13,4,2.22,1.8866740019889245,1.5878996743759217,136,-1.9884707810869109,-1.9103756622259538,1.2256792646557977,21,1.0,1.6815490435945473,-1.9103756622259538,1.272444891406873,0.8723304000000542,27,-1.3944486762186021,1.431126801881563,0.8450095250302825,21,-0.9521760271000909,1.9710833510319992,1.483277349427392,21,-1.1675218846572184,1.760976704184276,1.57706837745073,25,-1.59973263465458,1.2256792646557977,0.878256572822389,21,-0.6333243667227799,3.658732998773038,3.871455821524683,21,9.877915200000164,136,0.5073529411764706,COMPLETE
466,0.4712420248372471,2026-04-28 12:57:49.179659,2026-04-28 12:57:56.678059,0 days 00:00:07.498400,3,43,13,6,45,0.8,9,79,12,4,2.2600000000000002,1.7299111081744905,1.5339094606453365,134,-2.0553225055479185,-2.0553225055479185,1.225144953422553,21,1.0,1.6535648820845321,-2.0553225055479185,1.225144953422553,0.6554600000000299,23,-1.0185935935260024,2.3628557084931265,2.4542934879042244,24,-0.95422472876343,1.887483585890093,1.3788951386814796,22,-1.6901290620077238,1.3815680317040953,0.8841028386798788,22,-1.3673783621786126,1.4415540030051188,1.4794793029150988,21,-1.6736539398073687,2.080860366531959,2.3512259956913084,22,9.549164600000125,134,0.5,COMPLETE
467,0.5017092035016747,2026-04-28 12:57:56.683357,2026-04-28 12:58:04.147508,0 days 00:00:07.464151,3,46,13,7,46,0.8,8,79,13,4,2.2800000000000002,1.9338735292908924,2.1807247942559282,158,-2.078847514256836,-2.078847514256836,1.2497005195184105,23,1.0,1.8539874329141275,-1.6431377757013728,2.172239427330942,3.412717200000004,29,-1.2282218131604454,2.112940848189188,2.3912478725585773,30,-0.9117351516579634,1.5433439528677353,1.1113744603896691,25,-1.0096844509584,1.9013377945550265,1.766333991257718,26,-2.078847514256836,1.2497005195184105,1.0212417753259206,23,-1.6119040647289018,2.6236786332840523,3.3814334660036804,25,13.787926000000095,158,0.5253164556962026,COMPLETE
468,-9999.0,2026-04-28 12:58:04.152807,2026-04-28 12:58:11.609027,0 days 00:00:07.456220,3,40,13,7,45,0.9,9,79,13,4,2.2800000000000002,2.3096204187940077,1.0755909776562433,68,-1.3141600398545712,-1.258252129189842,0.44734782763915926,8,0.8333333333333334,2.020332994892399,-1.0671323340798085,0.44734782763915926,-0.6192135999999571,8,-0.443308063051522,5.0,3.1178002431262897,14,-0.6125449475784328,3.376020193918264,1.9656094229732357,17,-1.258252129189842,2.1040135149329697,1.2070298276345204,10,-1.0327044718616654,1.0065063336347915,0.01068016783305481,9,-0.5934020706443135,1.92383464263886,0.7716398043703165,10,6.582321200000085,68,0.5735294117647058,COMPLETE
469,-9999.0,2026-04-28 12:58:11.614182,2026-04-28 12:58:19.060254,0 days 00:00:07.446072,2,46,14,7,45,0.8,9,81,15,4,2.2800000000000002,1.5477448123569573,1.4949347258542136,153,-3.5760096434385367,-3.3642469064882228,0.6719193476649411,17,0.6666666666666666,1.4811197462845953,-2.0582522041717093,2.4915112975421465,4.451743600000024,28,-1.367716180016195,1.8003348664314625,1.9458424818482367,30,-1.1513981377058624,0.6719193476649411,-0.6234456733068661,17,-2.353060935075092,1.1263602384422955,0.4210665029547256,28,-3.3642469064882228,0.8985852182360284,-0.5118393901378915,24,-1.6070149263906695,2.297757905824869,3.2862408337670512,26,9.196281600000056,153,0.45751633986928103,COMPLETE
470,0.46808647003670095,2026-04-28 12:58:19.065306,2026-04-28 12:58:26.518193,0 days 00:00:07.452887,3,42,12,7,46,0.8,10,80,14,4,2.3800000000000003,1.7501812127450933,1.6195908176443268,131,-2.0031101427793816,-2.0031101427793816,1.3001308896003338,18,1.0,1.688474835868333,-1.9250772328937782,1.3001308896003338,0.8690500000000823,24,-1.0162404552971287,2.629831133585417,2.7863313870805984,22,-1.183208071643778,1.6262595903805985,1.1242514872453757,22,-2.0031101427793816,1.4729914303004288,1.1555096676352683,23,-1.1663581498686555,1.5368054164287641,1.551221388043822,18,-1.6662843961335339,1.9350688161750191,2.2311809758608137,22,10.10491040000019,131,0.48091603053435117,COMPLETE
471,-9999.0,2026-04-28 12:58:26.523392,2026-04-28 12:58:34.005123,0 days 00:00:07.481731,2,43,14,5,45,0.8,8,79,13,4,2.24,1.980529425787659,1.7318989399671174,144,-3.7913397501296124,-3.7913397501296124,0.8711806800642277,19,0.6666666666666666,1.6234684807995874,-2.0458624105321124,3.006885861153043,5.251117200000022,28,-1.178875374249951,1.6600462494171544,1.3315358898631668,25,-1.0929871751024325,0.8711806800642277,-0.23241633242691018,19,-2.3434128206016513,1.1420449471978926,0.479602142670843,27,-3.7913397501296124,0.9172224407871972,-0.434923757780703,25,-0.628851325374505,4.285796376106437,3.9964784974762857,20,10.704268000000061,144,0.4791666666666667,COMPLETE
472,-9999.0,2026-04-28 12:58:34.010375,2026-04-28 12:58:41.509777,0 days 00:00:07.499402,2,41,14,6,45,0.8,8,80,14,4,2.24,1.8214642458478114,1.8400798866398933,154,-3.6132764335998746,-3.6132764335998746,0.8144984571909436,19,0.6666666666666666,1.624247171491526,-2.034232736377177,3.267887360164606,5.64395520000005,29,-0.9746974859416396,2.102614963336578,2.507968955709816,28,-1.0854178395194285,0.8144984571909436,-0.32975357680096185,19,-1.956819491811332,1.2119676258992798,0.6988057793812397,27,-3.6132764335998746,0.9059391532371035,-0.5098805346220647,28,-0.7855861716368814,2.6258779152583593,3.0293834961712784,23,11.412312000000103,154,0.474025974025974,COMPLETE
473,-9999.0,2026-04-28 12:58:41.515092,2026-04-28 12:58:48.962999,0 days 00:00:07.447907,3,43,12,7,45,0.85,10,79,13,4,2.2600000000000002,1.9855046780321872,1.2933847338640205,101,-2.116682001235796,-1.6915639112920549,0.7653524491358702,14,0.8333333333333334,1.7424336799769198,-1.6915639112920549,1.2884071898486906,0.7202710000000279,19,-1.017943325803647,2.7939251837799794,2.403482810327251,19,-0.9525847006947826,1.4897248458817118,0.683171923100967,17,-1.456588691437104,2.3313207981373383,1.894105073176866,17,-1.2818575966991843,0.7653524491358702,-0.6052496025550469,14,-0.7299389510444843,3.244297601409532,2.664527199134059,15,7.9745544000001,101,0.5148514851485149,COMPLETE
474,0.49955547942484985,2026-04-28 12:58:48.968200,2026-04-28 12:58:56.452704,0 days 00:00:07.484504,3,43,13,6,46,0.8,9,79,13,4,2.2,2.084522445234911,1.9345097412902543,138,-2.070466232509645,-2.070466232509645,1.1911599021736219,21,1.0,1.876437461583535,-2.070466232509645,1.1911599021736219,0.5565200000000381,23,-1.0196952152975423,2.296024053181839,2.336236377313061,24,-0.9532494621403271,2.926582259974555,2.561106444597616,24,-1.673478406685231,1.5034610303830813,1.1555516038633806,24,-1.3530426019254609,1.4022309187684145,1.3314541429168658,21,-0.618900455681739,3.187676506927954,3.666189879050563,22,12.148510000000279,138,0.5289855072463768,COMPLETE
475,0.49900838144525084,2026-04-28 12:58:56.457829,2026-04-28 12:59:03.957401,0 days 00:00:07.499572,3,44,13,7,46,0.8,8,79,13,4,2.2800000000000002,1.9507900222418584,2.0647980183756243,149,-2.092616199769454,-2.092616199769454,1.2497005195184105,22,1.0,1.826406791387005,-1.6431377757013728,2.0247561210189433,2.983352000000017,28,-0.995712356204249,2.1920212539420274,2.282962395708399,26,-0.9311433738818298,1.9261250170527329,1.6112210504799274,24,-1.646564052634689,1.4587860543103344,1.1120563190418764,26,-2.092616199769454,1.2497005195184105,1.0281454709478721,23,-1.6227765273831785,2.8533511676087002,3.371050874075654,22,13.020245600000102,149,0.5167785234899329,COMPLETE
476,-9999.0,2026-04-28 12:59:03.962497,2026-04-28 12:59:11.465062,0 days 00:00:07.502565,3,40,13,5,46,0.8,8,79,13,4,2.2800000000000002,2.2235493193966573,1.6097548481367945,124,-3.5355625055141187,-2.1232855957132677,0.6257347433246693,17,0.8333333333333334,1.7550435566735652,-1.570493761656348,1.8537093459930662,2.048228000000041,23,-1.2107390437537748,2.2221400914778267,2.149674563677828,21,-0.5034700087216505,2.9175842961936835,2.337187285921094,22,-1.8626845185674326,1.572116952213595,1.4283367308702388,22,-2.1232855957132677,0.6257347433246693,-1.401905496249145,19,-0.5873561830662382,4.150010487177104,3.09700800460071,17,9.989143200000061,124,0.5161290322580645,COMPLETE
477,-9999.0,2026-04-28 12:59:11.470496,2026-04-28 12:59:18.925178,0 days 00:00:07.454682,3,36,12,7,43,0.8,8,79,12,4,2.4800000000000004,2.150021022252633,1.8041200869400473,133,-2.394594611780591,-1.8118878645161132,0.9138168835098284,15,0.8333333333333334,1.8247076043751782,-1.1091162155202032,1.4386590323716462,1.183655600000022,26,-0.6703256882363666,3.308544886569694,3.9001089421006885,24,-0.5935079781210675,4.176578244258924,3.630209263987272,24,-1.8118878645161132,1.5789013890591599,1.6904218909743918,24,-1.4267098123551083,0.9138168835098284,-0.25709928306508756,20,-1.2387965729613757,1.4836256977465425,0.6774241076429988,15,11.251757999999956,133,0.49624060150375937,COMPLETE
478,-9999.0,2026-04-28 12:59:18.930454,2026-04-28 12:59:26.415713,0 days 00:00:07.485259,3,54,12,7,46,0.8,9,80,14,4,2.22,1.2182382121245492,0.7661322088792407,161,-3.2671882123976586,-3.065635504422697,0.714694584455728,23,0.6666666666666666,1.2159579402805867,-1.7078314440761553,1.6584168545551354,2.4004429999999966,33,-1.9934668875867616,0.8292696477676899,-0.47595048001889406,24,-1.838717738983765,0.714694584455728,-0.8470020776804921,24,-3.065635504422697,1.054542302671057,0.25095808691151245,31,-2.1471509861523947,1.078042424155057,0.3206163119337857,23,-1.3124842863460904,1.9744634591426289,2.9477284121295355,26,4.623974800000186,161,0.45962732919254656,COMPLETE
479,0.5069234800900445,2026-04-28 12:59:26.421192,2026-04-28 12:59:33.904358,0 days 00:00:07.483166,3,42,13,6,46,0.8,9,79,13,4,2.22,2.1554198713369743,1.9630851830287082,132,-1.7471287299053642,-1.7471287299053642,1.349889367046534,19,1.0,1.934686767752923,-1.7471287299053642,1.3509796279073434,0.9094900000000239,22,-1.0161206289547147,2.1528781006046476,2.193792675000128,23,-0.9496810821708309,3.3591216491079647,2.7555698771475345,23,-1.665857094233161,1.5015910667107037,1.1466575906019516,23,-1.3513885736856126,1.349889367046534,1.0605004918738725,19,-0.6179645928252441,3.218059416644652,3.71250046354874,22,12.337818600000183,132,0.5303030303030303,COMPLETE
480,0.4756426179711334,2026-04-28 12:59:33.909576,2026-04-28 12:59:41.364569,0 days 00:00:07.454993,3,46,13,7,46,0.8,10,79,13,4,2.3000000000000003,1.7533287513256228,1.6096754871864238,132,-2.0452300761895095,-2.0452300761895095,1.2478016542551762,20,1.0,1.7007667115060614,-2.0452300761895095,1.2478016542551762,0.721420000000017,23,-1.260629858429877,2.1876478057510087,2.2008317595205495,25,-0.9375201693899027,1.534534886724706,1.0050882117742743,22,-1.3556326916062287,1.9144624427585464,1.6728758578161695,22,-1.361838345842786,1.5144238124434404,1.6667470264492001,20,-1.6665242352531708,2.1211019060208596,2.3910900675583324,20,10.043837000000222,132,0.48484848484848486,COMPLETE
481,-9999.0,2026-04-28 12:59:41.369754,2026-04-28 12:59:48.867966,0 days 00:00:07.498212,3,41,13,5,43,0.9,8,80,14,3,2.3000000000000003,1.9186315828839755,0.7234570589159403,73,-2.6535809182334242,-1.738874835660095,0.5145615188580324,9,0.6666666666666666,1.5236342565794236,-1.7203122306313563,0.5145615188580324,-0.8933669999999672,13,-1.738874835660095,0.9206854863893082,-0.17939566164054677,17,-0.6685275093172918,2.4428744238164577,1.14541624060287,13,-0.6750043993572521,3.6317108488683782,2.3067121383468114,10,-1.3262926113920694,1.427810940721126,0.7763983573762401,9,-0.6065391134494938,2.5741462786505505,1.1849782788102337,11,4.387410999999974,73,0.4520547945205479,COMPLETE
482,-9999.0,2026-04-28 12:59:48.873247,2026-04-28 12:59:56.421360,0 days 00:00:07.548113,3,36,13,5,46,0.95,9,79,13,5,2.2,2.680768325642294,0.8510982608500751,21,-1.118817101363061,-0.9522749785591639,0.0,2,0.5,3.8809369124829134,-0.35702826217341926,0.0,-0.25328000000000017,2,-0.45966657966365254,5.0,2.0414185047889166,5,-0.30893395167621684,5.0,2.108580681200034,6,-0.5061776463111332,5.0,1.6540827085038012,3,-0.9522749785591639,0.6705203226316664,-0.27606901992421884,2,-0.47775300925445624,0.4140896312220959,-0.16814330946808287,3,5.179406000000042,21,0.7142857142857143,COMPLETE
483,0.5013141623999885,2026-04-28 12:59:56.426766,2026-04-28 13:00:03.954743,0 days 00:00:07.527977,3,42,13,6,43,0.8,8,79,13,4,2.22,2.08974614904251,2.0539609439243716,142,-1.934018445743008,-1.934018445743008,1.1219529714711736,22,1.0,1.8854532770302275,-1.5557108350698496,1.7627807771418977,1.9765861999999856,26,-1.0055699582842332,1.9875834182741396,2.0142417750399266,25,-0.9446126816725917,2.5775469751881923,2.1757670373755866,23,-1.6472967365873215,1.8705533355350066,1.9839561075341683,24,-1.934018445743008,1.1219529714711736,0.48144582507336775,22,-0.6146021165137844,3.218059416644652,3.6917687185231918,22,12.946088400000178,142,0.528169014084507,COMPLETE
484,0.4809316304758188,2026-04-28 13:00:03.959980,2026-04-28 13:00:11.450763,0 days 00:00:07.490783,3,44,13,7,43,0.8,8,80,14,4,2.3400000000000003,1.8258975875514425,1.9177771233572412,154,-2.124498737313456,-2.09288786934504,1.064196918606366,23,1.0,1.7057491328698953,-1.6229105599677358,2.230771550658147,3.583120600000078,30,-0.9923175629446449,2.146005629098969,2.464656582281055,28,-1.2503924439084475,1.1887300451370637,0.4447731260283527,25,-1.646888619227447,1.5385631881708817,1.2777773125225877,25,-2.09288786934504,1.064196918606366,0.28318491872445506,23,-1.6377277307481692,2.7871181936372285,3.4531502005869186,23,12.015061400000192,154,0.5,COMPLETE
485,-9999.0,2026-04-28 13:00:11.456074,2026-04-28 13:00:18.851173,0 days 00:00:07.395099,3,37,13,5,42,0.8,10,78,12,5,2.2,1.8135491726960653,0.7023846585970013,102,-2.7214331991831058,-2.7214331991831058,0.33479660028030295,13,0.6666666666666666,1.3500223867057977,-1.4013158344962877,0.7554193878659243,-0.4729919999999721,15,-0.6665502980937908,1.7664194484556954,1.6477858954626612,20,-0.46777750936339757,4.795938655513089,3.0949617958425435,16,-1.438552589487272,1.3914669369141133,0.8888677528867239,19,-2.7214331991831058,0.33479660028030295,-2.101957524375908,13,-0.627689869238488,1.8372540071472672,1.1576420317659597,19,4.205890000000112,102,0.5,COMPLETE
486,-9999.0,2026-04-28 13:00:18.856560,2026-04-28 13:00:26.302630,0 days 00:00:07.446070,3,54,14,7,42,0.95,9,79,13,4,2.24,2.407859666090309,0.5197468293462607,49,-1.2279085694141532,-1.2244268451723566,0.4485013964361905,3,0.6666666666666666,1.5854227035574575,-1.0917196625969863,1.8474758369154995,1.3012144000000614,13,-1.2244268451723566,0.841385727258032,-0.25174742623816915,12,-0.7018106678328411,1.3097950359321318,0.2538391570765075,10,-0.6314784659155745,5.0,1.6496707698352875,6,-1.0103817972406928,0.4485013964361905,-0.6002203658570071,5,-0.3474100420804269,5.0,0.7657244412608843,3,3.1395400000001183,49,0.4897959183673469,COMPLETE
487,0.5026459265269367,2026-04-28 13:00:26.308120,2026-04-28 13:00:33.790620,0 days 00:00:07.482500,3,46,12,7,46,0.8,8,80,13,4,2.2,1.9563567775160866,2.103630815658275,161,-2.119916127082549,-2.119916127082549,1.3079685954199218,22,1.0,1.8096196107861369,-1.8740727000574915,1.8946242645138112,2.8767180000000447,31,-1.2366101529722555,1.698332391419898,1.6094875810482634,30,-1.4836097147926108,1.3546004066745334,0.8574997714108745,26,-1.3363899335702207,1.6210018242626842,1.3948569989442605,27,-2.119916127082549,1.3079685954199218,1.182288545645882,22,-0.6128308837223613,3.8616131828056712,4.700933996900325,25,13.248000000000172,161,0.515527950310559,COMPLETE
488,-9999.0,2026-04-28 13:00:33.795959,2026-04-28 13:00:41.264030,0 days 00:00:07.468071,3,42,13,7,45,0.95,9,79,13,4,2.24,2.345309995836967,0.7599631304208524,40,-1.2180522880875895,-1.1615831073893073,0.0,3,0.8333333333333334,2.153306925651652,-0.9305058950237896,0.0,-0.5552999999999919,3,-0.3878356850640348,5.0,2.1730807172227085,9,-0.346981544264825,2.4193054318789287,0.6274765241155,8,-1.1615831073893073,3.336238987450766,1.698814674792648,8,-1.1282278293052055,1.0263900228666036,0.03618304629897651,6,-0.6040557573740242,2.2899255328255035,0.5795238200952735,6,4.6206204000000195,40,0.575,COMPLETE
