number,value,datetime_start,datetime_complete,duration,params_d_period,params_ema_period,params_k_period,params_left_bars,params_max_separation,params_min_close_ratio,params_min_separation,params_overbought,params_oversold,params_right_bars,params_rr_target,user_attrs_avg_profit_factor,user_attrs_avg_quarter_return,user_attrs_full_total_trades,user_attrs_max_drawdown_pct,user_attrs_max_quarter_drawdown_worst,user_attrs_min_profit_factor,user_attrs_min_trades_per_period,user_attrs_positive_ratio,user_attrs_profit_factor,user_attrs_q_2024-Q1_drawdown,user_attrs_q_2024-Q1_pf,user_attrs_q_2024-Q1_return,user_attrs_q_2024-Q1_trades,user_attrs_q_2024-Q2_drawdown,user_attrs_q_2024-Q2_pf,user_attrs_q_2024-Q2_return,user_attrs_q_2024-Q2_trades,user_attrs_q_2024-Q3_drawdown,user_attrs_q_2024-Q3_pf,user_attrs_q_2024-Q3_return,user_attrs_q_2024-Q3_trades,user_attrs_q_2024-Q4_drawdown,user_attrs_q_2024-Q4_pf,user_attrs_q_2024-Q4_return,user_attrs_q_2024-Q4_trades,user_attrs_q_2025-Q1_drawdown,user_attrs_q_2025-Q1_pf,user_attrs_q_2025-Q1_return,user_attrs_q_2025-Q1_trades,user_attrs_q_2025-Q2_drawdown,user_attrs_q_2025-Q2_pf,user_attrs_q_2025-Q2_return,user_attrs_q_2025-Q2_trades,user_attrs_total_return_pct,user_attrs_total_trades,user_attrs_win_rate,state
123,-9999.0,2026-04-28 12:15:06.648239,2026-04-28 12:15:14.102635,0 days 00:00:07.454396,3,59,12,7,55,0.85,9,76,11,3,2.46,1.270578869594008,0.2992901461243129,115,-3.349949264820775,-2.261273724996475,0.592492984261887,16,0.5,1.114980323702108,-1.2130095494472217,1.1151381263410232,0.2919165999999862,22,-1.167024533181174,0.7932345477350246,-0.42407445626581053,17,-0.661318565815643,1.0058396259784883,0.007604343875278197,16,-0.7589114229036594,3.130585676380504,3.74657565211558,18,-2.261273724996475,0.592492984261887,-1.7882380257404407,22,-1.9231739887633499,0.9861822568671199,-0.038043237238716276,20,1.7244449999999967,115,0.40869565217391307,COMPLETE
124,-9999.0,2026-04-28 12:15:14.107353,2026-04-28 12:15:21.480955,0 days 00:00:07.373602,3,30,13,6,57,0.85,12,88,15,3,2.24,1.9151846816022235,0.44971790511327453,40,-1.8699140032881898,-1.8699140032881898,0.3604362564480449,3,0.6666666666666666,1.599995018956869,-1.117405913005163,0.3604362564480449,-0.34715519999999334,3,-1.8699140032881898,4.811431385746926,2.3297450310219014,7,-0.4572206791733908,2.2650190366356213,0.7852398239708736,11,-0.6283456894638803,2.5440155423637854,0.6959508491142019,4,-1.2352011046820413,0.4889447038771086,-0.7793591775036024,9,-0.6141245353630852,1.0212611645418566,0.013886104076266115,6,2.6982075999999466,40,0.5,COMPLETE
125,-9999.0,2026-04-28 12:15:21.485836,2026-04-28 12:15:28.931444,0 days 00:00:07.445608,3,56,14,7,52,0.9,8,78,10,3,2.64,1.3965372119046107,0.1378451105819134,92,-2.2957972896357264,-2.2957972896357264,0.7848494184543829,11,0.3333333333333333,1.0692836488258342,-2.030937483824633,0.7848494184543829,-0.6243131999999707,21,-0.8153805282682015,0.8029408980299465,-0.29743573052718464,15,-0.45114739531194575,1.5733248676173963,0.4556793579595375,13,-0.8276843978145272,3.511040694948289,2.0445744768106344,11,-2.2957972896357264,0.8978658578459507,-0.3514328764548602,17,-1.6964356404908791,0.8092015345316972,-0.400001364296676,15,0.8048148000001198,92,0.41304347826086957,COMPLETE
126,0.47179182428682914,2026-04-28 12:15:28.936330,2026-04-28 12:15:36.372091,0 days 00:00:07.435761,3,45,14,5,60,0.85,9,81,15,4,2.3000000000000003,2.2272106149439184,1.5608729867130318,106,-1.7915972868359802,-1.7915972868359802,1.0640772593105534,16,1.0,1.8740734142569253,-1.7915972868359802,1.452893827075564,1.0532680000000072,19,-0.9471969933146178,2.1308511704219737,1.7869892144408706,19,-0.6098983381035481,2.0214277568707804,1.2191106630460746,18,-0.7912636072235831,4.1861658080218005,2.904739747070173,16,-1.4997209716319622,1.0640772593105534,0.20647532345847708,18,-1.5996224194339985,2.5078478679628375,2.1946549722625885,16,9.714618000000153,106,0.5283018867924528,COMPLETE
127,-9999.0,2026-04-28 12:15:36.379684,2026-04-28 12:15:43.845261,0 days 00:00:07.465577,3,44,13,5,59,0.85,8,81,15,4,2.2,2.073393430381768,1.3611400716634545,119,-2.43518025561816,-2.2208604062568615,0.48019318189877175,15,0.8333333333333334,1.6687579485540884,-1.6622731168423615,1.9485486177820646,2.221738000000051,23,-0.9365901027783958,2.018695838092094,1.841105460366954,23,-0.5100482256353565,1.8951968057605717,1.3804882414031772,22,-1.2379646180407524,2.8538756364843976,2.538983753860413,19,-2.2208604062568615,0.48019318189877175,-2.0318617108539216,17,-0.43044563684437687,3.2438505022727075,2.2163866852040526,15,8.371512000000125,119,0.5294117647058824,COMPLETE
128,-9999.0,2026-04-28 12:15:43.850204,2026-04-28 12:15:51.239865,0 days 00:00:07.389661,3,48,14,5,60,0.85,13,81,15,4,2.24,2.2380351594832963,1.0624481602986975,77,-1.9750313166805145,-1.2583560046915456,0.5240475469477143,9,0.8333333333333334,1.8549907771061602,-1.1392851696922617,2.1475804164385193,1.6346824000000204,14,-0.9373800297031092,1.4857734052067961,0.593182155700811,14,-0.6591469089372037,1.611613723722249,0.6303229384935216,13,-0.759967955262961,5.0,3.2600765840566703,15,-1.2583560046915456,0.5240475469477143,-1.050427533149012,12,-0.6471696436055796,2.6591958645844986,1.306852416690174,9,6.493851600000022,77,0.5324675324675324,COMPLETE
129,-9999.0,2026-04-28 12:15:51.244704,2026-04-28 12:15:58.696657,0 days 00:00:07.451953,3,31,13,5,46,0.85,10,84,14,3,2.24,1.7136783692184754,0.7402479148847453,64,-1.8783172547472697,-1.8783172547472697,0.5909380437802514,5,0.6666666666666666,1.6212729232898688,-1.1439005385351775,0.5909380437802514,-0.27974520000000336,5,-1.8783172547472697,2.2951483629154077,1.9127676757600964,14,-1.049924810144534,1.537431771845985,0.6718024621160001,15,-0.6308238175583056,2.0301985622277625,0.7535694647718083,7,-1.3279514115156497,0.9793780044784918,-0.04565285794834173,11,-0.6158006480556876,2.8489754700629546,1.4287459446089112,12,4.50642799999994,64,0.5,COMPLETE
130,-9999.0,2026-04-28 12:15:58.701750,2026-04-28 12:16:06.116691,0 days 00:00:07.414941,2,36,13,5,60,0.85,11,83,12,4,2.4000000000000004,1.7399209556843835,0.4211252225292635,79,-3.1595617349970095,-2.7438531361366985,0.20674475548401486,9,0.8333333333333334,1.274936994670698,-0.972645496349003,1.0183137776702702,0.027251999999999832,14,-0.6402000201454898,2.808489674510843,2.33408791436156,15,-0.42383713889748537,2.897491170381181,1.2176630900520902,12,-1.0142615324958852,1.590699159985933,0.8925048548187098,14,-2.7438531361366985,0.20674475548401486,-2.5506119544324135,15,-0.8198011767061308,1.9177871960740596,0.6058554303756347,9,2.4840419999999863,79,0.4936708860759494,COMPLETE
131,-9999.0,2026-04-28 12:16:06.121627,2026-04-28 12:16:13.551625,0 days 00:00:07.429998,3,49,14,7,56,0.85,10,80,14,4,2.3200000000000003,1.88932177490171,1.1962203198080779,112,-2.313979150584951,-2.061297344556623,0.7052820856303915,15,0.8333333333333334,1.5848058648793175,-2.061297344556623,1.1760914149495079,0.5436752000000045,23,-0.9496161483018727,1.8596855619492723,1.3759425416349114,19,-0.9500126602025939,1.418019124402355,0.699952820397387,20,-0.9488446781691054,4.036293269655973,3.34481560599742,19,-1.8156742053024786,0.7052820856303915,-0.8628236784189114,16,-1.495422941619137,2.1405591928227605,2.0757594292376558,15,7.341284400000125,112,0.49107142857142855,COMPLETE
132,-9999.0,2026-04-28 12:16:13.556422,2026-04-28 12:16:20.990718,0 days 00:00:07.434296,3,33,13,5,60,0.85,8,76,11,3,2.5,2.0622551349501994,1.2714819223101914,80,-2.018982469678617,-2.018982469678617,0.8568111497196955,9,0.6666666666666666,1.8859137011111133,-2.018982469678617,0.8568111497196955,-0.263319999999978,12,-1.595454592704032,2.789228764277056,2.9182944529535293,18,-0.41874863802662005,5.0,4.05268858047787,20,-1.3165101607591096,1.67408068976177,0.734912554871614,9,-1.2684925026930087,1.1553903448657588,0.31295947508460653,10,-0.9598126076209194,0.8980198610769166,-0.12664352952649338,11,7.792240000000006,80,0.5125,COMPLETE
133,-9999.0,2026-04-28 12:16:20.995654,2026-04-28 12:16:28.389087,0 days 00:00:07.393433,3,43,12,7,37,0.8,12,75,10,3,2.3000000000000003,1.2872807779448343,0.0494532579375373,92,-3.1126873198566036,-2.8784496044380155,0.11619839664343862,10,0.6666666666666666,1.0202830032506047,-2.8784496044380155,0.11619839664343862,-2.8310640000000165,18,-1.8943623594009373,0.9546428639279861,-0.0737097707851131,16,-0.6189556068797435,1.7284975309337267,0.7991786549232716,14,-0.9906647011947408,2.578895437320599,1.5793746555623267,10,-1.0066166373697787,1.1346325507459014,0.39868504114097814,19,-1.948789573604492,1.2108178880973544,0.42425496678377694,15,0.23892100000011407,92,0.43478260869565216,COMPLETE
134,-9999.0,2026-04-28 12:16:28.394271,2026-04-28 12:16:35.810950,0 days 00:00:07.416679,3,33,13,6,56,0.85,11,81,15,4,2.46,2.685434755899239,1.4953856165833779,73,-1.879054881476278,-1.6551045457210238,0.20325760056839684,8,0.6666666666666666,2.288407003561444,-1.3082838840804052,0.607470240719523,-0.5787184000000001,10,-0.7294568724760975,4.939090127631029,4.8395666627575995,18,-0.5863188433201436,4.328487729001026,2.9562475476539563,17,-0.5884181578195024,5.0,3.0220749418360615,11,-1.6551045457210238,0.20325760056839684,-1.2982760154704232,9,-0.8836487254732444,1.0343028374754613,0.03141896272307321,8,9.156283399999964,73,0.5616438356164384,COMPLETE
135,-9999.0,2026-04-28 12:16:35.815946,2026-04-28 12:16:43.208870,0 days 00:00:07.392924,3,51,12,7,52,0.85,8,78,12,5,2.3400000000000003,1.3259926392996007,0.20905735274258466,107,-3.7490743571735283,-3.030737672165887,0.217452604955597,13,0.5,1.09205420072162,-1.4496315540337192,0.8302545778510256,-0.3543893999999437,17,-0.9097026895646151,0.8555230477607795,-0.3273775914821475,21,-0.6232637205573147,2.116796432081006,1.190027407456995,13,-0.7276379843149159,2.7590938605363373,3.1323186226929423,22,-3.030737672165887,0.217452604955597,-2.7164343969192983,15,-0.8040316461147142,1.1768353126128577,0.3301994747069603,19,1.1667290000001218,107,0.4672897196261682,COMPLETE
136,-9999.0,2026-04-28 12:16:43.213779,2026-04-28 12:16:50.647343,0 days 00:00:07.433564,2,43,12,5,49,0.8,12,86,11,3,2.4000000000000004,1.0924548344255014,-0.07683163889267523,104,-2.863104260378622,-2.754800709890734,0.1906321597548884,14,0.6666666666666666,0.9657199488753307,-2.754800709890734,0.1906321597548884,-2.388055999999983,17,-2.145973055888578,1.5178942549783003,0.9272143990904258,17,-0.8394351728927367,1.293831954641351,0.4423987019663178,16,-1.5547370564543175,1.1079318297241645,0.26201972911257254,17,-1.395321742033702,0.844769102809829,-0.6922701891391325,23,-1.8906191048066117,1.5996697046444748,0.9877035256137479,14,-0.5015479999999184,104,0.40384615384615385,COMPLETE
137,-9999.0,2026-04-28 12:16:50.652197,2026-04-28 12:16:58.079648,0 days 00:00:07.427451,2,36,13,7,56,0.85,9,81,15,4,2.4200000000000004,1.9403623510778016,1.0706912198670555,107,-2.469598164951263,-2.063536552233945,0.5812413526294571,13,0.8333333333333334,1.5631706464522888,-1.1533311004470364,1.0130162482854113,0.023343600000025333,17,-0.9221528691676006,3.06072345390902,3.248755223575639,21,-0.6273410426999495,3.2561956248681216,2.1741416485182574,18,-1.2358524661330657,1.6987544316926912,1.4811906008735942,19,-2.063536552233945,0.5812413526294571,-1.536478333851421,19,-0.9047906955199464,2.032242995082109,1.0331945800862385,13,6.525159800000013,107,0.514018691588785,COMPLETE
138,-9999.0,2026-04-28 12:16:58.084486,2026-04-28 12:17:05.472424,0 days 00:00:07.387938,3,51,14,7,43,0.9,14,77,11,4,2.2600000000000002,1.595795143583116,0.26502073264923487,54,-1.7871014761680022,-1.7283797074527312,0.5473326840835164,7,0.5,1.2472114448237788,-0.9116277129721828,0.5473326840835164,-0.5345321999999597,10,-1.7283797074527312,0.5683291819983126,-0.6133155692049752,11,-0.7646003166668842,1.3302253971360487,0.2048186920749373,7,-0.8323990307557998,5.0,2.4584818344381754,11,-0.7474077439036292,0.6430498623432047,-0.4828749870769977,7,-1.4652404162831203,1.485833735937612,0.5575466256642292,8,1.5662798000000588,54,0.46296296296296297,COMPLETE
139,-9999.0,2026-04-28 12:17:05.477502,2026-04-28 12:17:12.934260,0 days 00:00:07.456758,3,38,10,6,60,0.8,10,89,13,3,2.3000000000000003,1.503554588397903,0.51556853578927,100,-3.7744963110214997,-2.8357743419044668,0.13969779000621182,14,0.8333333333333334,1.2410884231314772,-2.8357743419044668,0.13969779000621182,-2.7140470000000083,15,-2.1863042934559154,1.213646239627253,0.41945932317695167,18,-0.9165776010907974,1.3341523097781183,0.517181050207105,18,-1.0481188626837752,2.155035924061259,1.7942473164493489,14,-1.161800997126946,1.2278353508600308,0.7693383417155086,19,-0.5484137860926226,2.9509599160545448,2.3072321831867137,16,3.05434200000001,100,0.42,COMPLETE
140,-9999.0,2026-04-28 12:17:12.939190,2026-04-28 12:17:20.366111,0 days 00:00:07.426921,3,36,13,6,47,0.9,14,78,11,4,2.3400000000000003,2.3928787591532106,0.619388744624714,42,-2.1535077362929997,-1.202976946038429,0.1274589065716612,5,0.5,1.8114322120840651,-0.9435166790282756,0.32111129058311083,-0.4623299999999886,5,-0.634254223252565,3.3113859689214364,2.0323210298171634,9,-0.6057416362776143,5.0,1.7458164753761274,10,-0.6181509920500174,5.0,1.8139667768226841,6,-1.202976946038429,0.1274589065716612,-1.0151549669541349,5,-1.1100717875381687,0.5973163888430555,-0.398286847313567,7,3.7252934000000737,42,0.5238095238095238,COMPLETE
141,-9999.0,2026-04-28 12:17:20.371104,2026-04-28 12:17:27.717989,0 days 00:00:07.346885,2,37,14,5,57,0.9,17,90,13,3,2.6,2.1858729428522037,0.381791544065931,29,-1.8817920894963869,-1.8817920894963869,0.42094892635632136,3,0.6666666666666666,1.6700562740645442,-0.09285960603148634,5.0,0.8218879999999817,3,-1.8817920894963869,1.5573063316202826,0.7593529690695933,10,-0.32092178638812374,0.42094892635632136,-0.25456876665178596,4,-0.8121073451819965,1.5466009433750991,0.4826087474850915,6,-0.46381845696326995,3.8082290664097744,0.5731310844044435,3,-0.31849883433447174,0.7821523893517446,-0.09166276991173783,3,2.307579999999909,29,0.41379310344827586,COMPLETE
142,-9999.0,2026-04-28 12:17:27.722767,2026-04-28 12:17:35.084863,0 days 00:00:07.362096,2,60,13,7,57,0.8,17,89,11,5,2.68,2.017112891587709,1.402772924805804,93,-2.0518008049813306,-2.0418353108011202,0.5733301829324752,10,0.8333333333333334,1.70507862324292,-2.0339822079627456,4.47554747250131,4.3762356,15,-2.0057288816902377,0.5733301829324752,-1.1072436109201278,19,-0.8000768228578573,2.4637126568383385,1.2013810848594098,11,-2.0418353108011202,1.3215303504333549,1.0281000814082786,18,-1.5532626093550363,1.9951458532074626,2.5799027291228516,20,-1.4687022275960782,1.273410833613314,0.3382616643644143,10,8.623450000000066,93,0.45161290322580644,COMPLETE
143,-9999.0,2026-04-28 12:17:35.089794,2026-04-28 12:17:42.532494,0 days 00:00:07.442700,2,52,14,5,56,0.85,11,90,13,4,2.52,1.4847965717029918,1.1677630480185626,100,-2.280227799207462,-2.0640317178291276,0.5160547479384381,13,0.6666666666666666,1.5429370822409734,-2.033505121448082,3.145243561172262,5.496521599999982,23,-1.5029753540054451,0.7592857068156023,-0.436352965025133,16,-1.4208522145368103,0.5160547479384381,-0.812955273344862,13,-1.5334803434658404,1.4434773582219098,0.9267656008995706,19,-2.0640317178291276,1.137659281426963,0.3849761485481551,16,-1.6425941598377105,1.907058774642776,1.4476231770336634,13,7.08061080000002,100,0.37,COMPLETE
144,-9999.0,2026-04-28 12:17:42.537406,2026-04-28 12:17:49.944416,0 days 00:00:07.407010,2,56,14,5,57,0.8,15,88,13,4,2.72,1.5930693025448812,1.1356098619293022,96,-3.1388595196813904,-3.1388595196813904,0.4242714525115509,11,0.5,1.4734142150176497,-2.0226181658065086,5.0,7.06521400000002,18,-1.6358927630086357,0.6182728995398048,-0.7507278694646513,14,-1.0104250419679481,0.4242714525115509,-0.7565423145344585,11,-3.1388595196813904,0.9785498162055816,-0.07320671928331413,20,-2.1921494190393958,1.2159584151553717,0.7096398296749573,18,-1.53355734060267,1.3213632318569775,0.6192822451832614,15,6.785384400000027,96,0.375,COMPLETE
145,-9999.0,2026-04-28 12:17:49.949370,2026-04-28 12:17:57.328365,0 days 00:00:07.378995,2,59,13,6,49,0.8,15,90,13,4,2.52,1.8152545708053245,1.6653957551660312,91,-2.475629016380398,-2.2678225783323653,0.3499251227735443,9,0.8333333333333334,1.8622679921403862,-2.011410267843466,5.0,7.119716400000042,18,-1.2691114389969138,1.0927156772870479,0.13123821153060433,14,-0.8754445226716833,0.3499251227735443,-0.72443207001186,9,-1.8833407264959596,1.7103839655481397,1.8992380609677673,20,-2.2678225783323653,1.3386423818214974,0.9952197766469828,18,-1.5627183231751336,1.3998602774017181,0.5713941518626475,12,10.211676000000057,91,0.4725274725274725,COMPLETE
146,-9999.0,2026-04-28 12:17:57.333568,2026-04-28 12:18:04.706557,0 days 00:00:07.372989,2,58,13,6,58,0.95,15,75,10,5,2.62,2.2355103261614837,1.0517819846821874,45,-2.0428582101711856,-2.0428582101711856,0.5244814230940891,3,0.5,2.4524688759383726,-2.0428582101711856,5.0,3.895243599999998,11,-0.6021454164795792,0.8429260149903657,-0.18295043489362506,11,-0.3314030022664245,1.2093241849410228,0.0450095221292246,3,-0.5226679332004315,5.0,3.130130005207432,8,-0.9211817926314512,0.5244814230940891,-0.4566869973330334,6,-0.8443862397188471,0.836330333943424,-0.12005378701687164,6,6.382888999999947,45,0.4888888888888889,COMPLETE
147,-9999.0,2026-04-28 12:18:04.711752,2026-04-28 12:18:12.123869,0 days 00:00:07.412117,2,53,12,7,60,0.95,12,79,13,5,2.54,2.479127487775199,1.2683416894028965,51,-2.062188044285045,-2.0414458378126397,0.3267984001404018,6,0.6666666666666666,2.3148216891099933,-2.0414458378126397,5.0,5.618384799999965,12,-0.8554697749588644,0.36968441224025744,-0.6976008972256142,8,-0.7596199126953012,1.0014595645103708,0.0010526156211110305,6,-1.0726923407701114,3.176822549760165,2.3628544476555824,11,-1.1843155382776365,0.3267984001404018,-1.0002250409193447,8,-0.5714881287182583,5.0,1.3255842112856797,6,7.695993199999918,51,0.43137254901960786,COMPLETE
148,-9999.0,2026-04-28 12:18:12.128673,2026-04-28 12:18:19.521019,0 days 00:00:07.392346,2,57,14,5,51,0.8,12,85,14,4,2.58,1.252817615934959,0.8751771358196564,131,-5.240372421634009,-4.550546967687322,0.46805235456489364,14,0.5,1.2488498247282047,-2.0176156914931695,2.913038518903007,6.118222400000017,28,-2.0914506399535884,0.46805235456489364,-1.6943357694239158,19,-0.9757948421920839,0.5503897660604229,-0.6472054775144009,14,-2.3964927662163777,1.5814674618865268,2.0346272721242675,25,-4.550546967687322,0.760691160321328,-1.308502176315074,24,-1.8959975381383158,1.2432664338735768,0.7482565660470453,21,5.151012200000005,131,0.3816793893129771,COMPLETE
149,-9999.0,2026-04-28 12:18:19.525939,2026-04-28 12:18:27.008936,0 days 00:00:07.482997,2,49,10,5,42,0.8,10,87,10,3,2.3200000000000003,1.1372407841924101,0.018367448999541864,139,-3.4145009756660407,-2.6097628696390265,0.6212881759838637,18,0.5,1.0028528736888385,-2.6097628696390265,0.6212881759838637,-1.4239148000000146,26,-2.172971954565597,1.1852417724723139,0.5122463516130882,24,-1.085663501738126,0.8698803125083828,-0.24457596112216207,19,-1.2325586137957458,1.5726402319961148,1.4983914824334477,25,-2.5499992523900645,0.6259177082185329,-1.9962264639945881,27,-1.878694631208256,1.9484765039752519,1.7642840850674801,18,0.05168439999996277,139,0.4028776978417266,COMPLETE
150,-9999.0,2026-04-28 12:18:27.013891,2026-04-28 12:18:34.361759,0 days 00:00:07.347868,2,38,13,6,46,0.95,17,83,13,5,2.2600000000000002,3.484823086794453,0.529527306588882,18,-0.5696139745934395,-0.4746982923069329,0.0,2,0.8333333333333334,4.734630124880855,-0.4746982923069329,0.0,-0.3758000000000039,3,-0.28525373944941673,5.0,1.2917909503915581,2,-0.2597165317063436,2.3755867139465017,0.4190237223411275,5,-0.17779242453689312,5.0,0.6102649991693632,2,-0.1811190706201745,5.0,0.7959600057924288,2,-0.36623750794789584,3.5333518068202134,0.43592416183881877,4,3.211856600000007,18,0.6666666666666666,COMPLETE
151,-9999.0,2026-04-28 12:18:34.366709,2026-04-28 12:18:41.802964,0 days 00:00:07.436255,3,54,14,5,34,0.95,10,84,12,4,2.4800000000000004,2.089028787680705,0.05324681952679026,40,-1.584142326416135,-1.2487795298031377,0.36245972136899024,2,0.5,1.0610649527521636,-1.0506541253375352,0.36245972136899024,-0.965127599999982,11,-1.2487795298031377,1.304100976917104,0.3551815552195636,10,-0.7230165601210894,0.3672328039132724,-0.5271328961303112,7,-0.6475510860601055,5.0,1.556707220245146,5,-1.0355593562255598,0.5003792238848613,-0.5576895958174788,5,0.0,5.0,0.457542233643804,2,0.29861800000006156,40,0.425,COMPLETE
152,-9999.0,2026-04-28 12:18:41.807822,2026-04-28 12:18:49.169485,0 days 00:00:07.361663,3,46,14,7,34,0.95,11,84,13,4,2.62,2.564301735935239,0.4235081077674785,35,-2.0085860315978246,-1.572269741798946,0.0,2,0.6666666666666666,1.6446599607671897,-1.267158339799619,0.31559464392847136,-0.5361699999999803,5,-0.8783365732129458,1.2306348015088195,0.2379045729488105,9,-0.45750810615348925,3.8395809701741412,0.8536931610314769,6,-0.8184027071957096,5.0,2.6302667799551704,8,-1.572269741798946,0.0,-1.3815020792271926,5,-0.4153446397168837,5.0,0.736856211896586,2,2.5206140000000765,35,0.4857142857142857,COMPLETE
153,-9999.0,2026-04-28 12:18:49.174275,2026-04-28 12:18:56.604987,0 days 00:00:07.430712,3,49,13,5,35,0.95,12,85,14,4,2.58,2.179099436253879,0.23181039012645047,34,-1.8036779731256476,-1.3671948778162166,0.1269047271878683,2,0.5,1.34715430719221,-1.075284449403988,0.6091079431113076,-0.23114619999998753,5,-0.8710134567919626,0.8392482074697889,-0.1806718160372256,9,-0.4509233390649801,1.4993357397543106,0.22780539229509955,6,-0.6373287215948227,5.0,2.2112208144157375,7,-1.3671948778162166,0.1269047271878683,-1.1738304098757757,5,-0.10915127736840723,5.0,0.5374845599608546,2,1.366954800000042,34,0.47058823529411764,COMPLETE
