number,value,datetime_start,datetime_complete,duration,params_d_period,params_ema_period,params_k_period,params_left_bars,params_max_separation,params_min_close_ratio,params_min_separation,params_overbought,params_oversold,params_right_bars,params_rr_target,user_attrs_avg_profit_factor,user_attrs_avg_quarter_return,user_attrs_full_total_trades,user_attrs_max_drawdown_pct,user_attrs_max_quarter_drawdown_worst,user_attrs_min_profit_factor,user_attrs_min_trades_per_period,user_attrs_positive_ratio,user_attrs_profit_factor,user_attrs_q_2024-Q1_drawdown,user_attrs_q_2024-Q1_pf,user_attrs_q_2024-Q1_return,user_attrs_q_2024-Q1_trades,user_attrs_q_2024-Q2_drawdown,user_attrs_q_2024-Q2_pf,user_attrs_q_2024-Q2_return,user_attrs_q_2024-Q2_trades,user_attrs_q_2024-Q3_drawdown,user_attrs_q_2024-Q3_pf,user_attrs_q_2024-Q3_return,user_attrs_q_2024-Q3_trades,user_attrs_q_2024-Q4_drawdown,user_attrs_q_2024-Q4_pf,user_attrs_q_2024-Q4_return,user_attrs_q_2024-Q4_trades,user_attrs_q_2025-Q1_drawdown,user_attrs_q_2025-Q1_pf,user_attrs_q_2025-Q1_return,user_attrs_q_2025-Q1_trades,user_attrs_q_2025-Q2_drawdown,user_attrs_q_2025-Q2_pf,user_attrs_q_2025-Q2_return,user_attrs_q_2025-Q2_trades,user_attrs_total_return_pct,user_attrs_total_trades,user_attrs_win_rate,state
433,-9999.0,2026-04-28 15:00:14.091698,2026-04-28 15:00:21.447750,0 days 00:00:07.356052,2,35,11,7,36,0.85,13,78,11,4,2.72,2.416829253575865,0.9123675773510346,77,-2.476947629324124,-2.0653041752862533,0.4704048204014382,9,0.8333333333333334,1.6524117854871876,-1.1108677305475068,1.2272406307446668,0.24599480000002671,11,-1.6258078514898688,2.6102498259331695,2.5146441062601443,15,-0.44320927372625907,4.844453192472243,1.862580461861274,12,-0.9751853163861188,1.7905049125026316,0.8954268117784325,9,-2.0653041752862533,0.4704048204014382,-1.7408982479859003,19,-0.5114372116012837,3.5581221394010414,1.6964575321922304,11,5.540150400000066,77,0.5064935064935064,COMPLETE
434,-9999.0,2026-04-28 15:00:21.452905,2026-04-28 15:00:28.875139,0 days 00:00:07.422234,3,49,12,7,44,0.85,11,83,15,4,2.74,1.4430725668678737,0.5892928751985752,107,-3.164967755826839,-2.979830057653692,0.5864427197592196,14,0.6666666666666666,1.2533012255558356,-2.979830057653692,0.9267857416721841,-0.2577895999999358,24,-1.276026218706163,1.226431474996355,0.40321344232012724,17,-0.7914442386543893,1.4074413621108808,0.6607104371995298,17,-1.1840887772411905,3.082360344524542,2.937955643788759,19,-2.54057355373398,0.5864427197592196,-1.2498898766034938,14,-1.9244414215257657,1.428973758144062,1.0415572044864652,16,3.537995000000249,107,0.40186915887850466,COMPLETE
435,-9999.0,2026-04-28 15:00:28.880229,2026-04-28 15:00:36.342342,0 days 00:00:07.462113,3,56,12,5,43,0.8,9,77,10,3,2.7,1.1740881388678455,0.35655573050887845,129,-3.0987498018683852,-2.3336646326814194,0.6385567444993583,17,0.5,1.128201295131044,-2.3336646326814194,0.6406546133623768,-1.2930900000000078,27,-1.199153859190469,0.6385567444993583,-0.7121325143295332,17,-0.8820622146273821,0.9947063169765527,-0.009723073916678704,21,-0.9670444985839537,2.319412597434387,3.0815681748203705,20,-2.072465099344473,1.016125885579611,0.07037127831004408,24,-1.6992037491447127,1.4350726753547867,1.0023405181690759,20,2.0985270000000167,129,0.40310077519379844,COMPLETE
436,0.4389212002012412,2026-04-28 15:00:36.347378,2026-04-28 15:00:43.772930,0 days 00:00:07.425552,2,43,12,6,34,0.8,10,80,14,4,2.8,1.4757167928376893,1.2686463658604263,139,-3.498328299705189,-3.498328299705189,1.114190277051747,21,1.0,1.4093154761749522,-2.059253274861715,1.6099031189212958,1.9345700000000354,24,-1.0074743378856257,1.6666035456593602,1.6023925936019978,24,-1.4577003865405287,1.4649123875657164,0.8843429785747592,21,-2.328130770857625,1.114190277051747,0.41814305899765536,25,-3.498328299705189,1.1437958449307326,0.7129876597336882,23,-1.8462865296948339,1.8548955828972853,2.059441904254422,22,7.8450100000000855,139,0.4028776978417266,COMPLETE
437,0.43297501383067033,2026-04-28 15:00:43.778137,2026-04-28 15:00:51.178726,0 days 00:00:07.400589,2,45,12,6,34,0.8,10,81,14,4,2.8,1.392027943275392,1.1238687828309575,136,-3.414440732520655,-3.414440732520655,1.1682439211143811,20,1.0,1.3637232179970071,-2.063638100597586,1.507271444636965,1.718590000000031,26,-1.0096001058222528,1.5230020419659414,1.168348873101821,22,-1.465753797643581,1.3206498027841458,0.6327712265454588,20,-2.076787401276034,1.2471415657099039,0.8157365911321879,24,-3.414440732520655,1.1682439211143811,0.8208025087721449,22,-1.8620112186797537,1.585858883441014,1.5869634974341018,22,6.930324000000088,136,0.3897058823529412,COMPLETE
438,-9999.0,2026-04-28 15:00:51.183861,2026-04-28 15:00:58.546925,0 days 00:00:07.363064,3,49,10,7,34,0.85,13,80,14,3,2.6,1.771152453820239,0.5988751322109909,93,-3.904016377443917,-2.555589635254302,0.10395651705952072,11,0.5,1.2822538956964487,-2.555589635254302,0.10395651705952072,-2.4975420000000192,16,-2.3306387855446404,0.47245182998446317,-1.36360459753736,18,-1.0637710644323521,2.7580038522875254,1.7651893864914614,13,-1.2082489898179294,4.05141706924312,4.646783203738969,16,-1.6495792669471203,0.7729093271293428,-0.7338546356173592,19,-1.8919974881747446,2.468176127217461,1.7762794361902534,11,3.472659999999994,93,0.3978494623655914,COMPLETE
439,-9999.0,2026-04-28 15:00:58.552018,2026-04-28 15:01:05.965586,0 days 00:00:07.413568,2,34,12,5,33,0.85,11,81,15,4,2.54,2.4294929692498175,1.036851019743503,77,-2.6714363710051776,-2.2646432512417145,0.2704578728196401,10,0.6666666666666666,1.770919155013013,-0.9741440848918632,0.9178624736683795,-0.10917719999997688,12,-0.983035058477634,3.758256219483869,4.037916884592918,19,-0.3451785496029668,5.0,2.224195983086541,10,-0.6213097832204302,1.9400176537206033,1.062587444618024,11,-2.2646432512417145,0.2704578728196401,-2.0755714139994774,14,-0.7908045189668238,2.690363595806412,1.0811544201629886,11,6.2729151999999955,77,0.4935064935064935,COMPLETE
440,-9999.0,2026-04-28 15:01:05.970753,2026-04-28 15:01:13.362949,0 days 00:00:07.392196,2,45,13,6,34,0.8,12,81,15,4,2.8,1.2775004448590472,0.6054344347623067,114,-4.635498181440593,-4.222009487956544,0.6110707763438303,17,0.6666666666666666,1.2158595782133443,-2.056301541511468,1.778871610511947,2.235860000000023,23,-1.1562524247402137,1.1041054446808916,0.2019487095819672,17,-1.1320499418801169,0.8663313609467267,-0.2469760447840308,17,-1.9128586085668082,1.749451468299739,1.894550307000764,20,-4.222009487956544,0.6110707763438303,-1.8387242975158702,19,-1.6997775925083725,1.5551720083711484,1.3859479342909875,18,3.627354000000005,114,0.38596491228070173,COMPLETE
441,-9999.0,2026-04-28 15:01:13.368086,2026-04-28 15:01:20.818588,0 days 00:00:07.450502,3,52,11,6,30,0.9,8,81,14,4,2.7800000000000002,1.4759914691580882,0.22368950977816512,94,-3.3877869616529033,-3.22469147455759,0.342498279305219,9,0.5,1.096794631065027,-3.22469147455759,0.342498279305219,-1.9392289999999313,20,-1.3212356001861205,0.9978746490788843,-0.0051494598181101026,20,-0.634037456391314,1.4696788146374438,0.6400766737921559,15,-1.2191566440392356,3.748841065162975,3.1517283302042953,14,-3.148425240789384,0.6709463963338437,-1.3035481634930846,16,-1.4694836403666396,1.6261096104301633,0.7982586779836653,9,1.2686398000001153,94,0.3829787234042553,COMPLETE
442,-9999.0,2026-04-28 15:01:20.823682,2026-04-28 15:01:28.224650,0 days 00:00:07.400968,2,38,12,6,33,0.8,10,79,12,4,2.64,1.429668924620634,0.7089403637268584,117,-2.8601038345142458,-2.090518427139883,0.5045023623979977,17,0.5,1.2936807499534195,-2.090518427139883,0.5045023623979977,-1.2920199999999604,21,-1.040492111297172,2.186188344400072,2.3998002998339762,19,-1.244517532494398,2.1305896009726557,2.0331464000497235,24,-1.99783776310879,0.9170643216344952,-0.24434594154891798,17,-1.6599298999241001,0.9068587758552572,-0.2955763485686158,18,-1.1306990614869439,1.932810142463327,1.6526377725949448,18,4.270931600000116,117,0.42735042735042733,COMPLETE
443,0.46751796492609654,2026-04-28 15:01:28.230153,2026-04-28 15:01:35.659745,0 days 00:00:07.429592,2,45,12,6,55,0.8,9,79,13,4,2.7800000000000002,1.5918803125377707,1.865383956434837,156,-3.400401659962254,-3.1439054623012086,1.1920489479417231,23,1.0,1.5641012479040357,-2.0638593786828507,2.226812931866555,4.156331800000013,27,-0.9875544818440423,1.1920489479417231,0.468912058978721,23,-1.432054356702134,1.8048524159088273,1.7549588405755046,26,-1.6229069379110057,1.3191721448920495,1.0332152006235606,28,-3.1439054623012086,1.2943309689562297,1.5393683524733914,25,-1.7829095559002237,1.7140644656612412,2.2395174859578315,27,11.683851200000174,156,0.40384615384615385,COMPLETE
444,-9999.0,2026-04-28 15:01:35.664921,2026-04-28 15:01:43.103278,0 days 00:00:07.438357,2,42,11,5,53,0.85,10,80,14,3,2.62,1.472432003119456,0.6910688672031391,121,-2.5078300132185736,-2.5078300132185736,0.9539878342811527,16,0.6666666666666666,1.2692286071125032,-2.5078300132185736,1.0307740706085626,0.09899680000000632,21,-1.9688521261648773,0.9539878342811527,-0.12068132934568432,24,-0.8607599417285344,1.1203547383624102,0.21670985141601928,18,-1.2239958372702804,1.56416901842062,1.0973706788582893,16,-1.2338247719116147,0.9753300056433478,-0.11134360445929081,23,-0.8084473410411651,3.189976351400642,2.965360806749495,19,4.181981799999934,121,0.371900826446281,COMPLETE
445,0.4434196359257755,2026-04-28 15:01:43.108465,2026-04-28 15:01:50.539041,0 days 00:00:07.430576,2,45,11,6,55,0.8,10,79,13,4,2.68,1.491178936411809,1.4682785403602943,150,-3.3708560463720385,-3.3708560463720385,1.0416653281559112,23,1.0,1.4502752421019294,-2.0649664813017305,2.354171252857686,4.377399200000043,27,-1.11492808832405,1.4796236720136557,1.0281103076192233,23,-1.4287164579484466,1.0416653281559112,0.09544533846466141,23,-1.6366284666188353,1.3295596029443815,1.0150292841495379,26,-3.3708560463720385,1.0701188788090144,0.39420971645838243,27,-1.8244096277300126,1.671934883690206,1.8994773954699173,24,9.076108000000204,150,0.3933333333333333,COMPLETE
446,-9999.0,2026-04-28 15:01:50.544078,2026-04-28 15:01:57.939805,0 days 00:00:07.395727,2,47,12,6,53,0.8,9,79,13,4,2.72,1.5694738526770398,1.8100645924255847,160,-3.7058823348719883,-3.448809973752899,0.9174730249447689,23,0.8333333333333334,1.5224027283701569,-2.064523497754555,2.5497927629442074,5.009751600000056,28,-1.2301931530532402,0.9174730249447689,-0.21231590076437046,23,-1.3331918115665848,1.1236450006707315,0.2990674420753292,24,-1.7058114866072567,1.2506092859112785,0.8472868264023159,29,-3.448809973752899,1.1398535557734844,0.8530840443009335,27,-1.789474043660793,2.4354694858177672,4.063513542539243,29,11.238559600000176,160,0.4,COMPLETE
447,0.46511870259471644,2026-04-28 15:01:57.944796,2026-04-28 15:02:05.375456,0 days 00:00:07.430660,2,43,11,6,54,0.8,9,80,14,4,2.68,1.6812273598463345,1.8813736601399658,168,-3.440325843495474,-3.440325843495474,1.0454438503919528,26,1.0,1.541603114852103,-2.0540871709701527,2.62910450680415,4.914275200000051,26,-1.4114494958359431,1.3154991559462414,0.9815560351887243,30,-1.4155096611337188,1.6265561710535605,1.3409230287095397,26,-2.2849393285882074,1.0454438503919528,0.18168914668186265,31,-3.440325843495474,1.0510299334284796,0.28955659870069095,28,-1.7812291305286703,2.4197305414536223,3.5802419515589268,27,11.733262800000244,168,0.42857142857142855,COMPLETE
448,-9999.0,2026-04-28 15:02:05.380633,2026-04-28 15:02:12.781578,0 days 00:00:07.400945,2,51,12,5,54,0.9,11,80,14,4,2.7800000000000002,1.3049115818630612,0.5278052322231757,91,-4.020295792401892,-2.662519295361456,0.2005840036493069,10,0.3333333333333333,1.2406509196401696,-2.05704797831278,3.5910395955498027,5.032809399999993,18,-1.425615253087936,0.9733921317651784,-0.05244799250311294,16,-0.6102821554929605,0.48386922609499994,-0.4935601488734065,10,-1.2677105598347311,1.642062063338263,1.4463232604420062,20,-2.662519295361456,0.2005840036493069,-2.662519295361454,15,-1.5883862278433156,0.9385224707808167,-0.10377383036497267,12,3.0418926000000734,91,0.37362637362637363,COMPLETE
449,-9999.0,2026-04-28 15:02:12.786707,2026-04-28 15:02:20.193200,0 days 00:00:07.406493,2,43,10,6,54,0.8,9,81,15,4,2.6,1.6975405990662047,1.9330426391401367,178,-3.4583148684183462,-3.4583148684183462,0.870936855715131,27,0.8333333333333334,1.5421165141979825,-2.0476292511611134,2.691608370512162,5.046626000000054,27,-1.1095824015804798,1.5978636157824833,1.7849064471618936,33,-1.7204933392200066,1.399812751049501,1.114309820063486,31,-2.869618002188272,0.870936855715131,-0.5124358347569968,31,-3.4583148684183462,1.0188733469764288,0.10709281353000755,28,-1.7756106168219175,2.6061486543615224,4.057756588842376,28,12.043384000000067,178,0.43820224719101125,COMPLETE
450,-9999.0,2026-04-28 15:02:20.198369,2026-04-28 15:02:27.661547,0 days 00:00:07.463178,2,48,12,5,55,0.85,8,80,14,4,2.46,1.5083436721971861,1.2451356194117154,143,-2.7449297135523656,-2.4721478342655288,0.746124035883615,19,0.6666666666666666,1.4217103460789347,-2.0384141278513135,3.1226079031917853,5.9392903999999636,30,-1.156741634955797,0.8800421757168742,-0.29639994643573253,24,-0.6997432727559099,1.0454801115817702,0.08335163198194273,19,-1.4909041347860197,1.1427210043842126,0.4064808222457694,25,-2.4721478342655288,0.746124035883615,-1.216857277767236,23,-1.8483842564198958,2.11308680242486,2.5549480864455854,22,7.530321400000006,143,0.4405594405594406,COMPLETE
451,-9999.0,2026-04-28 15:02:27.666545,2026-04-28 15:02:35.125829,0 days 00:00:07.459284,2,51,13,6,54,0.95,8,79,13,4,2.8,1.5950660534682353,0.028144115096382743,70,-3.0209687704376798,-2.658321075726974,0.19249886910937516,6,0.3333333333333333,1.0097728350559394,-2.1432784638316402,0.6371664347887279,-0.7223980000000019,16,-1.6160596589898675,0.9936744772512456,-0.012127609609224876,14,-0.6469808697307466,0.5581519339830969,-0.524294618913268,12,-0.7326896551070243,3.702306813099468,2.7534789112308555,13,-2.658321075726974,0.19249886910937516,-2.392705735245504,9,-0.3277885648841577,3.4865977925774994,1.0669117431154396,6,0.09293799999998686,70,0.4,COMPLETE
452,-9999.0,2026-04-28 15:02:35.131024,2026-04-28 15:02:42.566749,0 days 00:00:07.435725,2,46,12,6,55,0.95,8,80,13,4,2.56,2.191884216011998,0.7252755044680056,58,-2.1496023289090136,-2.1496023289090136,0.7155625328530719,6,0.8333333333333334,1.6517117573441866,-1.4827943043445342,1.2644356418554579,0.3064147999999989,11,-0.6197113610792696,1.824719751809765,0.6360542356858456,9,-0.7291145896184896,2.2051117978549337,1.0507675620062384,12,-0.6848265551957676,4.7375927601809975,2.5912678499441233,11,-2.1496023289090136,0.7155625328530719,-0.7704504821227309,9,-0.31220624345973025,2.403882811517762,0.537599061294558,6,4.4003252000000215,58,0.5,COMPLETE
453,-9999.0,2026-04-28 15:02:42.572045,2026-04-28 15:02:50.044883,0 days 00:00:07.472838,2,44,14,6,52,0.8,8,80,13,4,2.7800000000000002,1.5448898014598764,1.6623616781428538,151,-3.5509289686453873,-3.5509289686453873,0.8973056906940375,20,0.8333333333333334,1.5106531585468768,-2.058065559290652,2.53634581011154,5.243148800000053,30,-0.9775075478247646,1.6551975353676531,1.5701360315057977,26,-1.0967585796247712,0.8973056906940375,-0.21524420066596495,20,-1.9706506927521086,1.25342032889098,0.7956287821241359,27,-3.5509289686453873,1.0842563397278397,0.4649725083158529,26,-1.595081174940276,1.8428131039672078,2.1155281475772503,22,10.299164400000116,151,0.40397350993377484,COMPLETE
454,-9999.0,2026-04-28 15:02:50.050038,2026-04-28 15:02:57.422908,0 days 00:00:07.372870,2,44,11,5,53,0.8,16,80,13,4,2.52,1.8763135170842637,1.2456091775046585,93,-2.308332457713373,-2.0955814666010935,0.9950009952724395,14,0.8333333333333334,1.6889335992023995,-2.0477153711693616,5.0,5.423504000000023,16,-0.7703386198513494,1.62910681583451,0.6875487652165724,15,-0.7280672745638408,0.9950009952724395,-0.0075709142965729725,14,-1.1653672121303396,1.2397546960032813,0.386014339872065,14,-2.0955814666010935,1.2055213517515941,0.6356173229673523,18,-1.7348298148618255,1.188497243643758,0.34854155126851083,16,7.6010044000000665,93,0.41935483870967744,COMPLETE
455,0.4932243839083993,2026-04-28 15:02:57.428190,2026-04-28 15:03:04.881736,0 days 00:00:07.453546,2,43,12,7,55,0.8,9,80,14,4,2.6,1.954121206237936,2.4030448780093083,168,-3.6182079333370374,-3.414032627636198,1.012428509860106,26,1.0,1.7211105430837215,-2.0551697066078476,2.548644643715518,4.671564000000039,26,-0.9830151442908167,1.6990569615271947,1.866808830715505,28,-1.4071904824266275,2.4295403306319536,2.8603923587492863,27,-2.249050905142886,1.012428509860106,0.048643501868195216,31,-3.414032627636198,1.0789269027882464,0.4533867221527821,29,-1.7271137030066515,2.9561298889045973,4.517473854570042,27,15.205784000000012,168,0.44642857142857145,COMPLETE
456,-9999.0,2026-04-28 15:03:04.887134,2026-04-28 15:03:12.298698,0 days 00:00:07.411564,2,48,11,6,54,0.8,11,80,14,4,2.7800000000000002,1.2533654593536425,0.7807884456154822,150,-5.990448438991395,-4.793593708900048,0.7715408951786463,22,0.5,1.2107764390957199,-2.0607235329224505,2.1378092822896124,4.0200849999999955,28,-1.223662126496623,0.9579134475876524,-0.10987243473211672,24,-1.6268805758525142,0.9011662924951835,-0.23726376240754687,22,-1.6602904303321546,1.4670613922016087,1.4156710476688428,26,-4.793593708900048,0.7715408951786463,-1.4342539437088075,27,-1.9038106470480807,1.2847014463691508,1.0303647668725269,23,4.6866078000000755,150,0.36,COMPLETE
457,-9999.0,2026-04-28 15:03:12.303981,2026-04-28 15:03:19.709279,0 days 00:00:07.405298,2,42,12,6,54,0.8,10,79,13,5,2.7800000000000002,1.8741290903242218,1.8392040044189002,147,-3.4615229730693127,-3.357640958225614,0.42673308440993196,21,0.8333333333333334,1.6348002571217066,-2.0486219374928787,3.4550987118034944,6.556095600000034,25,-1.3086543842638232,1.348771197233139,0.976660597537915,25,-0.5385785923526469,2.782388831867722,2.38867114126744,22,-1.019784527642816,1.9173150039821232,2.6451001711036426,27,-3.357640958225614,0.42673308440993196,-2.361076467048795,21,-1.4829087275974293,1.3144677126489202,0.8297729836531653,27,11.327179000000044,147,0.43537414965986393,COMPLETE
458,-9999.0,2026-04-28 15:03:19.714335,2026-04-28 15:03:27.143705,0 days 00:00:07.429370,2,35,12,7,53,0.8,9,79,12,4,2.74,1.963738495270502,1.8831985831794114,140,-2.679462252269166,-2.0658189306321284,0.8107038426291163,18,0.6666666666666666,1.7569316262513721,-1.6403682379326094,0.8107038426291163,-0.35527859999993083,18,-1.7898988792102637,1.962211769774902,2.689410901398759,25,-0.9479133824819176,5.0,7.232939717960529,30,-2.0658189306321284,0.9279210186865723,-0.2301862823100742,23,-1.5396136880064637,1.1403011070883236,0.5387631419410788,26,-1.0715814607920746,1.9412932334440984,1.4235426200861045,18,11.629671599999991,140,0.4785714285714286,COMPLETE
459,-9999.0,2026-04-28 15:03:27.148803,2026-04-28 15:03:34.513470,0 days 00:00:07.364667,3,56,12,6,54,0.85,14,79,12,5,2.72,1.1313178347379187,-0.16781875129981602,91,-5.075824772002367,-3.3254817412646562,0.26997920030714384,10,0.5,0.9182614719434956,-0.7823616346158009,1.7946505920995115,0.6314532000000428,10,-1.6207715692692546,0.705952843477556,-0.6347621739402176,18,-1.019397161388747,1.2898891029117396,0.4650712301920823,15,-2.5559741257951516,2.27779083431256,2.8901293001672546,16,-3.3254817412646562,0.26997920030714384,-3.1273818564469424,17,-1.5836384463243112,0.44964443531900056,-1.2314222077711157,15,-1.1044231999999043,91,0.3956043956043956,COMPLETE
460,0.5267152422325688,2026-04-28 15:03:34.518508,2026-04-28 15:03:41.952841,0 days 00:00:07.434333,2,41,12,7,52,0.8,9,80,14,4,2.64,2.2450991215645275,2.901093976296013,166,-3.0488800021356175,-3.0488800021356175,1.0667966719035031,25,1.0,1.9411059235320667,-2.0481949568239735,2.8960859762067477,5.11290960000006,25,-0.9788396098759709,2.2694954346354512,3.2287721964077587,28,-1.3807817142681054,2.5483870718242665,2.9519692808834153,27,-2.037687934617128,1.0667966719035031,0.2546235572682187,30,-3.0488800021356175,1.1969684313465834,1.0358992224353658,29,-0.9938724872653287,3.4928611434706123,4.822390000781263,27,18.61118840000011,166,0.4578313253012048,COMPLETE
461,0.48272375441797966,2026-04-28 15:03:41.960810,2026-04-28 15:03:49.410066,0 days 00:00:07.449256,2,42,12,7,52,0.8,10,80,14,4,2.72,1.8071678634053636,2.129558961248701,154,-3.1015295101383162,-3.1015295101383162,1.0996559990235508,24,1.0,1.657712002873323,-2.053667097283618,2.86520485359127,5.029636800000059,24,-1.4214644112299695,1.4067599491941551,1.1190216740805559,25,-1.416304145585551,2.307412141192838,2.546577559801899,25,-2.244772303705008,1.0996559990235508,0.3748439562669459,29,-3.1015295101383162,1.247040638192448,1.2906238013271398,27,-1.7554485551032606,1.916933599237919,2.4166499760156057,24,13.404578400000178,154,0.42207792207792205,COMPLETE
462,-9999.0,2026-04-28 15:03:49.415172,2026-04-28 15:03:56.858744,0 days 00:00:07.443572,2,39,12,7,52,0.8,10,80,14,4,2.64,1.6695195237360745,1.1099515553124253,147,-3.4280379516361386,-3.309971704210891,0.5385487980503081,19,0.6666666666666666,1.3633399432233904,-2.2137700514756253,0.5385487980503081,-1.4162767999999382,25,-1.0417954591843472,2.586718256062004,3.569112106733674,24,-1.2299671777925492,2.5445842204580416,2.749737041149203,24,-2.1630175623929717,1.1754386745706629,0.6462879524678611,28,-3.309971704210891,0.7456751333626966,-1.3780502102993863,27,-1.1046778877533798,2.426152059912734,2.4888992418231393,19,6.724557600000058,147,0.4217687074829932,COMPLETE
