number,value,datetime_start,datetime_complete,duration,params_d_period,params_ema_period,params_k_period,params_left_bars,params_max_separation,params_min_close_ratio,params_min_separation,params_overbought,params_oversold,params_right_bars,params_rr_target,user_attrs_avg_profit_factor,user_attrs_avg_quarter_return,user_attrs_full_total_trades,user_attrs_max_drawdown_pct,user_attrs_max_quarter_drawdown_worst,user_attrs_min_profit_factor,user_attrs_min_trades_per_period,user_attrs_positive_ratio,user_attrs_profit_factor,user_attrs_q_2024-Q1_drawdown,user_attrs_q_2024-Q1_pf,user_attrs_q_2024-Q1_return,user_attrs_q_2024-Q1_trades,user_attrs_q_2024-Q2_drawdown,user_attrs_q_2024-Q2_pf,user_attrs_q_2024-Q2_return,user_attrs_q_2024-Q2_trades,user_attrs_q_2024-Q3_drawdown,user_attrs_q_2024-Q3_pf,user_attrs_q_2024-Q3_return,user_attrs_q_2024-Q3_trades,user_attrs_q_2024-Q4_drawdown,user_attrs_q_2024-Q4_pf,user_attrs_q_2024-Q4_return,user_attrs_q_2024-Q4_trades,user_attrs_q_2025-Q1_drawdown,user_attrs_q_2025-Q1_pf,user_attrs_q_2025-Q1_return,user_attrs_q_2025-Q1_trades,user_attrs_q_2025-Q2_drawdown,user_attrs_q_2025-Q2_pf,user_attrs_q_2025-Q2_return,user_attrs_q_2025-Q2_trades,user_attrs_total_return_pct,user_attrs_total_trades,user_attrs_win_rate,state
92,-9999.0,2026-04-28 12:11:16.573848,2026-04-28 12:11:23.975292,0 days 00:00:07.401444,3,31,12,6,48,0.8,12,78,10,5,2.3600000000000003,2.0128354132656083,0.7159437029439163,80,-3.109589105605787,-2.262802703320229,0.4153015616234794,11,0.5,1.4190333806762483,-1.2787959146409011,0.6678905541372545,-0.5528791999999783,12,-0.7292680635297842,2.4752134067114087,2.568785078391067,18,-0.6609053716141541,2.9517897324776783,1.8367948121211342,12,-0.5227812150339696,5.0,2.9851556884972874,11,-2.262802703320229,0.4153015616234794,-1.6758030372838517,14,-1.5274135069390515,0.5668172246438299,-0.8663911240621602,13,4.2720956000000365,80,0.475,COMPLETE
93,-9999.0,2026-04-28 12:11:23.980099,2026-04-28 12:11:31.355574,0 days 00:00:07.375475,3,30,14,6,44,0.9,15,81,11,5,2.3600000000000003,2.1678902487065748,0.6276340898070184,17,-1.165000775731746,-0.7663970729387951,0.0,0,0.5,3.054995599185666,-0.7663970729387951,0.0,-0.284350000000011,1,-0.6671742750943009,2.574345921658665,1.2579686338102025,6,-0.6165893942244055,0.805254801536469,-0.045190433991071366,2,-0.5435310045673877,4.627740769044313,1.928491973351365,5,0.0,0.0,0.0,0,-0.12296344577866353,5.0,0.908884365671625,3,3.80570799999993,17,0.5882352941176471,COMPLETE
94,-9999.0,2026-04-28 12:11:31.360482,2026-04-28 12:11:38.751627,0 days 00:00:07.391145,3,37,12,6,49,0.9,13,79,10,5,2.2600000000000002,2.7714111967010653,0.6432277392210065,48,-2.125498761009044,-2.125498761009044,0.31418961584236,5,0.8333333333333334,1.7066142062321903,-0.6559691121878714,1.1068065628344077,0.05390100000002285,5,-0.7035630374775701,1.8544650652509074,1.1131354088832701,11,-0.6042848191547409,5.0,2.2136608896795362,11,-0.533030380099653,3.7980865221524454,1.4517385649739367,7,-2.125498761009044,0.31418961584236,-1.581905978039344,8,-0.3638995208304928,4.5549194141262745,0.6088365498286175,6,3.8774111999999805,48,0.5625,COMPLETE
95,-9999.0,2026-04-28 12:11:38.756533,2026-04-28 12:11:46.186534,0 days 00:00:07.430001,3,42,10,6,39,0.8,10,80,13,3,2.56,1.3572022647267106,0.7137917515313804,133,-3.4338358314977473,-3.022636455673247,0.23497664038013086,18,0.8333333333333334,1.2364019982833376,-3.022636455673247,0.23497664038013086,-2.9753211999999585,24,-2.2878887087173903,1.0409233751358529,0.11489035715319673,24,-0.9832507310837082,1.4105345045880036,0.6475916482373334,18,-1.2768356438820192,2.3815188787185098,3.1617239199858815,19,-1.4158619248761126,1.2396331019598466,1.1713565192412068,26,-1.8873775923180445,1.8356270875779201,2.1625092645706223,22,4.24422200000012,133,0.39097744360902253,COMPLETE
96,-9999.0,2026-04-28 12:11:46.191285,2026-04-28 12:11:53.554184,0 days 00:00:07.362899,2,40,14,7,46,0.9,15,81,14,3,2.64,1.2940961241459934,0.22922411390980577,47,-2.869410298692916,-1.9197334418810608,0.5745303289598771,5,0.6666666666666666,1.213298023049136,-1.3852990242165404,0.5745303289598771,-0.35800719999998787,6,-1.9197334418810608,0.8758137228427787,-0.2538451840356615,13,-0.32801674155292115,1.3172423367143136,0.1425545277638829,5,-0.8183214417200907,2.7042898978382723,1.5319488230470135,8,-0.6453378126336049,1.2444181319144285,0.25819356690133244,6,-0.8366985901411109,1.04828232660629,0.054500149782255036,9,1.3716364000000425,47,0.3829787234042553,COMPLETE
97,-9999.0,2026-04-28 12:11:53.558972,2026-04-28 12:12:01.063531,0 days 00:00:07.504559,3,31,13,5,53,0.95,8,90,12,3,2.4200000000000004,2.136974806967269,0.3899771243663401,12,-0.8062950264206695,-0.8062950264206695,0.0,1,0.5,2.7559398113490223,-0.30811450749200503,1.8223626562679622,0.14340359999998054,2,-0.7216541902429016,5.0,1.1416326576700886,1,-0.8062950264206695,0.9994861855356506,-0.00026696503193646137,3,-0.3422608149276399,5.0,1.6728221654786157,2,-0.30015320029089965,0.0,-0.300153200290898,1,-0.46929754094661896,0.0,-0.31757551162781006,3,2.345584399999967,12,0.5,COMPLETE
98,-9999.0,2026-04-28 12:12:01.068680,2026-04-28 12:12:08.451371,0 days 00:00:07.382691,3,32,13,7,58,0.9,15,87,10,3,2.3600000000000003,2.1352948668574783,0.4599115151361688,20,-1.7936869704207774,-1.7936869704207774,0.0,0,0.5,2.2357736252477514,0.0,0.0,0.0,0,-1.7936869704207774,4.346894063129107,1.7622735999999861,4,-0.17373721358454278,5.0,0.8893602392940236,5,-0.6287691099679129,2.6256284943334918,0.7335075044551553,4,-0.5167100999692243,0.2786175180415415,-0.394352450798241,3,-0.6137699893175325,0.5606291256407301,-0.23131980213391135,4,2.7742499999999337,20,0.55,COMPLETE
99,-9999.0,2026-04-28 12:12:08.456223,2026-04-28 12:12:15.863650,0 days 00:00:07.407427,3,58,14,7,41,0.9,17,79,13,4,2.2600000000000002,2.564598546825049,0.9173822451511716,48,-0.9380867125181168,-0.7515265819887362,0.49129301379677115,5,0.6666666666666666,2.280963476027361,-0.7102887248956304,3.6163741550303716,2.1210422000000007,10,-0.7301581575958002,0.9931138048775322,-0.0061023662368930864,10,-0.6875483342819176,0.49129301379677115,-0.43112766725561524,5,-0.6281041238092305,5.0,1.8254319517857054,10,-0.7515265819887362,2.2656215224000023,1.2786705041575086,7,-0.31569433751578735,3.021188784845616,0.7163788484563227,6,5.605534599999973,48,0.5416666666666666,COMPLETE
100,-9999.0,2026-04-28 12:12:15.868465,2026-04-28 12:12:23.321671,0 days 00:00:07.453206,3,45,10,6,51,0.8,9,81,14,5,2.3000000000000003,1.2196245604661662,0.32097460740566075,147,-4.68725494266865,-3.1664094882902227,0.389601832712968,22,0.6666666666666666,1.1028408626114081,-1.9026995837401897,1.1176376391938914,0.30266399999998583,22,-0.9497292443342554,0.9480442949394905,-0.12657689729950183,25,-0.8306625032952039,1.8547015449252746,1.61646879966022,23,-1.3750123332400332,1.5079393082124886,1.8978699870101146,31,-3.1664094882902227,0.389601832712968,-2.943755697048833,22,-0.6421661580535123,1.499822742812885,1.179177452111979,24,1.8606010000000728,147,0.4557823129251701,COMPLETE
101,-9999.0,2026-04-28 12:12:23.326476,2026-04-28 12:12:30.714395,0 days 00:00:07.387919,2,36,12,6,50,0.8,13,89,13,5,2.2,1.665546491128432,0.7973879292962617,98,-3.347589802695433,-3.347589802695433,0.4345423172472728,13,0.8333333333333334,1.4578845662131794,-0.9190084756229054,1.9361977573904672,1.1020920000000434,16,-0.920489359454616,2.4969416336112404,2.743521865007481,21,-0.8678797583952227,1.7983703583590118,0.9479681754710478,17,-1.2885365308382295,2.1461665862469257,1.6763061345467012,14,-3.347589802695433,0.4345423172472728,-1.8872005740400266,17,-0.6964322036844921,1.181060293915672,0.20163997479232254,13,4.817170000000104,98,0.5204081632653061,COMPLETE
102,-9999.0,2026-04-28 12:12:30.719164,2026-04-28 12:12:38.184358,0 days 00:00:07.465194,3,35,11,5,50,0.85,9,88,15,3,2.2800000000000002,2.561807388883068,1.2584391362415237,81,-1.9026872982642373,-1.9026872982642373,0.08062448810964151,9,0.8333333333333334,1.954626330255387,-1.4309214579503604,0.08062448810964151,-1.2684532000000082,9,-1.9026872982642373,2.9931737093990325,2.771402746827034,17,-0.4114191680552452,4.684736330878909,2.317944512436032,14,-0.6115162553353968,5.0,2.443564434728196,9,-1.1654677479206148,1.4156849859557645,0.9587201650668398,16,-1.1375950733441786,1.1966248189550595,0.32745615839104847,16,7.727938799999912,81,0.5432098765432098,COMPLETE
103,-9999.0,2026-04-28 12:12:38.189252,2026-04-28 12:12:45.581683,0 days 00:00:07.392431,3,30,12,5,47,0.9,15,87,10,5,2.4000000000000004,2.5753680333678592,0.4360642799649909,18,-1.0131343685553216,-0.7282000838807478,0.0,1,0.6666666666666666,2.2423575660731734,-0.6570625596931752,0.0,-0.4064700000000032,2,-0.7282000838807478,2.4745911618157734,1.179705147513066,5,-0.6186944962166893,0.5034786253143275,-0.18810651430150038,3,-0.5515345293833654,2.4741384130770556,0.7863379837724782,4,-0.18215744996810662,5.0,0.6405617263954166,1,0.0,5.0,0.6043573364104882,3,2.6356739999999323,18,0.5,COMPLETE
104,-9999.0,2026-04-28 12:12:45.586638,2026-04-28 12:12:52.996971,0 days 00:00:07.410333,3,31,13,6,56,0.95,16,87,10,5,2.3400000000000003,2.5,0.38404269046223294,5,-0.7226814796417425,-0.7226814796417425,0.0,0,0.5,5.0,0.0,0.0,0.0,0,-0.7226814796417425,5.0,1.1048145999999592,1,-0.2570987843641154,0.0,-0.1532073429073022,1,-0.3469553964640442,5.0,0.7255813963809254,1,0.0,0.0,0.0,0,-0.12438190331689258,5.0,0.6270674892998152,2,2.3200055999999414,5,0.8,COMPLETE
105,-9999.0,2026-04-28 12:12:53.001711,2026-04-28 12:13:00.413228,0 days 00:00:07.411517,3,41,10,7,54,0.8,11,81,15,5,2.7800000000000002,1.9324178014132432,1.7138506430948848,137,-4.358710536576162,-3.255266465459227,0.311419165530584,19,0.8333333333333334,1.622619664204191,-1.5944778893997966,2.083929837518473,2.6417538000000462,21,-1.1964518703123739,2.210716927906179,3.412007170906284,28,-0.5752104328112301,3.414593122278684,3.4325590783043536,23,-1.3410774756464645,1.7733212471737674,2.3894787557756203,26,-3.255266465459227,0.311419165530584,-2.978998745663841,19,-1.1682760560680794,1.800526508071771,1.3863037992468463,20,10.573912400000008,137,0.45255474452554745,COMPLETE
106,-9999.0,2026-04-28 12:13:00.418126,2026-04-28 12:13:07.850307,0 days 00:00:07.432181,2,45,11,6,60,0.8,10,84,10,3,2.3200000000000003,1.0619963913654882,-0.09070281809172576,134,-3.5886075406937357,-3.5428415880787845,0.22775819314439927,17,0.8333333333333334,0.966699315764456,-3.5428415880787845,0.22775819314439927,-3.344625599999995,25,-2.5955252364798795,1.189911680392398,0.47430285469984845,22,-0.9189282308915467,1.051464119084639,0.08348348910889314,17,-1.4210567674392165,1.4111980938295818,1.0298261819276622,21,-1.5442480825244118,1.0451039808125406,0.2512628184419885,30,-2.11283073528264,1.4465422809293706,0.9615333472712484,19,-0.6108863999999881,134,0.3805970149253731,COMPLETE
107,-9999.0,2026-04-28 12:13:07.855173,2026-04-28 12:13:15.287916,0 days 00:00:07.432743,2,37,10,7,44,0.9,9,88,11,5,2.58,2.294211495102229,1.0061438552272723,61,-1.5417579181593235,-1.2053753473500461,0.704627404127712,6,0.8333333333333334,2.012765633628728,-0.8526593034610853,0.704627404127712,-0.2521713999999897,8,-0.5990588394177654,2.6857293745626016,2.608061785918392,17,-0.4586606276453165,2.750976412899527,0.9559522830058009,9,-0.5399820180676458,1.3131493141443389,0.21563622128046855,6,-1.2053753473500461,1.3107864648791954,0.6877544299958682,13,-0.18692036880707655,5.0,1.8216298111630946,8,6.161990199999923,61,0.4918032786885246,COMPLETE
108,-9999.0,2026-04-28 12:13:15.292841,2026-04-28 12:13:22.746790,0 days 00:00:07.453949,2,31,10,5,49,0.85,10,85,14,3,2.24,1.6403836545971655,1.2692220089556172,106,-1.9474489615501114,-1.9474489615501114,0.9545882537278318,11,0.8333333333333334,1.6390592776561221,-1.9474489615501114,0.9545882537278318,-0.08694760000003132,13,-1.612902326966668,2.7393568084151374,2.714191124041787,19,-0.8800851970413115,1.6029788239423646,0.8703998179248273,18,-1.5537616175738926,1.1307957707289917,0.1816416112553787,11,-1.19278449505519,1.6851838101842778,2.238805820472578,21,-1.0165523488199364,1.7293984605843902,1.6972412800391634,24,7.827491999999903,106,0.5188679245283019,COMPLETE
109,-9999.0,2026-04-28 12:13:22.751494,2026-04-28 12:13:30.218148,0 days 00:00:07.466654,3,30,12,5,34,0.8,9,78,11,4,2.66,1.8228207500297102,1.106230347528945,87,-1.6325256600771751,-1.6325256600771751,0.8460676038085702,9,0.8333333333333334,1.7038251917663179,-0.9748992121702666,0.8460676038085702,-0.17104659999996885,9,-1.6325256600771751,2.694789457321478,2.4573261728695783,16,-1.1859892207888527,2.9808133537303263,2.8610435992282968,20,-0.6099106473398804,2.355210773721516,1.3591728871199082,11,-1.1857089681195907,1.0437731082595685,0.0981429055041394,17,-1.5569652636411209,1.016270203336803,0.03274312045171701,14,6.77798439999997,87,0.5172413793103449,COMPLETE
110,-9999.0,2026-04-28 12:13:30.223054,2026-04-28 12:13:37.602721,0 days 00:00:07.379667,3,57,14,6,57,0.9,15,90,11,3,2.24,1.6821776179863217,0.2350655717269723,42,-2.0248046238855113,-1.1923197351337649,0.0,3,0.5,1.2926981608579533,-1.1923197351337649,0.0,-1.133459999999975,6,-0.8427108229249792,0.5617515025732922,-0.3694989224867995,9,-0.5262793716978046,0.19221758932579883,-0.3835237418539861,3,-0.8394311618763146,5.0,1.9643214025642397,8,-0.8230083326685418,1.213450140930907,0.3080587561971049,10,-0.6793577784691721,3.1256464750879327,1.0244959359412498,6,1.3873044000000556,42,0.40476190476190477,COMPLETE
111,-9999.0,2026-04-28 12:13:37.607531,2026-04-28 12:13:45.014495,0 days 00:00:07.406964,2,42,12,6,59,0.9,16,86,12,5,2.24,1.8064093599514515,0.6292468499139909,56,-1.0964539007470266,-0.954802377668975,0.6540226113414571,7,0.6666666666666666,1.7852674149545245,-0.5336403953212328,0.8180800630595441,-0.12924319999999545,8,-0.7007193180391008,2.538353773403518,1.6026360981776122,13,-0.7030105709286246,2.4204346293903276,0.9533460141707417,11,-0.727705910740918,2.4889640499700003,1.0657769570323827,7,-0.954802377668975,1.918601032543862,0.6169851705405183,7,-0.6105968279951308,0.6540226113414571,-0.3340199404373134,10,3.8212839999999693,56,0.5,COMPLETE
112,-9999.0,2026-04-28 12:13:45.019259,2026-04-28 12:13:52.448402,0 days 00:00:07.429143,3,33,13,5,60,0.85,10,85,14,4,2.5,2.569800618000617,1.480621562553673,68,-1.4613389331986528,-1.1251445228997317,0.711208074122074,9,0.8333333333333334,2.348124316657308,-1.1251445228997317,0.711208074122074,-0.3699799999999809,9,-0.7279343949151619,4.977650246829719,4.8767028251123445,18,-0.3442823265583714,4.003907642721635,2.0158260205794587,12,-0.7464657021584603,3.065518743577148,1.7347297466794753,10,-1.0049236845833938,1.1147454080188117,0.19061890166938156,10,-0.8834300260937981,1.5457735927343181,0.43583188128135664,9,9.124375000000008,68,0.5588235294117647,COMPLETE
113,-9999.0,2026-04-28 12:13:52.453959,2026-04-28 12:13:59.808971,0 days 00:00:07.355012,2,36,11,6,60,0.8,17,87,13,5,2.3400000000000003,1.5988122456782603,0.8618100681639521,85,-1.300632381937132,-1.300632381937132,1.0529690768771325,12,1.0,1.6293466947977597,-0.6522637227788404,1.4592194518196548,0.46007360000006603,13,-0.7663678876490958,2.386084105210072,2.5457100600809968,18,-0.8266975282404893,1.126368839427653,0.1697470887270125,15,-1.300632381937132,2.4250090183754662,1.7532636256568424,13,-1.263879043325673,1.0529690768771325,0.0860855460190546,14,-0.8186357165073491,1.1432229823595816,0.15598048849974067,12,5.255913400000112,85,0.4823529411764706,COMPLETE
114,-9999.0,2026-04-28 12:13:59.813820,2026-04-28 12:14:07.264813,0 days 00:00:07.450993,3,31,11,5,57,0.8,12,83,14,3,2.2600000000000002,1.4200117281893938,0.7317331634487556,82,-2.0293595690239616,-2.0293595690239616,0.23222361947624473,6,0.6666666666666666,1.5174509710336943,-1.2071642528720832,0.23222361947624473,-0.6960200000000194,6,-2.0293595690239616,1.9792964173897103,1.7071815248492328,17,-1.5706527434280217,1.5043467656935345,0.8148903700294641,19,-1.0054561330579264,1.6611763723509074,0.7776405581265466,8,-0.6319488470653636,2.229007503538781,1.9122209688946068,19,-1.06839802223475,0.9140196906871859,-0.12551444120729727,13,4.445074599999854,82,0.5,COMPLETE
115,-9999.0,2026-04-28 12:14:07.269695,2026-04-28 12:14:14.679470,0 days 00:00:07.409775,2,49,11,5,54,0.8,12,88,12,5,2.3800000000000003,1.2491962623727164,0.651889741272656,127,-2.5204679356518755,-2.044197431956673,0.6402986583174094,16,0.5,1.2589623693798644,-2.044197431956673,2.0194274147792677,2.6591967999999966,23,-1.5463175955458681,0.6402986583174094,-0.9221299498809343,23,-0.9999303561263075,1.2626183885178455,0.45423246195901434,20,-1.3164410772116255,1.8025531673647002,2.216776530775677,23,-1.233104748449785,0.9574341348192151,-0.1345860024701273,22,-0.9784851910828514,0.8128458104378604,-0.36215139274768937,16,3.921257400000111,127,0.41732283464566927,COMPLETE
116,-9999.0,2026-04-28 12:14:14.684180,2026-04-28 12:14:22.153663,0 days 00:00:07.469483,2,41,10,7,54,0.95,9,85,11,3,2.3800000000000003,2.2866291037896134,1.1594794287791792,57,-2.025239729883228,-1.675040657109787,0.8873876596715131,2,0.8333333333333334,2.182565430901365,-0.9257488561724467,0.8873876596715131,-0.039495400000011394,2,-1.675040657109787,1.6604267741249223,0.9935686138983657,13,-0.4968582106402857,2.4017093093475053,0.8737072219758169,11,-0.8182079934983859,4.279889689857478,1.9211865859201982,8,-1.0435082072180075,1.6077115883176167,1.0208216602872744,9,-0.7892897280256909,2.8826496014186453,2.187087890593431,14,7.144906600000023,57,0.5614035087719298,COMPLETE
117,-9999.0,2026-04-28 12:14:22.158573,2026-04-28 12:14:29.549354,0 days 00:00:07.390781,3,30,14,7,45,0.85,11,79,13,4,2.3200000000000003,2.6562307619216683,0.9795822437761169,49,-2.226535936591035,-1.2513448448555766,0.10866015921683521,5,0.6666666666666666,2.2246924217462944,-1.1591492009266864,0.4913903053861197,-0.5286184000000027,7,-0.6346763672036178,5.0,2.6838352469410243,8,-0.6059555684248092,3.816540996572601,1.6734728509139707,11,-0.608412806394221,5.0,2.939023440002142,11,-1.2513448448555766,0.10866015921683521,-1.1856124892609787,7,-0.8397897565194653,1.520793110354453,0.2953928140605466,5,5.94710639999998,49,0.5510204081632653,COMPLETE
118,-9999.0,2026-04-28 12:14:29.554035,2026-04-28 12:14:37.025481,0 days 00:00:07.471446,3,31,11,5,60,0.85,8,81,15,4,2.2,2.614810409354253,1.9037273256253335,94,-1.213129592547398,-1.213129592547398,1.8321006038044383,11,1.0,2.5050779465742936,-1.213129592547398,1.8321006038044383,0.9164340000000326,11,-0.7200901939624429,3.730611259190345,3.0251544560125687,15,-0.30110374408548113,3.4243366595629614,2.5494061170665105,21,-0.9121537673584637,2.628455574045666,2.1017968951240418,16,-0.9892476949711774,1.846401634791912,1.8339155659326867,19,-0.8369178063689231,2.2269567247301976,0.9956569196161613,12,11.961019999999989,94,0.5851063829787234,COMPLETE
119,-9999.0,2026-04-28 12:14:37.030409,2026-04-28 12:14:44.384256,0 days 00:00:07.353847,3,56,14,7,49,0.95,15,86,11,5,2.5,1.7685925230061204,0.24535067623078222,32,-1.2862960192560036,-0.9359556698375984,0.1820338395545403,4,0.5,1.443105512861311,-0.7863189169249866,1.2128260143156362,0.12101499999999099,5,-0.7977659497630349,0.8709087251191471,-0.10254091011761002,8,-0.7578540752033075,0.8985187779402645,-0.04925096244839944,5,-0.5489499582982994,5.0,1.881186474739338,5,-0.9359556698375984,0.1820338395545403,-0.7414160641325718,4,-0.4534857660856738,2.447267781107135,0.36311051934394545,5,1.4616499999999588,32,0.46875,COMPLETE
120,-9999.0,2026-04-28 12:14:44.389051,2026-04-28 12:14:51.809015,0 days 00:00:07.419964,2,43,12,5,40,0.95,12,77,11,3,2.3000000000000003,1.8121135003761537,0.20177036739473242,39,-2.3142712083769474,-1.658313173088994,0.24771161104890735,5,0.5,1.2383617725544047,-1.3499063080857905,0.24771161104890735,-0.6517299999999837,5,-1.658313173088994,0.5049630929391656,-0.5083148403087101,6,-0.42266585645883437,2.4383177570093246,0.6523873735133634,9,-0.8651454062150926,4.597780526986276,1.958475258585901,6,-1.0627035174732495,0.563903946043204,-0.7598148119357995,7,-0.35045752396863034,2.520004068230045,0.5196192245136233,6,1.1889080000000218,39,0.46153846153846156,COMPLETE
121,-9999.0,2026-04-28 12:14:51.813807,2026-04-28 12:14:59.222446,0 days 00:00:07.408639,3,35,13,5,56,0.85,14,81,15,5,2.4000000000000004,2.4294861822344047,1.037907038704063,64,-1.9390821791736759,-1.9171620956332014,0.3946405195205154,8,0.8333333333333334,1.9167328384581992,-0.9340935107308308,1.274025182049752,0.22917000000002297,8,-0.7235994585477896,2.7566802014713883,3.051720372422495,18,-0.591305044181917,4.204167315891577,2.1900400244427187,12,-0.520342351002614,4.597714860859993,1.8287174610158718,8,-1.9171620956332014,0.3946405195205154,-1.3165706706373959,9,-0.4424384164976307,1.3496890136132051,0.24436504498066558,9,6.324273999999952,64,0.53125,COMPLETE
122,-9999.0,2026-04-28 12:14:59.227432,2026-04-28 12:15:06.643333,0 days 00:00:07.415901,2,41,10,7,60,0.8,10,83,15,4,2.7800000000000002,1.6991799914577836,1.961258696943661,168,-3.57480243607659,-3.456803312602962,0.9375067551400298,26,0.8333333333333334,1.5475698814867185,-2.044984688363136,2.684525100612851,4.964194400000044,26,-1.409236909520206,1.819983424113762,2.4224245368000386,31,-1.397922396452197,1.689785377099556,1.636464120087333,26,-2.219647032200463,1.0979164493488376,0.33847727245881476,28,-3.456803312602962,0.9375067551400298,-0.3906847210461084,30,-1.526240310980345,1.9653628424316643,2.796676573361845,27,12.261880200000054,168,0.40476190476190477,COMPLETE
