number,value,datetime_start,datetime_complete,duration,params_d_period,params_ema_period,params_k_period,params_left_bars,params_max_separation,params_min_close_ratio,params_min_separation,params_overbought,params_oversold,params_right_bars,params_rr_target,user_attrs_avg_profit_factor,user_attrs_avg_quarter_return,user_attrs_full_total_trades,user_attrs_max_drawdown_pct,user_attrs_max_quarter_drawdown_worst,user_attrs_min_profit_factor,user_attrs_min_trades_per_period,user_attrs_positive_ratio,user_attrs_profit_factor,user_attrs_q_2024-Q1_drawdown,user_attrs_q_2024-Q1_pf,user_attrs_q_2024-Q1_return,user_attrs_q_2024-Q1_trades,user_attrs_q_2024-Q2_drawdown,user_attrs_q_2024-Q2_pf,user_attrs_q_2024-Q2_return,user_attrs_q_2024-Q2_trades,user_attrs_q_2024-Q3_drawdown,user_attrs_q_2024-Q3_pf,user_attrs_q_2024-Q3_return,user_attrs_q_2024-Q3_trades,user_attrs_q_2024-Q4_drawdown,user_attrs_q_2024-Q4_pf,user_attrs_q_2024-Q4_return,user_attrs_q_2024-Q4_trades,user_attrs_q_2025-Q1_drawdown,user_attrs_q_2025-Q1_pf,user_attrs_q_2025-Q1_return,user_attrs_q_2025-Q1_trades,user_attrs_q_2025-Q2_drawdown,user_attrs_q_2025-Q2_pf,user_attrs_q_2025-Q2_return,user_attrs_q_2025-Q2_trades,user_attrs_total_return_pct,user_attrs_total_trades,user_attrs_win_rate,state
186,-9999.0,2026-04-28 12:22:54.777383,2026-04-28 12:23:02.464218,0 days 00:00:07.686835,3,51,11,7,37,0.85,13,79,12,3,2.2,1.6044818294146754,0.36495693630482035,86,-4.112865627510577,-2.3146375762579376,0.38946568409438975,9,0.6666666666666666,1.1998801057148398,-2.3146375762579376,0.502278097181335,-1.4050540000000278,17,-1.636691157004035,0.38946568409438975,-1.0999407616694268,14,-0.8010090050937076,1.5568259176496029,0.6056416921835783,12,-1.2069527816744232,2.1859089656554507,1.9302673130099146,15,-1.2394483607223643,1.0099112974530011,0.027801491271972623,19,-0.678162963075265,3.982501014454273,2.131025883032911,9,2.153940000000021,86,0.4069767441860465,COMPLETE
187,-9999.0,2026-04-28 12:23:02.469367,2026-04-28 12:23:10.427224,0 days 00:00:07.957857,3,33,10,6,54,0.85,8,80,14,3,2.2800000000000002,2.1953021340916385,1.5404573696594372,118,-2.5165729758795603,-2.5165729758795603,0.5849112175819178,15,0.6666666666666666,1.7508352948257768,-2.5165729758795603,0.5849112175819178,-1.069953599999951,17,-1.9042233443763004,2.6610157441991804,3.0701997123494973,24,-0.4214756415026882,4.043337305919697,3.5812133377173927,25,-0.8818630238427908,3.91726582352211,3.793501056737214,16,-1.276856567957088,0.905511909629916,-0.2698001724902199,15,-1.019528947586391,1.0597708036970117,0.13758388364268903,21,9.480376799999979,118,0.5169491525423728,COMPLETE
188,-9999.0,2026-04-28 12:23:10.432414,2026-04-28 12:23:18.243940,0 days 00:00:07.811526,2,32,13,6,47,0.9,14,85,12,3,2.66,2.1008280365747884,0.5930999592871725,36,-2.061996073256901,-1.91587273760743,0.6066721382706582,2,0.8333333333333334,1.8242987931751966,-1.0413759142840784,0.6066721382706582,-0.1629399999999892,2,-1.91587273760743,1.7461936613204228,1.0503672684271992,8,-0.19837319673718018,4.356667711991895,1.0609769594359442,7,-0.631628045393283,3.1440172692930703,0.9741605430337863,5,-1.1203286133545094,1.3597295105946903,0.41803331826244516,8,-0.5647716757439394,1.3916879279779963,0.21800166656364972,6,3.6050378000000105,36,0.5833333333333334,COMPLETE
189,-9999.0,2026-04-28 12:23:18.249015,2026-04-28 12:23:26.124084,0 days 00:00:07.875069,3,48,11,7,60,0.85,8,79,12,3,2.4800000000000004,1.3095550273782706,0.3267373189936011,143,-4.861922952497166,-3.141470625948098,0.3944645020796379,19,0.6666666666666666,1.10128631252039,-3.141470625948098,0.3944645020796379,-2.5637827999999696,29,-2.4406637257122386,0.5415419517605756,-1.6841035573371799,26,-1.0763219471886873,1.8893856153335344,1.5655441867108655,22,-1.240613998208881,2.2723342147012136,2.4728750728917115,19,-2.071358582712664,1.1899107191365332,0.94663170452709,27,-1.918149578622881,1.5696931612581277,1.223259307169089,20,1.8759400000001314,143,0.3916083916083916,COMPLETE
190,-9999.0,2026-04-28 12:23:26.129085,2026-04-28 12:23:34.047339,0 days 00:00:07.918254,2,51,13,7,55,0.85,9,83,11,3,2.5,1.126858663276337,0.1658990802262635,147,-3.3978356068629365,-2.6131046769051274,0.6016253551794035,21,0.6666666666666666,1.050358608601738,-2.6131046769051274,0.6016253551794035,-1.7637399999999914,29,-1.6465289272881152,1.1689913444930906,0.5268777536929781,28,-0.8521338792260641,1.3040052950961845,0.525559283286614,21,-1.4812286050575612,1.5575198218633501,1.349336633866316,22,-2.321824003221391,0.9878344292927076,-0.05733389867125238,26,-1.8583708703680597,1.1411757337332866,0.41469470918291673,21,0.9716900000000361,147,0.3673469387755102,COMPLETE
191,-9999.0,2026-04-28 12:23:34.052398,2026-04-28 12:23:41.874341,0 days 00:00:07.821943,3,42,11,5,50,0.95,18,89,13,3,2.5,1.4645622988780012,0.07784328482890086,9,-0.902232077137497,-0.7551597010918111,0.0,0,0.5,1.4729358498245027,0.0,0.0,0.0,0,-0.7551597010918111,0.0,-0.4935899999999993,3,-0.17767476626499334,2.2546792350467957,0.18593274543823313,2,0.0,0.0,0.0,0,-0.4470966618753968,5.0,0.5931553290566383,1,-0.6283911624343371,1.5326945582212115,0.18156163447853313,3,0.46482500000002425,9,0.4444444444444444,COMPLETE
192,-9999.0,2026-04-28 12:23:41.879460,2026-04-28 12:23:49.713568,0 days 00:00:07.834108,3,35,10,5,50,0.95,17,88,12,3,2.3800000000000003,2.4849591851654522,0.3907036543921327,7,-1.7996755740086925,-1.7996755740086925,0.0,0,0.6666666666666666,4.442263308428613,0.0,0.0,0.0,0,-1.7996755740086925,3.712758764766167,1.4283759999999646,3,0.0,0.0,0.0,0,-0.3450633335668326,5.0,0.696099876429046,1,-0.14233811408563501,5.0,0.18918617471976873,1,-0.21553906160407407,1.1969963462265456,0.03055987520401704,2,2.358914199999962,7,0.7142857142857143,COMPLETE
193,-9999.0,2026-04-28 12:23:49.718347,2026-04-28 12:23:57.542552,0 days 00:00:07.824205,3,44,11,6,49,0.8,14,89,14,3,2.46,1.3548936410586878,0.2535975907439277,75,-3.6502606877225054,-2.3953548940123124,0.32997937901686886,8,0.6666666666666666,1.136449938551098,-1.3218825545622455,1.553468043110921,0.779537600000002,8,-1.820456753609542,1.1976598017571651,0.3029378852796638,16,-0.7571884057687953,1.0605821602587235,0.07097206873860618,11,-1.1830255781235095,3.4771079547507897,3.387772732013805,15,-2.3953548940123124,0.32997937901686886,-2.3953548940123137,16,-1.9790748841978452,0.5105645074576591,-0.6242798475561973,9,1.4411324000000114,75,0.38666666666666666,COMPLETE
194,-9999.0,2026-04-28 12:23:57.547782,2026-04-28 12:24:05.407372,0 days 00:00:07.859590,2,57,10,5,44,0.9,12,87,10,5,2.58,1.6372600990335962,0.6005908996170612,73,-2.41907607701001,-2.0414482708173276,0.41214692128574015,9,0.5,1.4155788358802963,-2.0414482708173276,3.4701590703399487,3.4116602000000107,14,-0.646898550137367,0.7737337849883941,-0.30681433736425845,14,-0.4972752287195792,1.4180626296453758,0.3245170155660171,9,-0.9107090827593379,3.290039707904711,2.2861663901927454,12,-1.5274346397703487,0.4594184800374068,-1.2349163835355115,13,-1.0234761944604247,0.41214692128574015,-0.8770674871566353,11,3.5706117999999565,73,0.410958904109589,COMPLETE
195,-9999.0,2026-04-28 12:24:05.412365,2026-04-28 12:24:13.220864,0 days 00:00:07.808499,2,43,12,6,57,0.8,16,90,12,5,2.2,2.3015003239829244,1.7585348444393631,96,-2.0504453620968723,-2.0504453620968723,1.245305998173128,13,1.0,2.182518833969231,-2.0504453620968723,5.0,5.163294000000018,15,-0.5485346157943338,2.534541265999685,2.254957894339027,19,-0.6727963316791475,2.156718994297278,1.1902187984338175,16,-1.2219080434352765,1.5310972985683005,1.1001172820774396,17,-0.7652599419265491,1.341338386859154,0.4928186344743013,13,-0.7939840279994672,1.245305998173128,0.34980245731157655,16,10.940545999999962,96,0.5208333333333334,COMPLETE
196,-9999.0,2026-04-28 12:24:13.225978,2026-04-28 12:24:21.083418,0 days 00:00:07.857440,2,59,14,5,47,0.95,15,79,13,4,2.5,1.5220283982984562,0.7464260387312885,42,-2.057976037292254,-2.057976037292254,0.0,2,0.3333333333333333,1.8664808987012496,-2.057976037292254,5.0,5.019734999999992,11,-1.214202325698739,0.5217768154888163,-0.6540818256682956,11,-0.24515815517818013,0.0,-0.20632050394114865,2,-0.8183421268280356,2.1175683771997327,0.77036957070451,6,-0.6501699219195471,0.6246099901940273,-0.36121927589350955,7,-0.8113165551568491,0.8682152069081605,-0.08992673281381647,5,4.446649999999974,42,0.40476190476190477,COMPLETE
197,-9999.0,2026-04-28 12:24:21.088548,2026-04-28 12:24:28.955928,0 days 00:00:07.867380,2,55,10,5,51,0.8,13,86,11,4,2.54,1.1809704379026795,0.2073438309085888,125,-4.8806380255358235,-4.2966614484995285,0.5361088351630645,15,0.5,1.0581554879005086,-2.0232657710501245,2.929674700610431,4.2265472000000415,22,-1.4932493475851456,0.6605232208046474,-0.6923562368570724,15,-1.214891368455754,0.5422869353180403,-1.0409624147732166,19,-2.0901894042967535,1.324138991322016,1.146511259310401,24,-4.2966614484995285,0.5361088351630645,-2.6625093164141744,25,-1.8441028880514168,1.0930899441978772,0.26683249418555377,20,1.112498200000167,125,0.384,COMPLETE
198,-9999.0,2026-04-28 12:24:28.961130,2026-04-28 12:24:36.938271,0 days 00:00:07.977141,3,30,10,6,54,0.95,11,84,13,3,2.4200000000000004,2.747376303460235,0.49337684078262223,15,-0.7893257823668192,-0.7893257823668192,0.0,0,0.8333333333333334,3.67465100479146,0.0,0.0,0.0,0,-0.7226814796417425,5.0,1.1432697999999686,1,-0.2952209526206434,2.3802851212955796,0.4010940132765928,5,-0.34408717730310073,5.0,0.8731418741787511,2,-0.5074775075843175,2.9620442492541357,0.4622991684108957,3,-0.7893257823668192,1.141928450211696,0.08045618882952521,4,2.9919715999999097,15,0.6,COMPLETE
199,-9999.0,2026-04-28 12:24:36.943359,2026-04-28 12:24:44.874491,0 days 00:00:07.931132,3,51,14,5,60,0.85,10,81,15,3,2.2600000000000002,1.62911054396854,0.7823515785282509,114,-2.5949624202288244,-2.5949624202288244,0.7129774277652888,13,0.6666666666666666,1.3426644834062291,-2.5949624202288244,0.9644175134742302,-0.14689340000001438,27,-2.1139915525333395,0.7129774277652888,-0.6438533781181088,19,-0.5889805863251238,1.61487376619581,0.6787644887195521,15,-1.1844125331427429,2.728304054759793,2.8160407982720903,19,-2.1933588397103096,1.0282072606385928,0.09947654856443666,21,-1.5771085668177407,2.7258832409775247,1.8905744137315494,13,4.742006999999937,114,0.41228070175438597,COMPLETE
200,-9999.0,2026-04-28 12:24:44.879425,2026-04-28 12:24:52.358209,0 days 00:00:07.478784,2,37,11,7,42,0.95,8,80,14,5,2.74,2.9594335449011786,1.1339361876920029,40,-1.1822725265450398,-1.1822725265450398,0.0,4,0.8333333333333334,3.179941991722095,-0.5878658377170577,0.0,-0.4890799999999973,4,-1.1822725265450398,4.831295677904723,3.2398424213141874,9,-0.6027920817120286,1.589113473872697,0.4675925323422536,10,-0.33746681782701393,5.0,1.3993429566988125,4,-0.7590733655135508,1.3361921176296514,0.23856360942093868,5,-0.18554175855677799,5.0,1.9473556063758224,8,6.952271000000043,40,0.575,COMPLETE
201,-9999.0,2026-04-28 12:24:52.363036,2026-04-28 12:24:59.783041,0 days 00:00:07.420005,3,30,14,6,55,0.9,12,76,10,5,2.2800000000000002,2.661610057740264,0.7057804049794187,22,-1.1464815366394783,-0.7663970729387951,0.0,1,0.6666666666666666,2.8254472406293294,-0.7663970729387951,0.0,-0.284350000000011,1,-0.6719615691739358,1.6378277294576515,0.5096511931677483,5,-0.7030043018662576,4.864755395683368,1.500803221971525,6,-0.5397870745415183,4.467077221300565,1.82852442727508,5,-0.3309259263785762,0.0,-0.330925926378578,1,-0.1223567632969862,5.0,1.0109795138407485,4,4.289125599999921,22,0.5909090909090909,COMPLETE
202,-9999.0,2026-04-28 12:24:59.787989,2026-04-28 12:25:07.251592,0 days 00:00:07.463603,2,47,14,5,52,0.9,9,75,10,5,2.3000000000000003,1.651779811099092,0.4313597394200508,82,-2.092606820840308,-1.735303016181155,0.3515665247439478,8,0.6666666666666666,1.3050569257048235,-1.383801110652906,0.8498181962685687,-0.2267550000000007,15,-0.8632937283070586,1.2724709327362145,0.4756275091584161,18,-0.4254908654768615,2.857670962131411,1.1719799041164158,8,-0.543759936647264,2.3598411080917803,1.4209977772426718,13,-1.735303016181155,0.3515665247439478,-1.544235755730472,13,-0.7266101579196077,2.2193111426226304,1.2905440017332737,15,2.582435000000083,82,0.4634146341463415,COMPLETE
203,-9999.0,2026-04-28 12:25:07.256580,2026-04-28 12:25:14.741897,0 days 00:00:07.485317,3,36,11,5,55,0.8,10,79,13,3,2.64,1.3769472521971426,0.5303811185514928,107,-4.013403460451664,-2.458089498133884,0.10898160298373963,15,0.8333333333333334,1.2458409901144165,-2.458089498133884,0.10898160298373963,-2.410498800000016,15,-2.430256369628983,1.308428928142932,0.6822164185833923,20,-0.4248087895449963,2.6983006913366236,2.1551445939296476,22,-1.944936014687835,1.5321831618205675,1.0747603215595536,15,-1.1346899078038806,1.554668461517081,1.5758571227500795,18,-1.2267008700288407,1.0591206673819118,0.10480705448630001,17,3.158319199999915,107,0.4205607476635514,COMPLETE
204,-9999.0,2026-04-28 12:25:14.746845,2026-04-28 12:25:22.184191,0 days 00:00:07.437346,3,39,10,5,58,0.95,18,79,13,4,2.54,3.458352993054797,0.749950377049946,14,-0.48150860508951504,-0.48150860508951504,0.0,0,0.6666666666666666,5.0,0.0,0.0,0.0,0,-0.48150860508951504,5.0,1.9085503999999753,5,-0.19067217783500048,5.0,0.760273202747852,4,-0.17544769734428622,5.0,0.6816862815959501,2,0.0,5.0,1.2141783579152632,1,-0.31108644104368693,0.7501179583287814,-0.06498597995936439,2,4.57056939999998,14,0.7857142857142857,COMPLETE
205,-9999.0,2026-04-28 12:25:22.189162,2026-04-28 12:25:29.631339,0 days 00:00:07.442177,2,53,13,7,52,0.9,9,76,10,5,2.3600000000000003,1.7346211897446293,0.8687782668975631,98,-2.6797503336393085,-2.0612655260610717,0.45736145923997856,10,0.6666666666666666,1.465323161311356,-2.0612655260610717,1.9793550815788843,2.133290000000043,18,-1.4468459182724613,0.5810472154723747,-1.0348124494961364,20,-0.8104174220954679,2.2908476667952358,1.1590329461865778,10,-0.720509692494194,3.0880776516585975,2.6951353611422535,17,-1.898133655027306,0.45736145923997856,-1.3834272152936644,15,-0.7722118288376596,2.0110380637227045,1.6434509588463042,18,5.252791200000018,98,0.4387755102040816,COMPLETE
206,-9999.0,2026-04-28 12:25:29.636375,2026-04-28 12:25:37.095699,0 days 00:00:07.459324,3,42,14,5,57,0.95,13,78,12,4,2.54,1.9559217745262962,0.47638836552973224,27,-2.138808462967516,-1.5525079273050495,0.0,3,0.5,1.83870718791069,-0.9305058950237896,0.0,-0.5552999999999919,3,-0.764438919071164,1.200017803674005,0.12427107729220399,5,-0.17940303939787025,5.0,0.877703010660591,4,-0.5195227360553974,5.0,4.052384566172429,7,-1.5525079273050495,0.0,-1.3641047878189205,5,-0.8758027656767737,0.5355128434837733,-0.27662367312791813,3,2.8016762000000472,27,0.48148148148148145,COMPLETE
207,-9999.0,2026-04-28 12:25:37.100795,2026-04-28 12:25:44.529981,0 days 00:00:07.429186,2,55,14,7,52,0.85,8,76,10,5,2.4200000000000004,1.325567345251481,0.6115548709538324,117,-3.2485387857671633,-2.089063589377576,0.5567320063912652,10,0.5,1.2221164492878653,-2.0494645736227666,2.3594201419763117,2.7978090000000178,19,-1.9246385659211065,0.5567320063912652,-1.5409626094267992,26,-0.7677133995929442,1.4180203850906639,0.47125403334100646,10,-2.089063589377576,1.7305412945194496,2.2738577282189976,22,-1.3966820380955873,0.9262259816207191,-0.1969879544542752,17,-1.9804616783110303,0.9624642619104757,-0.1356409719559526,23,3.6573428000000963,117,0.4188034188034188,COMPLETE
208,-9999.0,2026-04-28 12:25:44.534958,2026-04-28 12:25:51.895339,0 days 00:00:07.360381,2,48,12,7,47,0.95,15,88,12,4,2.66,2.357995256679643,0.45859457146856797,31,-1.0538612991296146,-1.0510894562513364,0.1703722765157932,5,0.6666666666666666,1.8759240992743391,-0.6454265536190864,0.4583454916837063,-0.2969999999999695,5,-0.6207455773174103,1.49511684001316,0.25734872571538947,6,-0.7693912029314686,2.0241369318651983,0.4950220661381399,5,-0.6702699948707006,5.0,1.7963309571654484,5,-1.0510894562513364,0.1703722765157932,-0.8575535234586318,5,-0.3176196698925904,5.0,1.3574192032510313,5,2.7581535999999796,31,0.4838709677419355,COMPLETE
209,-9999.0,2026-04-28 12:25:51.900168,2026-04-28 12:25:59.312680,0 days 00:00:07.412512,2,46,14,7,55,0.9,9,77,11,5,2.3600000000000003,1.552684243045271,0.5694972018361407,84,-2.5401334665248223,-1.4622268221723744,0.8194549199600047,7,0.6666666666666666,1.3904486897334192,-1.4622268221723744,0.8194549199600047,-0.27259959999998973,14,-1.2379638184505546,1.2645955133887279,0.5447578076045012,20,-0.6279637442879077,1.4832090961794169,0.25768890519428655,7,-0.5435348469869229,3.3263303894927434,2.4525624827390624,15,-1.272137401877171,0.9700955903794517,-0.0726857541506476,14,-0.7847319945106577,1.4524199488712812,0.5072593696296313,14,3.4418052000000587,84,0.4642857142857143,COMPLETE
210,-9999.0,2026-04-28 12:25:59.317750,2026-04-28 12:26:06.814117,0 days 00:00:07.496367,3,53,14,5,50,0.85,8,89,15,4,2.2800000000000002,1.4085474615127414,0.7287407910061772,113,-3.3736878245442075,-2.7480933554137494,0.5393613104821664,16,0.5,1.315651725035428,-1.5921235307466104,2.371612450960922,3.2479919999999884,24,-0.9317316905491785,0.8180118743494957,-0.2980679759854499,16,-1.000493703129067,0.8667552180095589,-0.23758133199197617,18,-0.769233302915596,2.2923728428184615,2.2139140502857924,21,-2.7480933554137494,0.5393613104821664,-1.749859935198117,17,-1.6830349772658852,1.5631710724558432,1.1960479389268253,17,4.365968400000009,113,0.46017699115044247,COMPLETE
211,-9999.0,2026-04-28 12:26:06.819239,2026-04-28 12:26:14.261405,0 days 00:00:07.442166,3,49,14,6,47,0.95,12,89,13,4,2.4400000000000004,2.1864601716703187,0.22584079020185333,30,-1.3785959717962444,-1.120584063806153,0.0,1,0.6666666666666666,1.4127553535546413,-1.120584063806153,0.0,-0.632979999999983,3,-0.6159665080215955,1.4417745963426623,0.38631650622109603,9,-0.4619251174432954,1.4994914262988843,0.21405081942764692,6,-0.6388124809934755,5.0,1.8203610883557042,7,-0.9391982666480139,0.1774950073803671,-0.7445397033537415,4,0.0,5.0,0.3118360305603973,1,1.3413352000000156,30,0.4666666666666667,COMPLETE
212,-9999.0,2026-04-28 12:26:14.266439,2026-04-28 12:26:21.664636,0 days 00:00:07.398197,2,36,13,5,45,0.95,17,88,14,5,2.6,3.294873623801563,0.6720950080736365,17,-0.8877584448083472,-0.8877584448083472,0.0,1,0.6666666666666666,4.306107012717163,-0.2992427267753773,0.0,-0.2601699999999929,2,-0.8877584448083472,5.0,2.634869139039009,5,-0.35174851780594174,0.6622749850283519,-0.09365245594114002,3,-0.17630324719198276,5.0,0.6113776585557895,1,-0.3035956179612612,4.568279883381761,0.5352563288333778,2,-0.3632154981034457,4.538686874399265,0.6048893779547759,4,4.073751999999997,17,0.5882352941176471,COMPLETE
213,-9999.0,2026-04-28 12:26:21.669701,2026-04-28 12:26:29.041190,0 days 00:00:07.371489,2,41,13,5,39,0.9,16,86,14,5,2.72,1.488602811982701,0.3904315719050459,47,-1.0038037068251404,-0.947646922766984,0.26431246655965357,5,0.6666666666666666,1.4575689353358134,-0.804751626764904,0.7311936616474647,-0.26259959999999083,9,-0.8961651819280981,2.2551116439874654,1.532386039610456,12,-0.8327172664427224,0.26431246655965357,-0.543125323865612,6,-0.5492897629334229,2.9954483607015256,1.06296966283006,5,-0.947646922766984,1.239804170785645,0.20019031944680243,6,-0.5431119297725127,1.445746568214454,0.3527683334085596,9,2.349895599999985,47,0.40425531914893614,COMPLETE
214,-9999.0,2026-04-28 12:26:29.046317,2026-04-28 12:26:36.414916,0 days 00:00:07.368599,3,33,10,5,48,0.95,18,88,14,3,2.5,2.2739933393886247,0.36692780639858885,6,-0.7226814796417425,-0.7226814796417425,0.0,0,0.5,5.0,0.0,0.0,0.0,0,-0.7226814796417425,5.0,2.0554999999999657,2,-0.1679674294868952,0.0,-0.1679674294868927,1,-0.053904398017824054,5.0,0.17142030433019428,1,0.0,0.0,0.0,0,-0.10783348255566857,3.643960036331749,0.14261396354826594,2,2.204279999999992,6,0.6666666666666666,COMPLETE
215,-9999.0,2026-04-28 12:26:36.419822,2026-04-28 12:26:43.843502,0 days 00:00:07.423680,2,54,13,7,58,0.95,17,86,10,3,2.62,1.3947604578373012,0.08800862903134236,30,-1.7450690663823474,-0.9917567864679675,0.0,3,0.5,1.1322432175873147,-0.8492277924088467,0.2816330250148116,-0.6306399999999823,6,-0.9917567864679675,1.1270143281018379,0.1309596841521543,8,-0.7486689948377484,0.0,-0.5530580900302007,3,-0.6487325834870665,4.5925072927583175,1.2819490721359683,5,-0.49403947338284065,1.5703541903901928,0.3848300933863902,5,-0.3241883320414869,0.7970539107586465,-0.08598898545627565,3,0.5168421999999895,30,0.3333333333333333,COMPLETE
216,-9999.0,2026-04-28 12:26:43.848522,2026-04-28 12:26:51.210581,0 days 00:00:07.362059,2,30,14,5,46,0.9,18,84,15,5,2.6,2.317261653584289,0.5474965834656028,21,-1.260964612203311,-1.206135185303077,0.0,1,0.6666666666666666,2.1639207258834583,-0.905720282583305,0.0,-0.42435000000000667,2,-1.206135185303077,2.344585551269517,1.6767814219640576,6,-0.17462405667216246,0.6116008978821704,-0.11792150463533213,3,-0.5499626797413141,2.9638338470569914,0.5292253145844805,3,-0.1986668940247572,5.0,0.45231652497204067,1,-0.7267824677049856,2.9835496252970546,1.1689277439083767,6,3.314659999999936,21,0.5714285714285714,COMPLETE
217,-9999.0,2026-04-28 12:26:51.215657,2026-04-28 12:26:58.642874,0 days 00:00:07.427217,2,46,10,6,50,0.8,10,90,14,5,2.8,1.3804747604597223,0.969414876970761,144,-4.268954272894408,-3.7348224319924745,0.30900698775414037,17,0.6666666666666666,1.3010299678221482,-2.0493390639935543,3.3345659450640053,6.939614000000005,26,-1.203837128240946,1.1551806463902707,0.4570691642856284,31,-1.6936718113518738,0.6786450039040582,-0.6780981439154066,17,-1.0586002829760326,1.6837953224381035,2.0594877230099895,28,-3.7348224319924745,0.30900698775414037,-3.2100214253040993,23,-1.1891143734934626,1.121654657207756,0.2484379437484474,19,5.663632000000107,144,0.375,COMPLETE
