number,value,datetime_start,datetime_complete,duration,params_d_period,params_ema_period,params_k_period,params_left_bars,params_max_separation,params_min_close_ratio,params_min_separation,params_overbought,params_oversold,params_right_bars,params_rr_target,user_attrs_avg_profit_factor,user_attrs_avg_quarter_return,user_attrs_full_total_trades,user_attrs_max_drawdown_pct,user_attrs_max_quarter_drawdown_worst,user_attrs_min_profit_factor,user_attrs_min_trades_per_period,user_attrs_positive_ratio,user_attrs_profit_factor,user_attrs_q_2024-Q1_drawdown,user_attrs_q_2024-Q1_pf,user_attrs_q_2024-Q1_return,user_attrs_q_2024-Q1_trades,user_attrs_q_2024-Q2_drawdown,user_attrs_q_2024-Q2_pf,user_attrs_q_2024-Q2_return,user_attrs_q_2024-Q2_trades,user_attrs_q_2024-Q3_drawdown,user_attrs_q_2024-Q3_pf,user_attrs_q_2024-Q3_return,user_attrs_q_2024-Q3_trades,user_attrs_q_2024-Q4_drawdown,user_attrs_q_2024-Q4_pf,user_attrs_q_2024-Q4_return,user_attrs_q_2024-Q4_trades,user_attrs_q_2025-Q1_drawdown,user_attrs_q_2025-Q1_pf,user_attrs_q_2025-Q1_return,user_attrs_q_2025-Q1_trades,user_attrs_q_2025-Q2_drawdown,user_attrs_q_2025-Q2_pf,user_attrs_q_2025-Q2_return,user_attrs_q_2025-Q2_trades,user_attrs_total_return_pct,user_attrs_total_trades,user_attrs_win_rate,state
60,-9999.0,2026-04-28 13:09:53.397555,2026-04-28 13:10:01.027513,0 days 00:00:07.629958,2,45,12,5,35,0.9,12,82,15,5,2.6,1.3019145288559668,0.10417461713396563,69,-3.202105126743359,-2.2909795157285293,0.12244590657631768,9,0.6666666666666666,1.0732472210695503,-1.0715929123999384,1.0925106206940676,0.11628400000003314,13,-0.9352240597030638,0.8469363845020855,-0.22314451862792684,13,-0.6731852485549206,1.1978980595590298,0.16192345240220174,9,-1.126095364268818,2.8366155090272986,2.0883031599836954,11,-2.2909795157285293,0.12244590657631768,-2.0996538673403564,12,-0.6795903518223639,1.7150806927770004,0.5813354763861467,11,0.5807340000000494,69,0.391304347826087,COMPLETE
61,-9999.0,2026-04-28 13:10:01.032325,2026-04-28 13:10:08.628979,0 days 00:00:07.596654,2,36,13,6,43,0.85,15,84,11,4,2.56,1.7146822295461777,0.5055912808578885,59,-2.190899025661523,-1.7271610191913787,0.3179588440845271,6,0.8333333333333334,1.4629567268400063,-0.6010686014605916,1.4385619526202995,0.3054584000000693,10,-0.5564240189756623,3.3124191539286243,2.387471667244778,13,-0.589790222299908,1.4212546093632097,0.1902122455765376,6,-0.9904664400312976,1.7875383273279046,1.008957322353643,11,-1.7271610191913787,0.3179588440845271,-1.538044858801746,10,-0.6338076608049293,2.0103604899525,0.6794929087740487,9,3.030556400000095,59,0.4915254237288136,COMPLETE
62,-9999.0,2026-04-28 13:10:08.633747,2026-04-28 13:10:16.315056,0 days 00:00:07.681309,2,42,12,6,33,0.95,10,84,12,5,2.5,2.493125157423178,0.42858207865167364,34,-1.583390985523356,-1.340416073067971,0.19000989370609422,3,0.6666666666666666,1.779743766475646,-0.9280615434082007,0.5039896337721045,-0.2909199999999945,4,-0.4588311446390541,2.0868758822177846,0.6641220639083567,6,-0.2764860065950801,4.221120118934312,1.3815307906336338,10,-0.4397088652651405,5.0,1.1671277118156853,3,-1.340416073067971,0.19000989370609422,-0.9304625283796497,5,-0.4898032909783189,2.9567554159087717,0.5800944339320102,6,2.5793300000000796,34,0.5294117647058824,COMPLETE
63,-9999.0,2026-04-28 13:10:16.319987,2026-04-28 13:10:23.951343,0 days 00:00:07.631356,2,40,14,5,40,0.95,15,80,12,4,2.5,1.8697257353264727,0.5674221151716304,23,-0.970044783002592,-0.970044783002592,0.0,1,0.5,2.3561711536476455,-0.21478656658878073,0.0,-0.1156299999999999,1,-0.4462749154393321,4.486611171268623,1.5473341825152254,5,-0.3214200740523482,0.4030362060858396,-0.26285144772133506,4,-0.970044783002592,5.0,2.545290508252962,7,-0.6383215259180722,0.0,-0.4467495846877223,2,-0.31504707990109554,1.3287070346043746,0.1371390326706523,4,3.416384999999944,23,0.4782608695652174,COMPLETE
64,-9999.0,2026-04-28 13:10:23.956206,2026-04-28 13:10:31.536175,0 days 00:00:07.579969,2,35,14,6,42,0.9,18,84,11,4,2.56,2.8571290901811452,0.6047472756180561,21,-1.103247813418598,-1.0443814541311538,0.691176708451248,1,0.8333333333333334,2.770011403283133,-0.05785699255980949,5.0,0.24112000000000577,1,-0.7235135236664949,5.0,2.9868125974649606,6,-0.1712592015772707,1.2532212125322393,0.036169856528989186,2,-1.0443814541311538,0.691176708451248,-0.2662269899093461,4,-0.09017611465923797,3.194431691964966,0.11509323962926032,2,-0.6298945679865651,2.0039449281384205,0.5155149499944667,6,3.6476571999999097,21,0.5714285714285714,COMPLETE
65,-9999.0,2026-04-28 13:10:31.540967,2026-04-28 13:10:39.109355,0 days 00:00:07.568388,2,38,14,5,41,0.85,18,86,10,4,2.6,1.911090732053939,0.2601205187827138,32,-1.5147391090862965,-1.060043160014554,0.5069937652480296,3,0.5,1.5045589859162296,-0.30647366777570584,5.0,0.8346540000000013,6,-0.8921102147814336,2.6840623962828296,1.006415909355951,7,-0.4315954488504586,0.6278176657204784,-0.10942619534495268,3,-1.060043160014554,0.7205202108962934,-0.27353785733201796,6,-0.5472026744947732,0.5069937652480296,-0.2868054209646642,5,-0.38972826449744896,1.9271503541760042,0.3894226769819653,5,1.5627100000000338,32,0.46875,COMPLETE
66,-9999.0,2026-04-28 13:10:39.114209,2026-04-28 13:10:46.725376,0 days 00:00:07.611167,2,52,14,6,54,0.85,14,82,11,4,2.52,1.577883562874134,1.0375317892142022,83,-2.5826691143123566,-2.2349873914224956,0.31133914230074294,9,0.5,1.566981107995465,-2.0331765472595222,4.426574331624578,5.9623764000000135,19,-1.3863639153892102,0.7142110429618745,-0.38740580755792786,12,-1.2558683530264123,0.31133914230074294,-0.9179937613991607,9,-1.4209967680735003,1.6915824522974925,1.201533186601167,17,-2.2349873914224956,0.72340496603941,-0.7041132317856524,12,-1.5415996463716293,1.6001894420207055,1.0707939494267738,14,6.219623999999979,83,0.37349397590361444,COMPLETE
67,-9999.0,2026-04-28 13:10:46.730157,2026-04-28 13:10:54.349791,0 days 00:00:07.619634,3,43,13,5,28,0.85,8,78,10,5,2.7,1.7634024832604516,0.3497674360732117,79,-3.7168840776961893,-3.0135453534947745,0.11562248936890361,11,0.6666666666666666,1.2069273941113206,-1.3528125855493112,0.7244523308797941,-0.5031279999999638,13,-0.9477190684648039,1.532845465369847,0.8006000429842564,15,-0.6143295499764115,3.491881076334417,1.98059107432782,11,-0.7222949991844991,3.1864821530415854,1.986584903671229,11,-3.0135453534947745,0.11562248936890361,-2.880940812376376,12,-1.2450975975907477,1.5291313845681656,0.7148974078323045,17,2.0308020000000093,79,0.45569620253164556,COMPLETE
68,-9999.0,2026-04-28 13:10:54.354466,2026-04-28 13:11:01.964661,0 days 00:00:07.610195,3,40,12,7,34,0.85,10,87,10,4,2.8,1.951899438878329,0.8539723581894808,69,-2.0191018835292547,-1.5787320253634936,0.31542111173498244,10,0.6666666666666666,1.6368997988324978,-1.5787320253634936,0.31542111173498244,-0.975387999999977,10,-1.034239582060052,2.2908463859750086,1.9050112511423078,14,-0.9384359327933088,1.8410091210920292,0.6752422594149765,10,-0.9254261420391898,4.21769357937541,2.8354551907782355,11,-1.5562191768969005,0.4074622132966995,-1.287834592050341,12,-1.2395576254568517,2.638964221795846,1.9713480398516836,12,5.160608000000089,69,0.4782608695652174,COMPLETE
69,-9999.0,2026-04-28 13:11:01.969336,2026-04-28 13:11:09.596979,0 days 00:00:07.627643,2,53,13,6,48,0.9,11,80,11,5,2.4800000000000004,1.4783871121334318,0.6439156673875716,94,-2.3650326750901876,-2.061895783327225,0.3814232384326423,10,0.6666666666666666,1.348496916172258,-2.061895783327225,1.9937611212407569,2.261850000000054,19,-1.2380622573333184,0.7204588019343472,-0.5867525377254657,18,-0.9383560391755656,1.5766668503112957,0.5147989374104212,10,-0.7347621064124649,2.902747651432521,2.699649401214499,17,-1.665563699798032,0.3814232384326423,-1.5173676503505429,14,-1.082754811680086,1.2952650094490263,0.4913158537764639,16,3.8592200000000076,94,0.425531914893617,COMPLETE
70,-9999.0,2026-04-28 13:11:09.601613,2026-04-28 13:11:17.247179,0 days 00:00:07.645566,3,49,13,7,38,0.9,13,83,11,4,2.54,1.744967417004449,0.24791702975455002,56,-2.711325720828204,-1.8619611442064705,0.13296855322954107,8,0.5,1.2009598568453128,-1.4562520255584444,0.2564365023748477,-0.9549585999999555,9,-1.819293458775895,0.4285681571652472,-0.8616388947261022,10,-0.7639540279206188,2.2282661983315335,0.9971444531706508,11,-0.6371289397186203,5.0,2.9081772576652787,9,-1.8619611442064705,0.13296855322954107,-1.8619611442064699,9,-1.4673616466264694,2.4235650909255244,1.2607391066238982,8,1.417271400000164,56,0.44642857142857145,COMPLETE
71,-9999.0,2026-04-28 13:11:17.251848,2026-04-28 13:11:24.858358,0 days 00:00:07.606510,2,54,12,7,40,0.8,15,90,11,5,2.62,1.6456423031037024,0.7333208194151953,98,-2.5249295251107466,-2.02978269563458,0.779513390164588,13,0.6666666666666666,1.3322205243009024,-2.02978269563458,5.0,4.8432044000000785,16,-0.795077252316203,1.0450547984149416,0.07406870139501365,17,-1.4555731258988247,0.779513390164588,-0.3379709227012806,13,-1.9254717448239058,1.0652400637189658,0.22050707707068629,19,-1.5663559615381504,0.8237154013109187,-0.6208046299536085,20,-0.7665693557946137,1.1603301650128002,0.22092029068028207,13,4.3763310000000555,98,0.40816326530612246,COMPLETE
72,-9999.0,2026-04-28 13:11:24.863156,2026-04-28 13:11:32.433272,0 days 00:00:07.570116,2,52,11,7,42,0.8,18,88,11,3,2.5,1.0633514494195864,-0.0933431183096763,61,-2.942472899889863,-1.631945556110821,0.5277523169365133,6,0.5,0.9319482245033462,-1.3128899549371549,1.1030101893714,0.16791999999998808,12,-0.8343148425685376,0.5567578918497361,-0.5162680826356292,11,-1.3350441528546724,0.7800532975218716,-0.3155619898027151,9,-1.2371584371619868,1.802937692489934,0.852960888174592,11,-1.631945556110821,0.5277523169365133,-1.1571252287987055,12,-0.4979385741325658,1.6095973083480637,0.40801570320441183,6,-0.5715900000000884,61,0.3442622950819672,COMPLETE
73,-9999.0,2026-04-28 13:11:32.438281,2026-04-28 13:11:40.018166,0 days 00:00:07.579885,2,57,11,7,40,0.8,17,90,10,3,2.7800000000000002,1.3972613067203363,0.2653638342284788,61,-1.8167960496503255,-1.5328881214147614,0.5092968609712251,8,0.5,1.2059623794080683,-1.2213648736995053,0.568838075643166,-0.5532367999999788,10,-0.8400773146643612,0.5092968609712251,-0.5770550810646813,10,-1.0419876245831274,2.0096258542800496,0.7933913086797473,8,-1.212740827647772,3.545913576046295,2.62785836720667,13,-1.5328881214147614,0.6239585362829411,-0.830336842890067,12,-0.7433034457600673,1.1259349370983405,0.1315620534391826,8,1.560406000000003,61,0.39344262295081966,COMPLETE
74,-9999.0,2026-04-28 13:11:40.023196,2026-04-28 13:11:47.630004,0 days 00:00:07.606808,2,57,12,7,39,0.9,16,88,11,4,2.66,1.8141746009496833,0.9624338745781001,58,-2.044688173795435,-2.044688173795435,0.7043955024288938,5,0.6666666666666666,1.8408806131740634,-2.044688173795435,3.45031484059128,3.327111000000027,14,-0.46421591889119346,0.7043955024288938,-0.2096553343100771,8,-1.0049859659583145,1.7349038278979192,0.4880163481189692,5,-0.9930766795602884,2.6953237071743246,1.8787793961121624,12,-1.1629952329851179,1.5478742582438008,0.6909649405988816,8,-1.76279418649195,0.7522354693618803,-0.40061310305136155,11,5.863922999999982,58,0.39655172413793105,COMPLETE
75,-9999.0,2026-04-28 13:11:47.634748,2026-04-28 13:11:55.268815,0 days 00:00:07.634067,2,55,13,6,46,0.85,9,88,10,5,2.7,1.48512040084743,1.1043942040521835,107,-2.526629540182007,-2.526629540182007,0.7731434791112156,10,0.6666666666666666,1.500631429142301,-2.0402153337206843,2.7664273003957836,3.6332230000000187,20,-0.8742418805766807,0.7731434791112156,-0.5148561287146358,21,-0.6475228446309526,1.1308229710488849,0.13367842208518166,10,-2.526629540182007,1.842673737543894,2.5196265197592993,22,-1.350703887645274,0.8889688918873834,-0.2705598695947553,15,-0.9691178486733792,1.508686025097417,1.1252532807779936,19,6.740055999999939,107,0.411214953271028,COMPLETE
76,-9999.0,2026-04-28 13:11:55.273567,2026-04-28 13:12:02.944543,0 days 00:00:07.670976,3,50,14,5,35,0.85,10,90,10,4,2.52,1.2309501349041,0.056541155219565674,72,-2.702708284277057,-1.9485830920478717,0.4022759098381828,9,0.5,1.032189367822591,-1.8238879860172117,0.4022759098381828,-1.4324936000000288,16,-1.6358223021054663,0.7649997312467969,-0.31049096317604663,11,-0.5875674937772576,2.0034332670642243,0.7704855752646234,9,-0.9961453395993012,2.1550066330592004,1.318910398626616,12,-1.9485830920478717,0.7310209057268705,-0.6180208013674138,12,-1.6016222452201887,1.328964362489326,0.6108563219696439,12,0.31354440000006534,72,0.3888888888888889,COMPLETE
77,-9999.0,2026-04-28 13:12:02.949371,2026-04-28 13:12:10.530250,0 days 00:00:07.580879,2,49,14,7,38,0.8,14,85,10,4,2.52,1.5259855697038118,0.7782864528604364,85,-2.865487244574254,-2.5116074421172154,0.6086441503917195,9,0.5,1.4344048333119326,-2.044023067847686,3.441521113760522,3.1742216000000267,16,-1.1989855192959091,0.9427747809458692,-0.07773259517375175,12,-0.7513544142656297,0.6086441503917195,-0.4050748952449501,9,-1.6722298703707072,1.5736495362695633,1.2469547339156728,20,-2.5116074421172154,0.6619650383613424,-0.957417461197474,12,-1.5636214331334009,1.9273587984938556,1.688767334863095,16,4.700221200000065,85,0.4117647058823529,COMPLETE
78,-9999.0,2026-04-28 13:12:10.534869,2026-04-28 13:12:18.106480,0 days 00:00:07.571611,2,58,14,7,44,0.8,16,88,12,3,2.56,1.7878793768146408,0.7973377951859909,70,-1.774995356328792,-1.774995356328792,0.2972330729166574,7,0.5,1.5521966902028026,-1.2920858451670652,3.3960600036147053,3.0492020000000064,11,-0.9493447710053217,0.3829101818335474,-0.8503270117511286,12,-0.7226688487975454,0.2972330729166574,-0.6761555006848607,7,-0.8032525233333007,4.691262862488349,3.1106648732416975,15,-1.007582351751891,1.1425203708308207,0.3834498712289358,17,-1.774995356328792,0.8172897692037648,-0.23280746091870475,8,4.7955632000000525,70,0.4142857142857143,COMPLETE
79,-9999.0,2026-04-28 13:12:18.111108,2026-04-28 13:12:25.777521,0 days 00:00:07.666413,3,52,13,6,34,0.95,9,81,12,3,2.58,2.1393704217892435,0.11002005186987833,51,-2.361462056157576,-1.5445290767040767,0.4026816791649914,3,0.3333333333333333,1.1005382108760131,-1.5445290767040767,0.4026816791649914,-1.0976201999999935,12,-1.2393117586470703,0.7421829983708168,-0.40480987495911114,13,-0.47818390581525655,0.9363975191451452,-0.044350362577116886,8,-0.6475229940423066,5.0,1.9782852861631506,7,-1.1724775303119772,0.754960334054509,-0.4026874307728079,8,-0.10652809208186963,5.0,0.6313028933651488,3,0.6331051999999948,51,0.4117647058823529,COMPLETE
80,-9999.0,2026-04-28 13:12:25.782313,2026-04-28 13:12:33.402053,0 days 00:00:07.619740,2,59,12,7,53,0.95,16,89,13,3,2.72,2.597068872541398,0.838295379728458,35,-1.1911078984245336,-1.1911078984245336,0.4983737175476481,2,0.6666666666666666,2.242475910818979,-1.1393521458525502,2.5006564355326706,1.6075632000000173,8,-0.8222958549016063,0.4983737175476481,-0.5759929493122429,10,-1.020086821547124,5.0,1.0764176659479041,2,-1.1911078984245336,3.286510890012039,1.9760647145675492,8,-0.5063386644814875,3.487486072585632,1.0248556156456923,4,-0.4664374731844994,0.8093861195703967,-0.07913596847817228,3,5.111396799999968,35,0.42857142857142855,COMPLETE
81,-9999.0,2026-04-28 13:12:33.406739,2026-04-28 13:12:41.006242,0 days 00:00:07.599503,2,37,14,7,51,0.85,17,87,12,5,2.56,1.7512066894984188,0.279563910949208,53,-1.8714740638513159,-1.742073070514257,0.31596415148886775,5,0.6666666666666666,1.2970126438414593,-0.35912175007290437,3.6364587677725946,1.1125856000000267,9,-0.8725264363151882,1.4959166016594487,0.8299168644739119,13,-0.836342707125888,0.7879122525414697,-0.15552143221964077,7,-0.5455713044838449,2.8274017831158935,0.6785715952960292,5,-1.742073070514257,0.31596415148886775,-1.1081918151630954,10,-0.514813250897479,1.4435865804122383,0.3200226533080164,9,1.672537600000057,53,0.4339622641509434,COMPLETE
82,-9999.0,2026-04-28 13:12:41.011727,2026-04-28 13:12:48.680399,0 days 00:00:07.668672,2,60,11,6,48,0.8,9,86,10,3,2.4200000000000004,1.3126148979724606,0.5046858656614565,160,-4.030532551833294,-4.030532551833294,0.5437891148525332,18,0.5,1.1397282434657499,-1.8108868222278849,0.6800857430830491,-1.1267860000000463,29,-1.1315511336208302,0.9281054734363285,-0.26062245736246936,29,-0.5859260471892697,1.1740313647945748,0.2195467630218273,18,-1.1857825839176372,2.990150894336076,5.804965340216017,28,-4.030532551833294,0.5437891148525332,-3.2323091064495935,31,-1.9108061158922982,1.559526797332201,1.6233206545430034,25,2.831826199999976,160,0.44375,COMPLETE
83,-9999.0,2026-04-28 13:12:48.685238,2026-04-28 13:12:56.253360,0 days 00:00:07.568122,2,56,13,7,52,0.85,18,88,11,3,2.8,1.2116129875399844,-0.11597166977779423,51,-3.074857256652818,-2.3400971445829217,0.0,3,0.5,0.8992122256233983,-1.312439072961545,1.1292751184124197,0.20279000000003045,10,-0.8337286173690787,0.48307650216060116,-0.6410859418185866,11,-0.7478923990218488,0.0,-0.6512127050027017,3,-1.0204193873618834,3.4537894030852194,1.8124322845424201,11,-2.3400971445829217,0.1881048235158542,-2.03261676746036,10,-0.4774212802996577,2.015432078065813,0.6138631110724324,6,-0.7365500000000025,51,0.3333333333333333,COMPLETE
84,-9999.0,2026-04-28 13:12:56.258089,2026-04-28 13:13:03.882788,0 days 00:00:07.624699,2,44,12,5,49,0.85,11,86,10,4,2.72,2.088056632740303,1.0265088132620264,84,-3.556772238847674,-2.2090204532708158,0.23995464983330966,11,0.8333333333333334,1.6125801831075002,-2.051765962002449,2.2008567305788014,2.5465608000000417,16,-1.7801990216194121,1.6681168511512319,0.926456033813694,14,-0.41637825469946577,4.301862423958744,1.9089537402585455,12,-0.9759656118833251,2.148810358084039,1.8557776566043183,17,-2.2090204532708158,0.23995464983330966,-2.2090204532708158,14,-0.8915799355702698,1.968738782835694,1.130325102166374,11,6.243980800000126,84,0.4523809523809524,COMPLETE
85,-9999.0,2026-04-28 13:13:03.887596,2026-04-28 13:13:11.503201,0 days 00:00:07.615605,2,36,14,5,39,0.85,16,88,13,5,2.72,1.0584617074572258,0.01338332148506279,52,-1.9387605106578314,-1.5081786838056706,0.22300674886160546,6,0.5,1.0099947487289407,-0.8622373306272934,1.8659024582621793,0.526953600000013,8,-1.1261326570772277,1.3829944592063932,0.6896661792405112,13,-0.8330905636584707,0.26431246655965357,-0.5433695117974979,6,-0.5514442161094789,1.8039534387733176,0.7114494813929673,7,-1.5081786838056706,0.22300674886160546,-1.082180273518163,8,-0.5763408028170524,0.8106006730802046,-0.2222195464074539,10,0.06642520000001984,52,0.34615384615384615,COMPLETE
86,-9999.0,2026-04-28 13:13:11.508085,2026-04-28 13:13:19.105135,0 days 00:00:07.597050,2,31,12,7,56,0.85,12,81,13,5,2.68,1.9063913774523495,0.7871177544153451,79,-2.336486774735559,-2.049464861643512,0.644214763717912,8,0.6666666666666666,1.4923327547179188,-1.519882500243847,0.9064461684198836,-0.15110160000001427,12,-2.049464861643512,1.4871911324517233,1.1035623002927597,15,-0.4990594369158694,1.2912510906831445,0.3273440351729606,12,-1.1949200328878848,4.847388392161665,2.4387005588445865,8,-1.5234978501795,0.644214763717912,-0.8654963360615109,16,-1.087117443432059,2.261856717279769,1.8696975682432893,16,4.776277600000012,79,0.43037974683544306,COMPLETE
87,-9999.0,2026-04-28 13:13:19.109975,2026-04-28 13:13:26.793110,0 days 00:00:07.683135,3,47,13,6,46,0.85,11,90,11,4,2.7600000000000002,1.6289155820993015,0.3022385524476275,79,-3.200986340090551,-2.31653194497437,0.18189384533158115,12,0.5,1.168816267569357,-2.31653194497437,0.18189384533158115,-1.9898795999999885,15,-1.7971768171310791,0.8903545308812556,-0.16260198370291468,12,-1.1929780120099804,1.5911910437202674,0.7857554168667402,14,-0.8308054095161029,5.0,3.1128884396369294,13,-2.1265496911618826,0.7320046135737271,-0.6672005767074274,13,-1.811370663699681,1.3780494590889796,0.734469618592426,12,1.7529628000000796,79,0.4050632911392405,COMPLETE
88,-9999.0,2026-04-28 13:13:26.797834,2026-04-28 13:13:34.420038,0 days 00:00:07.622204,3,47,13,5,36,0.95,11,83,12,4,2.7600000000000002,2.9025948017658085,0.6495339164954909,36,-1.4449347165623836,-1.327179909495673,0.13677583039279367,3,0.6666666666666666,2.0819605188633745,-1.0787759296268027,0.31928505152121717,-0.5575600000000014,5,-0.8745987119147983,1.9595079286808423,0.743561803189885,8,-0.4166762887194567,5.0,1.340360074782354,7,-0.8117582313118802,5.0,2.5213840276526067,8,-1.327179909495673,0.13677583039279367,-1.1375690208569211,5,-0.41079790575180325,5.0,0.9870266142050221,3,3.916101999999988,36,0.5555555555555556,COMPLETE
89,-9999.0,2026-04-28 13:13:34.424881,2026-04-28 13:13:42.066843,0 days 00:00:07.641962,2,59,12,6,32,0.85,9,80,12,5,2.2,1.971202057463481,1.3132892859381313,107,-2.0392034990006946,-2.0392034990006946,0.7265521037182071,10,0.8333333333333334,1.6528005403771966,-2.0392034990006946,3.5539341686475083,3.1695599999999935,15,-1.7073113707546526,0.7265521037182071,-0.866809938900559,24,-0.6692563025176602,2.0275556954499767,0.5745455040375713,10,-1.627902419533286,2.0698017677851146,2.9086640319491597,22,-0.7056491088355137,2.2859250551951,1.6121739555955639,13,-1.4883702582742757,1.1634435539849806,0.48160216294705904,23,8.079411999999975,107,0.514018691588785,COMPLETE
90,-9999.0,2026-04-28 13:13:42.071699,2026-04-28 13:13:49.647304,0 days 00:00:07.575605,2,34,13,6,41,0.8,17,88,12,5,2.72,1.4667862248957373,0.3136615203386613,60,-1.930241919669155,-1.930241919669155,0.8726602012808985,5,0.6666666666666666,1.2659169001078152,-0.8622373306272934,1.6446414790997177,0.6415472000000255,11,-1.930241919669155,1.3384046953452535,0.7373268999187665,14,-0.48796312089149424,1.0321188589540249,0.031984658852768355,10,-0.5471994342881176,3.0140352919388698,0.7506556783868357,5,-1.3065285879535047,0.8988568227556579,-0.14313352961329295,10,-0.5724545117155092,0.8726602012808985,-0.13641178551313526,10,1.8918844000000767,60,0.4166666666666667,COMPLETE
