number,value,datetime_start,datetime_complete,duration,params_d_period,params_ema_period,params_k_period,params_left_bars,params_max_separation,params_min_close_ratio,params_min_separation,params_overbought,params_oversold,params_right_bars,params_rr_target,user_attrs_avg_profit_factor,user_attrs_avg_quarter_return,user_attrs_full_total_trades,user_attrs_max_drawdown_pct,user_attrs_max_quarter_drawdown_worst,user_attrs_min_profit_factor,user_attrs_min_trades_per_period,user_attrs_positive_ratio,user_attrs_profit_factor,user_attrs_q_2024-Q1_drawdown,user_attrs_q_2024-Q1_pf,user_attrs_q_2024-Q1_return,user_attrs_q_2024-Q1_trades,user_attrs_q_2024-Q2_drawdown,user_attrs_q_2024-Q2_pf,user_attrs_q_2024-Q2_return,user_attrs_q_2024-Q2_trades,user_attrs_q_2024-Q3_drawdown,user_attrs_q_2024-Q3_pf,user_attrs_q_2024-Q3_return,user_attrs_q_2024-Q3_trades,user_attrs_q_2024-Q4_drawdown,user_attrs_q_2024-Q4_pf,user_attrs_q_2024-Q4_return,user_attrs_q_2024-Q4_trades,user_attrs_q_2025-Q1_drawdown,user_attrs_q_2025-Q1_pf,user_attrs_q_2025-Q1_return,user_attrs_q_2025-Q1_trades,user_attrs_q_2025-Q2_drawdown,user_attrs_q_2025-Q2_pf,user_attrs_q_2025-Q2_return,user_attrs_q_2025-Q2_trades,user_attrs_total_return_pct,user_attrs_total_trades,user_attrs_win_rate,state
246,-9999.0,2026-04-28 13:33:34.629454,2026-04-28 13:33:42.293834,0 days 00:00:07.664380,3,55,14,7,46,0.9,11,78,12,3,2.22,1.6360189264522118,0.32198518132824555,73,-2.7491823120966763,-2.7491823120966763,0.32149871955369413,7,0.5,1.1908649337191224,-2.7491823120966763,0.7872051444157478,-0.589026799999981,16,-2.0135133295387018,0.32149871955369413,-1.3139289939070764,13,-0.6438651831577541,0.8694553262346126,-0.09110136806824709,7,-0.8391548235980425,3.9337740059987985,2.105609745719894,11,-1.1691213292249607,1.0704223036795053,0.21231418177529715,17,-0.6758357110491924,2.8337580588309126,1.6080443224495866,9,1.9044484000000583,73,0.410958904109589,COMPLETE
247,-9999.0,2026-04-28 13:33:42.299196,2026-04-28 13:33:49.895821,0 days 00:00:07.596625,3,45,11,7,34,0.85,8,83,14,3,2.3600000000000003,1.5653836532892964,0.5834420207617985,140,-4.631262472353146,-3.767320117408912,0.29813853065459683,19,0.6666666666666666,1.1867125823923512,-3.767320117408912,0.29813853065459683,-3.2604763999999453,27,-2.0236173542941254,0.8024345614595497,-0.6841691744696066,28,-1.1355219959699414,1.9154426588710591,1.7307032376816522,22,-1.2253349327518355,3.1840614303612753,3.4600243136925446,19,-2.062297860769529,1.0421289542258672,0.2118376921973475,25,-1.8879164903055325,2.1500957841634296,2.0427324554687987,19,3.4065748000001728,140,0.4142857142857143,COMPLETE
248,-9999.0,2026-04-28 13:33:49.901433,2026-04-28 13:33:57.470956,0 days 00:00:07.569523,3,37,11,7,53,0.8,12,88,13,5,2.2800000000000002,1.5736544980506268,0.7280970709287403,93,-2.499568615947403,-2.138834800763303,0.30235611255616845,12,0.8333333333333334,1.4243931568879284,-1.2162608768186116,1.1165793553448582,0.1872416000000321,15,-0.6805163793884835,2.6191779405791733,3.0641753889748324,21,-0.9181348381403313,1.5787389507819174,0.8572701864036247,17,-1.2044579828725661,2.451771116345949,1.852255928412605,14,-2.138834800763303,0.30235611255616845,-1.9470248935315237,14,-0.45322774787249176,1.3733035126956945,0.35466421531287207,12,4.374967200000013,93,0.4946236559139785,COMPLETE
249,-9999.0,2026-04-28 13:33:57.476580,2026-04-28 13:34:05.029598,0 days 00:00:07.553018,2,38,14,7,40,0.85,17,79,13,5,2.72,1.2976575873068814,0.1804451923482405,53,-1.312638669914022,-1.2175441676325418,0.23660986912216952,6,0.6666666666666666,1.1897021927857123,-0.3592787197561272,2.1120726149955042,0.5978835999999932,9,-0.9200690522138075,1.5924742538291548,0.7863405985213179,11,-0.8324252071581316,0.23660986912216952,-0.6287964846527383,7,-0.5521086029156148,1.817373660030597,0.5085737988526517,6,-1.2175441676325418,0.639659432797317,-0.5215917711822615,10,-0.5470950328274864,1.3877556930665456,0.3402614125504799,10,1.0783716000000387,53,0.39622641509433965,COMPLETE
250,-9999.0,2026-04-28 13:34:05.034593,2026-04-28 13:34:12.732125,0 days 00:00:07.697532,2,40,13,6,44,0.9,10,86,12,4,2.7800000000000002,1.190308917186576,0.24742940096461793,67,-2.0547984071639203,-1.6282756664131643,0.6323857809968645,8,0.3333333333333333,1.161271564017575,-1.270112932920658,0.6323857809968645,-0.38573759999999124,8,-0.8995519904520801,2.715593975220691,2.1267908319120954,14,-0.8047234986760955,0.6919572336105819,-0.36987109101851434,12,-1.4009244436777237,1.6194778882937937,0.9985263017338264,11,-1.6282756664131643,0.841995718522294,-0.39294768013967696,11,-1.0970177535864134,0.6404429064752305,-0.4921843567000317,11,1.464523200000034,67,0.3880597014925373,COMPLETE
251,-9999.0,2026-04-28 13:34:12.737092,2026-04-28 13:34:20.337565,0 days 00:00:07.600473,3,46,11,6,47,0.8,8,89,13,3,2.3400000000000003,1.1776733523027094,-0.022497067190755764,136,-4.06265344387668,-3.41245024181576,0.31849500990525614,17,0.3333333333333333,0.9871909322606001,-3.41245024181576,0.31849500990525614,-2.9103397999999725,27,-2.013254821718771,0.9712123936922561,-0.07485307894811166,25,-1.0419008259870495,0.984765946068486,-0.027013414030474525,18,-1.242624579065082,2.305822014537878,2.5930436396746526,22,-2.138517505309727,0.832183043938383,-0.8605557422068921,27,-1.9569405540376001,1.6535617056739964,1.1447359923662637,17,-0.2212353999999861,136,0.4117647058823529,COMPLETE
252,-9999.0,2026-04-28 13:34:20.343095,2026-04-28 13:34:27.930239,0 days 00:00:07.587144,2,38,13,7,57,0.8,9,87,11,5,2.4000000000000004,1.4579071211150456,0.5533461170226961,111,-2.938857288676097,-2.0585760780304017,0.7499601200311795,14,0.6666666666666666,1.2554091760292496,-2.0585760780304017,0.8657484925281936,-0.30724799999996,19,-1.5759137537995522,1.3674234857406913,0.988894358137471,23,-0.4733718400189469,2.7582763385548015,1.504003710500279,14,-1.4748720098261012,1.5024730228429841,1.052563204588397,18,-1.5469257212107708,0.7499601200311795,-0.8044566404019848,17,-0.8045146207550927,1.5035612669924234,0.8863200693119744,20,3.3456380000000285,111,0.44144144144144143,COMPLETE
253,-9999.0,2026-04-28 13:34:27.935869,2026-04-28 13:34:35.516738,0 days 00:00:07.580869,2,48,12,5,36,0.9,10,90,13,5,2.6,1.428673369878541,0.41034512324559236,75,-2.993789899046062,-2.34558321956679,0.11756885239460786,7,0.5,1.2743946816913845,-1.2509163316015792,3.19569583262093,2.8251140000000508,16,-1.166997363052737,0.6496938084097332,-0.5329554023154159,13,-1.0794149595357554,0.6657547654586634,-0.2671096410221008,7,-0.9207512475164455,2.4203925532350774,2.0389649769307683,15,-2.34558321956679,0.11756885239460786,-2.157927962115558,12,-0.8574767202046902,1.5229344071522337,0.5559847679958096,12,2.403884000000067,75,0.38666666666666666,COMPLETE
254,-9999.0,2026-04-28 13:34:35.522092,2026-04-28 13:34:43.070009,0 days 00:00:07.547917,3,49,14,7,42,0.9,14,83,13,3,2.46,2.1127224210044733,0.6199899305065796,53,-1.8338511624116725,-1.8338511624116725,0.3851316756882091,6,0.6666666666666666,1.5856312517532163,-0.935130596426696,2.2342563155221495,1.3362676000000517,9,-1.8338511624116725,0.3851316756882091,-1.0480875457070327,12,-0.5425702288241424,2.838137416309966,0.6680591501611932,6,-0.8110702902140814,5.0,2.6371836562921303,8,-1.371541982659589,0.9535075706533328,-0.08591748987556436,12,-1.64927520062358,1.2653015478531802,0.2124342121686995,6,3.737036000000149,53,0.4339622641509434,COMPLETE
255,-9999.0,2026-04-28 13:34:43.075413,2026-04-28 13:34:50.646855,0 days 00:00:07.571442,2,52,12,5,38,0.8,13,82,15,3,2.22,1.1394714698501398,-0.15604975322764206,117,-5.475626394286128,-3.707889334836768,0.4476598815169643,13,0.6666666666666666,0.9440060770202028,-2.200649022281638,1.193620953868366,0.6595387999999813,25,-1.384822952362503,1.0381892128430164,0.06632456376804985,15,-1.5586426675652365,0.4476598815169643,-1.048739000251253,15,-1.4600190022248083,1.2843920952045191,0.631540833360611,18,-3.707889334836768,0.5621016628035315,-3.207735800520417,31,-1.3183006969799467,2.310865012864443,1.9627720842771756,13,-1.012438999999965,117,0.38461538461538464,COMPLETE
256,0.48957922350264405,2026-04-28 13:34:50.652314,2026-04-28 13:34:58.209478,0 days 00:00:07.557164,2,41,10,6,42,0.8,14,80,14,4,2.64,2.168003452974821,2.058772717019878,118,-2.312542519446658,-2.032613003104222,1.1144733589706926,17,1.0,1.9691332884968982,-2.032613003104222,5.0,6.258226800000055,17,-0.964678440283419,2.4439930521288127,2.7539334017947947,22,-0.9707352818056655,1.1144733589706926,0.21292654526745558,20,-1.8746759321409758,1.116808692633376,0.2982845706200221,20,-1.4604264800836697,1.3261084580543419,0.9657316465504273,19,-0.8109528314631733,2.0066371560617022,1.8635333378865138,20,12.868045200000044,118,0.4661016949152542,COMPLETE
257,-9999.0,2026-04-28 13:34:58.217612,2026-04-28 13:35:05.768526,0 days 00:00:07.550914,2,42,10,6,43,0.8,15,79,13,4,2.6,1.916021116581921,1.3308669235498949,107,-2.488037194670882,-2.033110374377016,0.9740090639063341,16,0.6666666666666666,1.6477658395392307,-2.033110374377016,4.403993850146279,3.830276000000077,16,-0.9871162243363744,1.8205382902194551,1.4654665851028037,19,-1.0058790126069623,0.9740090639063341,-0.046761389360794325,17,-2.032329445575145,0.9901440556482488,-0.02389684358251598,18,-1.6674873861402089,1.26232399566758,0.8097954807908092,18,-1.7253937856068886,2.0451174439036284,1.9503217083489899,19,8.199854000000052,107,0.4485981308411215,COMPLETE
258,-9999.0,2026-04-28 13:35:05.774028,2026-04-28 13:35:13.315525,0 days 00:00:07.541497,2,50,12,6,43,0.8,15,80,14,4,2.2,1.7321108241169891,1.0395882874197422,107,-3.42669938289899,-3.0487980222407964,0.5879761147143566,13,0.5,1.4479234320895518,-2.0267420301720076,5.0,6.111190000000066,21,-1.4288352225157663,0.6643760325327472,-0.5973413360079727,16,-1.4491730740413609,0.7483280249891048,-0.3888057704600656,13,-1.383290517375863,1.3002134375715566,0.6988153358018279,20,-3.0487980222407964,0.5879761147143566,-1.7256395724112417,19,-0.9200224728095374,2.091771334894169,2.1393110675958393,18,6.200080000000119,107,0.4205607476635514,COMPLETE
259,-9999.0,2026-04-28 13:35:13.321084,2026-04-28 13:35:20.859131,0 days 00:00:07.538047,2,54,12,7,41,0.8,18,79,13,3,2.72,1.6215445672108666,0.5143593383488095,74,-2.774479461229775,-2.586419829311104,0.3349513642159636,9,0.6666666666666666,1.2985480365619222,-1.443144642999471,2.3939433810649904,2.4112572000000165,13,-0.9816683804846161,1.1551064861332911,0.21554856959615787,13,-1.3814608611782682,0.8783998496425294,-0.16390404041144446,9,-1.179947877440929,3.7366356489983126,2.5889443717330263,14,-2.586419829311104,0.3349513642159636,-2.227702075771698,15,-0.7316805409595982,1.2302306732101098,0.2620120049467989,10,3.044115199999986,74,0.33783783783783783,COMPLETE
260,-9999.0,2026-04-28 13:35:20.864563,2026-04-28 13:35:28.478291,0 days 00:00:07.613728,3,34,10,5,53,0.8,11,79,13,4,2.7600000000000002,1.9965683287119926,1.4510959927182376,112,-3.09423174840745,-2.055054000428978,0.7565777595639418,11,0.6666666666666666,1.7665196664434997,-1.5996521072148204,0.9775671463928844,-0.03426079999998555,15,-2.055054000428978,1.8788464106244136,2.1991086322103115,25,-0.5325097445259999,5.0,4.926330752068941,21,-1.7304373266567936,1.9565456942547175,1.8748010975781382,19,-1.9167024678798834,0.7565777595639418,-0.7777906304611726,21,-0.9851029388935851,1.4098729614359973,0.5183869049131928,11,8.919077200000025,112,0.5,COMPLETE
261,-9999.0,2026-04-28 13:35:28.483611,2026-04-28 13:35:36.108384,0 days 00:00:07.624773,2,37,14,6,48,0.85,8,76,10,3,2.74,1.297256021565689,0.20162639718927325,97,-2.907144520699308,-2.907144520699308,0.3867015228119017,12,0.5,1.0818505215198602,-2.75380819778078,0.3867015228119017,-2.0257862000000015,21,-1.752674357249804,1.6875853891841246,1.9295846597546573,25,-0.5069870601293242,2.075955327421036,0.8479886506293388,12,-1.1060243802065122,2.2716370588129124,2.100309038435144,13,-1.434428706217781,0.8792285544186189,-0.33735192105224243,12,-2.907144520699308,0.4824282767455402,-1.3049858446312568,14,1.142567799999994,97,0.3402061855670103,COMPLETE
262,-9999.0,2026-04-28 13:35:36.113799,2026-04-28 13:35:43.811091,0 days 00:00:07.697292,3,48,13,7,42,0.8,16,87,10,4,2.58,1.0124993088571606,-0.2610309108630933,64,-3.491090852346569,-2.2618640535279932,0.12012326631436009,9,0.3333333333333333,0.8097420518342509,-0.9745678623902709,0.6152107990943714,-0.35859659999999405,10,-1.0452027244559519,0.8735268194188553,-0.1445840735719628,12,-1.1772553923462439,1.3723276445308046,0.39270578353101104,9,-0.8357980293708961,2.35590835481148,1.1902740785372234,11,-2.2618640535279932,0.12012326631436009,-2.149659521888081,10,-1.9264852410847184,0.7378989689730905,-0.49632513178675675,12,-1.5866865999999757,64,0.390625,COMPLETE
263,-9999.0,2026-04-28 13:35:43.816328,2026-04-28 13:35:51.578334,0 days 00:00:07.762006,2,34,11,6,50,0.8,8,88,11,3,2.66,1.7621068764150716,1.3051992163566506,136,-2.432384717966324,-2.432384717966324,0.6328437335507822,19,0.6666666666666666,1.5024852781107816,-1.8550102586273025,0.9806842689714271,-0.05774939999999562,22,-1.8195767393477094,1.9267130275488331,2.63208761480509,30,-0.4306431201862364,3.969517618884726,3.55411703019779,23,-1.2582351747332334,1.4882147179048428,1.1660475751087196,19,-1.0031465657128502,1.574667891629819,1.6415242374355543,22,-2.432384717966324,0.6328437335507822,-1.1048317594072543,20,8.014157799999943,136,0.4338235294117647,COMPLETE
264,-9999.0,2026-04-28 13:35:51.583424,2026-04-28 13:35:59.314728,0 days 00:00:07.731304,2,47,12,5,58,0.8,11,81,15,3,2.52,1.0409493538337855,-0.24210759163039533,135,-3.681788579163651,-3.681788579163651,0.6909858193374648,16,0.6666666666666666,0.9303574240780756,-3.681788579163651,0.7388720722766043,-1.0581451999999936,25,-2.145534439335188,1.160050672109242,0.43671144115247085,21,-0.7359152830747651,1.0886299085158087,0.18074717637353022,19,-1.486277611537211,1.176912752602185,0.5161065017374566,22,-2.926314740748466,0.6909858193374648,-2.3340125344683327,32,-1.9114963264193645,1.3902448981614084,0.8059470654224965,16,-1.4805551999999556,135,0.34814814814814815,COMPLETE
265,-9999.0,2026-04-28 13:35:59.319904,2026-04-28 13:36:06.965348,0 days 00:00:07.645444,3,34,10,7,45,0.9,10,89,13,5,2.22,2.9498436516607343,0.9998074825767348,43,-1.6935668557923396,-1.2802762301299733,1.0349142986747581,6,1.0,2.4950555980237086,-0.6560020993341907,1.388381880870304,0.19600080000001796,6,-0.7238380920164831,4.575901954139774,2.8435979253175425,9,-0.1864983119414416,4.132173270254302,0.8223973835039811,6,-0.6983492792712565,1.5676905060252662,0.4665939049969259,6,-1.2802762301299733,1.0349142986747581,0.051618468837100195,10,-0.18699136099535774,5.0,1.6186364128048414,6,6.121609799999939,43,0.5348837209302325,COMPLETE
266,-9999.0,2026-04-28 13:36:06.970445,2026-04-28 13:36:14.545739,0 days 00:00:07.575294,2,55,13,7,42,0.95,18,78,11,3,2.54,1.612082747233134,-0.05697119528366897,32,-2.0952307930525067,-1.3286554526081733,0.0,3,0.3333333333333333,0.9145893065687273,-1.3286554526081733,0.18743434153378516,-1.0364599999999724,7,-1.0021573663392096,0.9584340581635723,-0.04900329959900418,9,-0.7989010753488848,0.0,-0.6022339699779056,4,-0.6575586105546091,3.008968927596231,0.553696123804337,3,-0.45106709502238307,4.5487255986897015,0.8109066484287109,4,-0.48282132993400195,0.9689335574155146,-0.01873267435817949,5,-0.35324239999998674,32,0.3125,COMPLETE
267,-9999.0,2026-04-28 13:36:14.550788,2026-04-28 13:36:22.164893,0 days 00:00:07.614105,3,36,13,7,54,0.95,13,90,12,5,2.3000000000000003,2.5,0.7254272786453243,11,-0.5144418073111375,-0.5144418073111375,0.0,0,0.5,5.0,-0.22063835006340543,0.0,-0.0977900000000087,1,-0.2914442610361676,5.0,2.5080896608793646,4,-0.2538308326608183,0.0,-0.1512579402240477,1,-0.5144418073111375,5.0,1.7602827623149464,3,0.0,0.0,0.0,0,-0.007098438864065564,5.0,0.3332391889016906,2,4.399633000000014,11,0.8181818181818182,COMPLETE
268,-9999.0,2026-04-28 13:36:22.170143,2026-04-28 13:36:29.810341,0 days 00:00:07.640198,2,39,10,6,43,0.9,13,81,15,4,2.68,1.7796337299777256,0.6919814014255102,62,-1.8336496542207517,-1.8336496542207517,0.7636959957755008,6,0.6666666666666666,1.5601921796594345,-1.1154063863135393,0.7845652989661486,-0.1664943999999613,6,-1.359504030233831,3.1727114224558157,2.2368370083561073,13,-0.44693239053968925,2.2681461493383206,0.9116865186551637,10,-1.0355646100138525,1.8206853778649783,0.8607714237052422,8,-1.8336496542207517,0.7636959957755008,-0.6289151227513057,14,-0.6723266420854017,1.8679981354655897,0.9380029805878154,11,4.198679600000066,62,0.4838709677419355,COMPLETE
269,-9999.0,2026-04-28 13:36:29.815442,2026-04-28 13:36:37.491020,0 days 00:00:07.675578,2,52,13,6,50,0.85,9,77,10,3,2.64,1.217427222911821,-0.17657188978378682,144,-4.559755181860399,-3.305531210601113,0.3305233329712481,19,0.5,0.9419009781325874,-2.8929330797643766,0.3305233329712481,-2.8350863999999865,27,-1.3846506942649575,1.102843646101309,0.3517792455485891,29,-0.7695212232046859,1.5781911023169952,0.7432119580813135,19,-1.1497617305632897,2.855898048085758,3.608435547797084,21,-3.305531210601113,0.6134995234551138,-2.2552110458869623,27,-2.59939395850945,0.8236076845405025,-0.672560644242759,21,-1.1883143999998458,144,0.3402777777777778,COMPLETE
270,-9999.0,2026-04-28 13:36:37.496120,2026-04-28 13:36:45.116738,0 days 00:00:07.620618,2,43,14,6,36,0.85,13,86,11,4,2.72,1.6011039049600362,0.5379521381862632,65,-2.615674439024815,-1.6869667898940968,0.3086198700812005,7,0.5,1.3959060721881058,-1.571634998966174,3.023142871988552,2.3362040000000306,12,-1.0027588166275687,1.4974003875422226,0.7575211603510823,14,-0.7745396506535523,0.8452767935811516,-0.16008701670280345,9,-0.9797515618686825,3.187895756967107,2.116245118826643,11,-1.6869667898940968,0.3086198700812005,-1.5966169538763952,12,-0.5634184667954819,0.7442877495999846,-0.2255534794809777,7,3.2131816000001256,65,0.4307692307692308,COMPLETE
271,-9999.0,2026-04-28 13:36:45.121989,2026-04-28 13:36:52.754495,0 days 00:00:07.632506,2,44,13,5,44,0.8,12,88,12,5,2.22,1.4614737644032185,0.8339908260606524,105,-2.592391431988668,-2.049107512489204,0.5080478383486816,15,0.6666666666666666,1.4216987047571887,-2.049107512489204,2.991240873373087,4.579037600000024,21,-0.8152819426577115,0.9698897791204284,-0.05260958721999831,19,-0.5345988793375959,1.8644167037905273,0.8539466895164383,15,-1.2002724547939327,1.2652956815025258,0.5708118162917053,18,-1.369995856706203,0.5080478383486816,-1.237314919832988,15,-0.9331858223734328,1.169951710284062,0.2900733576087333,17,5.010273999999981,105,0.4666666666666667,COMPLETE
272,-9999.0,2026-04-28 13:36:52.760094,2026-04-28 13:37:00.369674,0 days 00:00:07.609580,3,38,10,6,39,0.8,14,81,15,4,2.56,1.728040447357289,1.1305163063753176,97,-1.9683920615915718,-1.9683920615915718,0.6434585935811216,11,0.8333333333333334,1.6704452056120065,-0.7208862368718133,1.7461034002061082,0.6154980000000254,13,-1.0184593001024391,2.4406813733781245,2.9630365691774907,23,-0.7784416025772168,2.1033555183536587,1.5650456753613762,19,-1.2535912400363385,2.1059649438472126,2.1030634604982,18,-1.9683920615915718,0.6434585935811216,-0.8751369405664677,13,-0.8093910483374095,1.3286788547775084,0.4115910737812811,11,6.9290512000000914,97,0.4948453608247423,COMPLETE
273,0.48316406395793543,2026-04-28 13:37:00.374821,2026-04-28 13:37:08.009322,0 days 00:00:07.634501,2,32,10,7,54,0.8,14,81,15,4,2.54,2.1827717653749197,2.0254082175096353,113,-1.9109266642232998,-1.9109266642232998,1.4454465621254227,13,1.0,2.072953951936303,-0.4412307817463626,1.6831222166668973,0.5875056000000489,13,-0.7210314345460492,3.132861275337827,4.016892929095528,22,-1.307014830069865,1.8624782845349521,1.4538844564338849,17,-1.2784565155621133,2.1630656756039173,2.063731856920925,18,-1.9109266642232998,1.4454465621254227,1.6602350753410322,26,-0.6315307817719987,2.8096565779805016,2.370199387266392,17,12.748999799999927,113,0.5221238938053098,COMPLETE
274,0.47255772791914025,2026-04-28 13:37:08.014484,2026-04-28 13:37:15.641831,0 days 00:00:07.627347,2,32,10,7,55,0.8,15,81,15,4,2.54,2.3316074787844983,2.0055612213987146,109,-1.9132533957758022,-1.9132533957758022,1.2594196079208242,11,1.0,2.12863473890749,-0.3898041703373948,1.8496552944700606,0.6241058000000521,11,-0.7207701635819614,3.132861275337827,4.015431856886065,22,-0.9730583388903593,2.77498644139386,2.0074984628374315,16,-1.2711840364419156,2.1630656756039173,2.051813842932204,18,-1.9132533957758022,1.2594196079208242,0.9614178363349435,25,-0.6322808286263746,2.8096565779805016,2.37309952940159,17,12.61440059999992,109,0.5229357798165137,COMPLETE
275,-9999.0,2026-04-28 13:37:15.646949,2026-04-28 13:37:23.274317,0 days 00:00:07.627368,2,37,11,7,55,0.8,14,81,15,4,2.4400000000000004,1.8503114677338537,1.1864478381434174,109,-2.0127635635468497,-2.0127635635468497,0.7205614086385986,14,0.8333333333333334,1.6273290832620317,-0.8491563658547776,1.244467305003846,0.2780400000000016,15,-1.018382959972031,2.2068945421329187,2.635168776733199,21,-0.5103477170640411,3.076774615307205,2.4076093129075993,18,-2.0127635635468497,1.4881907950035453,1.2674340782588445,22,-1.564193258490974,0.7205614086385986,-0.8595589819491711,19,-0.6238903452196689,2.3649801403170088,1.3899938429100311,14,7.287719600000031,109,0.47706422018348627,COMPLETE
276,0.4495237683821738,2026-04-28 13:37:23.279238,2026-04-28 13:37:30.917549,0 days 00:00:07.638311,2,34,11,6,54,0.8,14,81,15,4,2.74,2.086932507325709,1.5670469115440195,100,-1.792609754413219,-1.792609754413219,1.1782196110408472,12,1.0,1.9393437795691524,-0.7222172987447684,1.4248446651009659,0.42871500000007945,13,-1.6286079756235035,1.9359113055419985,2.2665782391023015,22,-0.5864381412881395,2.8234830089150886,1.629052558861277,14,-1.792609754413219,2.490348010948663,3.1768341047768933,20,-1.3003544069761364,1.1782196110408472,0.4748995926413979,19,-0.567266978979635,2.66878844240669,1.4262019738821685,12,9.748716400000145,100,0.51,COMPLETE
