number,value,datetime_start,datetime_complete,duration,params_d_period,params_ema_period,params_k_period,params_left_bars,params_max_separation,params_min_close_ratio,params_min_separation,params_overbought,params_oversold,params_right_bars,params_rr_target,user_attrs_avg_profit_factor,user_attrs_avg_quarter_return,user_attrs_full_total_trades,user_attrs_max_drawdown_pct,user_attrs_max_quarter_drawdown_worst,user_attrs_min_profit_factor,user_attrs_min_trades_per_period,user_attrs_positive_ratio,user_attrs_profit_factor,user_attrs_q_2024-Q1_drawdown,user_attrs_q_2024-Q1_pf,user_attrs_q_2024-Q1_return,user_attrs_q_2024-Q1_trades,user_attrs_q_2024-Q2_drawdown,user_attrs_q_2024-Q2_pf,user_attrs_q_2024-Q2_return,user_attrs_q_2024-Q2_trades,user_attrs_q_2024-Q3_drawdown,user_attrs_q_2024-Q3_pf,user_attrs_q_2024-Q3_return,user_attrs_q_2024-Q3_trades,user_attrs_q_2024-Q4_drawdown,user_attrs_q_2024-Q4_pf,user_attrs_q_2024-Q4_return,user_attrs_q_2024-Q4_trades,user_attrs_q_2025-Q1_drawdown,user_attrs_q_2025-Q1_pf,user_attrs_q_2025-Q1_return,user_attrs_q_2025-Q1_trades,user_attrs_q_2025-Q2_drawdown,user_attrs_q_2025-Q2_pf,user_attrs_q_2025-Q2_return,user_attrs_q_2025-Q2_trades,user_attrs_total_return_pct,user_attrs_total_trades,user_attrs_win_rate,state
489,-9999.0,2026-04-28 13:00:41.269442,2026-04-28 13:00:48.749213,0 days 00:00:07.479771,3,50,11,7,46,0.8,8,79,13,4,2.3200000000000003,1.3809354304414019,0.9829579417248916,177,-3.629072718948824,-3.438233951831407,0.5949374724700967,25,0.6666666666666666,1.2625472435787892,-1.654562689937126,1.5538546063361205,2.044399199999991,35,-2.432032727582167,0.5949374724700967,-1.3607712043837261,29,-1.4936190977569679,1.1098040004265517,0.35804511009220885,28,-1.469339124343215,1.8891478264713062,3.1862651228414807,34,-3.438233951831407,0.6987283092109328,-1.7527486029105477,26,-1.731231890482809,2.4391403677334056,3.422558024709943,25,5.912839600000042,177,0.4350282485875706,COMPLETE
490,-9999.0,2026-04-28 13:00:48.754495,2026-04-28 13:00:57.442331,0 days 00:00:08.687836,3,45,12,7,46,0.8,11,78,10,4,2.2600000000000002,1.4804010061723183,0.849302790101064,110,-1.996932597334691,-1.944563902163308,0.5778139357240589,17,0.8333333333333334,1.4014563537129625,-1.944563902163308,0.5778139357240589,-1.1385555999999908,20,-1.0344351958505977,1.8690541788233896,1.1901191684389634,17,-1.0562183874855091,1.4475951311887203,0.7513429889842049,19,-1.4015403648984042,1.8187897200858836,1.4038081413167758,17,-1.4856656102615315,1.2118014831487807,0.618702290228712,17,-1.7448532907272,1.9573515880630767,2.2703997516377195,20,5.171685200000065,110,0.4818181818181818,COMPLETE
491,-9999.0,2026-04-28 13:00:57.450997,2026-04-28 13:01:04.962261,0 days 00:00:07.511264,3,35,12,7,42,0.8,8,79,12,4,2.24,2.412511320395677,2.104809952190438,134,-2.373393097294841,-1.8023740123868401,0.9308252950075662,15,0.8333333333333334,2.0402475747609876,-1.093752706848754,1.6007239459029692,1.4498112000000951,25,-0.7149257685077898,3.501297048121555,4.214662550303427,24,-0.5917086779734652,5.0,4.708399306330935,25,-1.8023740123868401,1.501538461538471,1.362441812260129,23,-1.4949512919463157,0.9308252950075662,-0.20374179363280565,22,-0.8216824523024897,1.9406831718035007,1.0972866378808455,15,13.211986800000064,134,0.5373134328358209,COMPLETE
492,0.5134102414825936,2026-04-28 13:01:04.967565,2026-04-28 13:01:12.415775,0 days 00:00:07.448210,3,44,13,7,42,0.8,8,79,12,4,2.24,2.1967255739692035,2.167920428756998,143,-2.109898135462657,-2.109898135462657,1.22714601496842,22,1.0,1.915137437586187,-1.6519355209094149,1.9876672803715372,2.8753760000000517,28,-0.9968177031536746,2.0726065485666996,2.0564151328108293,25,-0.9374329370529906,2.0622836227123345,1.6170872557963012,22,-1.6601924651132174,1.3106013798011458,0.7363661616712314,23,-2.109898135462657,1.22714601496842,0.9417820525397635,23,-0.6107481020131104,4.520048597395083,4.780495969723808,22,13.672702400000203,143,0.5174825174825175,COMPLETE
493,0.47851928601056265,2026-04-28 13:01:12.423600,2026-04-28 13:01:19.876270,0 days 00:00:07.452670,3,48,13,7,41,0.8,8,78,12,4,2.2,1.8123306749607664,1.8381890649812254,154,-2.385034682279783,-2.385034682279783,1.1170563431121627,22,1.0,1.6873331804659495,-1.75883303314999,1.8449197893335072,2.791446000000075,32,-1.4185526692850845,1.1920244326645584,0.44896731971262316,25,-0.938214480020522,1.4302300778661408,0.8048177143536561,22,-1.1570370549148186,1.9410079273080645,1.934236850210036,25,-2.385034682279783,1.1170563431121627,0.5379483528939355,24,-0.6226472988248626,3.3487454794801645,4.511718152717026,26,11.480478000000161,154,0.5,COMPLETE
494,-9999.0,2026-04-28 13:01:19.881644,2026-04-28 13:01:27.396632,0 days 00:00:07.514988,3,41,12,5,44,0.8,10,79,12,4,2.2,1.5790943762791132,0.8955548397126459,113,-2.545784231505513,-2.319970388748267,0.5597091167342991,17,0.6666666666666666,1.4222342952580627,-1.9663499160607154,0.5597091167342991,-1.1903219999999548,22,-1.25027976877294,2.230842010934118,1.793178599367562,17,-0.7770176114007442,1.7449707258139318,0.9563745671272272,17,-2.319970388748267,0.9583948912416127,-0.11215297711772987,18,-1.2249988184251162,1.4782170899774292,1.4224886148578753,19,-0.6104286735022234,2.5024324229732886,2.503762234040896,20,5.448068000000084,113,0.4690265486725664,COMPLETE
495,-9999.0,2026-04-28 13:01:27.401969,2026-04-28 13:01:34.865885,0 days 00:00:07.463916,3,37,12,6,42,0.8,11,78,11,4,2.2800000000000002,1.6858525147992145,0.705150876152777,100,-3.0129896216110863,-1.9399861563457157,0.2886647904940627,14,0.6666666666666666,1.3738032850187103,-1.2557793006381015,0.7017720056248857,-0.7019779999999698,19,-1.3811453698066922,1.7722944446933087,1.5625624445973374,17,-0.6082349197285217,3.6564726234754357,2.4362198957156744,19,-1.9138278433248186,1.4897086048650916,0.968907542672981,17,-1.9399861563457157,0.2886647904940627,-1.7447262851491452,14,-0.8752950624789103,2.2062026196425033,1.7099196590797838,14,4.2400544000000595,100,0.48,COMPLETE
496,-9999.0,2026-04-28 13:01:34.870995,2026-04-28 13:01:42.357033,0 days 00:00:07.486038,2,39,13,7,42,0.8,8,79,13,3,2.2600000000000002,1.3371907542617196,0.6718059269864315,167,-3.4231150162213653,-3.4231150162213653,0.6659996625556881,23,0.8333333333333334,1.187516937726236,-1.7864856106824831,1.02471576771145,0.10042140000001698,32,-1.7847996201058383,1.16988517215998,0.6225306460098778,32,-1.1617007133727992,1.0602850775409411,0.15603476799475047,29,-1.779830285431364,1.9828603092554007,2.4087987220474005,23,-3.4231150162213653,0.6659996625556881,-1.992794845028456,25,-0.8280121792150955,2.1193985363468584,2.735844870894999,26,4.022080800000083,167,0.41317365269461076,COMPLETE
497,-9999.0,2026-04-28 13:01:42.362391,2026-04-28 13:01:49.850860,0 days 00:00:07.488469,3,38,12,6,46,0.95,12,79,13,4,2.3400000000000003,2.8678785015329002,0.9018439491879748,23,-0.7502240196518066,-0.7502240196518066,0.0,0,0.6666666666666666,5.0,0.0,0.0,0.0,0,-0.3561257080668816,5.0,2.0429813999999658,3,-0.3529530951894767,5.0,1.733825076185025,9,-0.646534339268339,5.0,2.0078359131107115,6,-0.7502240196518066,0.0,-0.5555607629409209,2,-0.2091353071726098,2.207271009197403,0.18198206877306777,3,5.499929600000053,23,0.7391304347826086,COMPLETE
498,-9999.0,2026-04-28 13:01:49.856271,2026-04-28 13:01:57.299618,0 days 00:00:07.443347,2,37,13,6,46,0.95,12,78,10,5,2.22,3.15837527065324,0.6475054442814691,25,-1.051934692496077,-0.7687895985025242,0.0,3,0.8333333333333334,3.159175595972927,-0.4746982923069329,0.0,-0.3758000000000039,3,-0.6380663071717079,3.593508535489623,1.3907825608637125,5,-0.3148448481070127,5.0,1.013654166237199,6,-0.3412611820705178,5.0,1.2747148181873946,3,-0.7687895985025242,1.0183842126733944,0.010466806971720644,3,-0.36369715374857997,4.338358875756426,0.5712143134287917,5,3.93542140000005,25,0.64,COMPLETE
499,-9999.0,2026-04-28 13:01:57.304938,2026-04-28 13:02:04.776140,0 days 00:00:07.471202,3,41,12,5,43,0.9,9,80,14,4,2.2600000000000002,2.208610780034167,0.8707718926546463,71,-1.9789704315242587,-1.472465153606296,0.42623157424816793,9,0.6666666666666666,1.7449325582898092,-1.1529131839683073,0.42623157424816793,-0.6683311999999719,9,-0.4885223146867872,3.4819284113760576,2.1744305981095113,13,-0.19108403661933177,4.171304179691276,1.9392495930228515,14,-1.472465153606296,1.8512035909490032,1.162069399249166,12,-1.3295905203549931,0.7972060420149037,-0.4497343151688482,12,-0.6029199284746459,2.523790881925593,1.0669472807151692,11,5.30298119999999,71,0.5352112676056338,COMPLETE
