number,value,datetime_start,datetime_complete,duration,params_d_period,params_ema_period,params_k_period,params_left_bars,params_max_separation,params_min_close_ratio,params_min_separation,params_overbought,params_oversold,params_right_bars,params_rr_target,user_attrs_avg_profit_factor,user_attrs_avg_quarter_return,user_attrs_full_total_trades,user_attrs_max_drawdown_pct,user_attrs_max_quarter_drawdown_worst,user_attrs_min_profit_factor,user_attrs_min_trades_per_period,user_attrs_positive_ratio,user_attrs_profit_factor,user_attrs_q_2024-Q1_drawdown,user_attrs_q_2024-Q1_pf,user_attrs_q_2024-Q1_return,user_attrs_q_2024-Q1_trades,user_attrs_q_2024-Q2_drawdown,user_attrs_q_2024-Q2_pf,user_attrs_q_2024-Q2_return,user_attrs_q_2024-Q2_trades,user_attrs_q_2024-Q3_drawdown,user_attrs_q_2024-Q3_pf,user_attrs_q_2024-Q3_return,user_attrs_q_2024-Q3_trades,user_attrs_q_2024-Q4_drawdown,user_attrs_q_2024-Q4_pf,user_attrs_q_2024-Q4_return,user_attrs_q_2024-Q4_trades,user_attrs_q_2025-Q1_drawdown,user_attrs_q_2025-Q1_pf,user_attrs_q_2025-Q1_return,user_attrs_q_2025-Q1_trades,user_attrs_q_2025-Q2_drawdown,user_attrs_q_2025-Q2_pf,user_attrs_q_2025-Q2_return,user_attrs_q_2025-Q2_trades,user_attrs_total_return_pct,user_attrs_total_trades,user_attrs_win_rate,state
61,-9999.0,2026-04-28 14:13:48.647376,2026-04-28 14:13:56.007692,0 days 00:00:07.360316,2,50,11,7,38,0.85,14,79,12,4,2.52,1.3851523364661305,0.5269430493788122,87,-3.3963767936042872,-2.0262334430483655,0.3612489716601357,12,0.6666666666666666,1.258449859209817,-2.0262334430483655,3.5511839311550224,4.073296800000037,17,-1.6855671962328147,0.5790471418533059,-0.6619473209577231,13,-1.0145900655584592,1.194360586299551,0.28050618676398464,12,-1.3785717663690316,1.1785630680462553,0.3970091513250118,17,-1.8126709757118165,0.3612489716601357,-1.8126709757118165,13,-1.809124410412966,1.4465103197825138,0.8854644548533797,15,3.1041844000000873,87,0.367816091954023,COMPLETE
62,-9999.0,2026-04-28 14:13:56.012354,2026-04-28 14:14:03.348838,0 days 00:00:07.336484,3,50,13,7,38,0.95,14,78,11,4,2.3000000000000003,2.0816744718044067,0.3643083268222695,31,-1.3250277774203105,-0.8866097515084848,0.17797396796590279,3,0.5,1.653452397398105,-0.7760619875708056,0.27696040472872274,-0.5602399999999563,6,-0.6227783201976625,0.8188050068453305,-0.11180035028238722,6,-0.4202393727883531,2.2211323511506076,0.5048476175831373,5,-0.6370499960076669,5.0,2.241297219101712,8,-0.8866097515084848,0.17797396796590279,-0.692388643236741,3,-0.3192754677661439,3.995175100135877,0.8041341177678518,3,2.175905000000067,31,0.45161290322580644,COMPLETE
63,-9999.0,2026-04-28 14:14:03.353483,2026-04-28 14:14:10.701122,0 days 00:00:07.347639,2,48,13,7,35,0.9,12,80,12,4,2.58,1.188796880547373,0.15205735342216178,67,-2.4721579877059514,-2.063737418165865,0.25708458554069674,9,0.5,1.094917403980066,-1.7923227919101254,2.042872795631591,1.7474898000000572,16,-1.5314752287206252,0.41694874225113426,-0.8948094953395103,10,-0.5509636883249166,0.42970355446826464,-0.4716112085618396,9,-0.8980136110186631,2.5767641688083494,1.858404948588399,12,-2.063737418165865,0.25708458554069674,-1.8450683675039325,10,-1.6221876852853674,1.4094074365842018,0.5179384433497969,10,0.8601586000000827,67,0.40298507462686567,COMPLETE
64,-9999.0,2026-04-28 14:14:10.705987,2026-04-28 14:14:18.063523,0 days 00:00:07.357536,2,34,14,7,38,0.95,14,80,13,4,2.74,2.1212521111874136,0.7348334052918201,20,-1.8970383858816946,-1.8970383858816946,0.0,0,0.8333333333333334,3.0301288323177586,-0.22019327880445305,1.4900496673226549,0.1045863999999952,3,-1.8970383858816946,1.876117311839806,1.1119090943069843,7,-0.16846400423372465,3.1327534710068408,0.36119843689250697,3,-1.191161548060171,5.0,2.7717207919750075,5,0.0,0.0,0.0,0,-0.37829436577137227,1.228592216955181,0.0595857085764262,2,4.461066000000025,20,0.55,COMPLETE
65,-9999.0,2026-04-28 14:14:18.068380,2026-04-28 14:14:25.464521,0 days 00:00:07.396141,2,45,12,7,55,0.85,13,82,12,3,2.64,1.6332611794996137,0.9407812140565556,90,-2.0711471687549894,-2.0711471687549894,0.8177888938268353,13,0.8333333333333334,1.4947045852653382,-2.0194827586172757,1.397791730400367,0.8191923999999906,15,-2.0711471687549894,0.8177888938268353,-0.34973896497898505,14,-1.020250657419294,2.1642880463825573,1.5830659976903583,15,-1.1932999075741957,2.316848582697808,1.822157869190355,14,-1.3198428599452932,1.1112958363166574,0.36348697402397434,19,-1.9919055845018887,1.9915539873734565,1.4065230084136404,13,5.761329600000065,90,0.43333333333333335,COMPLETE
66,-9999.0,2026-04-28 14:14:25.469192,2026-04-28 14:14:32.849028,0 days 00:00:07.379836,2,43,13,7,35,0.8,11,87,14,3,2.3800000000000003,1.1592197197493979,0.13031167331327884,128,-2.901210462177687,-2.901210462177687,0.7432653335595466,16,0.5,1.0401390797459051,-2.901210462177687,0.799733648424297,-0.6694803999999666,21,-2.089440679134415,0.9374580248741751,-0.17010220089489492,23,-1.0332890279020603,1.0511364940448327,0.09616408178148017,19,-1.3041821813598244,2.0793414065506006,2.4020605758506175,22,-2.4492862267571485,0.7432653335595466,-1.578193469270972,27,-1.860448646258241,1.3443834110429358,0.7014214524134088,16,0.7387128000000631,128,0.40625,COMPLETE
67,-9999.0,2026-04-28 14:14:32.853792,2026-04-28 14:14:40.223849,0 days 00:00:07.370057,2,39,13,7,41,0.85,13,77,10,4,2.3800000000000003,1.3714478785384614,0.1863250741027278,69,-2.5999119701746225,-2.1720058767913333,0.32607023176483235,9,0.6666666666666666,1.1279784100209291,-1.1828539009647652,0.7261999890193716,-0.3490867999999647,12,-1.0302061018705841,1.646184013465708,0.9785204858514307,13,-0.4567730001574931,1.254255880057138,0.17156318393034553,9,-1.0073249672989775,2.1242061142736532,1.3224654634528488,11,-2.1720058767913333,0.32607023176483235,-1.9730580684138022,14,-0.5900206486046011,2.1517710426500645,0.9675461797955087,10,1.0852390000000822,69,0.43478260869565216,COMPLETE
68,-9999.0,2026-04-28 14:14:40.228601,2026-04-28 14:14:47.606662,0 days 00:00:07.378061,2,40,12,5,44,0.95,14,83,15,5,2.7800000000000002,2.747490704678256,0.7291240559961016,29,-0.8955774905129162,-0.8955774905129162,0.0,3,0.5,2.717233968157778,-0.4746982923069329,0.0,-0.3758000000000039,3,-0.8944552577006678,5.0,2.422985780563347,6,-0.41286299670162985,0.7894367187922904,-0.1144108158161905,6,-0.3410928371523031,5.0,1.612873259622516,3,-0.8955774905129162,0.6955075092772492,-0.3192923890236954,5,-0.362015268340079,5.0,1.1483885006306371,6,4.420057200000005,29,0.5172413793103449,COMPLETE
69,-9999.0,2026-04-28 14:14:47.611469,2026-04-28 14:14:54.997897,0 days 00:00:07.386428,3,43,12,7,32,0.95,9,78,10,4,2.2600000000000002,2.1972891640780885,0.44442117412172855,42,-1.7710280224576065,-1.5663229627357191,0.0,5,0.6666666666666666,1.5853740408996242,-1.0781072530116351,0.29830104997661716,-0.4952099999999904,5,-0.48736616246839604,5.0,1.5308758502982522,7,-0.45245998243259206,3.567303342662734,1.1167714425484254,9,-1.2876563773016125,2.643899203635285,1.4023529363488052,8,-1.5663229627357191,0.0,-1.3762667497385972,5,-0.6418522322963053,1.6742313881938942,0.488003565273476,8,2.6618304000000093,42,0.5238095238095238,COMPLETE
70,-9999.0,2026-04-28 14:14:55.002797,2026-04-28 14:15:02.342360,0 days 00:00:07.339563,2,31,14,5,40,0.9,17,81,15,4,2.72,1.2861576534879922,0.2802964190859125,26,-1.7422477663139682,-1.7422477663139682,0.6196688409432879,3,0.5,1.4531477723011428,-0.7663970729387951,0.6436321816090929,-0.1425400000000132,3,-1.7422477663139682,2.053380593708493,0.9047320049999419,4,-0.1754633266645884,0.6196688409432879,-0.12036414632190517,3,-0.7255278342350294,1.5653606417982084,0.3039049558278162,4,-0.7529229584908697,0.9087833342421866,-0.0662789516009954,5,-0.738323100528063,1.926120328626684,0.8023246516106308,7,1.6879391999999438,26,0.5,COMPLETE
71,-9999.0,2026-04-28 14:15:02.347198,2026-04-28 14:15:09.696916,0 days 00:00:07.349718,2,53,11,5,57,0.95,18,77,11,4,2.4800000000000004,1.5124701063561343,0.35593266726676176,32,-2.0500098711760093,-2.0500098711760093,0.0,3,0.5,1.5650902896446874,-2.0500098711760093,4.814422212941529,3.0140420000000168,9,-0.6035405670302088,0.20191929069693504,-0.4753433517344918,5,-0.3992395393517307,0.0,-0.3597778696358134,3,-1.110566925279709,0.6011083318654092,-0.44334524188317515,6,-0.3627077655974688,2.2488176707537715,0.27739740405872126,3,-0.46993960162970355,1.2085531318791616,0.12262306279531288,6,2.109787200000035,32,0.34375,COMPLETE
72,-9999.0,2026-04-28 14:15:09.701652,2026-04-28 14:15:17.120533,0 days 00:00:07.418881,2,47,13,5,59,0.8,8,79,12,3,2.56,1.1629049575735373,0.4652658704689894,175,-3.280571563026334,-3.280571563026334,0.8416200117392163,23,0.6666666666666666,1.115491367487572,-3.280571563026334,1.1189795858150253,0.5645271999999979,37,-1.9788555003419699,1.2215224229460084,0.7332004838382256,28,-1.326623714921202,0.8416200117392163,-0.4315079413718559,27,-1.650717561148624,1.6080727298655737,1.6909607655841263,24,-2.036700386838144,0.9308281048392467,-0.5174354308661089,36,-1.6064501828317892,1.2564068902361534,0.7518501456295512,23,2.806774000000112,175,0.36,COMPLETE
73,-9999.0,2026-04-28 14:15:17.125295,2026-04-28 14:15:24.464085,0 days 00:00:07.338790,2,50,10,5,60,0.95,15,78,11,5,2.3000000000000003,1.2532737435079258,-0.012237701627125045,44,-1.7393764882705678,-0.9841068255672037,0.12388045033142735,5,0.5,0.9835780061526653,-0.6235267237613469,0.4430344146095752,-0.2930919999999948,5,-0.9673380037078225,0.12388045033142735,-0.8046824599153957,7,-0.6903820857148658,1.0056507044393013,0.006017921272505333,9,-0.9617885444089922,1.663338399243303,0.6310298429684114,8,-0.9841068255672037,0.8875934194312123,-0.1411357171943517,9,-0.28512504600935035,3.396145072992735,0.5284362031060752,6,-0.08055299999997212,44,0.4090909090909091,COMPLETE
74,-9999.0,2026-04-28 14:15:24.468680,2026-04-28 14:15:31.839989,0 days 00:00:07.371309,2,58,11,6,55,0.95,15,90,11,4,2.3400000000000003,1.647755907053945,0.5419576655721495,39,-2.045203642629851,-2.045203642629851,0.4315294910578628,3,0.5,1.7193813942739506,-2.045203642629851,5.0,3.5843204000000073,10,-1.198718069364976,0.4315294910578628,-0.7002575266207844,9,-0.3030480361879361,0.9125015290519787,-0.022253383899062396,3,-1.0162158550930394,1.2642855997077138,0.28838401646564815,7,-0.720381107448705,0.9230036105888503,-0.04486998638411066,5,-0.31554380910182084,1.3552152119172638,0.14642247387119944,5,3.237302600000036,39,0.4358974358974359,COMPLETE
75,-9999.0,2026-04-28 14:15:31.844896,2026-04-28 14:15:39.246184,0 days 00:00:07.401288,2,58,12,5,50,0.9,14,85,12,4,2.3600000000000003,1.4641222956576199,0.6502998064448243,69,-3.2240822595588283,-2.8413587361247554,0.35185932730643915,5,0.3333333333333333,1.3903294374254112,-2.0509106577513263,5.0,5.619790800000035,14,-1.2085561264681082,0.3536287402623729,-0.780873351246969,9,-0.5453973838058058,0.35185932730643915,-0.4234822806584604,5,-0.9908033988046042,1.8120659605845435,1.3931103473095563,17,-2.8413587361247554,0.5322690932042883,-1.512830583986835,14,-1.7973196761322074,0.734910652588075,-0.3939160927483809,10,3.7938460000000562,69,0.391304347826087,COMPLETE
76,-9999.0,2026-04-28 14:15:39.250974,2026-04-28 14:15:46.563649,0 days 00:00:07.312675,2,51,13,7,40,0.95,16,79,12,4,2.72,1.1479676019070606,0.04135581858240589,34,-1.3858950335751166,-1.0712024749317395,0.0,4,0.5,1.0548189193426527,-0.7593804545999094,0.3884596813133908,-0.40527999999997455,6,-0.6195365957846023,1.458199361105732,0.2822768114615126,7,-0.5752404822681141,0.0,-0.5348039441221308,4,-0.6796251419625825,2.7277703904347828,1.2713346331592712,7,-1.0712024749317395,0.4292183172936801,-0.7416299240414204,5,-0.3251497664814397,1.884157861294778,0.37623733503717727,5,0.2342692000000035,34,0.38235294117647056,COMPLETE
77,-9999.0,2026-04-28 14:15:46.568347,2026-04-28 14:15:54.019431,0 days 00:00:07.451084,2,54,10,5,56,0.95,11,84,12,4,2.52,1.3742454847875376,0.23645023634415452,60,-3.737513116467997,-2.0525257778163386,0.2699462512769472,8,0.5,1.1684077018272454,-2.0525257778163386,2.865620261913164,2.5913652000000287,13,-1.2509947128255128,0.981843520359666,-0.02047111855761896,9,-1.2547953435657682,0.2699462512769472,-1.0660085054042034,11,-1.0885118710254917,1.0464983659088136,0.06463457651963989,10,-1.8327662708559864,0.46970806206496396,-1.1133867199545122,9,-0.47331335934986857,2.611856447201672,0.9625679854615932,8,1.378516400000085,60,0.38333333333333336,COMPLETE
78,-9999.0,2026-04-28 14:15:54.024169,2026-04-28 14:16:01.417432,0 days 00:00:07.393263,3,59,12,7,60,0.85,11,80,14,5,2.68,1.4761481680810862,0.7644495305185055,115,-3.8423745063840853,-2.822939511926018,0.30371656649524315,14,0.8333333333333334,1.2833963372857402,-1.5175680622912309,2.4273985647723193,2.51818800000001,16,-1.4379197365036356,1.2340864855825397,0.709994210978504,25,-0.8756062963273563,2.1638437677095896,1.511735732926911,14,-2.181755322871403,1.5641746223205415,1.9904046594320102,23,-2.822939511926018,0.30371656649524315,-2.5230442326572233,16,-1.0330950242823842,1.163669001606284,0.37941881243082065,21,4.591332400000003,115,0.45217391304347826,COMPLETE
79,-9999.0,2026-04-28 14:16:01.422225,2026-04-28 14:16:08.904276,0 days 00:00:07.482051,3,55,12,5,32,0.85,8,75,10,3,2.52,1.2310273821878908,0.014949228058580566,113,-3.533884089882265,-3.2815084294689734,0.5418606944396094,14,0.3333333333333333,1.0028505994394081,-2.4499053536635578,0.5418606944396094,-1.5796459999999901,25,-0.6084359338922796,0.7889170903779671,-0.31129577119787255,16,-1.3855042498649963,0.7179691314232853,-0.5145884639904508,19,-0.6894052986335909,3.2383929071226696,2.539949444299916,14,-3.2815084294689734,0.880647576922476,-0.5251773948354743,21,-1.7326889343316283,1.2183768928413368,0.48045355407535517,18,0.0410252000000666,113,0.3893805309734513,COMPLETE
80,-9999.0,2026-04-28 14:16:08.908982,2026-04-28 14:16:17.538023,0 days 00:00:08.629041,2,51,13,6,44,0.95,15,81,15,5,2.7,1.766189531663901,0.1761764932414848,47,-1.9093424426219936,-0.9386245255247758,0.0,5,0.3333333333333333,1.1927798102930522,-0.7395427667912554,0.7294228142076647,-0.22182999999998954,8,-0.8186351097698293,0.8620539667471936,-0.1951589210345106,11,-0.8843509476474736,0.0,-0.8322568157012045,5,-0.5553392681474233,3.4404991087343895,1.9409394113213185,8,-0.9386245255247758,0.6144678696372443,-0.49916648639375394,8,-0.28198607497471134,4.950693430656913,0.8645317712570488,7,1.0348960000000185,47,0.3829787234042553,COMPLETE
81,-9999.0,2026-04-28 14:16:17.542707,2026-04-28 14:16:24.905960,0 days 00:00:07.363253,2,30,14,6,40,0.85,17,87,14,5,2.2800000000000002,1.7392646028029166,0.40158586849467676,36,-1.2764450577104616,-1.2764450577104616,0.6209331343055143,4,0.8333333333333334,1.6125416117981046,-0.9036853769534866,0.6209331343055143,-0.19807759999999064,4,-1.2764450577104616,1.939168336139025,1.2353778067104138,7,-0.5994834340875973,1.3931952424364882,0.18355883551677277,6,-0.5495015390891175,2.932276530162824,0.520235505775668,4,-0.3081977518246871,2.253692764273551,0.348752851777423,5,-0.7968647462755319,1.2963216095000967,0.31966781118777376,10,2.4281271999999188,36,0.5277777777777778,COMPLETE
82,-9999.0,2026-04-28 14:16:24.910806,2026-04-28 14:16:32.296090,0 days 00:00:07.385284,3,54,10,5,38,0.95,15,87,11,4,2.56,1.4290562200604928,-0.13457287523292635,27,-1.7379957090472358,-1.2437311318722333,0.20072256923842008,2,0.3333333333333333,0.7856630884696462,-0.5372004449872316,0.5068665506625607,-0.29473600000000655,6,-1.2437311318722333,0.32261054057555394,-0.682061881908258,6,-0.6608306059858046,0.30987055890919624,-0.4641088757715184,5,-1.053982112670983,2.2342671009772253,0.8457552803123436,5,-0.8907262822519163,0.20072256923842008,-0.691299772321452,3,0.0,5.0,0.4790139982913333,2,-0.8150504000000058,27,0.37037037037037035,COMPLETE
83,-9999.0,2026-04-28 14:16:32.300934,2026-04-28 14:16:39.583911,0 days 00:00:07.282977,2,33,14,6,39,0.85,16,86,14,4,2.54,1.4591346331878332,0.5401234225073418,44,-1.8873105926826093,-1.2324933855980458,0.14316101333196954,4,0.5,1.62553395569916,-0.8031060777174979,0.9124836522160632,-0.057816799999999,6,-0.794573189699498,4.136519656967533,3.5387541944350787,13,-0.585364755217953,0.37917046113087954,-0.2898755446079204,4,-0.8397310030748393,1.81955048958074,0.7909244541759453,8,-1.2324933855980458,0.14316101333196954,-0.9844811883396365,6,-0.6314913573396016,1.3639225258998144,0.24323541938058302,7,3.2216500000000314,44,0.45454545454545453,COMPLETE
84,-9999.0,2026-04-28 14:16:39.588588,2026-04-28 14:16:46.919856,0 days 00:00:07.331268,2,40,13,5,36,0.8,13,85,14,3,2.6,1.5752857573160666,0.6056474899160003,91,-2.488054347736949,-2.488054347736949,0.7114375004376172,13,0.6666666666666666,1.2878859823735749,-1.3557856570315705,2.2732975063639698,1.9357559999999552,13,-2.45733699504876,1.1535916511112343,0.3866454867907487,18,-0.8777928409208368,0.7481996048690235,-0.38610421201881184,14,-1.4976872654408173,1.5121284758294915,0.865633837696933,13,-2.488054347736949,0.7114375004376172,-1.2024956765975037,20,-0.7495096482882048,3.053059805285063,2.03444950362468,13,3.6474059999998865,91,0.38461538461538464,COMPLETE
85,-9999.0,2026-04-28 14:16:46.924555,2026-04-28 14:16:54.404002,0 days 00:00:07.479447,3,45,13,5,33,0.8,9,85,10,3,2.4800000000000004,1.6321542880283115,0.7103100253321245,105,-2.997583722010873,-2.5631806118659353,0.2564630060393906,15,0.8333333333333334,1.3771982946986172,-2.5631806118659353,0.2564630060393906,-2.4388979999999894,20,-1.9761021553025504,1.3546371177862453,0.6068857237795822,19,-0.5518793687286049,2.492885482949498,1.5441242975276381,16,-0.8412683051480963,2.1160199276794653,1.557575991368254,15,-1.3904140773782736,1.6802582288941041,1.5615240990577206,19,-1.6595250737067242,1.8926619648211673,1.4306480402595412,16,4.272536400000093,105,0.44761904761904764,COMPLETE
86,-9999.0,2026-04-28 14:16:54.408939,2026-04-28 14:17:01.795977,0 days 00:00:07.387038,2,57,10,5,39,0.85,15,83,12,4,2.3800000000000003,1.499179866797009,0.31899860422422993,98,-4.453915151331328,-4.093174833289071,0.2956647701897109,11,0.5,1.1154595779773313,-2.019763045167013,5.0,4.974979600000018,15,-1.1828832672491207,1.0233122888793902,0.030110222569645906,13,-1.2572219279372499,0.2956647701897109,-1.0362938390804488,11,-1.7073401410975229,1.286427912695968,0.8607521914475669,20,-4.093174833289071,0.47891301546512194,-2.662103843696073,21,-1.8325116512444273,0.9107612135518658,-0.25345270589532953,18,1.7640838000000603,98,0.40816326530612246,COMPLETE
87,-9999.0,2026-04-28 14:17:01.800750,2026-04-28 14:17:09.173444,0 days 00:00:07.372694,2,36,13,6,49,0.85,13,87,12,5,2.46,1.4777785016745677,0.329520189918342,74,-1.9145236267433843,-1.6418201242552912,0.4925744871102729,7,0.8333333333333334,1.237386748029991,-0.9973022531439337,1.489648567522617,0.6590278000000227,14,-1.1005462462065077,1.4237245224655355,0.854621804722,17,-0.47193442778152006,1.65762725260833,0.4917469776663186,11,-0.5419513127305532,2.7971288825196683,1.130893712671499,7,-1.6418201242552912,0.4925744871102729,-1.1660551580683798,13,-0.5131333798019162,1.0059672978209817,0.006886002518591283,12,1.9761972000000627,74,0.4594594594594595,COMPLETE
88,-9999.0,2026-04-28 14:17:09.178249,2026-04-28 14:17:16.506156,0 days 00:00:07.327907,2,37,13,6,37,0.9,14,83,15,5,2.56,1.7701721996598625,0.5785574463856283,48,-1.070873313210422,-1.070873313210422,0.5563924253175935,6,0.6666666666666666,1.6954938877345467,-0.2981961464045067,1.191856368277832,0.09093800000001817,6,-0.8707254045517085,2.5137848535876026,2.074738474326221,13,-0.599771138311531,0.5563924253175935,-0.31206107889241164,7,-0.5451034489392094,1.9213445378151108,0.7104889213256582,6,-1.070873313210422,0.8712976214112518,-0.1579914870245669,7,-0.5081288497136894,3.5663573915497846,1.0652318485788514,9,3.501213599999975,48,0.4791666666666667,COMPLETE
89,-9999.0,2026-04-28 14:17:16.511005,2026-04-28 14:17:23.868123,0 days 00:00:07.357118,3,46,14,5,42,0.95,18,83,15,5,2.8,2.003282685379459,0.29722380161853096,23,-0.8932135999467764,-0.7932189032028452,0.0,2,0.8333333333333334,1.7941269770945076,-0.30320122094119417,2.2167918633253447,0.18304200000001103,2,-0.7932189032028452,1.7512257843305463,0.5248672724471826,7,-0.4527909611584691,3.0653465346534254,0.6648927745887656,4,-0.4439751345801348,2.286970961806069,0.5657019346000158,5,-0.7779529569134015,0.0,-0.4512418670531759,2,-0.3713255007883088,2.6993609681613684,0.29608069512838675,3,1.7924240000000147,23,0.4782608695652174,COMPLETE
90,-9999.0,2026-04-28 14:17:23.872813,2026-04-28 14:17:31.230371,0 days 00:00:07.357558,2,57,10,5,57,0.95,15,78,12,3,2.54,1.0338097490647424,0.05793452811711878,45,-1.629296684735689,-1.2396504060450682,0.0,5,0.5,1.0498132743111093,-1.138118698801942,0.2044327393371435,-0.930400000000009,7,-0.9871415472389143,1.8031055394641982,0.7164829574360043,10,-0.8015475017091843,0.0,-0.7233355567177413,5,-1.2396504060450682,2.057185141536164,0.9417983846760292,6,-1.1139318148534731,1.2931613038836713,0.5300356212282642,10,-1.1424165883758577,0.8449737701672775,-0.1869742379198347,7,0.33263860000003476,45,0.3333333333333333,COMPLETE
91,-9999.0,2026-04-28 14:17:31.235368,2026-04-28 14:17:38.624687,0 days 00:00:07.389319,2,51,12,6,50,0.8,13,89,12,5,2.52,1.706779272418567,1.273322352186011,118,-2.765408962011702,-2.036792797442468,0.6256148571149741,16,0.6666666666666666,1.5521806836554524,-2.036792797442468,4.504877519915821,6.691827600000044,23,-0.6850561995584636,0.8222718173875663,-0.30124819044715645,18,-1.1098251886951893,1.0907616257572743,0.14999884309943035,18,-1.2704291958340856,1.732166038701827,1.7183122435132647,20,-1.666699147918866,0.6256148571149741,-1.4157539948572273,23,-0.7558036780487767,1.4649837756339408,0.7967976118077091,16,7.67756440000007,118,0.423728813559322,COMPLETE
