number,value,datetime_start,datetime_complete,duration,params_d_period,params_ema_period,params_k_period,params_left_bars,params_max_separation,params_min_close_ratio,params_min_separation,params_overbought,params_oversold,params_right_bars,params_rr_target,user_attrs_avg_profit_factor,user_attrs_avg_quarter_return,user_attrs_full_total_trades,user_attrs_max_drawdown_pct,user_attrs_max_quarter_drawdown_worst,user_attrs_min_profit_factor,user_attrs_min_trades_per_period,user_attrs_positive_ratio,user_attrs_profit_factor,user_attrs_q_2024-Q1_drawdown,user_attrs_q_2024-Q1_pf,user_attrs_q_2024-Q1_return,user_attrs_q_2024-Q1_trades,user_attrs_q_2024-Q2_drawdown,user_attrs_q_2024-Q2_pf,user_attrs_q_2024-Q2_return,user_attrs_q_2024-Q2_trades,user_attrs_q_2024-Q3_drawdown,user_attrs_q_2024-Q3_pf,user_attrs_q_2024-Q3_return,user_attrs_q_2024-Q3_trades,user_attrs_q_2024-Q4_drawdown,user_attrs_q_2024-Q4_pf,user_attrs_q_2024-Q4_return,user_attrs_q_2024-Q4_trades,user_attrs_q_2025-Q1_drawdown,user_attrs_q_2025-Q1_pf,user_attrs_q_2025-Q1_return,user_attrs_q_2025-Q1_trades,user_attrs_q_2025-Q2_drawdown,user_attrs_q_2025-Q2_pf,user_attrs_q_2025-Q2_return,user_attrs_q_2025-Q2_trades,user_attrs_total_return_pct,user_attrs_total_trades,user_attrs_win_rate,state
61,-9999.0,2026-04-28 12:07:26.472640,2026-04-28 12:07:33.851746,0 days 00:00:07.379106,3,56,13,7,38,0.95,12,78,13,3,2.3200000000000003,1.8109258981696126,0.3888963437371458,42,-2.1079666568442947,-1.8066023220811331,0.06930762764651756,2,0.6666666666666666,1.4399517262056176,-1.8066023220811331,1.4716478861415934,0.7303892000000145,9,-1.5278245346042778,0.06930762764651756,-1.527824534604283,10,-0.45075332703877075,0.6211360712101317,-0.18107980113146738,5,-0.8349738775237807,5.0,1.6086359008356421,5,-0.5999183077900033,2.606344045080751,1.677420304452859,11,-0.31883914100247934,1.0971197589386825,0.025836992870109654,2,2.318519200000013,42,0.42857142857142855,COMPLETE
62,-9999.0,2026-04-28 12:07:33.856540,2026-04-28 12:07:41.225875,0 days 00:00:07.369335,2,37,12,5,39,0.9,16,77,12,5,2.3400000000000003,2.1530105194025775,0.742842897526678,45,-1.115964713083086,-1.115964713083086,0.37193312265350226,5,0.8333333333333334,2.0402123584603467,-0.6574467780504801,0.37193312265350226,-0.46505839999999576,6,-0.8488321571093431,2.647506152996121,1.9772071680202785,12,-0.7929539202137434,1.2870479261321919,0.19295280881361787,8,-0.5391844178662974,4.738496579746844,1.972236323119736,6,-1.115964713083086,1.0376544736841957,0.02759512554912913,5,-0.502832836347654,2.835424861202611,0.7521243596573024,8,4.513367000000024,45,0.4888888888888889,COMPLETE
63,-9999.0,2026-04-28 12:07:41.230643,2026-04-28 12:07:48.566985,0 days 00:00:07.336342,3,52,12,7,37,0.95,11,76,10,3,2.22,1.5124558904892218,-0.018583382458629377,43,-1.6967649450869677,-1.3586179286078552,0.13726793978403343,3,0.5,0.973918866960859,-1.3586179286078552,0.13726793978403343,-1.2974799999999953,9,-0.6280787449033554,1.2592600297940342,0.20453439284024988,10,-0.4618416411970312,0.27456280150082835,-0.4105249084336182,6,-0.6495174964106852,4.448266378845046,1.621762212775768,7,-1.1767143636358348,0.6428518269364605,-0.5887412871104836,8,-0.3266298175275522,2.3125263660749265,0.3589492951763029,3,-0.1363446000000157,43,0.4186046511627907,COMPLETE
64,-9999.0,2026-04-28 12:07:48.571710,2026-04-28 12:07:55.904355,0 days 00:00:07.332645,2,53,14,7,43,0.85,17,77,11,3,2.66,1.6467398215387874,0.602119139163885,60,-2.0449396084527662,-1.4397449700963618,0.0,7,0.6666666666666666,1.460894592440454,-1.4397449700963618,2.344531660817508,2.3216566000000327,12,-0.9559172496479642,1.2922628770992672,0.35495711471897895,12,-1.3806442655227968,0.0,-1.1923082569179733,7,-0.808349022965776,4.356522141074217,2.5049394920101165,12,-1.1938346960687927,0.6057257860787524,-0.6752987418722767,9,-1.0912950491545141,1.2813964641629791,0.2987686270444323,8,3.608362200000026,60,0.35,COMPLETE
65,-9999.0,2026-04-28 12:07:55.909134,2026-04-28 12:08:03.243542,0 days 00:00:07.334408,2,48,10,7,40,0.8,14,90,12,5,2.7800000000000002,1.48533930790426,0.32253235072239134,97,-3.649393831134206,-2.515598104630261,0.3747562535370675,13,0.6666666666666666,1.1428065404379097,-2.0451018244627353,4.255144886435814,3.845205000000007,13,-1.3722099601719009,0.4452907515301623,-1.2340486977708731,18,-1.2772064511826018,1.0401647251596453,0.07217602005380463,15,-1.2992116447856643,1.2689764726209822,0.7280240830733087,20,-2.515598104630261,0.3747562535370675,-2.1372658404048783,18,-0.764239782830788,1.5277027581418887,0.6611035393829789,13,1.8442208000000404,97,0.35051546391752575,COMPLETE
66,-9999.0,2026-04-28 12:08:03.248284,2026-04-28 12:08:10.634342,0 days 00:00:07.386058,3,43,13,7,46,0.95,12,84,11,4,2.22,2.3973976626326476,0.45215720443769386,33,-1.7191796993376525,-1.5599767968816873,0.0,3,0.6666666666666666,1.8215840399063237,-1.076926147748204,0.3491113253175118,-0.3848899999999822,4,-0.3871833196863718,3.7549986318611883,1.0107320064195013,6,-0.4527579741166494,3.9323503310806127,1.280714572662478,9,-0.513686532636138,5.0,2.0611427511531,6,-1.5599767968816873,0.0,-1.3706798992062619,5,-0.6145002404698158,1.3479256875365742,0.11592379559732802,3,2.704416400000076,33,0.5454545454545454,COMPLETE
67,-9999.0,2026-04-28 12:08:10.639178,2026-04-28 12:08:17.979572,0 days 00:00:07.340394,2,46,10,7,30,0.8,8,80,13,5,2.66,1.0575270750979107,0.033115705323851406,130,-3.9863766794573476,-3.1344929604210883,0.740739635871563,16,0.5,1.0109376892494406,-1.8818287520959591,0.7832618743169057,-0.6068104000000019,22,-1.1783060016211127,1.040608767169025,0.10283179402068576,27,-0.9218717954909911,0.9340027406437533,-0.10891378177457778,16,-1.4332550260449473,1.2635400372643044,0.7272347073139063,22,-3.1344929604210883,0.740739635871563,-1.178920824684604,21,-1.2884190633190415,1.5830093953219126,1.2632727370677,22,0.1793453999999972,130,0.4,COMPLETE
68,-9999.0,2026-04-28 12:08:17.984377,2026-04-28 12:08:26.614604,0 days 00:00:08.630227,2,41,14,7,42,0.9,18,87,12,3,2.3800000000000003,1.2074378996317292,-0.02486214591553848,29,-1.6859446301397658,-1.3461785789514844,0.4487841198326495,3,0.5,0.9576704965865812,-0.5015548468890266,1.0078234896040426,0.003352600000039452,5,-1.3461785789514844,1.1029877795181025,0.11637949826097671,9,-0.17760514455215945,0.5343702960361232,-0.14830242860410792,3,-0.9538376717300909,0.6809552642914436,-0.25931433731309905,5,-0.4738417770560328,3.4697064485080147,0.5146872158021454,3,-0.5820536768368988,0.4487841198326495,-0.37597542363918546,4,-0.1516009999999679,29,0.3793103448275862,COMPLETE
69,-9999.0,2026-04-28 12:08:26.619440,2026-04-28 12:08:33.955085,0 days 00:00:07.335645,2,48,13,7,53,0.9,14,76,11,5,2.7,2.1127727869904627,0.675002584057042,67,-1.7994930978665022,-1.2713161879768877,0.3795674407278547,9,0.6666666666666666,1.5953703242953705,-0.8525232804631996,1.2378532817171217,0.2697280000000024,13,-1.0597678650198146,0.7411946819798958,-0.4135166298646076,14,-0.5526440754059257,2.0364821271465385,0.9556427645916132,9,-0.7264239963961726,4.962068354154162,2.881822851478666,11,-1.2713161879768877,0.3795674407278547,-1.080921172247662,10,-0.589585437633808,3.319470836217205,1.4372596903842405,10,4.067962999999963,67,0.44776119402985076,COMPLETE
70,-9999.0,2026-04-28 12:08:33.959795,2026-04-28 12:08:41.324325,0 days 00:00:07.364530,3,50,11,6,58,0.95,14,79,12,3,2.2,1.6638060430469732,0.10942242264337561,34,-1.4940663200727422,-1.042201313121877,0.27496771416272503,1,0.3333333333333333,1.1524176887780255,-0.7447261083048627,0.27496771416272503,-0.5389599999999883,5,-0.8975711742384245,0.5744016699257682,-0.3566884078428867,8,-0.6130525820406705,0.8171448990530443,-0.10326692334332588,5,-1.042201313121877,2.480151217767136,1.546278011388047,9,-0.654268331616394,0.836170757373166,-0.1718927074868648,6,0.0,5.0,0.2810645631452724,1,0.6440759999999601,34,0.38235294117647056,COMPLETE
71,-9999.0,2026-04-28 12:08:41.329164,2026-04-28 12:08:48.691218,0 days 00:00:07.362054,2,39,10,5,60,0.8,14,83,11,3,2.2800000000000002,1.3445793253375742,0.4992823520168517,85,-1.9671977765818816,-1.9671977765818816,0.8092939046469457,9,0.6666666666666666,1.3125424486981152,-0.58788523640407,1.0087430866384344,0.0064656000000162805,9,-1.9671977765818816,1.7778812508278468,1.2919616669264888,15,-0.7913048958122538,0.9239355791546444,-0.13880046102320298,18,-1.604866335701521,1.591857641806367,1.288218020483356,19,-1.498033380156838,0.8092939046469457,-0.40710107005510476,12,-0.7020078629738619,1.9557644889512067,0.9549503557695571,12,3.018391199999959,85,0.49411764705882355,COMPLETE
72,-9999.0,2026-04-28 12:08:48.696124,2026-04-28 12:08:56.071057,0 days 00:00:07.374933,2,57,14,7,56,0.9,12,83,11,4,2.2800000000000002,1.227245770469431,0.4288046636144219,78,-3.1231589466249874,-2.053698981709802,0.13831665960770512,5,0.3333333333333333,1.2290025741569457,-2.053698981709802,3.454475910345003,4.30583800000004,17,-1.3828627341470527,0.3645187572070475,-1.1306546427439668,13,-0.6808080367542928,0.13831665960770512,-0.5721159979025225,5,-0.9807702408852003,2.1512972855763186,1.7087816224966579,16,-1.9894778724512123,0.7772073400688284,-0.5823277701261675,14,-1.5969248400360763,0.4776586700116841,-1.1566932300375088,13,2.4820444000000608,78,0.3717948717948718,COMPLETE
73,-9999.0,2026-04-28 12:08:56.075753,2026-04-28 12:09:03.440037,0 days 00:00:07.364284,2,33,12,6,58,0.8,15,82,14,4,2.22,2.60352246818206,1.5684587368193632,90,-1.878320264300915,-1.8757336146102026,0.7067863303260606,10,0.8333333333333334,2.2057781125931077,-0.426996532981091,1.3628344580043597,0.2527142000000371,10,-0.7234301669219007,3.7379841641981706,3.890754510863914,19,-0.4375498209920901,3.966516721504659,1.7399500343442176,13,-1.1040150813286371,2.705390227493908,2.4640125238628796,17,-1.8757336146102026,0.7067863303260606,-0.7749725248608508,17,-0.6017004125586306,3.141622907565204,1.838293676705982,14,9.715569200000097,90,0.5777777777777777,COMPLETE
74,-9999.0,2026-04-28 12:09:03.444939,2026-04-28 12:09:10.904625,0 days 00:00:07.459686,2,34,12,5,52,0.8,9,85,12,3,2.2600000000000002,1.7806110459611821,1.063107176202118,123,-1.9892428222150098,-1.9892428222150098,0.2911770688754048,13,0.6666666666666666,1.4736887754166232,-1.6217303186476077,0.2911770688754048,-1.2614142000000328,13,-1.9892428222150098,1.7756314277635001,2.111186810212584,28,-0.43249062129653404,5.0,4.187549727794715,25,-1.9324139027512364,0.9548982413189379,-0.10031513969505079,17,-1.3805479172755235,1.0951053061399783,0.3373626129257623,22,-1.0760531720183204,1.5668542316692726,1.1042732459747295,18,6.456543799999914,123,0.4796747967479675,COMPLETE
75,-9999.0,2026-04-28 12:09:10.909286,2026-04-28 12:09:18.216646,0 days 00:00:07.307360,2,50,12,7,58,0.95,17,84,11,3,2.2800000000000002,1.5278257885349877,0.1912723398893923,35,-1.3022922806107302,-1.0393877632750304,0.30035750116576965,4,0.6666666666666666,1.2700468346978657,-0.776893854521307,0.30035750116576965,-0.495129999999977,5,-1.0164614844769528,0.48573982978060143,-0.5295121736252573,8,-0.4590583801902237,4.129884700665122,1.1409228644226221,5,-1.0393877632750304,1.6792914809479325,0.701818156172962,8,-0.49168122837259026,1.3550528697554747,0.23815459361704594,5,-0.3220381193340087,1.2166283488950276,0.09138059874895799,4,1.142235999999941,35,0.4,COMPLETE
76,-9999.0,2026-04-28 12:09:18.221333,2026-04-28 12:09:25.618240,0 days 00:00:07.396907,2,39,10,5,47,0.8,9,75,10,4,2.3800000000000003,1.7006544605708473,0.7440841780343191,128,-4.331056421250228,-2.842565155690844,0.5841906632556267,19,0.5,1.304924618215113,-1.991440529561309,0.5841906632556267,-1.0288411999999636,20,-0.9930196640840862,2.2699521416878747,2.2575293924920414,20,-0.49772013493311684,2.4480194879089705,2.0116655403671135,23,-2.842565155690844,0.5869114629558145,-1.5463445406267207,24,-1.732838464783229,0.8319647571349482,-0.608673470434784,22,-1.1272815753451904,3.482888250481849,3.3791693464082284,19,4.440071400000045,128,0.4609375,COMPLETE
77,-9999.0,2026-04-28 12:09:25.622907,2026-04-28 12:09:33.016573,0 days 00:00:07.393666,2,41,11,5,53,0.8,10,82,11,3,2.58,1.3007791471846843,0.5733793173345899,138,-2.735504933484009,-2.4544683974552757,0.34027890792132304,20,0.8333333333333334,1.1926911981750425,-2.4544683974552757,0.34027890792132304,-2.2296000000000205,22,-2.35529268369508,1.7542598237384015,2.1411263531703195,27,-0.8629439749183194,1.3590021847515512,0.6417289130704829,20,-1.5663823242645571,1.0635120862919651,0.19374209485516491,22,-1.4443047978090349,1.0694243329154962,0.3294491564724833,25,-1.2051119654980056,2.2181975474893694,2.363829386439109,22,3.4193187999999264,138,0.4057971014492754,COMPLETE
78,-9999.0,2026-04-28 12:09:33.021364,2026-04-28 12:09:40.366887,0 days 00:00:07.345523,2,42,12,6,44,0.8,14,80,13,5,2.5,2.162858001332751,1.8974630203268135,107,-2.0380525997835615,-2.0380525997835615,0.7406634762617906,16,0.8333333333333334,2.1041603412536762,-2.0380525997835615,5.0,6.509790000000026,16,-0.6459034462998016,2.215204402978448,1.9382725287506064,19,-0.5526679045894511,1.7007708532495671,0.8506898137164098,17,-1.206530551522699,1.7871728366911308,1.7655731568111621,20,-1.5063661558413413,0.7406634762617906,-0.5578063976464209,16,-0.8914583455612718,1.5333364388155708,0.8782590203290974,19,11.78275999999987,107,0.48598130841121495,COMPLETE
79,-9999.0,2026-04-28 12:09:40.371678,2026-04-28 12:09:47.721251,0 days 00:00:07.349573,2,36,12,6,57,0.85,16,85,11,5,2.4000000000000004,1.582444087354367,0.5899844678066016,69,-1.4449605343939167,-1.4449605343939167,0.5779058549359092,8,0.8333333333333334,1.5090441778505597,-0.6533316342796468,1.7331623269771108,0.6059440000000471,11,-0.765257359584578,2.0005621041150943,1.8966990658126681,17,-0.7720829853031992,1.892462216709581,0.6457314335654107,10,-0.5374810707119329,2.1089763454188337,0.8324408301449315,8,-1.4449605343939167,0.5779058549359092,-0.6476398486808921,10,-0.5051372929387065,1.1815956759696726,0.2067313259974446,13,3.5748900000000416,69,0.463768115942029,COMPLETE
80,-9999.0,2026-04-28 12:09:47.725999,2026-04-28 12:09:55.112536,0 days 00:00:07.386537,3,41,12,7,35,0.95,11,88,12,3,2.3600000000000003,2.0007382197789516,0.3432295798885876,27,-2.4359210290454647,-1.9199107523097572,0.0,1,0.5,1.6234635853873949,-0.9286133057263807,0.0,-0.35072000000000436,1,-1.9199107523097572,0.6321746738296145,-0.48096323425518284,6,-0.5431814180098904,0.8180916468563058,-0.08950690408162654,5,-0.5279106509064396,5.0,2.094918481419561,4,-0.6621945444893661,1.1109143198220093,0.10103313672957803,5,-0.2863795091484583,4.443248678165781,0.7846159995192004,6,2.0536079999999846,27,0.48148148148148145,COMPLETE
81,-9999.0,2026-04-28 12:09:55.117225,2026-04-28 12:10:02.555471,0 days 00:00:07.438246,3,39,13,5,49,0.85,8,85,13,3,2.56,2.456274918422733,1.395253569593785,80,-2.0744924518562753,-2.0744924518562753,0.7515564742192143,11,0.8333333333333334,2.060841214981667,-1.369394004262497,0.7515564742192143,-0.4387140000000067,14,-2.0744924518562753,1.1782255351611717,0.3895240967458191,19,-0.5025519838518089,2.8609277670825253,1.412009095685618,14,-0.6202756129126654,5.0,3.438319391812561,11,-1.0941361331070976,2.0972355920616708,1.944267975234526,11,-0.6333896361883209,2.8497041420118165,1.6261148580841933,11,8.622018799999909,80,0.4875,COMPLETE
82,-9999.0,2026-04-28 12:10:02.560219,2026-04-28 12:10:09.936363,0 days 00:00:07.376144,3,37,13,5,47,0.85,13,86,11,3,2.7,2.0593183612044728,0.5956315531363906,42,-1.8979202185259403,-1.8979202185259403,0.2573714654251572,5,0.6666666666666666,1.754438410351825,-1.203349109190436,0.2573714654251572,-0.736939999999997,7,-1.8979202185259403,2.1177193281610234,1.3207058093917645,10,-0.41505882471253247,5.0,1.7029713822851233,7,-0.6269614221120305,3.2762133841391132,1.4016210110436633,6,-0.6290838458891044,1.2043249944653245,0.22245757063938942,7,-0.6082364995936571,0.5002809950362196,-0.3370264545416002,5,3.600844000000003,42,0.4523809523809524,COMPLETE
83,-9999.0,2026-04-28 12:10:09.941099,2026-04-28 12:10:17.320682,0 days 00:00:07.379583,3,49,14,7,45,0.9,11,84,12,4,2.3200000000000003,2.2747121406880995,0.9276653365016578,66,-2.231682341853939,-1.409425860756234,0.37988744722780426,9,0.8333333333333334,1.795155977458277,-0.9808010779711005,2.144680621508676,1.6126604000000322,13,-1.215803733317269,1.618777345355222,0.7557581869984897,13,-0.7115640905556586,1.5454009415759553,0.414146404196325,11,-0.6170778916208322,5.0,2.5169863001866633,9,-1.4062358890160775,0.37988744722780426,-1.406235889016083,11,-1.409425860756234,2.9595264884609374,1.6726766166445195,9,5.648207599999999,66,0.5151515151515151,COMPLETE
84,-9999.0,2026-04-28 12:10:17.325430,2026-04-28 12:10:24.759562,0 days 00:00:07.434132,2,31,13,5,49,0.85,10,86,11,3,2.66,1.19719090443222,0.4760835158736913,72,-1.8648394687743097,-1.7185254634852538,0.5588575140692297,7,0.5,1.2882572267074146,-1.201902645138912,0.9207969662416629,-0.09168859999999501,7,-1.7185254634852538,1.5836213625591677,1.3261180991194665,18,-1.057059099451825,1.5616382595441023,0.6405901550872173,13,-1.5929353435390685,0.5588575140692297,-0.6132115757043755,7,-1.2158324375082086,1.5936932582214551,1.6350977860549731,16,-0.8538129987018225,0.9645380659577031,-0.04040476931513881,11,2.8710217999999843,72,0.4166666666666667,COMPLETE
85,-9999.0,2026-04-28 12:10:24.764254,2026-04-28 12:10:32.118417,0 days 00:00:07.354163,2,52,13,7,43,0.95,18,83,11,5,2.7600000000000002,1.8705401057786777,0.5522084809317263,31,-2.0478154663360377,-2.0478154663360377,0.0,2,0.5,1.9201941400334217,-2.0478154663360377,5.0,3.6829764000000154,8,-0.5983465251012832,0.5177862428302518,-0.42488286437731837,7,-0.4470700036849516,0.0,-0.3966004478165974,2,-0.5391180815684039,4.245235579039951,0.860027157900678,4,-0.7654307226568283,0.253639780439624,-0.5322664504565644,4,-1.1311689779456717,1.2065790323622396,0.12399709034014439,6,3.293245999999983,31,0.3870967741935484,COMPLETE
86,-9999.0,2026-04-28 12:10:32.123368,2026-04-28 12:10:39.457967,0 days 00:00:07.334599,3,41,14,7,60,0.9,16,79,12,4,2.2600000000000002,2.151711181094873,0.5667011588977718,44,-1.6107074531204781,-0.8549236742128671,0.31289181326031484,5,0.5,1.8869008826583626,-0.6346654335651024,0.3325172560850466,-0.42258999999996716,6,-0.4443916472375352,3.650704201913769,1.9195345611017656,11,-0.6099018987090062,4.226130607436646,1.6730360899371854,11,-0.6233733626563593,3.8434318369802054,1.0994083024838952,6,-0.7276835223985697,0.31289181326031484,-0.5365401127549796,5,-0.8549236742128671,0.544591370893257,-0.33264188738126865,5,3.416342200000022,44,0.5454545454545454,COMPLETE
87,-9999.0,2026-04-28 12:10:39.462627,2026-04-28 12:10:46.864141,0 days 00:00:07.401514,3,43,11,6,51,0.9,12,89,13,3,2.6,2.255576154095907,0.627008330079413,48,-2.015904342464179,-1.7830295321873326,0.0,5,0.6666666666666666,1.7350696373419323,-1.2063254184119334,0.0,-0.9848299999999921,5,-1.7830295321873326,0.8613940408016189,-0.17819895678605757,11,-0.4223125996273737,4.283923322683643,1.0399446063276585,7,-0.6346679966448973,5.0,2.58992311282793,7,-0.6267303914685093,1.5296305108942798,0.760406750947018,11,-0.6347182596051293,1.8585090501959016,0.5348044671599217,7,3.784211999999987,48,0.5,COMPLETE
88,-9999.0,2026-04-28 12:10:46.868850,2026-04-28 12:10:54.312713,0 days 00:00:07.443863,3,32,13,7,53,0.85,8,82,11,3,2.62,1.938950675383422,1.0231954761756257,80,-1.7818195042727258,-1.6252785362507305,0.6124916910205803,10,0.8333333333333334,1.6698827008357515,-1.5581407898671935,1.202744818765839,0.2790012000000619,12,-1.6252785362507305,1.7613784108661472,1.5601503617689305,17,-0.41323394198864666,4.276503156250411,2.512596375267706,18,-1.343526058053232,2.7721184809371073,2.275014684860688,12,-1.2817547278979837,1.008467494460447,0.01896783754931075,11,-1.0386038944830438,0.6124916910205803,-0.506557602392943,10,6.256851800000107,80,0.45,COMPLETE
89,-9999.0,2026-04-28 12:10:54.317575,2026-04-28 12:11:01.778575,0 days 00:00:07.461000,3,35,13,5,47,0.85,8,86,11,3,2.7800000000000002,2.1621801770119258,0.9463715199177806,67,-1.988364546423603,-1.988364546423603,0.7834006925422553,9,0.8333333333333334,1.7132158716516341,-1.3713123096632678,0.7834006925422553,-0.2514587999999929,9,-1.988364546423603,1.6196317337932942,1.2246214183231574,16,-0.45438762776928737,5.0,2.842373214960392,13,-0.6152924404606036,3.5110172946847213,1.7911063812117822,9,-1.294632960538808,1.008568123241563,0.020600394956549195,11,-0.9779327966132338,1.0504632178097193,0.05098651005479571,9,5.775593600000062,67,0.43283582089552236,COMPLETE
90,-9999.0,2026-04-28 12:11:01.783543,2026-04-28 12:11:09.193836,0 days 00:00:07.410293,3,33,12,5,53,0.85,8,84,11,5,2.58,1.9833551279472064,0.8667300540164032,74,-2.3972352431210595,-1.9955673289371372,0.3032188400263686,10,0.6666666666666666,1.5808774738828397,-0.9802931187983293,0.8133259219668832,-0.26195039999997727,10,-1.1861427188478475,1.8659911593590175,1.6028356343554595,15,-0.5991652978142322,5.0,3.762455363327444,12,-0.5966802995118154,2.4563564543230116,1.4095362578755655,10,-1.9955673289371372,0.3032188400263686,-1.8826474267932158,11,-1.2078082504953267,1.461238392007959,0.5701508953331436,16,5.2205723999999565,74,0.47297297297297297,COMPLETE
91,-9999.0,2026-04-28 12:11:09.198720,2026-04-28 12:11:16.569098,0 days 00:00:07.370378,2,41,11,5,47,0.9,11,80,13,3,2.3600000000000003,1.3569561583304839,0.2113051708185154,74,-2.9972334851514413,-2.17116573393573,0.4493276631490525,7,0.6666666666666666,1.135058028882208,-1.34820214537514,0.4493276631490525,-0.5244327999999854,7,-2.075208430143213,1.1306102359543155,0.2913061047618015,18,-0.7017699417809057,1.640828867190354,0.69994084198306,15,-1.0277440593506955,1.3523052962041586,0.43005567267693223,9,-2.17116573393573,0.5246296065994921,-1.363867129409424,13,-0.483379422490214,3.04403528088553,1.7348283348987081,12,1.2461047999999142,74,0.44594594594594594,COMPLETE
