number,value,datetime_start,datetime_complete,duration,params_d_period,params_ema_period,params_k_period,params_left_bars,params_max_separation,params_min_close_ratio,params_min_separation,params_overbought,params_oversold,params_right_bars,params_rr_target,user_attrs_avg_profit_factor,user_attrs_avg_quarter_return,user_attrs_full_total_trades,user_attrs_max_drawdown_pct,user_attrs_max_quarter_drawdown_worst,user_attrs_min_profit_factor,user_attrs_min_trades_per_period,user_attrs_positive_ratio,user_attrs_profit_factor,user_attrs_q_2024-Q1_drawdown,user_attrs_q_2024-Q1_pf,user_attrs_q_2024-Q1_return,user_attrs_q_2024-Q1_trades,user_attrs_q_2024-Q2_drawdown,user_attrs_q_2024-Q2_pf,user_attrs_q_2024-Q2_return,user_attrs_q_2024-Q2_trades,user_attrs_q_2024-Q3_drawdown,user_attrs_q_2024-Q3_pf,user_attrs_q_2024-Q3_return,user_attrs_q_2024-Q3_trades,user_attrs_q_2024-Q4_drawdown,user_attrs_q_2024-Q4_pf,user_attrs_q_2024-Q4_return,user_attrs_q_2024-Q4_trades,user_attrs_q_2025-Q1_drawdown,user_attrs_q_2025-Q1_pf,user_attrs_q_2025-Q1_return,user_attrs_q_2025-Q1_trades,user_attrs_q_2025-Q2_drawdown,user_attrs_q_2025-Q2_pf,user_attrs_q_2025-Q2_return,user_attrs_q_2025-Q2_trades,user_attrs_total_return_pct,user_attrs_total_trades,user_attrs_win_rate,state
309,-9999.0,2026-04-28 12:38:15.470694,2026-04-28 12:38:22.896349,0 days 00:00:07.425655,3,37,14,5,54,0.8,10,83,11,4,2.4000000000000004,2.0869459297883632,1.024329576355204,90,-2.0480425966447484,-2.0480425966447484,0.723713744793643,10,0.6666666666666666,1.6007500765335276,-1.1410791011065216,0.723713744793643,-0.5472539999999859,16,-1.2409732025007199,2.245144314780967,2.4933248198093727,19,-0.40955216326032967,5.0,2.4638420751410095,15,-2.0480425966447484,1.298503857005195,0.6554122654194972,16,-1.369643544849086,0.8725460261145073,-0.30891171595484046,14,-0.7432228809899786,2.3817676360358675,1.3895640137161713,10,6.259977999999977,90,0.4888888888888889,COMPLETE
310,0.4748330073547695,2026-04-28 12:38:22.901325,2026-04-28 12:38:30.455830,0 days 00:00:07.554505,3,43,14,5,55,0.8,9,83,13,4,2.3000000000000003,1.9035892019397258,1.617539534570193,120,-1.931468787805534,-1.931468787805534,1.3946176289926273,17,1.0,1.769875628642627,-1.931468787805534,1.3946176289926273,1.0278999999999927,21,-0.9560887231181722,2.278030835780868,2.140667083053316,21,-0.6079461086287794,2.3494906460652802,1.381314190033911,17,-1.6831966854396314,1.4733066380449098,1.0959494448824936,22,-1.3364351806209953,1.479685694806189,1.5899237248516496,21,-1.455501801328096,2.4464037679484805,2.469482764599795,18,10.097350000000116,120,0.5166666666666667,COMPLETE
311,0.4054687256932533,2026-04-28 12:38:30.463783,2026-04-28 12:38:37.868259,0 days 00:00:07.404476,3,45,14,5,55,0.8,11,83,13,4,2.62,1.6396193132073265,1.0147955739847243,103,-3.083733260550148,-2.4710998469097354,1.009984801197349,13,1.0,1.4820108223300699,-2.340833036517915,1.2165214481183921,0.6211026000000341,21,-1.3898540894200693,1.4492783152033113,0.8082054151531626,18,-0.5410562907515346,2.278980904367312,1.1429891883208532,13,-1.3728379044059507,2.090350283270568,1.8365238745745582,17,-2.4710998469097354,1.009984801197349,0.032948604583560304,18,-1.5125030552251846,1.792600127087028,1.6470037612761779,16,6.2336146000000925,103,0.4368932038834951,COMPLETE
312,0.4700888381250669,2026-04-28 12:38:37.873443,2026-04-28 12:38:45.348059,0 days 00:00:07.474616,3,46,13,5,55,0.8,9,83,13,4,2.4400000000000004,1.7708054998019345,1.5310617657914936,131,-2.4991798125074816,-2.4991798125074816,1.202815230594071,20,1.0,1.6632559323625444,-2.4991798125074816,1.202815230594071,0.5860771999999903,22,-0.9489428011462386,2.3335342401193855,2.025423057257858,20,-0.6092436843870064,1.8881472622205264,1.4616994046349863,22,-1.0319882016886468,2.037620949495333,2.0260249625309923,24,-2.075658961726912,1.3046730950458745,1.0621157144506954,20,-1.6754042931903759,1.8580422213364163,2.025030255874438,23,9.535398399999973,131,0.48854961832061067,COMPLETE
313,0.45660544076631787,2026-04-28 12:38:45.353094,2026-04-28 12:38:52.790609,0 days 00:00:07.437515,3,43,14,5,56,0.8,11,83,14,4,2.3000000000000003,1.9161088611518726,1.4768799630238212,109,-1.8862475322726213,-1.7702978314354145,1.133627199379666,16,1.0,1.7719637813799887,-1.7702978314354145,1.5185477477037888,1.2753629999999738,21,-0.945131085147392,2.314527812675444,1.9423401128663809,19,-0.5327994378979014,2.027037441275522,1.048151935528474,16,-1.3508455533468835,2.5715282404323,2.4419673620069027,18,-1.6753432735514748,1.133627199379666,0.40633490925323645,19,-1.4693349682635028,1.9313847254445153,1.7471224584879597,16,9.181220000000101,109,0.5229357798165137,COMPLETE
314,0.4537051195364202,2026-04-28 12:38:52.795605,2026-04-28 12:39:00.264548,0 days 00:00:07.468943,3,43,14,5,55,0.8,10,83,13,4,2.3000000000000003,1.7949970240389985,1.4275969037930938,111,-1.931468787805534,-1.931468787805534,1.3946176289926273,15,1.0,1.6972886945368422,-1.931468787805534,1.3946176289926273,1.0278999999999927,21,-0.9560887231181722,2.2882608056454203,1.908190707715396,19,-0.6093279928096116,1.9669658410967001,0.9920266196030703,15,-1.822119180482085,1.521163788263305,1.1159125658235514,19,-1.3441514293808232,1.479685694806189,1.5993774467162547,21,-1.471800031728155,2.1192883854297495,1.9221740829002965,16,8.87213400000011,111,0.4954954954954955,COMPLETE
315,0.48311902431770937,2026-04-28 12:39:00.269574,2026-04-28 12:39:07.750080,0 days 00:00:07.480506,3,46,13,5,55,0.8,8,83,12,4,2.68,1.8157936994716277,1.807379779361562,140,-2.2219897796144124,-2.2219897796144124,1.2304473715338302,22,1.0,1.7047438783251123,-2.2219897796144124,1.6182235405758851,1.863239200000022,26,-1.275598391673064,1.5256203117068834,1.097874766974849,23,-0.6617355433601468,2.2887257778238608,2.0517057566707964,22,-1.024310621396237,2.0113679737147474,1.956518182908984,22,-2.0829090083304753,1.2304473715338302,1.0182035234268527,23,-1.6505044787006065,2.22037722147456,2.856737246187868,24,11.333832000000088,140,0.4714285714285714,COMPLETE
316,-9999.0,2026-04-28 12:39:07.757776,2026-04-28 12:39:15.176245,0 days 00:00:07.418469,3,40,13,5,55,0.8,11,83,14,4,2.22,2.1764663168678466,1.2599777379819321,107,-3.0730513473822105,-2.1967685010149562,0.20256180866890705,13,0.8333333333333334,1.726917872831591,-1.4644011218165713,1.7307168964711492,1.5633688000000312,20,-0.9425967593922847,2.0655599740397568,1.7782175023717484,18,-0.4336707931921851,3.4878168186110603,2.4973622170983756,22,-1.407308626854379,1.89043303132671,1.5648545577544581,19,-2.1967685010149562,0.20256180866890705,-2.1967685010149562,15,-0.6667167686838454,3.681709372089498,2.3528318516819358,13,7.721190800000066,107,0.5420560747663551,COMPLETE
317,-9999.0,2026-04-28 12:39:15.181223,2026-04-28 12:39:22.662474,0 days 00:00:07.481251,3,39,14,5,55,0.9,8,82,12,4,2.74,2.2227804359878625,1.0989104744137907,54,-1.3482158048912949,-1.3020158222436602,1.0819664837951088,6,1.0,2.1263415383998416,-1.3020158222436602,1.2625001409324035,0.18625960000002717,6,-0.8947570567919403,4.015307330325542,2.4815590580247404,12,-0.8190457635232273,2.4382967976276326,0.9873118746388521,11,-1.2521039868364419,3.3977649592101473,2.6419178617686168,10,-1.0269132224557636,1.140846904036341,0.22974393962711392,8,-0.9029771089272924,1.0819664837951088,0.06667051242339461,7,6.741063999999963,54,0.5,COMPLETE
318,-9999.0,2026-04-28 12:39:22.667670,2026-04-28 12:39:30.137561,0 days 00:00:07.469891,3,50,12,5,54,0.8,8,83,12,4,2.74,1.239750790935308,0.6162479566797052,151,-3.5578368239319613,-3.367770225148021,0.6927557523096265,20,0.5,1.1815396503820108,-2.7217677632057233,0.6927557523096265,-1.3422517999999273,33,-1.697613890478923,0.9069310480398495,-0.20155274535240686,20,-1.5216942847034163,1.1204390450751538,0.3375132134321168,24,-1.5444549698262726,1.7792950619745016,2.69076340905241,27,-3.367770225148021,0.8709730890270484,-0.6231810990667719,23,-1.7723176086274481,2.0681107491856685,2.8361967620128103,24,3.6766118000001624,151,0.3841059602649007,COMPLETE
319,-9999.0,2026-04-28 12:39:30.142709,2026-04-28 12:39:37.637954,0 days 00:00:07.495245,3,39,14,5,55,0.8,8,83,12,4,2.2600000000000002,2.04673800483484,1.066439119920476,111,-3.082974883889544,-2.028705462906127,0.6553246285879738,13,0.6666666666666666,1.5238385102358591,-1.577491610407472,0.9612851685726647,-0.09658459999997149,23,-1.2365682112515908,2.31903793902759,2.249879637248098,20,-0.6120208111805544,2.3478501593859593,1.481840405042223,18,-1.9226059319847884,1.558653732287553,1.3288181591786241,19,-2.028705462906127,0.6553246285879738,-1.2582764256701684,18,-0.6050444630002657,4.4382764011472995,2.6929575437240505,13,6.513785200000033,111,0.4954954954954955,COMPLETE
320,0.4552359360224329,2026-04-28 12:39:37.643164,2026-04-28 12:39:45.129005,0 days 00:00:07.485841,3,46,14,5,55,0.8,9,83,13,4,2.62,1.7203867327336944,1.511009952295069,125,-2.5587789625743405,-2.485685295268534,1.1578681823309698,18,1.0,1.6498739904722186,-2.485685295268534,1.1578681823309698,0.47579260000003565,22,-1.0791893249491766,1.7202777916264007,1.437906148948409,21,-0.6146231207070797,1.7907372486330577,1.0968550576814229,18,-1.0415310479378306,2.1331777401774668,2.235903935397343,23,-2.0856536374015184,1.4033098502175094,1.4178592782562616,20,-1.4671176436652025,2.1169495834167598,2.4017426934869412,21,9.40183100000005,125,0.464,COMPLETE
321,-9999.0,2026-04-28 12:39:45.134237,2026-04-28 12:39:52.648072,0 days 00:00:07.513835,3,45,13,5,54,0.95,8,83,13,4,2.3200000000000003,2.8726813902461044,0.7477918345327036,43,-1.8701472921967963,-1.8701472921967963,0.6880820475585354,5,0.8333333333333334,2.000531356737928,-1.2980629538506938,1.0213575152041874,0.015732800000001212,6,-0.3865366863047679,2.7586222333713017,0.9112274384095675,7,-0.4121317318985652,2.7680265453426043,1.0241990140694046,9,-0.8093815875313739,5.0,2.243131521979702,9,-1.8701472921967963,0.6880820475585354,-0.6593344476053753,7,-0.18980369255469912,5.0,0.9517946803429211,5,4.546254400000049,43,0.5348837209302325,COMPLETE
322,-9999.0,2026-04-28 12:39:52.653291,2026-04-28 12:40:00.113404,0 days 00:00:07.460113,3,39,14,5,54,0.8,9,83,14,4,2.7800000000000002,1.8334590469798648,1.1944358764930478,110,-2.6492042153973827,-2.304824286809521,0.3546232822396194,14,0.6666666666666666,1.5736825147353966,-2.304824286809521,0.3546232822396194,-1.8311079999999813,21,-0.9961167153655655,1.9884104043629092,2.2265210042301753,20,-0.6208295202591014,2.173818705082446,1.446870774080633,18,-1.7682630314129064,2.2081540121178707,2.9261763807264085,22,-1.3726635198893582,0.9230307375149002,-0.2059458750315546,15,-0.7375311792720828,3.3527171405614435,2.6041009749526056,14,7.29299060000006,110,0.44545454545454544,COMPLETE
323,-9999.0,2026-04-28 12:40:00.118522,2026-04-28 12:40:07.582811,0 days 00:00:07.464289,3,44,14,5,54,0.8,11,83,13,4,2.5,1.783020030364164,1.19035965884568,103,-2.667255806930976,-2.454445991107116,0.9623974660927559,13,0.8333333333333334,1.5992393358063057,-2.2514223943889,1.2988995773210859,0.820299999999996,21,-0.9490408613856636,2.145514483077438,1.7698271082312145,18,-0.5351162471458966,2.1665159019955347,1.0305917436778333,13,-1.3574625809452794,2.140312957529665,1.900883138752385,18,-2.454445991107116,0.9623974660927559,-0.12272729316687991,18,-1.4959767755736728,1.9844797961685041,1.7432832555795308,15,7.342149999999981,103,0.46601941747572817,COMPLETE
324,0.44916010993258737,2026-04-28 12:40:07.588046,2026-04-28 12:40:15.077466,0 days 00:00:07.489420,3,45,14,5,54,0.8,10,83,13,4,2.2800000000000002,1.720140831220985,1.3347926190646027,112,-2.033757579247999,-2.033757579247999,1.331951942396,16,1.0,1.6556056427275867,-2.033757579247999,1.331951942396,0.8971300000000015,22,-0.9575855644943222,2.092575178423463,1.620435784446972,19,-0.6123515557121877,1.8104342318248723,0.8984862021244044,16,-1.368061279247667,1.6984327964159616,1.2402132207621541,18,-1.3483658090266895,1.5134753167836532,1.6652196368593497,20,-1.4796945660492185,1.8739755214819604,1.6872708701947348,17,8.27708680000001,112,0.48214285714285715,COMPLETE
325,-9999.0,2026-04-28 12:40:15.082592,2026-04-28 12:40:22.565045,0 days 00:00:07.482453,3,52,14,5,55,0.8,8,83,12,4,2.52,1.2359865035017599,0.7514496469822718,146,-4.433098286499555,-3.3981759932636244,0.5761690658959108,20,0.6666666666666666,1.2238016197824881,-1.8730296952399337,1.9697948475020979,3.459830399999997,33,-1.311813259265989,1.183990169634985,0.34878696263547226,20,-1.3657063320152036,0.5761690658959108,-1.0875547605711633,21,-1.4729670482576402,1.3117230645133664,1.0687544406026595,24,-3.3981759932636244,0.778541037697417,-1.1258658312966796,24,-1.5365098263257384,1.5957008357667815,1.844746670523345,24,4.513662399999974,146,0.4041095890410959,COMPLETE
326,-9999.0,2026-04-28 12:40:22.570181,2026-04-28 12:40:30.027450,0 days 00:00:07.457269,3,45,14,5,55,0.8,12,83,13,3,2.3000000000000003,1.8415946903569276,0.6318368164466293,87,-2.888503699045265,-2.888503699045265,0.6881988311773753,7,0.6666666666666666,1.3532920768470746,-2.888503699045265,0.7603410757594591,-0.7500150000000261,19,-2.1126284881772404,0.6881988311773753,-0.7176454485106065,17,-0.5539147819281494,2.5937772650250115,1.3458784849927685,12,-0.8371340037747359,3.041699662977188,2.22026633843333,13,-0.9784557219737446,1.1949165638246473,0.5337899503791821,19,-1.4450962595217351,2.7706347433778835,1.1587465733851277,7,3.8152399999999975,87,0.4367816091954023,COMPLETE
327,0.4956683993373388,2026-04-28 12:40:30.032565,2026-04-28 12:40:37.525049,0 days 00:00:07.492484,3,46,14,5,54,0.8,8,83,14,4,2.22,1.9605360472043962,1.9753086060808647,147,-2.1130059728206976,-2.1130059728206976,1.2236842164699142,23,1.0,1.8387325555565328,-1.7718594811681354,1.8498442106879627,2.2136742000000043,27,-1.0842528753815257,1.9899625147049975,1.942972518641728,26,-0.7254425622054339,1.4666140017865061,0.8021129988778242,23,-1.0405113824862988,2.1588993054872256,2.2431806094644235,24,-2.1130059728206976,1.2236842164699142,0.9222155882040228,23,-0.8317736894044891,3.0742120340897716,3.727695721297186,24,12.422124000000046,147,0.5374149659863946,COMPLETE
328,-9999.0,2026-04-28 12:40:37.532853,2026-04-28 12:40:45.019754,0 days 00:00:07.486901,3,46,14,5,55,0.9,9,83,13,4,2.2600000000000002,2.064585847557316,0.5909344987788168,68,-1.6819996591949375,-1.5549297586830415,0.6424842756793372,6,0.6666666666666666,1.4858308537656628,-1.1996909001888774,0.7049177622077739,-0.3575599999999679,10,-1.2429411824358325,1.5777145147351965,0.9258396321888851,16,-0.3385076245422771,3.1935309758523784,1.2058807452008713,13,-0.80961672224194,4.32687713759542,2.112180748564052,10,-1.3937748708924957,0.6424842756793372,-0.9270495398080558,13,-1.5549297586830415,1.9419904192737896,0.5863154065271159,6,3.567626000000068,68,0.5147058823529411,COMPLETE
329,-9999.0,2026-04-28 12:40:45.024897,2026-04-28 12:40:52.475154,0 days 00:00:07.450257,3,47,13,5,55,0.8,13,84,12,4,2.3200000000000003,1.680069620046836,0.8022416120968194,89,-2.3871973031514084,-1.8875441450165287,0.8718063968193224,14,0.8333333333333334,1.4779814000686284,-1.1595690756890618,2.1311951719518554,1.6719403999999827,15,-0.9451695630711304,1.2101280039639826,0.27528578573285944,14,-0.5375684681102979,2.5114999660091457,1.5265801686138891,15,-0.9747253805267762,2.3070009062562535,1.6441146831903897,15,-1.8875441450165287,0.8718063968193224,-0.39166125339790137,16,-1.809694240233657,1.0487872752804577,0.08718988844169662,14,4.889305200000038,89,0.47191011235955055,COMPLETE
330,0.46331748940594564,2026-04-28 12:40:52.480164,2026-04-28 12:40:59.924227,0 days 00:00:07.444063,3,42,14,5,54,0.8,10,82,13,4,2.3200000000000003,1.9122017472345767,1.4921885916974447,107,-1.8252943164298356,-1.810385598442376,1.4248418071376328,15,1.0,1.7702750431710932,-1.6082491348487544,1.6043697287739498,1.3808700000000007,20,-0.9502361972313247,2.1096243095300364,1.755573018854517,18,-0.6071272855237153,2.660631951522737,1.4371711443420976,15,-1.810385598442376,1.5351724571608263,1.138612236630121,19,-1.3394022297462906,1.4248418071376328,1.2926202829274702,19,-1.4663322253990327,2.138570229282278,1.948284867430461,16,9.291419599999994,107,0.5046728971962616,COMPLETE
331,0.4706652987060981,2026-04-28 12:40:59.929424,2026-04-28 12:41:07.396199,0 days 00:00:07.466775,3,44,14,5,55,0.8,8,82,15,4,2.2800000000000002,1.7880567652942772,1.6649130825844995,142,-2.6790891243956723,-2.6790891243956723,1.1177628396456902,21,1.0,1.6568662936815644,-1.8332330128861387,1.7756705974639135,2.096319599999985,27,-0.9376046963983204,2.2388452815517135,2.247086681467403,24,-0.4906179547113715,1.8553881187711134,1.1946449646893287,21,-1.6706215088413154,1.704332259276088,1.6864285617431474,24,-2.6790891243956723,1.1177628396456902,0.5461765541028063,24,-1.5868780106897362,2.036341495057146,2.218822133504328,22,10.402266000000026,142,0.5140845070422535,COMPLETE
332,0.49045806433991934,2026-04-28 12:41:07.401276,2026-04-28 12:41:14.884016,0 days 00:00:07.482740,3,47,14,5,54,0.8,8,82,14,4,2.2600000000000002,1.819047882987859,1.8830801066623641,148,-2.3258550624286176,-2.3258550624286176,1.3660635575699627,23,1.0,1.7463987452575045,-1.7659086002272844,1.8851115632678146,2.305538600000001,27,-0.9335488626677919,2.0459282458906625,1.8932832244528797,24,-0.7248270800876813,1.4956548682447404,0.8516845209662893,23,-1.141605284618075,2.0908952810080916,2.2200119658759343,25,-2.3258550624286176,1.3660635575699627,1.7052902258676506,25,-1.4327040007823375,2.0306337819458826,2.3226721028114294,24,11.835376199999947,148,0.527027027027027,COMPLETE
333,0.480118654961654,2026-04-28 12:41:14.889212,2026-04-28 12:41:22.344024,0 days 00:00:07.454812,3,46,14,5,54,0.8,8,82,15,4,2.22,1.8890408860205694,1.8534148747224553,150,-2.6871901991698177,-2.6871901991698177,1.0875028853700248,23,1.0,1.7435621079697123,-1.7736332737606577,1.7806762060325665,2.1124942000000146,28,-1.0853191415998629,1.9899625147049975,1.9448977478800922,26,-0.726139215068245,1.4666140017865061,0.802892624045648,23,-1.0414933582764083,2.1588993054872256,2.2453435348781747,24,-2.6871901991698177,1.0875028853700248,0.4063196260376545,24,-0.8367500912530126,2.8505904027420956,3.6085415154931466,25,11.613704000000036,150,0.5266666666666666,COMPLETE
334,-9999.0,2026-04-28 12:41:22.349302,2026-04-28 12:41:29.849965,0 days 00:00:07.500663,3,42,13,7,53,0.8,8,82,15,4,2.2,2.1119565676438454,2.349705813805817,159,-2.421986754184866,-2.38094392116805,0.9453213991884053,24,0.8333333333333334,1.9068707402232603,-1.338150953430047,2.3493696189928817,3.49660800000009,29,-0.9933802080343384,1.8880924954501865,2.003851179354643,27,-0.9279859303726634,2.549314539726807,2.3572298957760696,26,-1.620998584617465,2.185906569108289,2.7298255567006047,27,-2.38094392116805,0.9453213991884053,-0.24785942819534057,24,-0.8633115134587285,2.7537347833965033,3.758579679198837,26,14.89576000000028,159,0.5283018867924528,COMPLETE
335,-9999.0,2026-04-28 12:41:29.855175,2026-04-28 12:41:37.289305,0 days 00:00:07.434130,3,48,14,5,53,0.8,9,82,13,5,2.24,1.6105815758747843,0.8594916595516384,127,-2.8928614962646613,-1.770259028447392,0.47616719568249405,16,0.8333333333333334,1.379019458573699,-1.4882365642394761,1.9382830068718142,2.15461680000002,20,-0.9114135299706219,1.4428165426692363,1.0551648410667136,25,-0.44257686415203207,2.8973994276503805,1.676298573692403,16,-1.490613375772162,1.1847493064760835,0.5152063029417064,26,-1.770259028447392,0.47616719568249405,-1.6127365661265158,17,-0.4794220389131494,1.7240739758986974,1.368400005735504,23,5.22271000000003,127,0.5118110236220472,COMPLETE
336,0.48295431326538263,2026-04-28 12:41:37.294337,2026-04-28 12:41:44.797709,0 days 00:00:07.503372,3,48,14,5,53,0.8,8,82,15,4,2.24,1.8459089013135983,1.8882495323446065,154,-2.9079153289623303,-2.9079153289623303,1.2137739718544045,23,1.0,1.707190185690332,-1.7723820293749026,1.5710156527352055,1.7692920000000667,31,-0.9384838717332604,1.5086431483639955,1.016248791433072,23,-0.7348190544071681,1.4962286735149521,0.864605404196972,23,-1.152665983581234,2.408233930374266,2.905548514535705,26,-2.9079153289623303,1.2137739718544045,1.1185243290585012,26,-0.8334059041900038,2.877558031038764,3.655278154843322,25,11.842720000000039,154,0.512987012987013,COMPLETE
337,0.4450493025967246,2026-04-28 12:41:44.802812,2026-04-28 12:41:52.256460,0 days 00:00:07.453648,3,48,14,5,54,0.8,10,82,13,4,2.24,1.7209103211751835,1.2785369541077674,115,-2.093999910954244,-1.7897988586910698,1.2399168052046936,16,1.0,1.5952762808975856,-1.7897988586910698,1.2749259855355857,0.7960152000000331,24,-1.2259568602745463,1.6892721392103887,1.0233087071481517,17,-0.6172925695705852,1.2399168052046936,0.32738395769777995,16,-1.4941059928523024,1.6962079664915475,1.3243857897780487,20,-1.5917200119541235,1.2627413625766766,1.0147110763160105,21,-0.6452442762073125,3.16239766803221,3.18541699370658,17,7.8950124000000566,115,0.4782608695652174,COMPLETE
338,0.47790520260791297,2026-04-28 12:41:52.261588,2026-04-28 12:41:59.772934,0 days 00:00:07.511346,3,42,14,5,54,0.8,9,82,15,4,2.2,1.9744423612770825,1.7197306959292078,124,-1.7452564801910004,-1.6900161752455671,1.1510311135602609,18,1.0,1.8125171549445984,-1.6367796888666952,1.5601481085954727,1.2798320000000363,21,-0.9452546489957512,2.179901429658901,2.0966701445555236,21,-0.6099371964742154,2.276135349226159,1.3133773556396555,18,-1.6900161752455671,1.6970071003962826,1.6116907626254173,22,-1.5314406377010057,1.1510311135602609,0.5355348484218592,20,-0.8450434576149005,2.9824310662254176,3.481279064332754,22,10.745580000000077,124,0.5241935483870968,COMPLETE
