number,value,datetime_start,datetime_complete,duration,params_d_period,params_ema_period,params_k_period,params_left_bars,params_max_separation,params_min_close_ratio,params_min_separation,params_overbought,params_oversold,params_right_bars,params_rr_target,user_attrs_avg_profit_factor,user_attrs_avg_quarter_return,user_attrs_full_total_trades,user_attrs_max_drawdown_pct,user_attrs_max_quarter_drawdown_worst,user_attrs_min_profit_factor,user_attrs_min_trades_per_period,user_attrs_positive_ratio,user_attrs_profit_factor,user_attrs_q_2024-Q1_drawdown,user_attrs_q_2024-Q1_pf,user_attrs_q_2024-Q1_return,user_attrs_q_2024-Q1_trades,user_attrs_q_2024-Q2_drawdown,user_attrs_q_2024-Q2_pf,user_attrs_q_2024-Q2_return,user_attrs_q_2024-Q2_trades,user_attrs_q_2024-Q3_drawdown,user_attrs_q_2024-Q3_pf,user_attrs_q_2024-Q3_return,user_attrs_q_2024-Q3_trades,user_attrs_q_2024-Q4_drawdown,user_attrs_q_2024-Q4_pf,user_attrs_q_2024-Q4_return,user_attrs_q_2024-Q4_trades,user_attrs_q_2025-Q1_drawdown,user_attrs_q_2025-Q1_pf,user_attrs_q_2025-Q1_return,user_attrs_q_2025-Q1_trades,user_attrs_q_2025-Q2_drawdown,user_attrs_q_2025-Q2_pf,user_attrs_q_2025-Q2_return,user_attrs_q_2025-Q2_trades,user_attrs_total_return_pct,user_attrs_total_trades,user_attrs_win_rate,state
463,-9999.0,2026-04-28 15:03:56.863854,2026-04-28 15:04:04.336217,0 days 00:00:07.472363,2,46,12,7,51,0.8,8,81,15,4,2.56,1.76919120749754,2.1261540144220397,185,-4.659438317608265,-4.659438317608265,0.815514804258433,28,0.8333333333333334,1.5466750656621715,-2.040997380016835,3.4589877310399086,7.708287200000075,34,-1.1862253054472696,1.1047777396249558,0.32296493523666925,32,-1.7030463305788155,1.5555168249746052,1.5539140007390317,28,-2.2733550389495085,1.0115780232885545,0.04458913742562132,31,-4.659438317608265,0.815514804258433,-1.2622908331539895,31,-1.7578844236627964,2.6687721217987828,4.389459646284832,29,13.156484400000124,185,0.43783783783783786,COMPLETE
464,-9999.0,2026-04-28 15:04:04.341444,2026-04-28 15:04:11.754611,0 days 00:00:07.413167,2,36,14,7,52,0.8,10,81,15,4,2.66,1.4388053550106161,0.6321388940513872,122,-3.71840187683211,-2.7592791672857166,0.5664385900553898,14,0.6666666666666666,1.2484290950566546,-1.6470824519266676,0.6802646123624582,-0.7682473999999662,21,-0.9226291150852485,2.629895211106835,3.222677737932056,22,-0.6179310897095371,2.057498040094036,1.567131833503943,20,-2.329004669864786,1.3222997319639416,1.07143911528238,25,-2.7592791672857166,0.5664385900553898,-1.820866745577876,20,-0.9285685813871714,1.3764359444810363,0.5206988231677867,14,3.7724604000000106,122,0.4262295081967213,COMPLETE
465,-9999.0,2026-04-28 15:04:11.759677,2026-04-28 15:04:19.234110,0 days 00:00:07.474433,2,43,12,6,51,0.95,8,81,15,4,2.7600000000000002,2.4850120761674437,1.2084095915756061,64,-2.1028491748163893,-2.1028491748163893,1.189594839642145,8,1.0,1.9887934883264975,-1.2914962844453568,1.7700092529463298,0.6324547999999819,9,-1.2626033787249504,2.1261369426751813,1.2649847432719241,11,-0.7211670837087016,3.503895795608442,1.614717722625958,11,-1.362269466954243,2.4094344944840294,2.113479523020212,14,-2.1028491748163893,1.189594839642145,0.5359282509924235,11,-0.3181362652652208,3.911001131648533,1.0888925095431379,8,7.46369999999994,64,0.546875,COMPLETE
466,-9999.0,2026-04-28 15:04:19.239324,2026-04-28 15:04:26.667350,0 days 00:00:07.428026,2,39,11,7,52,0.8,8,81,15,4,2.7800000000000002,1.5897304787732587,1.3835490302448814,179,-4.272600808194813,-4.2106380772926535,0.7935131599508245,23,0.8333333333333334,1.3671407501879729,-1.484741924938754,1.199612833760368,0.708192400000085,32,-1.565596083136919,1.4847768362063853,1.6939044970884387,32,-1.2184968536025031,2.0465114152493586,2.369030988733112,27,-2.246984334958315,1.344929455566437,1.4483407511636903,31,-4.2106380772926535,0.7935131599508245,-1.4039191558980924,34,-1.45805507233646,2.669039171906178,3.485744700382054,23,8.520914600000129,179,0.4022346368715084,COMPLETE
467,-9999.0,2026-04-28 15:04:26.672402,2026-04-28 15:04:34.050807,0 days 00:00:07.378405,2,40,13,7,55,0.9,11,80,14,4,2.7600000000000002,1.468925840199799,0.3152994440444608,75,-3.0378664791113428,-2.5048931034210127,0.2255938027915638,9,0.5,1.1980404487369734,-1.3353894731169529,0.5284324393727878,-0.5876391999999786,9,-0.8978292672522293,3.4513172894236934,2.803327048642057,15,-0.736362575231606,1.518704539047076,0.5760811406001931,14,-1.0176533677111752,2.173052701358957,1.5149672464377595,12,-2.5048931034210127,0.2255938027915638,-2.310828213447691,14,-0.9724129203748455,0.9164542692047158,-0.10411135796557502,11,1.8278063999999539,75,0.4266666666666667,COMPLETE
468,-9999.0,2026-04-28 15:04:34.055931,2026-04-28 15:04:41.511702,0 days 00:00:07.455771,2,39,11,7,52,0.8,9,80,14,4,2.4400000000000004,1.6500978403119895,1.1124454805213884,164,-3.995591062467465,-3.4041081646963818,0.5652859198098552,23,0.6666666666666666,1.3396184408455862,-2.103696775960588,0.5652859198098552,-1.3899547999999484,27,-1.117946324663428,2.1794683994693083,3.173379744075011,29,-1.2313248721796648,2.128692089050473,2.306734193861759,27,-2.212749953152314,1.0294628591692185,0.11494475942492866,29,-3.4041081646963818,0.7293794653339163,-1.5484759863723996,29,-1.1036152455687736,3.268298309039167,4.018044972138979,23,6.714412800000091,164,0.43902439024390244,COMPLETE
469,-9999.0,2026-04-28 15:04:41.516874,2026-04-28 15:04:48.921436,0 days 00:00:07.404562,2,42,11,7,51,0.8,8,80,13,5,2.66,1.9761282281944352,2.222284095930497,156,-2.9340627135358006,-2.8692195759580517,0.8176525806593267,24,0.8333333333333334,1.788075838150283,-2.050308987716833,3.1520911927839013,5.730868200000017,25,-1.1660338149638028,1.5223121899362193,1.3940725401137222,27,-0.5420450530298339,2.5111649389305217,2.334743243646975,24,-1.0241790196585712,1.9323322074234277,2.6996536694456674,28,-2.8692195759580517,0.8176525806593267,-0.8103238482565223,25,-1.1341787173249367,1.9212162594332134,1.984690770633124,27,13.974554799999916,156,0.4551282051282051,COMPLETE
470,-9999.0,2026-04-28 15:04:48.926650,2026-04-28 15:04:56.369969,0 days 00:00:07.443319,3,43,12,6,55,0.8,10,80,13,4,2.74,1.6247297901927238,1.4498278872044654,134,-3.2680541375710512,-3.2680541375710512,0.897297818429696,21,0.8333333333333334,1.5411308972713977,-3.2680541375710512,0.897297818429696,-0.3781709999999272,25,-1.0927095435827527,2.1137611561892533,2.178368156641697,22,-1.5380723112686003,1.5951352343240595,1.2107398361185906,22,-2.0220285835103167,1.8573404370380857,2.0773932232264203,23,-1.952326067633339,1.4112990018054818,1.5076755359793692,21,-1.6862576696817992,1.8735450933697662,2.102961571260642,21,8.995072800000203,134,0.44029850746268656,COMPLETE
471,-9999.0,2026-04-28 15:04:56.375190,2026-04-28 15:05:03.830397,0 days 00:00:07.455207,2,33,12,6,55,0.8,10,80,13,4,2.8,1.665123185048647,1.4622539305831275,131,-3.0028386107983485,-3.0028386107983485,0.5674015507181277,18,0.8333333333333334,1.5565099894070475,-1.8012612099561374,0.5674015507181277,-0.9334219999999949,19,-1.6508339060170258,1.9811890907860235,2.633237215481543,23,-1.3805531216220237,2.301952212113611,2.712241553095529,24,-1.8760536368260292,1.9565982866238507,2.5607961106974164,22,-3.0028386107983485,1.003295248269189,0.015033532564223684,25,-1.0967902820077777,2.1803027217810804,1.7856371716600483,18,9.036164000000069,131,0.45038167938931295,COMPLETE
472,-9999.0,2026-04-28 15:05:03.835633,2026-04-28 15:05:11.288798,0 days 00:00:07.453165,2,41,13,5,51,0.85,9,81,14,4,2.74,1.8137326019185924,1.1130790565845095,107,-2.0526268751949623,-1.5673872152155994,0.7766560334746762,15,0.6666666666666666,1.5519626914310998,-1.5673872152155994,0.8610932819253373,-0.2471469999999365,17,-0.9602636666654556,1.9365473625216347,1.9432496832947788,20,-0.9631512382681024,1.9589921964714334,1.4453446853368357,19,-1.227447120499475,1.7443598071629338,1.486228967697456,17,-1.547005970423786,0.7766560334746762,-0.8045108488322517,19,-0.8844893633587925,3.604746929955538,2.8553088520101744,15,6.8173188000000495,107,0.4485981308411215,COMPLETE
473,-9999.0,2026-04-28 15:05:11.294014,2026-04-28 15:05:18.724668,0 days 00:00:07.430654,2,39,12,6,54,0.8,10,80,14,4,2.7600000000000002,1.3743016261581265,0.697314908828378,142,-3.3466885659567955,-3.3466885659567955,0.42819795569008445,18,0.6666666666666666,1.225895574129704,-2.6879225960319464,0.42819795569008445,-1.843809999999968,25,-1.6010269238301216,2.027668492161903,2.6688171168828267,24,-1.2454088196803124,1.6678135887172434,1.3029402003491342,23,-2.2036972786097997,1.2316904502537052,0.8770952175975122,28,-3.3466885659567955,0.8737768404908012,-0.6265155227986874,24,-1.132351123737493,2.016662429635022,1.8053624409394509,18,4.186642400000062,142,0.4014084507042254,COMPLETE
474,-9999.0,2026-04-28 15:05:18.729920,2026-04-28 15:05:26.139781,0 days 00:00:07.409861,2,45,13,7,50,0.8,10,81,15,5,2.68,1.5380510205114977,1.408770557075604,155,-3.1517523654961326,-2.814154563580914,0.5908593546744854,18,0.8333333333333334,1.4312914699827184,-2.051620612187898,3.2426137473942136,6.357832400000052,27,-1.3768587141951458,1.2459629547885642,0.6810717966456492,29,-0.8750050344222459,1.0699548518829005,0.13789667402965833,18,-1.1772838790914004,1.4732701707344007,1.6262674066659155,29,-2.814154563580914,0.5908593546744854,-2.00592229431682,25,-1.3716936514551328,1.6056450435944216,1.6554773594291694,27,8.555632400000013,155,0.41935483870967744,COMPLETE
475,0.48603131807903854,2026-04-28 15:05:26.144908,2026-04-28 15:05:33.583094,0 days 00:00:07.438186,2,42,12,6,54,0.85,9,81,15,4,2.66,2.163670184048469,1.880455238490127,125,-1.5606265229225016,-1.4735313680606539,1.0950452140553635,17,1.0,1.844084445341598,-1.4003942912418919,2.0038089637863146,2.099717400000034,21,-1.4698070802687226,1.4114976340049383,1.1336448615870909,25,-1.2095186167320722,2.556877114944646,2.365972362115687,22,-1.3430319068895868,1.7239262394539188,1.6876900639704484,20,-1.4735313680606539,1.0950452140553635,0.3356061242081765,20,-0.8458511652313547,4.190865938045634,3.6601006190593255,17,11.792045400000074,125,0.48,COMPLETE
476,-9999.0,2026-04-28 15:05:33.589208,2026-04-28 15:05:41.033400,0 days 00:00:07.444192,2,42,10,6,56,0.8,11,79,12,4,2.5,1.519019104715449,1.187520972584568,138,-2.9740940778503866,-2.5166474884598142,0.7919343612423034,21,0.8333333333333334,1.428249777487951,-2.0375084278881572,2.187783492802502,2.775755000000002,21,-0.9973313427175114,1.8176070969682154,1.745971119355949,22,-1.2747039527743638,1.2224144036760658,0.4924969534817025,24,-2.5166474884598142,0.7919343612423034,-0.6912534158594164,25,-2.3775951184329314,1.0609616499404488,0.2388251147795284,23,-1.8550530234141709,2.0334136236631593,2.563331063749641,23,7.289475000000056,138,0.43478260869565216,COMPLETE
477,0.45215207368770766,2026-04-28 15:05:41.038516,2026-04-28 15:05:48.432923,0 days 00:00:07.394407,2,41,12,7,28,0.8,8,81,13,4,2.62,1.7198702520251914,1.526448705225895,146,-4.10871668094207,-4.10871668094207,1.0227170833595376,23,1.0,1.5002980576712739,-1.3646970223687556,1.5415132612767872,1.4714594000000414,27,-1.0138421101476223,1.7419544144402122,1.7884668366167311,24,-1.4636071026368167,1.1497947527499537,0.33924111333827334,23,-2.1242559615062073,1.2889237423307929,1.036465366731587,24,-4.10871668094207,1.0227170833595376,0.12765446617299947,25,-1.0770044344348555,3.574318257993865,4.395405048495737,23,9.452796600000092,146,0.4315068493150685,COMPLETE
478,-9999.0,2026-04-28 15:05:48.438145,2026-04-28 15:05:55.840901,0 days 00:00:07.402756,2,42,13,7,32,0.8,11,81,13,4,2.46,1.4667722956616551,0.9428637569572795,117,-3.8828503575520186,-3.6658507945014724,0.7776284359698528,18,0.8333333333333334,1.374403842056605,-2.0463530439360977,2.0677635037699442,2.5915688000000436,22,-1.0032088666007617,1.5284267104624827,0.9659620294256044,18,-1.0566786908658647,1.0653961730785098,0.10630939737572564,18,-1.7993607583654758,1.3059688726038754,0.7513467507712646,20,-3.6658507945014724,0.7776284359698528,-0.9859107015833368,20,-1.6627375282374321,2.0554500780852667,2.227906265754376,19,5.746361400000044,117,0.4358974358974359,COMPLETE
479,-9999.0,2026-04-28 15:05:55.846158,2026-04-28 15:06:03.273623,0 days 00:00:07.427465,2,43,11,7,29,0.8,8,81,13,4,2.68,1.416758399827235,0.9739031495637152,160,-4.797110570880685,-4.653869380656863,0.7843254636826081,24,0.8333333333333334,1.2722606505319787,-1.677741666138789,1.412501761432865,1.252891600000039,28,-1.2651005684844425,1.30685507944491,0.8619305446088132,28,-1.4799666693423037,1.0118087976587553,0.02832903208822568,24,-2.1959150582416966,1.073716501645758,0.27075445342557014,25,-4.653869380656863,0.7843254636826081,-1.4534423752251335,28,-1.8793584094270885,2.911342795098514,4.882955642484776,27,5.871333600000206,160,0.4125,COMPLETE
480,-9999.0,2026-04-28 15:06:03.278819,2026-04-28 15:06:10.698074,0 days 00:00:07.419255,2,39,12,6,32,0.85,9,81,15,4,2.8,1.9087944927897844,1.4007282476600436,105,-2.146550348535341,-1.6117766185146958,0.7438584162252956,14,0.8333333333333334,1.7356203774200623,-1.6117766185146958,0.7438584162252956,-0.49569799999997777,17,-1.0334621200026968,1.8623536998226893,2.150331148496498,23,-0.9028394425649988,2.197438642528824,1.4635299481698727,17,-1.009575896029108,2.4487337423608695,2.330778189303917,14,-1.266948389964176,1.0304043790267678,0.08800086022375808,17,-0.8697304154497751,3.16997807677426,2.867427339766193,17,8.657016000000084,105,0.45714285714285713,COMPLETE
481,0.4398621056013645,2026-04-28 15:06:10.703057,2026-04-28 15:06:18.126390,0 days 00:00:07.423333,2,42,12,7,28,0.8,8,79,12,4,2.58,1.4626397315584967,1.2068730580618598,141,-2.61635256878767,-2.61635256878767,1.0901422531380571,22,1.0,1.4066889959281605,-1.2411525023592662,1.4630160273475943,1.200054200000067,25,-1.0166199032135437,1.2525142752729532,0.6554688189090108,23,-1.4853008271888715,1.0901422531380571,0.21474310068358982,24,-2.2056044743499075,1.1120412041417296,0.41180977040233824,24,-2.61635256878767,1.2746851263835635,1.2161338343243067,22,-1.851345683892313,2.5834395030670816,3.543028624051847,23,7.424945400000182,141,0.41843971631205673,COMPLETE
482,-9999.0,2026-04-28 15:06:18.131640,2026-04-28 15:06:25.545291,0 days 00:00:07.413651,2,45,11,7,31,0.8,10,78,11,4,2.5,1.099204563580038,0.28136993470018373,128,-3.2807764604692395,-2.6721728681501316,0.4790338714742205,19,0.6666666666666666,1.096900105551122,-2.6721728681501316,0.4790338714742205,-1.6092800000000018,23,-1.1813366072161786,1.398311422023908,0.8391035252105494,21,-1.5320839205460461,0.5484881004129567,-1.0050312287333107,19,-1.5558914042724172,1.1173319362610292,0.3237860961249117,20,-2.0377633878465486,1.1444479335249655,0.6068774950289013,22,-1.9551302529649608,1.9076141177831485,2.5327637205700526,23,1.646045000000096,128,0.3828125,COMPLETE
483,-9999.0,2026-04-28 15:06:25.550487,2026-04-28 15:06:33.003143,0 days 00:00:07.452656,2,37,12,7,28,0.8,8,79,11,3,2.4800000000000004,1.4068369476944522,0.9354094562746681,141,-2.024027702519083,-2.024027702519083,0.995027423684462,17,0.8333333333333334,1.328727564746038,-1.3351485526040339,0.995027423684462,-0.018431599999968462,28,-2.024027702519083,1.3638738547646676,1.0637920738999496,27,-0.4084073758040707,2.066593509758306,2.0238696350718177,28,-1.3271829364098489,1.5470246493765674,1.2545939047614585,17,-1.6296195825922855,1.0534056710654356,0.19237973799510755,19,-1.2291458903641328,1.4150965775172748,1.0962529859196435,22,5.730872000000109,141,0.40425531914893614,COMPLETE
484,-9999.0,2026-04-28 15:06:33.008508,2026-04-28 15:06:40.428127,0 days 00:00:07.419619,2,38,13,7,28,0.85,8,80,13,4,2.4800000000000004,1.9793094168752843,1.281867427873031,102,-2.02087350909122,-1.6096029982974873,0.7936285773837332,14,0.8333333333333334,1.73164198590544,-1.3666891035160984,1.2112900081868316,0.3793860000000038,17,-0.4853931665800699,3.0225228923730754,2.768080689395691,21,-0.8971880922868034,1.827486942286201,1.2347734448015624,19,-1.1856881486063777,1.9692684123583013,1.7024146824578645,14,-1.6096029982974873,0.7936285773837332,-0.605952399209142,15,-1.0322479684169754,3.051659668663562,2.212502149792206,16,7.901667599999995,102,0.4803921568627451,COMPLETE
485,-9999.0,2026-04-28 15:06:40.433317,2026-04-28 15:06:47.829811,0 days 00:00:07.396494,2,43,11,7,30,0.85,9,81,15,4,2.58,1.5642008353233772,0.873874823866827,121,-2.7195123314085285,-1.8087899824065403,0.540948293116882,17,0.6666666666666666,1.3603585277877606,-1.8087899824065403,0.540948293116882,-1.238475599999922,21,-1.2971024242852371,1.4161459467031843,1.1730912488832068,27,-1.2631378336457404,1.1323695711160031,0.22946997588288998,18,-1.2244590703562055,1.5371202891759699,1.2819315301599854,17,-1.7040506025460451,0.8989574689672741,-0.3539016106283155,19,-0.8981265300998811,3.8596634428609504,4.151133398903117,19,5.2699732000002,121,0.4297520661157025,COMPLETE
486,-9999.0,2026-04-28 15:06:47.835193,2026-04-28 15:06:55.295975,0 days 00:00:07.460782,2,43,11,6,28,0.85,8,81,15,4,2.7600000000000002,1.6550487090013881,0.9243408365971503,121,-3.1093529916387577,-2.3280052365256716,0.817671325931705,16,0.5,1.3706471370095872,-2.302662389870087,0.817671325931705,-0.5072875999999837,23,-1.1709053697775065,1.635150312209197,1.6531779668317315,27,-1.2476019911583127,0.9365245850159278,-0.12790982067344414,19,-1.1899756029567814,1.649031394336956,1.5358572212960553,17,-2.3280052365256716,0.8438471901369179,-0.6261217393067398,19,-0.8961295884595908,4.048067446377625,3.6183289914352823,16,5.605037200000074,121,0.4214876033057851,COMPLETE
487,0.471936160746516,2026-04-28 15:06:55.301031,2026-04-28 15:07:02.733565,0 days 00:00:07.432534,3,42,13,7,55,0.8,11,79,13,4,2.62,1.9742778780484214,1.6803837602368663,120,-2.4876895703478876,-2.16772565533741,1.091234557841898,18,1.0,1.7859680393868755,-2.0384087143118435,1.2656279263759311,0.7324026000000705,21,-1.1700850635637103,1.7753174526894338,1.5215270959893168,20,-0.7868983412965028,3.041754739814401,2.5736892494128583,21,-1.33291851650346,2.622724544505619,2.6083127940062845,21,-2.16772565533741,1.091234557841898,0.2704781285594038,18,-1.6644434584854182,2.049008047063245,2.375892693453263,19,10.488389800000197,120,0.48333333333333334,COMPLETE
488,-9999.0,2026-04-28 15:07:02.739063,2026-04-28 15:07:10.118178,0 days 00:00:07.379115,2,44,10,6,28,0.9,8,79,13,4,2.64,1.9369371304266103,1.1431781130861924,94,-2.7200767936945716,-1.970783175184027,0.8530528198250065,12,0.8333333333333334,1.701146961482446,-1.1734622138391135,2.5076231116069745,1.6216748000000392,14,-1.1438698696036698,2.096741786311789,1.9160719441321916,21,-0.8933811623375272,1.152703490986666,0.22950459591613015,18,-0.952405286345657,2.1548524344569038,1.4851938810498844,12,-1.970783175184027,0.8530528198250065,-0.43678982156418744,15,-1.0551636954554724,2.8566491393723235,2.043413278983097,14,7.031389200000171,94,0.48936170212765956,COMPLETE
489,-9999.0,2026-04-28 15:07:10.123441,2026-04-28 15:07:18.805516,0 days 00:00:08.682075,2,49,12,7,55,0.8,9,79,12,4,2.56,1.3891547098891783,1.2310397819626486,164,-5.2535244332839195,-4.250601146883741,0.6078158209255019,23,0.6666666666666666,1.3231467324635326,-2.036550863746366,2.5693664825476255,5.375582400000067,29,-1.539825603425588,0.8174238922018858,-0.4924719637895647,23,-1.5162617959906293,1.2337732430753123,0.6817453039586807,27,-1.7002910629343064,1.0938432782171088,0.3152998905602278,28,-4.250601146883741,0.6078158209255019,-2.2866692346691697,26,-1.8514510408787404,2.0127055423676357,3.792752295715651,31,7.407518400000157,164,0.3902439024390244,COMPLETE
490,-9999.0,2026-04-28 15:07:18.811551,2026-04-28 15:07:26.245097,0 days 00:00:07.433546,3,40,12,6,29,0.85,8,80,14,4,2.66,2.3705679677772,1.7694505565931902,101,-1.736939040367054,-1.4541483874474481,0.9005617205000734,14,0.8333333333333334,2.073384489023759,-1.4541483874474481,1.1696434558567124,0.3015616000000554,16,-1.0229485661979527,2.372976615294867,2.8155848771949765,23,-0.6082079970085643,2.188029330754821,1.572647349421663,19,-1.0806081561533856,4.700945870242637,4.036479180849617,15,-1.334925660629044,0.9005617205000734,-0.246850237461127,14,-0.713385813979128,2.8912508140140893,2.1372805695539565,14,11.029905800000094,101,0.504950495049505,COMPLETE
491,-9999.0,2026-04-28 15:07:26.250138,2026-04-28 15:07:33.625914,0 days 00:00:07.375776,3,42,14,7,55,0.8,13,80,14,4,2.5,2.1681565295891776,1.4942111159142566,95,-2.1173137793424632,-1.8346751923112046,0.8677667488253277,13,0.8333333333333334,1.9364790949355892,-1.58055778025922,2.0882107749487853,1.5664250000000157,14,-1.0091085169792002,2.112217787354963,1.7888096386183383,18,-0.7662078892286814,2.2217525741789617,1.551711638407971,17,-0.928541077852889,4.05146262188515,3.353376519758844,18,-1.8346751923112046,0.8677667488253277,-0.32731200042319664,15,-1.5289641712245607,1.6675286703418766,1.0322558991235686,13,9.269345000000095,95,0.5052631578947369,COMPLETE
492,-9999.0,2026-04-28 15:07:33.631186,2026-04-28 15:07:41.049095,0 days 00:00:07.417909,3,46,12,7,55,0.8,9,79,12,4,2.66,1.6713246461482834,1.5357049414354746,145,-2.4421991475180067,-2.2843000394188957,0.4767770490780694,19,0.8333333333333334,1.581784977049113,-2.2843000394188957,0.4767770490780694,-1.845318399999929,25,-1.2918719070680804,2.124791462057249,2.4502668245627968,26,-1.5349350974015845,1.56189266758731,1.3433382896047563,25,-1.3591443830312526,1.8868589743589799,2.06077993232634,26,-1.9667982332772043,1.5803461811387969,1.8635390277125463,19,-1.6779925736920092,2.3972815426692935,3.341623974406338,24,9.489442400000181,145,0.46206896551724136,COMPLETE
