number,value,datetime_start,datetime_complete,duration,params_d_period,params_ema_period,params_k_period,params_left_bars,params_max_separation,params_min_close_ratio,params_min_separation,params_overbought,params_oversold,params_right_bars,params_rr_target,user_attrs_avg_profit_factor,user_attrs_avg_quarter_return,user_attrs_full_total_trades,user_attrs_max_drawdown_pct,user_attrs_max_quarter_drawdown_worst,user_attrs_min_profit_factor,user_attrs_min_trades_per_period,user_attrs_positive_ratio,user_attrs_profit_factor,user_attrs_q_2024-Q1_drawdown,user_attrs_q_2024-Q1_pf,user_attrs_q_2024-Q1_return,user_attrs_q_2024-Q1_trades,user_attrs_q_2024-Q2_drawdown,user_attrs_q_2024-Q2_pf,user_attrs_q_2024-Q2_return,user_attrs_q_2024-Q2_trades,user_attrs_q_2024-Q3_drawdown,user_attrs_q_2024-Q3_pf,user_attrs_q_2024-Q3_return,user_attrs_q_2024-Q3_trades,user_attrs_q_2024-Q4_drawdown,user_attrs_q_2024-Q4_pf,user_attrs_q_2024-Q4_return,user_attrs_q_2024-Q4_trades,user_attrs_q_2025-Q1_drawdown,user_attrs_q_2025-Q1_pf,user_attrs_q_2025-Q1_return,user_attrs_q_2025-Q1_trades,user_attrs_q_2025-Q2_drawdown,user_attrs_q_2025-Q2_pf,user_attrs_q_2025-Q2_return,user_attrs_q_2025-Q2_trades,user_attrs_total_return_pct,user_attrs_total_trades,user_attrs_win_rate,state
184,-9999.0,2026-04-28 13:25:41.126102,2026-04-28 13:25:48.810330,0 days 00:00:07.684228,2,39,11,5,55,0.95,12,87,15,3,2.7600000000000002,1.8559316531484058,0.27768151217158105,35,-2.548156349199474,-1.6855079917777502,0.0,2,0.6666666666666666,1.3437622821909596,-1.21114526853412,0.0,-0.6348999999999938,2,-1.5827044715678498,1.499970768869631,0.664434897162125,8,-0.4114760174642177,1.6060893674201615,0.3562358139163724,9,-0.5134828544320911,5.0,1.3839016445500896,3,-1.6855079917777502,0.16282453065685376,-1.2720077609353564,5,-0.37821901839448663,2.8667052519437872,1.1684244783362496,8,1.6502824000000027,35,0.42857142857142855,COMPLETE
185,-9999.0,2026-04-28 13:25:48.815237,2026-04-28 13:25:56.506318,0 days 00:00:07.691081,3,45,11,6,56,0.9,10,85,11,3,2.7,1.923250077967573,0.7793989846300456,70,-2.185090940073594,-1.8903915881614837,0.14162609380372257,10,0.8333333333333334,1.5429660822595492,-1.8903915881614837,0.14162609380372257,-1.5479399999999588,11,-1.7211260376337851,1.42182079166977,0.5283210935353333,12,-0.5459698798368533,3.6681187731978495,1.3799935321233026,10,-1.0157528657861008,3.747942993609054,2.83254064439169,11,-1.1172734199197647,1.5250983299791494,1.441397707899661,16,-1.8163588547948886,1.034893485545892,0.04208092983024603,10,4.711409000000044,70,0.45714285714285713,COMPLETE
186,-9999.0,2026-04-28 13:25:56.511253,2026-04-28 13:26:04.132035,0 days 00:00:07.620782,2,60,12,7,36,0.85,12,79,12,3,2.5,1.4580927036069422,0.3966344757610189,99,-3.1600049800572827,-1.912147813236092,0.63138305181876,9,0.5,1.1546864110227486,-1.3001843901276677,1.940362786339634,1.9269350000000074,16,-1.8272750399960564,0.63138305181876,-1.2369056324513128,20,-1.024185507730729,2.0198448159368394,0.9296368060796922,9,-1.1901113948622606,2.5980890646835872,2.52115545925391,18,-1.7268532142894402,0.6449258115770524,-1.5468411844947294,21,-1.912147813236092,0.9139506912857811,-0.21417359382145396,15,2.3326850000000343,99,0.3939393939393939,COMPLETE
187,-9999.0,2026-04-28 13:26:04.136836,2026-04-28 13:26:11.779701,0 days 00:00:07.642865,2,34,10,7,51,0.85,11,81,15,4,2.68,2.2014744796933456,1.3557110831394343,108,-2.4415123981384284,-2.4415123981384284,0.8542103246796141,12,0.8333333333333334,1.633472502499779,-1.1153414260183812,1.244088323667135,0.34931480000004456,14,-1.6298871062584737,1.829211728617232,2.410927872125379,25,-0.6272580162857483,5.0,2.4158554696562584,12,-1.1898185536697217,2.7433392320767247,2.845422869920222,18,-2.4415123981384284,0.8542103246796141,-0.6714678526558271,24,-0.9208257039313155,1.5379972691193677,0.7842133397905293,15,8.3625972000001,108,0.4722222222222222,COMPLETE
188,-9999.0,2026-04-28 13:26:11.784507,2026-04-28 13:26:19.464172,0 days 00:00:07.679665,3,40,11,6,60,0.9,10,87,12,4,2.22,2.587906419458856,1.1458295369313605,65,-1.5620522813794855,-1.1418499305044776,0.478571842854958,4,0.6666666666666666,2.1833464555007156,-0.9790147907548093,0.478571842854958,-0.305666399999982,4,-0.4679029767531189,4.569717149250256,2.672355492830114,13,-0.854573969531381,4.033257807915532,1.8179658997533599,14,-0.980222440493814,2.7379592187017394,1.9431509942553715,12,-1.1418499305044776,0.8230000634396906,-0.36764913782383335,12,-0.5930198494023953,2.884932434590958,1.1148203725731332,10,7.033977000000036,65,0.6,COMPLETE
189,-9999.0,2026-04-28 13:26:19.468954,2026-04-28 13:26:27.100511,0 days 00:00:07.631557,2,52,12,6,41,0.95,12,84,12,5,2.3800000000000003,1.7779780802473475,0.6640450255513816,46,-2.0447218932644002,-2.0447218932644002,0.2984533078098597,5,0.5,1.6917020867408075,-2.0447218932644002,5.0,5.097695599999974,13,-1.0410112559365934,0.30260678618698966,-0.8823843326969949,9,-0.8100828735245351,0.3225894871249246,-0.4583577684739826,5,-0.9166323498908159,1.8426176229899978,0.7646083070801613,7,-1.1368088195463322,0.2984533078098597,-0.94001321409517,7,-0.27417790460041847,2.9016012773723134,0.4027215614943014,5,3.9203529999999764,46,0.391304347826087,COMPLETE
190,-9999.0,2026-04-28 13:26:27.105299,2026-04-28 13:26:34.785770,0 days 00:00:07.680471,2,52,12,7,55,0.8,10,90,10,3,2.66,1.0924174800723228,-0.24109258577744708,130,-4.377366239965031,-3.1163183703660717,0.39161080428107414,12,0.5,0.9173215099715109,-3.1163183703660717,0.39161080428107414,-2.659183999999981,29,-2.066972425272794,0.7888335506197741,-0.5441189233506782,21,-1.0623653879831776,1.61627830217404,1.0453242531024642,18,-1.241743015591321,1.790146910134186,1.8693616724500872,22,-2.5155191152507337,0.720071178887123,-1.595961131284962,28,-2.1389099056600114,1.24756413433774,0.4380226144183874,12,-1.5090477999999852,130,0.3384615384615385,COMPLETE
191,-9999.0,2026-04-28 13:26:34.790561,2026-04-28 13:26:42.487385,0 days 00:00:07.696824,2,38,10,5,43,0.8,14,89,15,3,2.4200000000000004,1.485392344472465,0.46579214036833366,86,-2.086023130277777,-2.086023130277777,0.7906148354613216,10,0.8333333333333334,1.283962006828115,-0.45126268939421094,3.055577510694532,1.2108995999999372,10,-2.086023130277777,1.6338459699010066,1.2047099717707344,17,-0.9506281899941278,0.7906148354613216,-0.4129006979732841,18,-1.3408981693853013,1.193032068076997,0.43696888781517007,17,-0.925270225343279,1.1327656298791793,0.17844240355804342,10,-0.7900353389611668,1.106518052821756,0.1766326770394011,14,2.8171103999999003,86,0.4418604651162791,COMPLETE
192,-9999.0,2026-04-28 13:26:42.492160,2026-04-28 13:26:50.160798,0 days 00:00:07.668638,3,56,13,5,44,0.85,12,90,11,4,2.68,0.8588051686912054,-0.18911873958847858,68,-4.727845036501783,-2.2059747248945456,0.32445267206024325,9,0.5,0.8944335039321859,-1.852011073622039,1.1027853819299223,0.189313199999952,12,-1.272356651176847,0.4546016331164597,-0.6233283571405845,9,-1.089175306371984,0.48379688029559453,-0.6271959265670257,10,-2.149613078135414,1.4198391587831347,0.9814205365604289,13,-2.2059747248945456,0.32445267206024325,-1.7458715545128567,12,-1.8636921139659337,1.3673552859618776,0.6909496641292145,12,-1.154680000000008,68,0.38235294117647056,COMPLETE
193,-9999.0,2026-04-28 13:26:50.165807,2026-04-28 13:26:57.869222,0 days 00:00:07.703415,3,31,11,7,47,0.95,9,89,14,4,2.2,2.5731596708933133,0.3253976191982218,12,-0.7252514252094097,-0.7252514252094097,0.0,0,0.6666666666666666,2.7345934058169235,0.0,0.0,0.0,0,-0.7252514252094097,2.906457125248519,0.6805479999999697,2,-0.3771532908223899,0.40283366691247185,-0.22522324769230773,3,-0.6753052153331153,4.323962962963021,0.893415750796156,3,-0.2508166250823339,5.0,0.38086353576929355,1,-0.19460129169996343,2.8057042702358688,0.22278167631621937,3,1.9639239999999614,12,0.5833333333333334,COMPLETE
194,-9999.0,2026-04-28 13:26:57.874191,2026-04-28 13:27:05.544920,0 days 00:00:07.670729,2,31,12,5,47,0.8,8,89,15,5,2.22,1.804891603733082,1.0473471565683974,106,-2.003154673537951,-2.003154673537951,0.517742451869743,13,0.6666666666666666,1.5862510895992903,-1.2014499461173171,0.997208198315799,-0.005539799999987327,17,-0.7896979529337447,2.576206621804509,3.2840823315929857,23,-1.0252402910841385,1.7511644531836226,0.8729443368024059,15,-0.7057233751099965,2.809254036142251,1.802864450566255,13,-2.003154673537951,0.517742451869743,-1.3890178694995536,19,-0.634652787168228,2.1777738610825663,1.7187494899482791,19,6.382533200000173,106,0.5,COMPLETE
195,-9999.0,2026-04-28 13:27:05.549838,2026-04-28 13:27:13.206733,0 days 00:00:07.656895,2,50,12,6,41,0.9,12,87,11,3,2.66,1.2417558836987443,0.2121431345451156,66,-2.4228494071626643,-1.8359994181437123,0.14214610529173757,9,0.6666666666666666,1.1415043628990758,-1.8251852678882925,0.14214610529173757,-1.5167199999999603,10,-1.3266661416655323,0.6924260888081094,-0.3813502149806136,11,-0.42544477393544183,2.0983248443689773,0.7714873486329266,10,-1.2350726016120372,2.133098175447981,1.5440179426645884,11,-1.1172881131013408,1.3076980372502782,0.7522137701750697,15,-1.8359994181437123,1.0768420510253829,0.10320996077868294,9,1.2506382000001093,66,0.3939393939393939,COMPLETE
196,-9999.0,2026-04-28 13:27:13.211655,2026-04-28 13:27:20.823494,0 days 00:00:07.611839,2,39,11,5,38,0.8,15,90,14,3,2.62,1.181412670352494,0.2884157250113502,69,-2.0710836440149776,-1.998341834278198,0.37951162753881695,9,0.8333333333333334,1.1993835483250976,-1.2025543275588089,0.37951162753881695,-0.7839125999999808,9,-1.998341834278198,1.5062821368738317,0.8101956255937237,13,-0.6049865723560848,1.074655711337673,0.09838259057877163,12,-1.266366706494252,1.3628904687386418,0.6995000536065277,14,-0.9578264916367939,1.0363788890467,0.05079833344896478,9,-0.7108156996983536,1.7287571885793,0.8555303468400943,12,1.7328483999998978,69,0.4057971014492754,COMPLETE
197,-9999.0,2026-04-28 13:27:20.828321,2026-04-28 13:27:28.511766,0 days 00:00:07.683445,2,40,10,5,42,0.95,12,81,15,4,2.64,1.8794158989249719,0.5454966874007224,41,-1.4271814531054576,-1.4271814531054576,0.7449529323469465,3,0.6666666666666666,1.6400805905839262,-0.9264783785024185,0.7449529323469465,-0.11894120000000008,3,-0.896164204150264,4.637467300832395,1.960161840014485,7,-0.3201299310206592,1.056826660308465,0.030424133887718696,7,-0.7914768677864786,1.9083711849746146,0.7216508470990757,7,-1.4271814531054576,0.9062988951387344,-0.17712934927653912,9,-0.6852031254377764,2.0225784199486765,0.8568138526795943,8,3.300850799999977,41,0.4878048780487805,COMPLETE
198,-9999.0,2026-04-28 13:27:28.516817,2026-04-28 13:27:36.212737,0 days 00:00:07.695920,2,35,14,5,34,0.8,10,80,14,3,2.5,1.3892557234718688,0.5857004665491772,106,-3.012171099051114,-2.4795484705281265,0.4579667005606532,15,0.6666666666666666,1.246496446845186,-1.5572117126970977,0.4579667005606532,-0.9541900000000325,15,-2.4795484705281265,1.5204448926167387,1.5736859540045112,26,-0.5333265794723361,2.7719001364550357,1.9618957326750897,17,-1.9174365158303686,1.5885786725292703,1.3284445769611297,15,-2.401556345512811,0.8601150839125723,-0.6083310972877287,18,-0.9989481987652757,1.136528854756942,0.21269763294209376,15,3.5283599999998305,106,0.3867924528301887,COMPLETE
199,-9999.0,2026-04-28 13:27:36.217542,2026-04-28 13:27:43.820204,0 days 00:00:07.602662,3,51,13,7,39,0.8,16,88,12,4,2.4400000000000004,1.2840945344662502,0.1496763394482107,70,-3.228140312710581,-2.004283779843455,0.12411217620045248,9,0.3333333333333333,1.0894033557112415,-1.2781136522821495,3.936316580813373,3.3004492000000107,14,-0.7198111324625553,0.9130571062030072,-0.09709618958748667,14,-1.3011661392890723,0.5778131088132276,-0.6005599891172442,10,-1.4651069565453059,1.3815379877587033,0.5797288529168831,12,-2.004283779843455,0.12411217620045248,-1.9040733736406468,9,-1.7030412462794766,0.7717302470087369,-0.38039046388225195,11,0.8255336000000169,70,0.4,COMPLETE
200,-9999.0,2026-04-28 13:27:43.825029,2026-04-28 13:27:51.450285,0 days 00:00:07.625256,2,59,12,6,53,0.85,12,84,11,3,2.68,1.2096422937659124,0.03150677453389964,88,-3.2178014844619263,-2.205871298757535,0.5248596322626362,7,0.3333333333333333,1.0083014779918218,-1.4580180084411272,0.8967406814566078,-0.21159280000001557,14,-1.6823725228503517,0.5963301189068533,-1.101580464950025,16,-0.8368823599347531,0.9585350986037213,-0.034876779615000686,7,-1.221312755363583,2.7950336893591903,2.916457595782207,18,-2.205871298757535,0.5248596322626362,-2.2058712987575335,21,-1.9554878468230836,1.4863545420064657,0.8265043947437656,12,0.11295240000011031,88,0.36363636363636365,COMPLETE
201,-9999.0,2026-04-28 13:27:51.455236,2026-04-28 13:27:59.108755,0 days 00:00:07.653519,2,53,12,6,55,0.95,10,90,11,5,2.68,2.14035140245187,0.7682344558271584,46,-2.252640246107498,-2.042926454721804,0.0,4,0.5,1.8186081637571092,-2.042926454721804,4.133240161425763,3.470470800000003,12,-0.6094465416586279,0.8511078057531456,-0.15962776502604914,9,-0.6977713284391114,0.0,-0.6474595004141048,4,-1.1006552486774728,2.7280554433181092,1.9167869994933362,10,-1.35342490983094,0.12970500421420136,-1.1648054901947424,6,-0.5887610467474471,5.0,1.1940416911045082,5,4.619798799999986,46,0.391304347826087,COMPLETE
202,-9999.0,2026-04-28 13:27:59.114107,2026-04-28 13:28:06.741942,0 days 00:00:07.627835,3,44,11,7,52,0.95,11,89,13,5,2.3600000000000003,2.8778117498088016,0.6061723278063091,33,-1.7452147020272122,-1.505216974757446,0.0,3,0.6666666666666666,2.102923144679131,-0.9273416742926451,0.5663645255950654,-0.21279359999999414,3,-0.4573763324578308,4.244226685429049,1.7789939853451342,8,-0.5913670872419161,2.6888604651162713,0.7436396638335951,6,-0.5095854473758122,4.767418822712426,1.6964080062759734,7,-1.505216974757446,0.0,-1.3158916681764055,5,-0.04130549967623293,5.0,0.9466775795595517,4,3.6562563999999798,33,0.5454545454545454,COMPLETE
203,-9999.0,2026-04-28 13:28:06.747237,2026-04-28 13:28:14.363731,0 days 00:00:07.616494,2,34,10,7,42,0.9,17,88,12,4,2.3800000000000003,3.3446428392953904,1.152869614353232,36,-1.0653483319661068,-1.0653483319661068,0.7242168582958748,4,0.8333333333333334,3.6588852898133095,-0.2810945102541184,5.0,0.7282463999999989,4,-0.7200277894607688,5.0,3.728108782006889,8,-0.16921356929208722,2.4359019066733185,0.438232235796443,5,-1.0653483319661068,0.7242168582958748,-0.20707902718426485,4,-0.3775793518155889,4.78510685065319,1.7758804948246665,9,-0.36943460359131286,2.1226314201499563,0.45382880067565967,6,7.067556399999919,36,0.6111111111111112,COMPLETE
204,-9999.0,2026-04-28 13:28:14.368763,2026-04-28 13:28:21.999845,0 days 00:00:07.631082,3,33,11,7,57,0.95,15,89,14,5,2.22,3.3333333333333335,0.521282396843357,11,-0.7241498981814567,-0.7241498981814567,0.0,1,0.6666666666666666,4.9839660027907575,0.0,5.0,0.15269380000000332,1,-0.7241498981814567,5.0,2.5669218694544638,5,-0.4085818518945936,0.0,-0.3064828321835078,2,-0.3420305374625255,5.0,0.6775648599842032,1,-0.13980376388153057,0.0,-0.1129942509902393,1,0.0,5.0,0.14999093479521886,1,3.140560399999992,11,0.6363636363636364,COMPLETE
205,-9999.0,2026-04-28 13:28:22.004577,2026-04-28 13:28:29.714439,0 days 00:00:07.709862,2,37,14,5,49,0.8,8,86,14,5,2.4000000000000004,1.398880507236025,0.25772201625054825,113,-4.5844993648251835,-4.536009520685791,0.06016709655960568,16,0.8333333333333334,1.100229901917919,-1.4768704486171453,1.1613068095232675,0.27521200000002466,16,-1.0487430501985762,2.1175096095488457,2.6441709243157696,24,-0.47889480402282186,2.4593152616734515,1.4477648453762981,16,-1.4502203919640042,1.139822924637893,0.3377291906179414,19,-4.536009520685791,0.06016709655960568,-4.07250236190052,17,-1.3991771531714605,1.4551613414730882,0.913957499093776,21,1.421256000000004,113,0.4336283185840708,COMPLETE
206,-9999.0,2026-04-28 13:28:29.719318,2026-04-28 13:28:37.339809,0 days 00:00:07.620491,3,37,13,7,53,0.95,15,90,14,5,2.52,2.6971679842111516,0.8022271114192921,17,-0.5809392239198004,-0.5809392239198004,0.0,1,0.6666666666666666,5.0,-0.22063835006340543,0.0,-0.0977900000000087,1,-0.35259065092159814,5.0,3.2661936107319267,6,-0.1713752470434425,1.1830079052669094,0.0545288476785144,3,-0.3370879095271384,5.0,1.4381776199640983,3,-0.5809392239198004,0.0,-0.3910283154010319,1,-0.00708186437034862,5.0,0.5432809055422538,3,4.8631655999999746,17,0.7058823529411765,COMPLETE
207,-9999.0,2026-04-28 13:28:37.344657,2026-04-28 13:28:44.969974,0 days 00:00:07.625317,2,39,12,5,42,0.85,14,87,13,3,2.5,1.2169559029083505,0.19992877996851122,60,-2.1446470043981654,-2.1446470043981654,0.4775166097289878,8,0.6666666666666666,1.1654242783610913,-0.8558953957883445,0.4775166097289878,-0.49858500000000694,8,-2.1446470043981654,1.1531594773265144,0.2784784517888772,14,-0.43252573181690485,1.766364225534656,0.5925624963011744,10,-0.8193563909506849,1.4415503158399883,0.5132721505596738,9,-1.0814585308285392,0.929612656595408,-0.12118758080064129,10,-0.5109618505872114,1.533532132424549,0.4350321619619901,9,1.2010149999999609,60,0.4,COMPLETE
208,-9999.0,2026-04-28 13:28:44.974896,2026-04-28 13:28:52.581535,0 days 00:00:07.606639,3,39,12,7,37,0.95,12,82,15,5,2.3400000000000003,3.2513453570889297,0.7498770052767982,30,-1.5926989573885286,-1.5926989573885286,0.0,3,0.6666666666666666,2.3008016545994905,-0.9308138519786566,0.0,-0.5885100000000087,3,-0.3873411561460518,4.167707029007267,2.3310227017017793,8,-0.171686799025425,5.0,1.420644379522873,6,-0.5094694027228894,5.0,1.8544001611383143,4,-1.5926989573885286,0.3403651135263108,-1.1666470588342692,5,0.0,5.0,0.6483518481321005,4,4.534646600000003,30,0.6,COMPLETE
209,-9999.0,2026-04-28 13:28:52.586437,2026-04-28 13:29:00.284419,0 days 00:00:07.697982,2,60,12,6,52,0.85,13,79,12,4,2.5,1.3477396065261413,0.8838609434180041,104,-3.6330687278284097,-3.0795495710927776,0.5815654373183171,10,0.3333333333333333,1.3250531641743193,-2.014080580254423,3.569415227440719,5.875045000000001,20,-1.5701226555711025,0.9040945372490917,-0.21516873971576533,15,-0.8887737405385442,0.5815654373183171,-0.4196891664983271,10,-2.0368044948632273,1.4613790753402147,1.595892241391006,24,-3.0795495710927776,0.6560492840133529,-1.312175763384138,18,-1.6326569141854417,0.9139340777951535,-0.22073791128475184,17,5.247460000000026,104,0.4230769230769231,COMPLETE
210,-9999.0,2026-04-28 13:29:00.289401,2026-04-28 13:29:07.855126,0 days 00:00:07.565725,2,34,10,7,40,0.8,17,89,13,3,2.46,2.244034376966369,1.203776275525468,62,-1.9735845709344113,-1.9735845709344113,0.48512456656113023,6,0.8333333333333334,2.132974206746294,-0.2275130372846992,2.046566212229974,0.3938124000000043,6,-1.9735845709344113,1.9463654891304532,1.9703714329709188,17,-0.48626932245840443,3.0085630512745714,1.6193768965803823,10,-1.0534518309808067,2.3284470518635523,1.8131695447717977,14,-0.5088855436130338,3.649139890738533,1.932054882331613,8,-0.7371416689846388,0.48512456656113023,-0.5061275035019075,7,7.415893999999867,62,0.5,COMPLETE
211,-9999.0,2026-04-28 13:29:07.860282,2026-04-28 13:29:15.448621,0 days 00:00:07.588339,2,53,12,5,44,0.85,13,79,13,4,2.3200000000000003,1.3081392787150323,0.6118246186463376,102,-3.458536430686665,-2.2722922126316383,0.3558183540913979,11,0.3333333333333333,1.245870638059088,-2.0271427967665483,4.030336311410052,5.9289136000000076,21,-1.251828791349794,0.3558183540913979,-0.8857117175230078,11,-1.386741863402703,0.4786073711410311,-0.8033436199344379,13,-1.178318631058661,1.528124062204572,1.1693274352023941,20,-2.2722922126316383,0.8583488345860829,-0.524412096656468,19,-1.801641830277136,0.5976007388570581,-1.2138258892104625,18,3.5402864000000367,102,0.39215686274509803,COMPLETE
212,0.4646344831944893,2026-04-28 13:29:15.453635,2026-04-28 13:29:23.117700,0 days 00:00:07.664065,2,45,14,6,46,0.85,9,78,10,4,2.72,2.030055399978787,1.7009008798413123,103,-2.2908086963422516,-2.0585537714893865,1.434936391443939,13,1.0,1.9137538867183959,-2.0585537714893865,1.727619837392529,2.0180900000000612,21,-1.0083700283892636,1.568159046325646,1.1810266198867492,20,-0.4223602391197182,1.7586715672873499,0.7258916686578853,13,-0.9278888183698413,2.9606643219406408,2.4502967896114614,17,-1.014597516919833,1.434936391443939,1.1333063449404213,17,-1.5898041216335554,2.7302812354826167,2.696793855951296,15,10.632239200000182,103,0.4563106796116505,COMPLETE
213,-9999.0,2026-04-28 13:29:23.125299,2026-04-28 13:29:30.814492,0 days 00:00:07.689193,3,42,10,5,46,0.95,10,81,15,4,2.7800000000000002,2.7993116666264015,1.260835449436537,46,-1.0353900876744264,-1.0353900876744264,0.0,3,0.8333333333333334,2.65298932187762,-0.9305058950237896,0.0,-0.5552999999999919,3,-0.43261802788803216,3.815997381056363,1.8164929855487788,10,-0.34668793105802687,2.194341527167555,0.8484037695351221,10,-0.9179520193562046,4.235210297658279,2.3555762162122518,8,-1.0353900876744264,2.023161245814901,1.5467623978803635,8,-0.5913609054090084,4.527159548061312,1.5530773274426979,7,7.780323199999994,46,0.5217391304347826,COMPLETE
214,-9999.0,2026-04-28 13:29:30.819580,2026-04-28 13:29:38.514637,0 days 00:00:07.695057,2,42,14,6,48,0.85,9,78,11,4,2.68,1.771534178301714,1.250854266094694,101,-1.935767827659108,-1.935767827659108,0.910579220473274,13,0.6666666666666666,1.641892853099267,-1.935767827659108,1.7203583283807329,1.490860800000049,18,-1.0136550615758122,1.8616335145738396,1.8783858812241316,21,-1.1163998592656215,0.910579220473274,-0.13949926026465276,15,-1.3746569320816469,2.0494103552843232,1.900337776488925,17,-1.1492309101118074,0.9510508515119986,-0.14003114022480556,17,-0.878150643573165,3.136172799586116,2.5150715393445155,13,7.7103656000001575,101,0.43564356435643564,COMPLETE
