number,value,datetime_start,datetime_complete,duration,params_d_period,params_ema_period,params_k_period,params_left_bars,params_max_separation,params_min_close_ratio,params_min_separation,params_overbought,params_oversold,params_right_bars,params_rr_target,user_attrs_avg_profit_factor,user_attrs_avg_quarter_return,user_attrs_full_total_trades,user_attrs_max_drawdown_pct,user_attrs_max_quarter_drawdown_worst,user_attrs_min_profit_factor,user_attrs_min_trades_per_period,user_attrs_positive_ratio,user_attrs_profit_factor,user_attrs_q_2024-Q1_drawdown,user_attrs_q_2024-Q1_pf,user_attrs_q_2024-Q1_return,user_attrs_q_2024-Q1_trades,user_attrs_q_2024-Q2_drawdown,user_attrs_q_2024-Q2_pf,user_attrs_q_2024-Q2_return,user_attrs_q_2024-Q2_trades,user_attrs_q_2024-Q3_drawdown,user_attrs_q_2024-Q3_pf,user_attrs_q_2024-Q3_return,user_attrs_q_2024-Q3_trades,user_attrs_q_2024-Q4_drawdown,user_attrs_q_2024-Q4_pf,user_attrs_q_2024-Q4_return,user_attrs_q_2024-Q4_trades,user_attrs_q_2025-Q1_drawdown,user_attrs_q_2025-Q1_pf,user_attrs_q_2025-Q1_return,user_attrs_q_2025-Q1_trades,user_attrs_q_2025-Q2_drawdown,user_attrs_q_2025-Q2_pf,user_attrs_q_2025-Q2_return,user_attrs_q_2025-Q2_trades,user_attrs_total_return_pct,user_attrs_total_trades,user_attrs_win_rate,state
277,-9999.0,2026-04-28 13:37:30.922639,2026-04-28 13:37:38.537005,0 days 00:00:07.614366,2,32,12,6,55,0.8,13,81,15,4,2.7600000000000002,1.6270156226910977,0.8675969845207762,101,-3.9111334473183677,-3.908493067627309,0.7233102760324498,11,0.6666666666666666,1.409439221063415,-1.113611206446653,0.9965414353413051,-0.0037439999999611118,11,-1.635599270624622,1.7509654996166784,1.7631828135645788,19,-1.2273053279757424,1.0441268093577503,0.07798082654841831,16,-1.1851920111087244,2.7273363886342716,2.7757476179572027,16,-3.908493067627309,0.7233102760324498,-1.2508513835994162,24,-0.8604065373029357,2.519813327164131,1.8432660326538342,15,5.26143320000001,101,0.45544554455445546,COMPLETE
278,-9999.0,2026-04-28 13:37:38.542774,2026-04-28 13:37:46.129633,0 days 00:00:07.586859,2,30,10,7,53,0.8,17,81,14,4,2.58,2.3552132116476265,1.7753597400646601,86,-1.4667264326304057,-1.4667264326304057,1.5188863202994578,9,1.0,2.1724346564428307,-0.4794754148956002,2.1269606808286636,0.6832988000000206,9,-1.4667264326304057,2.2266812365821997,2.8375516436693893,17,-0.9852700002345883,3.6492206885439664,1.905571796466221,11,-0.8039866974197295,2.670098761123715,2.267803786164424,14,-1.0746297602635113,1.9394315825077564,1.956188077473664,20,-1.175454816498338,1.5188863202994578,1.001744336614241,15,11.119041999999979,86,0.5,COMPLETE
279,-9999.0,2026-04-28 13:37:46.134641,2026-04-28 13:37:53.754312,0 days 00:00:07.619671,2,37,10,7,55,0.8,14,82,15,4,2.66,1.9111395995197873,1.294675448887228,116,-2.507102852943115,-2.504471137045078,0.5508808881021909,16,0.8333333333333334,1.606309898805975,-0.8447973696833712,1.72446332340077,0.7998872000000601,16,-1.5549170974874302,1.700448848643645,1.8302373655831428,22,-0.9845192302026039,3.1719942621798967,2.861782787627476,20,-1.5549667333798145,1.601737852361881,1.3649152297824152,21,-2.504471137045078,0.5508808881021909,-1.6927552027327764,19,-0.702761479622713,2.7173124224303407,2.603985313063051,18,7.951396600000105,116,0.47413793103448276,COMPLETE
280,-9999.0,2026-04-28 13:37:53.759406,2026-04-28 13:38:01.329101,0 days 00:00:07.569695,2,32,11,6,53,0.8,16,80,14,4,2.58,2.5241732097294842,1.862248998863614,89,-1.5016558676752894,-1.5016558676752894,1.4059367253220652,9,1.0,2.460366036362734,-0.3214481023411955,1.71948476052257,0.4362380000000332,9,-0.7221132722975299,4.234206174278021,4.587502371404972,19,-0.5756181268422954,1.4059367253220652,0.38037045454832885,12,-1.1798886205021648,2.6261268168024454,2.413899035842304,15,-1.5016558676752894,1.4731383218298564,1.0797761666019978,20,-0.5932834465575162,3.6861464596219475,2.275707964784046,14,11.638679200000034,89,0.5393258426966292,COMPLETE
281,-9999.0,2026-04-28 13:38:01.334749,2026-04-28 13:38:08.952926,0 days 00:00:07.618177,2,54,12,7,53,0.9,18,82,11,3,2.66,1.6122597818957634,0.21534616355256553,44,-1.918800147871141,-1.3296335597798115,0.18458239078704047,4,0.6666666666666666,1.2356161871420626,-1.3296335597798115,0.18458239078704047,-1.1102399999999735,8,-1.1418521527870182,0.972300417906925,-0.03773555522832428,11,-1.0462716437595034,2.3376153649369296,0.6876269079657327,4,-1.2377541722587915,1.7413453413129576,0.6434361267487976,8,-0.9764649802186215,1.140672995602113,0.13283611768766246,7,-0.4683994457769879,3.297042180828614,0.9761533841414982,6,1.2848080000000373,44,0.36363636363636365,COMPLETE
282,-9999.0,2026-04-28 13:38:08.957984,2026-04-28 13:38:16.651144,0 days 00:00:07.693160,3,36,11,6,58,0.8,13,82,11,3,2.66,1.7518300575232935,0.5301767554176865,76,-2.2262433584580665,-2.000585262872384,0.19762211807630456,8,0.5,1.3528763256249627,-1.4814765416375002,0.19762211807630456,-1.020399999999999,8,-2.000585262872384,1.5767364897800356,0.8965439343056936,14,-0.4179840262300328,3.490108377501764,1.8911629299079857,16,-0.8143470589135285,3.9751258306086075,2.7720495014275537,11,-1.7093129450595415,0.8346175905764122,-0.43069083682020226,15,-1.1664154900670183,0.43676993859663665,-0.9276049963149124,12,3.1600815999999643,76,0.4473684210526316,COMPLETE
283,-9999.0,2026-04-28 13:38:16.657010,2026-04-28 13:38:24.272938,0 days 00:00:07.615928,2,42,11,6,56,0.8,13,82,15,4,2.68,1.8603206621988484,1.366316021690502,120,-4.366206402175851,-4.1576436880470835,0.8366398473934668,17,0.8333333333333334,1.5203382518012454,-2.039763580022008,4.7342420005699095,5.635606000000037,17,-1.4165568309514047,1.281186698227519,0.6218706219189851,20,-0.9921367639669023,1.4628321690275568,0.7641752953106318,19,-1.9511783578415094,1.2553950116411838,0.7558448556322261,23,-4.1576436880470835,0.8366398473934668,-0.7761089745911942,22,-1.7229193117972923,1.5916282463334541,1.1965083318723257,19,8.35798000000021,120,0.425,COMPLETE
284,-9999.0,2026-04-28 13:38:24.278717,2026-04-28 13:38:31.928143,0 days 00:00:07.649426,2,48,11,5,52,0.95,17,81,15,4,2.2,1.5905817146262002,0.22276705435258135,35,-0.8403783997404266,-0.6666095241105896,0.4343022267550673,5,0.6666666666666666,1.4283708277724936,-0.5682837245299756,0.4343022267550673,-0.26623999999999537,5,-0.6191166460088722,1.8240279412616762,0.42817597571778165,7,-0.6251328656067998,1.3815118522601824,0.22110447285181856,6,-0.46085623803119524,1.9391869565216873,0.430380843403233,6,-0.6666095241105896,0.987097550990886,-0.010629446331844594,6,-0.32185933855261817,2.9773637599677034,0.5338104804744948,5,1.341666000000008,35,0.5142857142857142,COMPLETE
285,-9999.0,2026-04-28 13:38:31.933289,2026-04-28 13:38:39.571777,0 days 00:00:07.638488,3,50,13,6,57,0.95,12,80,13,5,2.6,2.413867281330172,0.18098597042164508,36,-2.3758210792689223,-2.03117059373479,0.08525685538499031,4,0.5,1.2049449741464089,-1.0788093691339813,0.3547289676602815,-0.5606759999999822,5,-1.0104554717460268,0.1368572982470957,-0.8299211688124419,7,-0.4226352272473944,3.9063605666886647,1.6059921518692954,6,-0.5460716468846397,5.0,2.187385570081002,8,-2.03117059373479,0.08525685538499031,-1.839796036902308,6,-0.07014681376000988,5.0,0.5229313062943053,4,1.0313200000000577,36,0.4166666666666667,COMPLETE
286,-9999.0,2026-04-28 13:38:39.576899,2026-04-28 13:38:47.212202,0 days 00:00:07.635303,3,38,13,7,52,0.8,12,80,13,4,2.62,2.0678417199572774,1.0779204146050658,97,-2.5820309063197864,-2.075080959063882,0.29735828001786446,11,0.6666666666666666,1.6144401731798073,-2.075080959063882,0.3258455522971679,-1.7034601999999732,18,-1.3855960022800895,1.4827465184158592,0.9708457713178298,17,-0.8085724540747882,3.6911508983150263,3.4952938779738707,23,-1.169934892046769,3.6839374169890458,3.1279433058638784,16,-2.0346202387334715,0.29735828001786446,-1.604867365836249,12,-0.6037910376986731,2.9260116537087,2.181767098311038,11,6.507013600000189,97,0.4742268041237113,COMPLETE
287,-9999.0,2026-04-28 13:38:47.218019,2026-04-28 13:38:54.863499,0 days 00:00:07.645480,3,54,11,6,57,0.85,9,85,10,3,2.72,1.3199406879750297,0.1802946906491761,111,-4.235261089015281,-3.297261562527877,0.11096366230716853,14,0.5,1.069120723744718,-3.297261562527877,0.11096366230716853,-3.233665199999969,21,-0.5701142522616084,0.9445427946332214,-0.06522557677774987,14,-0.9716234690394265,1.1760485182949771,0.31668563370175207,21,-1.0416075144185406,3.369864485023238,3.693720867043293,17,-2.9119168707074388,0.9005535926655861,-0.39984005840959513,23,-1.9394930309511405,1.4176710749259862,0.7700924783373253,15,0.9620720000000915,111,0.36936936936936937,COMPLETE
288,-9999.0,2026-04-28 13:38:54.868951,2026-04-28 13:39:02.621351,0 days 00:00:07.752400,2,42,13,5,33,0.8,10,80,14,5,2.3200000000000003,1.848748164890301,0.9801604456467014,119,-3.619285105045547,-3.5020218413541646,0.264101294202054,16,0.8333333333333334,1.4571904036916687,-2.044575350890181,2.573150645299836,3.4800452000000037,22,-0.7351567792253522,1.4967922811261638,0.8493521608937238,19,-0.5454485717374262,3.3148233668269835,1.540850228826418,16,-0.7038356284663644,1.6553936983146431,1.181684439286368,18,-3.5020218413541646,0.264101294202054,-2.8409603665112027,18,-1.0468613992974178,1.788227703572125,1.669991011384897,26,5.912793199999999,119,0.4957983193277311,COMPLETE
289,-9999.0,2026-04-28 13:39:02.626946,2026-04-28 13:39:10.229708,0 days 00:00:07.602762,3,37,12,6,31,0.8,8,85,10,5,2.66,1.8318202599672222,0.5831503097898483,75,-2.286608661613454,-1.9412034557162343,0.14354212632286703,9,0.8333333333333334,1.4089994928061624,-1.1300568971412992,1.0538114089417479,0.0842762000000441,13,-0.9301063972276171,1.7457175163342622,1.2190634196743044,15,-0.9403401537624824,1.77944477200024,0.6133342701800659,9,-0.5331900511802907,5.0,2.8953052659591805,11,-1.9412034557162343,0.14354212632286703,-1.747005887718034,10,-1.4502074864270942,1.268405736204215,0.4339285906435286,17,3.4916982000000374,75,0.4533333333333333,COMPLETE
290,-9999.0,2026-04-28 13:39:10.234750,2026-04-28 13:39:17.865257,0 days 00:00:07.630507,3,35,10,7,53,0.9,13,83,12,4,2.54,2.643537458769601,1.1547098904135373,50,-1.5490810318951405,-1.1397383786377877,0.5120522880678046,5,0.8333333333333334,2.5899111912543455,-0.30454303630645535,1.8889089526077227,0.26877940000000766,5,-0.7247328336348833,5.0,4.3665109181532324,12,-0.5898194071223625,3.5616041467170563,1.1758990579862072,10,-0.8666240392802218,3.0868644054678116,1.2732175473993745,6,-1.1397383786377877,0.5120522880678046,-0.7341903798594229,10,-0.5914225223700763,1.8117949597572085,0.5780427988018255,7,7.053640999999944,50,0.56,COMPLETE
291,-9999.0,2026-04-28 13:39:17.870468,2026-04-28 13:39:25.556118,0 days 00:00:07.685650,2,60,12,6,60,0.85,11,79,12,3,2.2600000000000002,1.2069352754803278,0.26192826479264353,113,-3.152640682297708,-2.1556409292436225,0.5452717816844997,10,0.3333333333333333,1.0899455524975128,-1.3067186462137397,1.506713096839272,1.205571800000027,19,-1.436251170328525,0.8682422117777765,-0.4545510605968417,23,-1.1350463443930778,0.5452717816844997,-0.5476343623935231,10,-1.206016345492341,2.5561613307452524,2.528467633008913,20,-1.8850002031201851,0.7867238577428892,-1.0948633736625246,24,-2.1556409292436225,0.9784993740922763,-0.0654210476001893,17,1.5360002000000872,113,0.415929203539823,COMPLETE
292,-9999.0,2026-04-28 13:39:25.561718,2026-04-28 13:39:33.211760,0 days 00:00:07.650042,2,48,10,5,49,0.95,8,81,14,4,2.72,2.3700060504618006,0.9846115934463792,68,-1.813805306035949,-1.635552012133841,1.1184913233572416,8,1.0,1.8663992327904786,-1.2886891250342312,1.7867622300614245,0.8430472000000355,12,-0.4630338653523673,2.122759879628116,1.2320258406472107,14,-0.8334298704846749,1.2214097475521113,0.25627978854689815,12,-0.6856468180190926,2.9706131221719096,1.3616583350825717,10,-1.635552012133841,1.1184913233572416,0.2868420932290672,12,-0.40149476190802813,5.0,1.9278163031724915,8,6.04394040000007,68,0.5147058823529411,COMPLETE
293,-9999.0,2026-04-28 13:39:33.216912,2026-04-28 13:39:40.830029,0 days 00:00:07.613117,2,53,11,5,39,0.9,16,80,14,4,2.2600000000000002,1.5008805356834412,0.748207628801086,65,-2.061852611406854,-2.061852611406854,0.0,5,0.5,1.547887245598712,-2.061852611406854,4.850958494533573,4.688272400000026,15,-0.6026156626588589,0.7391836377173662,-0.22754105549643855,10,-0.9248212898652106,0.0,-0.7388123792391732,5,-1.193318782583471,1.2599224265340165,0.3341665074113376,10,-0.7494279306722494,1.4051483295723268,0.8491595545186303,13,-1.5669873387777378,0.7500703257433647,-0.41599925438786656,12,4.47175160000004,65,0.4,COMPLETE
294,-9999.0,2026-04-28 13:39:40.835247,2026-04-28 13:39:48.418728,0 days 00:00:07.583481,3,31,10,7,38,0.8,15,81,15,4,2.58,2.4182514278064584,1.6695298325613157,80,-1.2873161658909287,-1.2873161658909287,1.2005641777634615,9,1.0,2.314213907387959,-0.33513644687820565,1.6852433387711223,0.4032519999999984,9,-0.7237639639113405,3.713390134529116,4.519918338899975,21,-0.9729021017161881,2.625766319585061,1.9505682776454591,15,-0.7816174543380966,3.8982325942663727,2.3018264943697853,10,-1.2873161658909287,1.2005641777634615,0.432375255489581,16,-0.9476257290933793,1.386312001923618,0.4092386289630934,9,10.374128599999977,80,0.525,COMPLETE
295,-9999.0,2026-04-28 13:39:48.423800,2026-04-28 13:39:55.995762,0 days 00:00:07.571962,2,38,14,6,40,0.85,17,86,11,5,2.8,1.6430002624105906,0.15201383275607974,46,-1.73280637104349,-1.5454131188713294,0.22195812497015174,5,0.5,1.1744794345845333,-0.30712916319892414,3.6126707997903678,0.8470540000000248,7,-0.9177988268391687,1.6410740366250889,0.8487407078842324,11,-0.6660770905481301,0.34713359538516186,-0.37724556833061973,5,-0.5475268904081987,3.107352046350377,0.7861857414470652,5,-1.5454131188713294,0.22195812497015174,-1.1168156111911687,8,-0.7103688251330423,0.9278129713423952,-0.07583627327305553,10,0.8988500000000288,46,0.391304347826087,COMPLETE
296,-9999.0,2026-04-28 13:39:56.000958,2026-04-28 13:40:03.715271,0 days 00:00:07.714313,3,36,13,7,50,0.8,8,83,12,3,2.8,1.7593375963101543,1.3378597399198353,115,-1.7900308501980482,-1.7900308501980482,0.979437293102812,15,0.8333333333333334,1.613253415035527,-1.2003974155789099,1.1085222509282076,0.25371200000003924,18,-1.7900308501980482,1.7395274115752746,1.9376818685776342,25,-0.6619530671348881,3.3981265526353006,2.966040554693228,23,-1.192808054124845,2.2771345441721076,2.753132180454676,19,-1.1866893781683066,1.0532775254472224,0.1520986733206442,15,-1.3761173003975642,0.979437293102812,-0.03550683752721051,15,8.250552000000111,115,0.41739130434782606,COMPLETE
297,-9999.0,2026-04-28 13:40:03.720539,2026-04-28 13:40:11.323261,0 days 00:00:07.602722,2,30,11,7,55,0.8,16,81,15,5,2.56,2.0699783214224046,1.5996037102158762,91,-1.586804236746265,-1.586804236746265,0.7003038348671509,9,0.8333333333333334,2.0367154877366622,-0.8822884971004811,0.7003038348671509,-0.3002536000000111,9,-1.586804236746265,2.91229529062366,4.34001986588799,20,-0.9715665780981037,1.2304628898320806,0.30013399863000334,13,-0.6899387176112026,5.0,4.050850622475299,13,-1.0045139598031911,1.101527341097833,0.17905713570152137,16,-1.4506186997234176,1.4752805721137041,1.0278142386004552,20,9.877814799999962,91,0.4725274725274725,COMPLETE
298,-9999.0,2026-04-28 13:40:11.328381,2026-04-28 13:40:18.968519,0 days 00:00:07.640138,2,49,14,6,56,0.95,11,87,11,5,2.5,1.7420621041347442,0.22059242672673265,45,-2.055994311609755,-1.3985456679882626,0.1200339995142657,5,0.6666666666666666,1.2630241627791372,-1.074185363290861,0.838334512558766,-0.12795499999999072,7,-1.1364709471136258,1.244600555589478,0.32091562759126724,13,-0.6350061044807428,1.1896855611957369,0.13426646991221425,7,-0.5471284829819305,4.473495368213052,1.857489615839003,7,-1.3985456679882626,0.1200339995142657,-1.205560509259962,6,-0.28123255277379083,2.586222627737168,0.3443983562778641,5,1.3063700000000233,45,0.4444444444444444,COMPLETE
299,-9999.0,2026-04-28 13:40:18.974850,2026-04-28 13:40:26.570610,0 days 00:00:07.595760,2,41,12,6,39,0.8,16,81,15,5,2.7600000000000002,2.115440175102826,1.9017846743144975,100,-2.0403455197838505,-2.0403455197838505,0.940496240352258,13,0.8333333333333334,2.0859033454376124,-2.0403455197838505,5.0,6.514462400000043,14,-1.1488902271377948,2.4854285767874456,2.97413546350489,22,-0.6067201731689,1.6334252688745141,0.7039659731277181,14,-1.2300491585670639,1.2857035842411852,0.7858923001047069,19,-1.197794841940098,0.940496240352258,-0.09674807380225525,13,-0.8419557869684322,1.347587380361553,0.5289999829518832,18,11.80315039999995,100,0.45,COMPLETE
300,-9999.0,2026-04-28 13:40:26.575832,2026-04-28 13:40:34.221701,0 days 00:00:07.645869,3,33,11,7,52,0.95,13,79,13,4,2.62,2.8288433885951654,0.9860669383644901,23,-1.6892675868309743,-1.6892675868309743,0.0,1,0.8333333333333334,3.970477740300252,-0.22063835006340543,0.0,-0.0977900000000087,1,-1.6892675868309743,1.4207212144773864,0.44413111581815823,5,-0.22575945069119352,2.2340922716016953,0.3774619335046081,4,-1.1951646584898898,5.0,3.204951536681322,6,-0.37114818883341316,5.0,1.7252979363680865,4,-0.2966999050644994,3.3182468454919114,0.2623491078147744,3,6.023772400000049,23,0.6086956521739131,COMPLETE
301,-9999.0,2026-04-28 13:40:34.227126,2026-04-28 13:40:41.807653,0 days 00:00:07.580527,2,39,10,6,38,0.8,16,81,15,4,2.72,1.4479421457770592,0.7316990814737504,93,-1.5551105605544182,-1.5551105605544182,1.103013922858047,14,1.0,1.4287659944363962,-0.7215318658668695,1.491273928875698,0.5248132000000405,14,-1.5551105605544182,2.0677557231081365,2.024379389744646,21,-0.7892524036167692,1.1759611024400751,0.26711787184079405,14,-1.3342814767000366,1.103013922858047,0.21052616756866982,15,-1.251707237575282,1.1718612494971712,0.3772749175013246,15,-0.6661270909615725,1.677786947883228,0.9860829421870276,14,4.459042000000135,93,0.45161290322580644,COMPLETE
302,-9999.0,2026-04-28 13:40:41.813078,2026-04-28 13:40:49.491522,0 days 00:00:07.678444,2,32,14,6,32,0.85,8,84,11,4,2.7600000000000002,1.8700406967697594,1.1984905528336125,75,-2.329680866884299,-2.329680866884299,0.9336259458042855,9,0.6666666666666666,1.780944106192288,-2.329680866884299,0.9488668998111512,-0.113168799999952,14,-1.6811721669338358,2.905455861320322,3.321138092125242,17,-0.6138057798967331,1.7562457231118018,0.7495760047030675,11,-1.0620489153268244,3.221483003228236,2.9847508379018395,13,-1.3016926420083816,0.9336259458042855,-0.13246572674620039,11,-0.7524808838661087,1.4545667473427575,0.3811129090176779,9,7.346997200000027,75,0.4533333333333333,COMPLETE
303,0.4237234025816074,2026-04-28 13:40:49.498133,2026-04-28 13:40:57.127888,0 days 00:00:07.629755,2,30,10,7,60,0.8,13,81,15,4,2.4800000000000004,1.7882587454145649,1.4744343729189164,112,-2.3006221082970737,-2.3006221082970737,1.0395136166199266,12,1.0,1.6631148303114789,-1.1109299159063613,1.2219988360599896,0.24032040000001587,12,-1.3891963557125726,2.320547456114238,3.1879578868544423,21,-1.4906879972161038,1.6649433106575848,1.2275512794780896,18,-0.8100857725862526,2.595227359972055,2.182844564381381,15,-2.3006221082970737,1.0395136166199266,0.17464160249662797,27,-1.2773177383258105,1.8873218930635967,1.8332905043029424,19,9.142967599999906,112,0.49107142857142855,COMPLETE
304,-9999.0,2026-04-28 13:40:57.133534,2026-04-28 13:41:04.755641,0 days 00:00:07.622107,2,35,11,5,60,0.8,15,80,13,4,2.7,2.3928816949438736,1.1965871088307563,88,-1.8703491543087987,-1.8703491543087987,1.0624437730479854,11,1.0,1.814716115689262,-0.5317968885670133,2.046700118575961,0.7238350000000171,11,-1.6238711653252258,2.006551057717466,1.9131936348532053,18,-0.41980340007055517,3.8273592673378434,1.9067503924004692,13,-1.8703491543087987,1.0624437730479854,0.1325728153191319,15,-1.3388883961856577,1.160205386607012,0.43890864312823297,19,-0.5797168113190242,4.254030566376972,2.0642621672834816,12,7.378338000000095,88,0.5,COMPLETE
305,-9999.0,2026-04-28 13:41:04.760601,2026-04-28 13:41:12.440864,0 days 00:00:07.680263,3,32,13,7,47,0.8,9,79,12,3,2.56,1.6581604667462502,1.2808034392524983,98,-1.8554912901893892,-1.8554912901893892,0.15845227768577974,10,0.6666666666666666,1.6727044636228305,-1.406277418175016,0.15845227768577974,-1.2805999999999873,10,-1.6135053882458597,2.3835319983618404,3.2509415575864287,23,-1.2068481477288764,3.3071847060167183,3.3696912283105007,22,-1.8554912901893892,2.004339615060071,1.8978128426403673,15,-1.0790087227062948,1.4063471053543715,0.9607630833479819,15,-1.3813144641994992,0.6891070979987198,-0.5137880763703029,13,7.837578800000022,98,0.45918367346938777,COMPLETE
306,-9999.0,2026-04-28 13:41:12.447301,2026-04-28 13:41:20.086013,0 days 00:00:07.638712,2,30,11,7,52,0.8,12,82,15,4,2.66,1.681324757259562,0.9739752619888392,113,-3.1850049917597767,-2.383201910966504,0.4867494856859611,13,0.6666666666666666,1.3973757730240748,-2.292966643912668,0.4867494856859611,-1.0353545999999825,13,-1.8642207792168675,1.2252696461790613,0.7378441028597971,21,-1.5362275727560402,1.7554621294245074,1.4469930965401057,18,-1.1889202221987976,3.597462222997693,3.6796605183189612,17,-2.383201910966504,0.6803626398327132,-1.3425666670231373,27,-1.2327880035016965,2.3426424194374356,2.35727512123729,17,5.889768600000012,113,0.45132743362831856,COMPLETE
307,-9999.0,2026-04-28 13:41:20.091077,2026-04-28 13:41:27.697607,0 days 00:00:07.606530,2,55,11,7,41,0.8,17,83,11,4,2.72,1.4301413638479394,0.4974143198046898,98,-4.2882670416783935,-3.1656220292332136,0.5506560028506082,11,0.5,1.1899581510367159,-2.018215440254359,4.100768767981754,5.205539600000031,20,-0.4559307932894805,1.135066217732919,0.13726729652172587,11,-1.3903437324844923,0.8644922133863429,-0.2484443457612895,13,-2.89861299715895,0.5506560028506082,-1.5359838193999553,17,-3.1656220292332136,0.7629840737636107,-0.9892247564101453,18,-1.0494875752735582,1.1668809073724027,0.4153319438777725,19,2.8759968000000136,98,0.35714285714285715,COMPLETE
